2024-10-17 10:04:30,232 [INFO] Activator:176 - 


2024-10-17 10:04:30,244 [INFO] Activator:177 - !SESSION log4j initialized
2024-10-17 10:04:40,180 [INFO] LogOutputStream:77 - [STDOUT_REDIRECT] 
2024-10-17 10:05:38,833 [INFO] ApplicationProperties:184 - Using Application install path: C:\ST\STM32CubeIDE_1.13.1\STM32CubeIDE\plugins\com.st.stm32cube.common.mx_6.9.1.202307191849
2024-10-17 10:05:38,852 [INFO] DbMcusXml:78 - Set database path to: C:\ST\STM32CubeIDE_1.13.1\STM32CubeIDE\plugins\com.st.stm32cube.common.mx_6.9.1.202307191849\\db\/mcu/
2024-10-17 10:05:38,852 [INFO] ApiDb:274 - Set plugin database path to: C:\ST\STM32CubeIDE_1.13.1\STM32CubeIDE\plugins\com.st.stm32cube.common.mx_6.9.1.202307191849\\db\/plugins/boardmanager/
2024-10-17 10:05:38,853 [WARN] ApiDb:259 - Overriding images path with different value:  => C:\ST\STM32CubeIDE_1.13.1\STM32CubeIDE\plugins\com.st.stm32cube.common.mx_6.9.1.202307191849\\db\/plugins/mcufinder/images/
2024-10-17 10:05:38,867 [INFO] ApiDb:250 - Set database path to: C:\Users\anaka\.stmcufinder\plugins\mcufinder//mcu/
2024-10-17 10:05:38,869 [INFO] DbMcusAds:125 - Set database path to: C:\Users\anaka\.stmcufinder\plugins\mcufinder//mcu/
2024-10-17 10:05:38,878 [INFO] CrossReferenceDbSqlite:203 - Set database path to: C:\Users\anaka\.stmcufinder\plugins\mcufinder//mcu/cs/
2024-10-17 10:05:39,013 [INFO] RulesReader:64 - Compatibility file has been processed (293 Rules)
2024-10-17 10:05:39,140 [INFO] DbMcusXml:78 - Set database path to: C:\ST\STM32CubeIDE_1.13.1\STM32CubeIDE\plugins\com.st.stm32cube.common.mx_6.9.1.202307191849\\db\/mcu/
2024-10-17 10:05:39,140 [INFO] ApiDb:274 - Set plugin database path to: C:\ST\STM32CubeIDE_1.13.1\STM32CubeIDE\plugins\com.st.stm32cube.common.mx_6.9.1.202307191849\\db\/plugins/boardmanager/
2024-10-17 10:05:39,140 [INFO] ApiDb:261 - Set plugin images path to: C:\ST\STM32CubeIDE_1.13.1\STM32CubeIDE\plugins\com.st.stm32cube.common.mx_6.9.1.202307191849\\db\/plugins/mcufinder/images/
2024-10-17 10:05:39,140 [WARN] DbFile:41 - Overriding database path with different value: C:\Users\anaka\.stmcufinder\plugins\mcufinder/ => C:\Users\anaka\.stmcufinder\plugins\mcufinder
2024-10-17 10:05:39,141 [INFO] ApiDb:250 - Set database path to: C:\Users\anaka\.stmcufinder\plugins\mcufinder//mcu/
2024-10-17 10:05:39,141 [WARN] DbFile:41 - Overriding database path with different value: C:\Users\anaka\.stmcufinder\plugins\mcufinder/ => C:\Users\anaka\.stmcufinder\plugins\mcufinder
2024-10-17 10:05:39,141 [INFO] DbMcusAds:125 - Set database path to: C:\Users\anaka\.stmcufinder\plugins\mcufinder//mcu/
2024-10-17 10:05:39,141 [WARN] DbFile:41 - Overriding database path with different value: C:\Users\anaka\.stmcufinder\plugins\mcufinder/ => C:\Users\anaka\.stmcufinder\plugins\mcufinder
2024-10-17 10:05:39,141 [WARN] DbFile:41 - Overriding database path with different value: C:\Users\anaka\.stmcufinder\plugins\mcufinder/ => C:\Users\anaka\.stmcufinder\plugins\mcufinder
2024-10-17 10:05:39,142 [INFO] CrossReferenceDbSqlite:203 - Set database path to: C:\Users\anaka\.stmcufinder\plugins\mcufinder//mcu/cs/
2024-10-17 10:05:39,261 [INFO] MainPanel:262 - HeapMemory: 268435456
2024-10-17 10:05:39,387 [INFO] DbMcusXml:78 - Set database path to: C:\ST\STM32CubeIDE_1.13.1\STM32CubeIDE\plugins\com.st.stm32cube.common.mx_6.9.1.202307191849\\db\/mcu/
2024-10-17 10:05:39,387 [INFO] ApiDb:274 - Set plugin database path to: C:\ST\STM32CubeIDE_1.13.1\STM32CubeIDE\plugins\com.st.stm32cube.common.mx_6.9.1.202307191849\\db\/plugins/boardmanager/
2024-10-17 10:05:39,387 [INFO] ApiDb:261 - Set plugin images path to: C:\ST\STM32CubeIDE_1.13.1\STM32CubeIDE\plugins\com.st.stm32cube.common.mx_6.9.1.202307191849\\db\/plugins/mcufinder/images/
2024-10-17 10:05:39,389 [WARN] DbFile:41 - Overriding database path with different value: C:\Users\anaka\.stmcufinder\plugins\mcufinder/ => C:\Users\anaka\.stmcufinder\plugins\mcufinder
2024-10-17 10:05:39,389 [INFO] ApiDb:250 - Set database path to: C:\Users\anaka\.stmcufinder\plugins\mcufinder//mcu/
2024-10-17 10:05:39,389 [WARN] DbFile:41 - Overriding database path with different value: C:\Users\anaka\.stmcufinder\plugins\mcufinder/ => C:\Users\anaka\.stmcufinder\plugins\mcufinder
2024-10-17 10:05:39,389 [INFO] DbMcusAds:125 - Set database path to: C:\Users\anaka\.stmcufinder\plugins\mcufinder//mcu/
2024-10-17 10:05:39,389 [WARN] DbFile:41 - Overriding database path with different value: C:\Users\anaka\.stmcufinder\plugins\mcufinder/ => C:\Users\anaka\.stmcufinder\plugins\mcufinder
2024-10-17 10:05:39,389 [WARN] DbFile:41 - Overriding database path with different value: C:\Users\anaka\.stmcufinder\plugins\mcufinder/ => C:\Users\anaka\.stmcufinder\plugins\mcufinder
2024-10-17 10:05:39,389 [INFO] CrossReferenceDbSqlite:203 - Set database path to: C:\Users\anaka\.stmcufinder\plugins\mcufinder//mcu/cs/
2024-10-17 10:05:39,418 [INFO] ApplicationProperties:184 - Using Application install path: C:\ST\STM32CubeIDE_1.13.1\STM32CubeIDE\plugins\com.st.stm32cube.common.mx_6.9.1.202307191849
2024-10-17 10:05:39,419 [INFO] PluginManage:196 - Search for loadable plugins [exclusion list=, ]
2024-10-17 10:05:39,421 [INFO] PluginManage:310 - Check plugin analytics
2024-10-17 10:05:39,692 [INFO] AnalyticsPlugin:253 - Accepted Software Licenses: 
2024-10-17 10:05:39,693 [INFO] AnalyticsPlugin:255 - Accepted CMSIS Pack Licenses: 
2024-10-17 10:05:39,693 [INFO] AnalyticsPlugin:257 - Accepted Firmware Licenses: FW.F4.1.27.0
2024-10-17 10:05:39,698 [INFO] PluginManage:359 - Loaded plugin analytics (category:tool,tabindex:-1)
2024-10-17 10:05:39,699 [INFO] PluginManage:310 - Check plugin cadmodel
2024-10-17 10:05:39,754 [INFO] CADModel:105 - Init CAD model plugin
2024-10-17 10:05:39,754 [INFO] PluginManage:359 - Loaded plugin cadmodel (category:power,tabindex:5)
2024-10-17 10:05:39,755 [INFO] PluginManage:310 - Check plugin clock
2024-10-17 10:05:39,830 [INFO] PluginManage:359 - Loaded plugin clock (category:base,tabindex:2)
2024-10-17 10:05:39,830 [INFO] PluginManage:310 - Check plugin ddr
2024-10-17 10:05:39,834 [INFO] PluginManage:359 - Loaded plugin ddr (category:tool,tabindex:6)
2024-10-17 10:05:39,834 [INFO] PluginManage:310 - Check plugin filemanager
2024-10-17 10:05:40,003 [INFO] PluginManage:359 - Loaded plugin filemanager (category:base,tabindex:10)
2024-10-17 10:05:40,003 [INFO] PluginManage:310 - Check plugin ipmanager
2024-10-17 10:05:40,016 [INFO] PluginManage:359 - Loaded plugin ipmanager (category:base,tabindex:5)
2024-10-17 10:05:40,016 [INFO] PluginManage:310 - Check plugin lpbam
2024-10-17 10:05:40,066 [INFO] PluginManage:359 - Loaded plugin lpbam (category:base,tabindex:0)
2024-10-17 10:05:40,066 [INFO] PluginManage:310 - Check plugin memorymap
2024-10-17 10:05:40,106 [INFO] PluginManage:359 - Loaded plugin memorymap (category:base,tabindex:4)
2024-10-17 10:05:40,106 [INFO] PluginManage:310 - Check plugin pinoutandconfiguration
2024-10-17 10:05:40,162 [INFO] PluginManage:359 - Loaded plugin pinoutandconfiguration (category:base,tabindex:1)
2024-10-17 10:05:40,162 [INFO] PluginManage:310 - Check plugin pinoutconfig
2024-10-17 10:05:40,318 [WARN] SupportedApi:132 - Cannot load RTOS API schema: s4s-elt-must-match.1: The content of 'definitions' must match (annotation?, (simpleType | complexType)?, (unique | key | keyref)*)). A problem was found starting at: attribute.
2024-10-17 10:05:40,480 [INFO] PluginManage:359 - Loaded plugin pinoutconfig (category:base,tabindex:0)
2024-10-17 10:05:40,480 [INFO] PluginManage:310 - Check plugin power
2024-10-17 10:05:40,532 [INFO] PluginManage:359 - Loaded plugin power (category:power,tabindex:4)
2024-10-17 10:05:40,532 [INFO] PluginManage:310 - Check plugin projectmanager
2024-10-17 10:05:40,555 [INFO] PluginManage:359 - Loaded plugin projectmanager (category:projectmanager,tabindex:3)
2024-10-17 10:05:40,556 [INFO] PluginManage:310 - Check plugin thirdparty
2024-10-17 10:05:40,815 [INFO] PluginManage:359 - Loaded plugin thirdparty (category:base,tabindex:-1)
2024-10-17 10:05:40,814 [WARN] IntegrityCheckThread:84 - waiting for thirdparty lock release [integrity check]
2024-10-17 10:05:40,815 [INFO] PluginManage:310 - Check plugin tools
2024-10-17 10:05:40,815 [INFO] IntegrityCheckThread:86 - entering critical section [integrity check]
2024-10-17 10:05:40,816 [INFO] ThirdPartyUpdaterWithRetryManager:70 - Updater plugin not ready yet. [1/15]
2024-10-17 10:05:40,824 [INFO] PluginManage:359 - Loaded plugin tools (category:base,tabindex:7)
2024-10-17 10:05:40,824 [INFO] PluginManage:310 - Check plugin tutovideos
2024-10-17 10:05:41,122 [INFO] PluginManage:359 - Loaded plugin tutovideos (category:base,tabindex:-1)
2024-10-17 10:05:41,123 [INFO] PluginManage:310 - Check plugin updater
2024-10-17 10:05:41,136 [INFO] PluginManage:359 - Loaded plugin updater (category:base,tabindex:12)
2024-10-17 10:05:41,136 [INFO] PluginManage:310 - Check plugin userauth
2024-10-17 10:05:41,143 [INFO] UserAuth:113 - Init User Auth plugin
2024-10-17 10:05:41,143 [INFO] PluginManage:359 - Loaded plugin userauth (category:base,tabindex:14)
2024-10-17 10:05:41,144 [INFO] PluginManage:283 - PluginManage : Loaded plugins [17]
2024-10-17 10:05:41,435 [INFO] PinOutPanel:1499 - setPackage(No Configuration,No Configuration)
2024-10-17 10:05:41,606 [INFO] CADModel:165 - CPN selected for project level
2024-10-17 10:05:41,606 [INFO] CADModel:114 - Register for checkConnection events
2024-10-17 10:05:41,640 [INFO] IPUIPlugin:80 - create IPUIPlugin
2024-10-17 10:05:41,641 [INFO] PluginManager:220 - loadIPPluginJar : add adc
2024-10-17 10:05:41,653 [INFO] IPUIPlugin:80 - create IPUIPlugin
2024-10-17 10:05:41,654 [INFO] PluginManager:220 - loadIPPluginJar : add aes
2024-10-17 10:05:41,666 [INFO] IPUIPlugin:80 - create IPUIPlugin
2024-10-17 10:05:41,666 [INFO] PluginManager:220 - loadIPPluginJar : add can
2024-10-17 10:05:41,673 [INFO] IPUIPlugin:80 - create IPUIPlugin
2024-10-17 10:05:41,673 [INFO] PluginManager:220 - loadIPPluginJar : add comp
2024-10-17 10:05:41,682 [INFO] IPUIPlugin:80 - create IPUIPlugin
2024-10-17 10:05:41,682 [INFO] PluginManager:220 - loadIPPluginJar : add cryp
2024-10-17 10:05:41,692 [INFO] IPUIPlugin:80 - create IPUIPlugin
2024-10-17 10:05:41,692 [INFO] PluginManager:220 - loadIPPluginJar : add dfsdm
2024-10-17 10:05:41,714 [INFO] IPUIPlugin:80 - create IPUIPlugin
2024-10-17 10:05:41,715 [INFO] PluginManager:220 - loadIPPluginJar : add dma
2024-10-17 10:05:41,723 [INFO] IPUIPlugin:80 - create IPUIPlugin
2024-10-17 10:05:41,723 [INFO] PluginManager:220 - loadIPPluginJar : add dma3
2024-10-17 10:05:41,729 [INFO] IPUIPlugin:80 - create IPUIPlugin
2024-10-17 10:05:41,729 [INFO] PluginManager:220 - loadIPPluginJar : add fatfs
2024-10-17 10:05:41,739 [INFO] IPUIPlugin:80 - create IPUIPlugin
2024-10-17 10:05:41,740 [INFO] PluginManager:220 - loadIPPluginJar : add fmc
2024-10-17 10:05:41,800 [INFO] IPUIPlugin:80 - create IPUIPlugin
2024-10-17 10:05:41,800 [INFO] PluginManager:220 - loadIPPluginJar : add freertos
2024-10-17 10:05:41,806 [INFO] IPUIPlugin:80 - create IPUIPlugin
2024-10-17 10:05:41,806 [INFO] PluginManager:220 - loadIPPluginJar : add genericplugin
2024-10-17 10:05:41,820 [INFO] IPUIPlugin:80 - create IPUIPlugin
2024-10-17 10:05:41,820 [INFO] PluginManager:220 - loadIPPluginJar : add gfxmmu
2024-10-17 10:05:41,840 [INFO] IPUIPlugin:80 - create IPUIPlugin
2024-10-17 10:05:41,840 [INFO] PluginManager:220 - loadIPPluginJar : add gic
2024-10-17 10:05:41,871 [INFO] IPUIPlugin:80 - create IPUIPlugin
2024-10-17 10:05:41,871 [INFO] PluginManager:220 - loadIPPluginJar : add gpio
2024-10-17 10:05:41,886 [INFO] IPUIPlugin:80 - create IPUIPlugin
2024-10-17 10:05:41,886 [INFO] PluginManager:220 - loadIPPluginJar : add gtzc
2024-10-17 10:05:41,896 [INFO] IPUIPlugin:80 - create IPUIPlugin
2024-10-17 10:05:41,896 [INFO] PluginManager:220 - loadIPPluginJar : add hash
2024-10-17 10:05:41,907 [INFO] IPUIPlugin:80 - create IPUIPlugin
2024-10-17 10:05:41,907 [INFO] PluginManager:220 - loadIPPluginJar : add i2c
2024-10-17 10:05:41,917 [INFO] IPUIPlugin:80 - create IPUIPlugin
2024-10-17 10:05:41,917 [INFO] PluginManager:220 - loadIPPluginJar : add i2s
2024-10-17 10:05:41,926 [INFO] IPUIPlugin:80 - create IPUIPlugin
2024-10-17 10:05:41,926 [INFO] PluginManager:220 - loadIPPluginJar : add i3c
2024-10-17 10:05:41,940 [INFO] IPUIPlugin:80 - create IPUIPlugin
2024-10-17 10:05:41,940 [INFO] PluginManager:220 - loadIPPluginJar : add ipddr
2024-10-17 10:05:41,957 [INFO] IPUIPlugin:80 - create IPUIPlugin
2024-10-17 10:05:41,957 [INFO] PluginManager:220 - loadIPPluginJar : add linkedlist
2024-10-17 10:05:41,965 [INFO] IPUIPlugin:80 - create IPUIPlugin
2024-10-17 10:05:41,965 [INFO] PluginManager:220 - loadIPPluginJar : add lorawan
2024-10-17 10:05:41,972 [INFO] IPUIPlugin:80 - create IPUIPlugin
2024-10-17 10:05:41,973 [INFO] PluginManager:220 - loadIPPluginJar : add ltdc
2024-10-17 10:05:42,001 [INFO] IPUIPlugin:80 - create IPUIPlugin
2024-10-17 10:05:42,001 [INFO] PluginManager:220 - loadIPPluginJar : add mdma
2024-10-17 10:05:42,027 [INFO] IPUIPlugin:80 - create IPUIPlugin
2024-10-17 10:05:42,027 [INFO] PluginManager:220 - loadIPPluginJar : add nvic
2024-10-17 10:05:42,035 [INFO] IPUIPlugin:80 - create IPUIPlugin
2024-10-17 10:05:42,036 [INFO] PluginManager:220 - loadIPPluginJar : add opamp
2024-10-17 10:05:42,046 [INFO] IPUIPlugin:80 - create IPUIPlugin
2024-10-17 10:05:42,046 [INFO] PluginManager:220 - loadIPPluginJar : add openamp
2024-10-17 10:05:42,056 [INFO] IPUIPlugin:80 - create IPUIPlugin
2024-10-17 10:05:42,056 [INFO] PluginManager:220 - loadIPPluginJar : add pdm2pcm
2024-10-17 10:05:42,086 [INFO] IPUIPlugin:80 - create IPUIPlugin
2024-10-17 10:05:42,089 [INFO] PluginManager:220 - loadIPPluginJar : add plateformsettings
2024-10-17 10:05:42,096 [INFO] IPUIPlugin:80 - create IPUIPlugin
2024-10-17 10:05:42,096 [INFO] PluginManager:220 - loadIPPluginJar : add quadspi
2024-10-17 10:05:42,165 [INFO] IPUIPlugin:80 - create IPUIPlugin
2024-10-17 10:05:42,165 [INFO] PluginManager:220 - loadIPPluginJar : add resmgrutility
2024-10-17 10:05:42,175 [INFO] IPUIPlugin:80 - create IPUIPlugin
2024-10-17 10:05:42,175 [INFO] PluginManager:220 - loadIPPluginJar : add sai
2024-10-17 10:05:42,185 [INFO] IPUIPlugin:80 - create IPUIPlugin
2024-10-17 10:05:42,185 [INFO] PluginManager:220 - loadIPPluginJar : add spi
2024-10-17 10:05:42,199 [INFO] IPUIPlugin:80 - create IPUIPlugin
2024-10-17 10:05:42,199 [INFO] PluginManager:220 - loadIPPluginJar : add stm32_wpan
2024-10-17 10:05:42,205 [INFO] IPUIPlugin:80 - create IPUIPlugin
2024-10-17 10:05:42,206 [INFO] PluginManager:220 - loadIPPluginJar : add tim
2024-10-17 10:05:42,218 [INFO] IPUIPlugin:80 - create IPUIPlugin
2024-10-17 10:05:42,218 [INFO] PluginManager:220 - loadIPPluginJar : add touchsensing
2024-10-17 10:05:42,226 [INFO] IPUIPlugin:80 - create IPUIPlugin
2024-10-17 10:05:42,227 [INFO] PluginManager:220 - loadIPPluginJar : add tracer_emb
2024-10-17 10:05:42,234 [INFO] IPUIPlugin:80 - create IPUIPlugin
2024-10-17 10:05:42,234 [INFO] PluginManager:220 - loadIPPluginJar : add ts
2024-10-17 10:05:42,240 [INFO] IPUIPlugin:80 - create IPUIPlugin
2024-10-17 10:05:42,241 [INFO] PluginManager:220 - loadIPPluginJar : add tsc
2024-10-17 10:05:42,248 [INFO] IPUIPlugin:80 - create IPUIPlugin
2024-10-17 10:05:42,248 [INFO] PluginManager:220 - loadIPPluginJar : add ucpd
2024-10-17 10:05:42,258 [INFO] IPUIPlugin:80 - create IPUIPlugin
2024-10-17 10:05:42,258 [INFO] PluginManager:220 - loadIPPluginJar : add usart
2024-10-17 10:05:42,268 [INFO] IPUIPlugin:80 - create IPUIPlugin
2024-10-17 10:05:42,268 [INFO] PluginManager:220 - loadIPPluginJar : add usbx
2024-10-17 10:05:42,430 [INFO] CADModel:165 - CPN selected for project level
2024-10-17 10:05:42,430 [INFO] CADModel:114 - Register for checkConnection events
2024-10-17 10:05:42,430 [FATAL] Updater:308 - Updater called before beeing initialized
2024-10-17 10:05:42,430 [ERROR] CADModel:125 - Updater not yet initialized, retry later 
2024-10-17 10:05:42,648 [INFO] CADModel:165 - CPN selected for project level
2024-10-17 10:05:42,649 [INFO] CADModel:114 - Register for checkConnection events
2024-10-17 10:05:42,649 [FATAL] Updater:308 - Updater called before beeing initialized
2024-10-17 10:05:42,649 [ERROR] CADModel:125 - Updater not yet initialized, retry later 
2024-10-17 10:05:42,654 [FATAL] Updater:308 - Updater called before beeing initialized
2024-10-17 10:05:42,830 [FATAL] Updater:308 - Updater called before beeing initialized
2024-10-17 10:05:42,839 [INFO] DbMcusAds:53 - JSON generation date=Tue Mar 07 16:50:55 SGT 2023 (1678179055114)
2024-10-17 10:05:42,840 [FATAL] Updater:308 - Updater called before beeing initialized
2024-10-17 10:05:42,899 [WARN] DetailPanel:346 - Failed to get advertising image, set to default
2024-10-17 10:05:43,129 [FATAL] Updater:308 - Updater called before beeing initialized
2024-10-17 10:05:43,131 [FATAL] Updater:308 - Updater called before beeing initialized
2024-10-17 10:05:43,131 [FATAL] Updater:308 - Updater called before beeing initialized
2024-10-17 10:05:43,131 [WARN] DetailPanel:346 - Failed to get advertising image, set to default
2024-10-17 10:05:43,132 [FATAL] Updater:308 - Updater called before beeing initialized
2024-10-17 10:05:43,197 [ERROR] Updater:1120 - MainUpdater not yet initialized. External WinMGr cannot be set.
2024-10-17 10:05:43,201 [INFO] Updater:1056 - Updater Version found : 6.9.1
2024-10-17 10:05:43,221 [INFO] ApplicationProperties:184 - Using Application install path: C:\ST\STM32CubeIDE_1.13.1\STM32CubeIDE\plugins\com.st.stm32cube.common.mx_6.9.1.202307191849
2024-10-17 10:05:43,493 [INFO] MainUpdater:2868 - connection check result : 10
2024-10-17 10:05:43,494 [INFO] MainUpdater:3562 - Updater definition file requires update
2024-10-17 10:05:43,496 [INFO] MainUpdater:285 - Updater Check For Update Now.
2024-10-17 10:05:43,496 [INFO] MicroXplorer:498 - Change Database Version : DB.6.0.91
2024-10-17 10:05:43,505 [INFO] McuFinderGlobals:63 - Set McuFinder mode to 2 (CubeIDE integrated)
2024-10-17 10:05:43,506 [INFO] UserAuth:179 - activating auth plugin
2024-10-17 10:05:43,509 [INFO] UserAuth:393 - Internet connection configuration mode: 1
2024-10-17 10:05:43,514 [INFO] ServerAccessManage:473 - Download File updaters.zip
2024-10-17 10:05:43,542 [INFO] JxBrowserEngine:151 - Initiate JxBrowser Engine with user profile folder
2024-10-17 10:05:43,602 [INFO] FileExtend:240 - Unzip File : updaters.zip
2024-10-17 10:05:43,603 [INFO] FileExtend:255 - Standard Zip Deflate
2024-10-17 10:05:43,817 [WARN] MainUpdater:1189 - Updater busy. Cannot search thirdparties
2024-10-17 10:05:43,818 [INFO] ThirdPartyUpdaterWithRetryManager:96 - Updater plugin is busy. [1/15]
2024-10-17 10:05:45,422 [INFO] ServerAccessManage:473 - Download File PacksControlFlags.xml
2024-10-17 10:05:45,531 [INFO] ServerAccessManage:473 - Download File cubemx.pidx
2024-10-17 10:05:45,735 [INFO] LoadServerUpdatesThread:373 - End of LoadServerUpdate Thread
2024-10-17 10:05:45,946 [INFO] CheckServerUpdateThread:120 - End of CheckServer Thread
2024-10-17 10:05:47,382 [INFO] WebApp:157 - Instantiating new browser for Auth
2024-10-17 10:05:47,597 [WARN] PackLoader:240 - Cannot read IP mode file for STMicroelectronics.FP-SNS-MOTENVWB1.1.4.0
2024-10-17 10:05:47,624 [WARN] PackLoader:240 - Cannot read IP mode file for STMicroelectronics.X-CUBE-SMBUS.2.1.0
2024-10-17 10:05:47,642 [WARN] PackLoader:240 - Cannot read IP mode file for STMicroelectronics.X-CUBE-WB05N.1.1.0
2024-10-17 10:05:47,712 [WARN] PackLoader:240 - Cannot read IP mode file for STMicroelectronics.X-CUBE-AZRTOS-F7.1.1.0
2024-10-17 10:05:47,735 [WARN] PackLoader:240 - Cannot read IP mode file for STMicroelectronics.FP-SNS-MOTENV1.4.3.2
2024-10-17 10:05:47,873 [WARN] PackLoader:240 - Cannot read IP mode file for STMicroelectronics.X-CUBE-MEMS1.11.0.0
2024-10-17 10:05:48,252 [WARN] PackLoader:240 - Cannot read IP mode file for STMicroelectronics.FP-SNS-FLIGHT1.5.0.2
2024-10-17 10:05:48,269 [WARN] PackLoader:240 - Cannot read IP mode file for STMicroelectronics.X-CUBE-DISPLAY.3.0.0
2024-10-17 10:05:48,298 [WARN] PackLoader:240 - Cannot read IP mode file for STMicroelectronics.X-CUBE-BLE1.7.0.0
2024-10-17 10:05:48,315 [WARN] PackLoader:240 - Cannot read IP mode file for STMicroelectronics.X-CUBE-NFC10.1.0.0
2024-10-17 10:05:48,332 [WARN] PackLoader:240 - Cannot read IP mode file for emotas.I-CUBE-CANOPEN.1.3.0
2024-10-17 10:05:48,345 [WARN] PackLoader:240 - Cannot read IP mode file for STMicroelectronics.X-CUBE-TOUCHGFX.4.22.0
2024-10-17 10:05:48,366 [WARN] PackLoader:240 - Cannot read IP mode file for STMicroelectronics.X-CUBE-BLEMGR.3.1.0
2024-10-17 10:05:48,384 [WARN] PackLoader:240 - Cannot read IP mode file for STMicroelectronics.FP-SNS-SMARTAG2.1.2.0
2024-10-17 10:05:48,410 [INFO] LogOutputStream:77 - [STDOUT_REDIRECT] 1 : Invalid condition id : UX_CORESTACK_Condition cause : null
2024-10-17 10:05:48,411 [INFO] LogOutputStream:77 - [STDOUT_REDIRECT] 1 : Invalid condition id : UX_CORESTACK_Condition cause : null
2024-10-17 10:05:48,414 [INFO] LogOutputStream:77 - [STDOUT_REDIRECT] 1 : Invalid condition id : UX_CORESTACK_Condition cause : null
2024-10-17 10:05:48,416 [INFO] LogOutputStream:77 - [STDOUT_REDIRECT] 1 : Invalid condition id : UX_CORESTACK_Condition cause : null
2024-10-17 10:05:48,419 [INFO] LogOutputStream:77 - [STDOUT_REDIRECT] 1 : Invalid condition id : UX_CORESTACK_Condition cause : null
2024-10-17 10:05:48,424 [WARN] PackLoader:240 - Cannot read IP mode file for STMicroelectronics.X-CUBE-AZRTOS-WL.2.0.0
2024-10-17 10:05:48,435 [WARN] PackLoader:240 - Cannot read IP mode file for STMicroelectronics.FP-SNS-MOTENV1.5.0.0
2024-10-17 10:05:48,448 [WARN] PackLoader:240 - Cannot read IP mode file for wolfSSL.I-CUBE-wolfMQTT.1.19.0
2024-10-17 10:05:48,465 [WARN] PackLoader:240 - Cannot read IP mode file for WES.I-CUBE-Cesium.1.3.0
2024-10-17 10:05:48,478 [WARN] PackLoader:240 - Cannot read IP mode file for STMicroelectronics.X-CUBE-BLE2.3.3.0
2024-10-17 10:05:48,495 [WARN] PackLoader:240 - Cannot read IP mode file for STMicroelectronics.X-CUBE-NFC9.1.0.0
2024-10-17 10:05:48,521 [WARN] PackLoader:240 - Cannot read IP mode file for STMicroelectronics.X-CUBE-TCPP.4.1.0
2024-10-17 10:05:48,541 [WARN] PackLoader:240 - Cannot read IP mode file for STMicroelectronics.X-CUBE-ALGOBUILD.1.3.0
2024-10-17 10:05:48,586 [WARN] PackLoader:240 - Cannot read IP mode file for STMicroelectronics.X-CUBE-AZRTOS-G0.1.1.0
2024-10-17 10:05:48,614 [WARN] PackLoader:240 - Cannot read IP mode file for STMicroelectronics.X-CUBE-SAFEA1.1.2.2
2024-10-17 10:05:48,631 [WARN] PackLoader:240 - Cannot read IP mode file for STMicroelectronics.X-CUBE-NFC4.3.0.0
2024-10-17 10:05:48,645 [ERROR] Engine:466 - C:\Users\anaka\.stm32cubemx\thirdparties\pdsc\EmbeddedOffice.I-CUBE-FS-RTOS.1.0.1.pdsc: PDSC version is not supported
2024-10-17 10:05:48,653 [ERROR] Engine:466 - C:\Users\anaka\.stm32cubemx\thirdparties\pdsc\RealThread.X-CUBE-RT-Thread_Nano.4.1.1.pdsc: PDSC version is not supported
2024-10-17 10:05:48,664 [WARN] PackLoader:240 - Cannot read IP mode file for STMicroelectronics.FP-ATR-SIGFOX1.3.2.0
2024-10-17 10:05:48,679 [WARN] PackLoader:240 - Cannot read IP mode file for STMicroelectronics.X-CUBE-EEPRMA1.5.1.0
2024-10-17 10:05:48,698 [WARN] PackLoader:240 - Cannot read IP mode file for ITTIA_DB.I-CUBE-ITTIADB.8.9.0
2024-10-17 10:05:48,763 [WARN] PackLoader:240 - Cannot read IP mode file for SEGGER.I-CUBE-embOS.1.3.1
2024-10-17 10:05:48,836 [INFO] WebApp:753 - Register for checkConnection events
2024-10-17 10:05:48,837 [INFO] WebApp:390 - Apply proxy settings
2024-10-17 10:05:48,837 [INFO] WebApp:475 - Chromium requires no authentication
2024-10-17 10:05:48,852 [INFO] WebApp:418 - Direct internet connection detected
2024-10-17 10:05:48,865 [WARN] PackLoader:240 - Cannot read IP mode file for STMicroelectronics.X-CUBE-ALGOBUILD.1.4.0
2024-10-17 10:05:48,878 [WARN] PackLoader:240 - Cannot read IP mode file for STMicroelectronics.X-CUBE-AI.9.1.0
2024-10-17 10:05:48,891 [WARN] PackLoader:240 - Cannot read IP mode file for STMicroelectronics.X-CUBE-GNSS1.6.0.0
2024-10-17 10:05:48,936 [WARN] PackLoader:240 - Cannot read IP mode file for STMicroelectronics.X-CUBE-AZRTOS-F4.1.1.0
2024-10-17 10:05:48,951 [WARN] PackLoader:240 - Cannot read IP mode file for wolfSSL.I-CUBE-wolfSSL.5.6.3
2024-10-17 10:05:48,963 [WARN] PackLoader:240 - Cannot read IP mode file for STMicroelectronics.X-CUBE-ISPU.2.1.0
2024-10-17 10:05:48,977 [WARN] PackLoader:240 - Cannot read IP mode file for STMicroelectronics.X-CUBE-FREERTOS.1.2.0
2024-10-17 10:05:49,038 [WARN] PackLoader:240 - Cannot read IP mode file for STMicroelectronics.X-CUBE-AZRTOS-L5.2.0.0
2024-10-17 10:05:49,183 [WARN] PackLoader:240 - Cannot read IP mode file for STMicroelectronics.X-CUBE-MEMS1.9.6.0
2024-10-17 10:05:49,249 [INFO] WebApp:188 - Starting web application
2024-10-17 10:05:49,250 [INFO] WebApp:520 - Web application path used C:\ST\STM32CubeIDE_1.13.1\STM32CubeIDE\plugins\com.st.stm32cube.common.mx_6.9.1.202307191849\db\plugins\mcufinder\reactClient1\index.html
2024-10-17 10:05:49,486 [WARN] PackLoader:240 - Cannot read IP mode file for STMicroelectronics.X-CUBE-NFC6.3.1.0
2024-10-17 10:05:49,509 [WARN] PackLoader:240 - Cannot read IP mode file for STMicroelectronics.X-CUBE-BLEMGR.2.0.0
2024-10-17 10:05:49,520 [ERROR] Engine:466 - C:\Users\anaka\.stm32cubemx\thirdparties\pdsc\STMicroelectronics.X-CUBE-DPower.1.2.0.pdsc: PDSC version is not supported
2024-10-17 10:05:49,529 [WARN] PackLoader:240 - Cannot read IP mode file for STMicroelectronics.X-CUBE-AI.9.0.0
2024-10-17 10:05:49,573 [WARN] ConditionMgr:438 - getConditionDescription Invalid condition id : UX DEVICE CLASS RTOS Condition cause : null
2024-10-17 10:05:49,573 [WARN] ConditionMgr:438 - getConditionDescription Invalid condition id : UX DEVICE CLASS RTOS Condition cause : null
2024-10-17 10:05:49,582 [WARN] PackLoader:240 - Cannot read IP mode file for STMicroelectronics.X-CUBE-AZRTOS-H7.3.1.0
2024-10-17 10:05:49,584 [WARN] ConditionMgr:1039 - genDependencies : Invalid condition id : UX DEVICE CLASS RTOS Condition cause : null
2024-10-17 10:05:49,585 [WARN] ConditionMgr:1039 - genDependencies : Invalid condition id : UX DEVICE CLASS RTOS Condition cause : null
2024-10-17 10:05:49,586 [WARN] ConditionMgr:1039 - genDependencies : Invalid condition id : UX DEVICE CLASS RTOS Condition cause : null
2024-10-17 10:05:49,587 [WARN] ConditionMgr:1039 - genDependencies : Invalid condition id : UX DEVICE CLASS RTOS Condition cause : null
2024-10-17 10:05:49,587 [WARN] ConditionMgr:1039 - genDependencies : Invalid condition id : UX DEVICE CLASS RTOS Condition cause : null
2024-10-17 10:05:49,609 [WARN] PackLoader:240 - Cannot read IP mode file for STMicroelectronics.X-CUBE-NFC7.1.0.1
2024-10-17 10:05:49,622 [WARN] PackLoader:240 - Cannot read IP mode file for STMicroelectronics.X-CUBE-EEPRMA1.4.1.0
2024-10-17 10:05:49,633 [WARN] PackLoader:240 - Cannot read IP mode file for STMicroelectronics.X-CUBE-AI.8.1.0
2024-10-17 10:05:49,679 [WARN] ConditionMgr:438 - getConditionDescription Invalid condition id : LAN8742 Phy interface Condition cause : null
2024-10-17 10:05:49,680 [WARN] PackLoader:240 - Cannot read IP mode file for STMicroelectronics.X-CUBE-AZRTOS-L4.2.0.0
2024-10-17 10:05:49,682 [WARN] ConditionMgr:1039 - genDependencies : Invalid condition id : LAN8742 Phy interface Condition cause : null
2024-10-17 10:05:49,683 [WARN] ConditionMgr:1039 - genDependencies : Invalid condition id : LAN8742 Phy interface Condition cause : null
2024-10-17 10:05:49,684 [WARN] ConditionMgr:1039 - genDependencies : Invalid condition id : LAN8742 Phy interface Condition cause : null
2024-10-17 10:05:49,703 [WARN] PackLoader:240 - Cannot read IP mode file for STMicroelectronics.X-CUBE-SFXS2LP1.4.0.0
2024-10-17 10:05:49,713 [WARN] PackLoader:240 - Cannot read IP mode file for STMicroelectronics.X-CUBE-ISPU.1.1.0
2024-10-17 10:05:49,762 [WARN] PackLoader:240 - Cannot read IP mode file for STMicroelectronics.X-CUBE-AZRTOS-H7.3.3.0
2024-10-17 10:05:49,784 [ERROR] Engine:466 - C:\Users\anaka\.stm32cubemx\thirdparties\pdsc\STMicroelectronics.X-CUBE-IPS.3.0.0.pdsc: PDSC version is not supported
2024-10-17 10:05:49,817 [WARN] ConditionMgr:438 - getConditionDescription Invalid condition id : UX DEVICE CLASS RTOS Condition cause : null
2024-10-17 10:05:49,818 [WARN] ConditionMgr:438 - getConditionDescription Invalid condition id : UX DEVICE CLASS RTOS Condition cause : null
2024-10-17 10:05:49,821 [WARN] PackLoader:240 - Cannot read IP mode file for STMicroelectronics.X-CUBE-AZRTOS-WB.2.0.0
2024-10-17 10:05:49,822 [WARN] ConditionMgr:1039 - genDependencies : Invalid condition id : UX DEVICE CLASS RTOS Condition cause : null
2024-10-17 10:05:49,823 [WARN] ConditionMgr:1039 - genDependencies : Invalid condition id : UX DEVICE CLASS RTOS Condition cause : null
2024-10-17 10:05:49,823 [WARN] ConditionMgr:1039 - genDependencies : Invalid condition id : UX DEVICE CLASS RTOS Condition cause : null
2024-10-17 10:05:49,824 [WARN] ConditionMgr:1039 - genDependencies : Invalid condition id : UX DEVICE CLASS RTOS Condition cause : null
2024-10-17 10:05:49,824 [WARN] ConditionMgr:1039 - genDependencies : Invalid condition id : UX DEVICE CLASS RTOS Condition cause : null
2024-10-17 10:05:49,837 [WARN] PackLoader:240 - Cannot read IP mode file for STMicroelectronics.X-CUBE-FREERTOS.1.0.1
2024-10-17 10:05:49,850 [WARN] PackLoader:240 - Cannot read IP mode file for STMicroelectronics.X-CUBE-GNSS1.7.0.0
2024-10-17 10:05:49,860 [ERROR] Engine:466 - C:\Users\anaka\.stm32cubemx\thirdparties\pdsc\STMicroelectronics.FP-SNS-STBOX1.2.0.0.pdsc: PDSC version is not supported
2024-10-17 10:05:49,882 [WARN] PackLoader:240 - Cannot read IP mode file for STMicroelectronics.X-CUBE-SUBG2.5.0.0
2024-10-17 10:05:49,899 [WARN] PackLoader:240 - Cannot read IP mode file for Cesanta.I-CUBE-Mongoose.7.13.0
2024-10-17 10:05:49,923 [WARN] PackLoader:240 - Cannot read IP mode file for STMicroelectronics.X-CUBE-TOF1.3.3.1
2024-10-17 10:05:49,970 [WARN] PackLoader:240 - Cannot read IP mode file for STMicroelectronics.X-CUBE-AZRTOS-G4.2.0.0
2024-10-17 10:05:49,983 [WARN] PackLoader:240 - Cannot read IP mode file for STMicroelectronics.X-CUBE-ISPU.2.0.0
2024-10-17 10:05:49,993 [WARN] PackLoader:240 - Cannot read IP mode file for STMicroelectronics.X-CUBE-ALS.1.0.2
2024-10-17 10:05:50,002 [WARN] PackLoader:240 - Cannot read IP mode file for STMicroelectronics.X-CUBE-TOUCHGFX.4.24.0
2024-10-17 10:05:50,011 [WARN] PackLoader:240 - Cannot read IP mode file for STMicroelectronics.X-CUBE-TOUCHGFX.4.24.1
2024-10-17 10:05:50,019 [WARN] PackLoader:240 - Cannot read IP mode file for wolfSSL.I-CUBE-wolfTPM.3.4.0
2024-10-17 10:05:50,034 [WARN] PackLoader:240 - Cannot read IP mode file for portGmbH.I-Cube-SoM-uGOAL.1.1.0
2024-10-17 10:05:50,042 [WARN] PackLoader:240 - Cannot read IP mode file for STMicroelectronics.X-CUBE-ALS.1.0.1
2024-10-17 10:05:50,089 [WARN] PackLoader:240 - Cannot read IP mode file for STMicroelectronics.X-CUBE-AZRTOS-H7RS.1.0.0
2024-10-17 10:05:50,103 [WARN] PackLoader:240 - Cannot read IP mode file for STMicroelectronics.FP-ATR-ASTRA1.2.0.0
2024-10-17 10:05:50,119 [ERROR] Engine:466 - C:\Users\anaka\.stm32cubemx\thirdparties\pdsc\STMicroelectronics.X-CUBE-TOF1.3.4.2.pdsc: PDSC version is not supported
2024-10-17 10:05:50,135 [ERROR] Engine:466 - C:\Users\anaka\.stm32cubemx\thirdparties\pdsc\Infineon.AIROC-Wi-Fi-Bluetooth-STM32.1.6.1.pdsc: PDSC version is not supported
2024-10-17 10:05:50,145 [WARN] PackLoader:240 - Cannot read IP mode file for wolfSSL.I-CUBE-wolfSSH.1.4.17
2024-10-17 10:05:50,147 [INFO] ThirdParty:978 - Integrity check success = true
2024-10-17 10:05:50,147 [INFO] IntegrityCheckThread:100 - exiting critical section [integrity check]
2024-10-17 10:05:50,147 [INFO] IntegrityCheckThread:103 - End integrity checks thread
2024-10-17 10:06:10,339 [ERROR] LogOutputStream:75 - [STDERR_REDIRECT] SLF4J: Failed to load class "org.slf4j.impl.StaticLoggerBinder".
2024-10-17 10:06:10,339 [ERROR] LogOutputStream:75 - [STDERR_REDIRECT] SLF4J: Defaulting to no-operation (NOP) logger implementation
2024-10-17 10:06:10,341 [ERROR] LogOutputStream:75 - [STDERR_REDIRECT] SLF4J: See http://www.slf4j.org/codes.html#StaticLoggerBinder for further details.
