2024-09-05 09:37:46,472 [INFO] Activator:176 - 


2024-09-05 09:37:46,478 [INFO] Activator:177 - !SESSION log4j initialized
2024-09-05 09:37:52,713 [INFO] LogOutputStream:77 - [STDOUT_REDIRECT] 
2024-09-05 09:37:54,102 [INFO] ApplicationProperties:184 - Using Application install path: C:\ST\STM32CubeIDE_1.13.1\STM32CubeIDE\plugins\com.st.stm32cube.common.mx_6.9.1.202307191849
2024-09-05 09:37:54,142 [INFO] DbMcusXml:78 - Set database path to: C:\ST\STM32CubeIDE_1.13.1\STM32CubeIDE\plugins\com.st.stm32cube.common.mx_6.9.1.202307191849\\db\/mcu/
2024-09-05 09:37:54,143 [INFO] ApiDb:274 - Set plugin database path to: C:\ST\STM32CubeIDE_1.13.1\STM32CubeIDE\plugins\com.st.stm32cube.common.mx_6.9.1.202307191849\\db\/plugins/boardmanager/
2024-09-05 09:37:54,143 [WARN] ApiDb:259 - Overriding images path with different value:  => C:\ST\STM32CubeIDE_1.13.1\STM32CubeIDE\plugins\com.st.stm32cube.common.mx_6.9.1.202307191849\\db\/plugins/mcufinder/images/
2024-09-05 09:37:54,177 [INFO] ApiDb:250 - Set database path to: C:\Users\anaka\.stmcufinder\plugins\mcufinder//mcu/
2024-09-05 09:37:54,179 [INFO] DbMcusAds:125 - Set database path to: C:\Users\anaka\.stmcufinder\plugins\mcufinder//mcu/
2024-09-05 09:37:54,182 [INFO] CrossReferenceDbSqlite:203 - Set database path to: C:\Users\anaka\.stmcufinder\plugins\mcufinder//mcu/cs/
2024-09-05 09:37:54,328 [INFO] RulesReader:64 - Compatibility file has been processed (293 Rules)
2024-09-05 09:37:54,456 [INFO] DbMcusXml:78 - Set database path to: C:\ST\STM32CubeIDE_1.13.1\STM32CubeIDE\plugins\com.st.stm32cube.common.mx_6.9.1.202307191849\\db\/mcu/
2024-09-05 09:37:54,457 [INFO] ApiDb:274 - Set plugin database path to: C:\ST\STM32CubeIDE_1.13.1\STM32CubeIDE\plugins\com.st.stm32cube.common.mx_6.9.1.202307191849\\db\/plugins/boardmanager/
2024-09-05 09:37:54,457 [INFO] ApiDb:261 - Set plugin images path to: C:\ST\STM32CubeIDE_1.13.1\STM32CubeIDE\plugins\com.st.stm32cube.common.mx_6.9.1.202307191849\\db\/plugins/mcufinder/images/
2024-09-05 09:37:54,457 [WARN] DbFile:41 - Overriding database path with different value: C:\Users\anaka\.stmcufinder\plugins\mcufinder/ => C:\Users\anaka\.stmcufinder\plugins\mcufinder
2024-09-05 09:37:54,457 [INFO] ApiDb:250 - Set database path to: C:\Users\anaka\.stmcufinder\plugins\mcufinder//mcu/
2024-09-05 09:37:54,457 [WARN] DbFile:41 - Overriding database path with different value: C:\Users\anaka\.stmcufinder\plugins\mcufinder/ => C:\Users\anaka\.stmcufinder\plugins\mcufinder
2024-09-05 09:37:54,457 [INFO] DbMcusAds:125 - Set database path to: C:\Users\anaka\.stmcufinder\plugins\mcufinder//mcu/
2024-09-05 09:37:54,457 [WARN] DbFile:41 - Overriding database path with different value: C:\Users\anaka\.stmcufinder\plugins\mcufinder/ => C:\Users\anaka\.stmcufinder\plugins\mcufinder
2024-09-05 09:37:54,458 [WARN] DbFile:41 - Overriding database path with different value: C:\Users\anaka\.stmcufinder\plugins\mcufinder/ => C:\Users\anaka\.stmcufinder\plugins\mcufinder
2024-09-05 09:37:54,458 [INFO] CrossReferenceDbSqlite:203 - Set database path to: C:\Users\anaka\.stmcufinder\plugins\mcufinder//mcu/cs/
2024-09-05 09:37:54,568 [INFO] MainPanel:262 - HeapMemory: 268435456
2024-09-05 09:37:54,670 [INFO] DbMcusXml:78 - Set database path to: C:\ST\STM32CubeIDE_1.13.1\STM32CubeIDE\plugins\com.st.stm32cube.common.mx_6.9.1.202307191849\\db\/mcu/
2024-09-05 09:37:54,670 [INFO] ApiDb:274 - Set plugin database path to: C:\ST\STM32CubeIDE_1.13.1\STM32CubeIDE\plugins\com.st.stm32cube.common.mx_6.9.1.202307191849\\db\/plugins/boardmanager/
2024-09-05 09:37:54,670 [INFO] ApiDb:261 - Set plugin images path to: C:\ST\STM32CubeIDE_1.13.1\STM32CubeIDE\plugins\com.st.stm32cube.common.mx_6.9.1.202307191849\\db\/plugins/mcufinder/images/
2024-09-05 09:37:54,671 [WARN] DbFile:41 - Overriding database path with different value: C:\Users\anaka\.stmcufinder\plugins\mcufinder/ => C:\Users\anaka\.stmcufinder\plugins\mcufinder
2024-09-05 09:37:54,672 [INFO] ApiDb:250 - Set database path to: C:\Users\anaka\.stmcufinder\plugins\mcufinder//mcu/
2024-09-05 09:37:54,672 [WARN] DbFile:41 - Overriding database path with different value: C:\Users\anaka\.stmcufinder\plugins\mcufinder/ => C:\Users\anaka\.stmcufinder\plugins\mcufinder
2024-09-05 09:37:54,672 [INFO] DbMcusAds:125 - Set database path to: C:\Users\anaka\.stmcufinder\plugins\mcufinder//mcu/
2024-09-05 09:37:54,672 [WARN] DbFile:41 - Overriding database path with different value: C:\Users\anaka\.stmcufinder\plugins\mcufinder/ => C:\Users\anaka\.stmcufinder\plugins\mcufinder
2024-09-05 09:37:54,672 [WARN] DbFile:41 - Overriding database path with different value: C:\Users\anaka\.stmcufinder\plugins\mcufinder/ => C:\Users\anaka\.stmcufinder\plugins\mcufinder
2024-09-05 09:37:54,672 [INFO] CrossReferenceDbSqlite:203 - Set database path to: C:\Users\anaka\.stmcufinder\plugins\mcufinder//mcu/cs/
2024-09-05 09:37:54,697 [INFO] ApplicationProperties:184 - Using Application install path: C:\ST\STM32CubeIDE_1.13.1\STM32CubeIDE\plugins\com.st.stm32cube.common.mx_6.9.1.202307191849
2024-09-05 09:37:54,699 [INFO] PluginManage:196 - Search for loadable plugins [exclusion list=, ]
2024-09-05 09:37:54,700 [INFO] PluginManage:310 - Check plugin analytics
2024-09-05 09:37:54,879 [INFO] AnalyticsPlugin:253 - Accepted Software Licenses: 
2024-09-05 09:37:54,879 [INFO] AnalyticsPlugin:255 - Accepted CMSIS Pack Licenses: 
2024-09-05 09:37:54,879 [INFO] AnalyticsPlugin:257 - Accepted Firmware Licenses: FW.F4.1.27.0
2024-09-05 09:37:54,884 [INFO] PluginManage:359 - Loaded plugin analytics (category:tool,tabindex:-1)
2024-09-05 09:37:54,884 [INFO] PluginManage:310 - Check plugin cadmodel
2024-09-05 09:37:54,924 [INFO] CADModel:105 - Init CAD model plugin
2024-09-05 09:37:54,925 [INFO] PluginManage:359 - Loaded plugin cadmodel (category:power,tabindex:5)
2024-09-05 09:37:54,925 [INFO] PluginManage:310 - Check plugin clock
2024-09-05 09:37:54,970 [INFO] PluginManage:359 - Loaded plugin clock (category:base,tabindex:2)
2024-09-05 09:37:54,970 [INFO] PluginManage:310 - Check plugin ddr
2024-09-05 09:37:54,974 [INFO] PluginManage:359 - Loaded plugin ddr (category:tool,tabindex:6)
2024-09-05 09:37:54,975 [INFO] PluginManage:310 - Check plugin filemanager
2024-09-05 09:37:55,121 [INFO] PluginManage:359 - Loaded plugin filemanager (category:base,tabindex:10)
2024-09-05 09:37:55,121 [INFO] PluginManage:310 - Check plugin ipmanager
2024-09-05 09:37:55,131 [INFO] PluginManage:359 - Loaded plugin ipmanager (category:base,tabindex:5)
2024-09-05 09:37:55,132 [INFO] PluginManage:310 - Check plugin lpbam
2024-09-05 09:37:55,165 [INFO] PluginManage:359 - Loaded plugin lpbam (category:base,tabindex:0)
2024-09-05 09:37:55,165 [INFO] PluginManage:310 - Check plugin memorymap
2024-09-05 09:37:55,199 [INFO] PluginManage:359 - Loaded plugin memorymap (category:base,tabindex:4)
2024-09-05 09:37:55,200 [INFO] PluginManage:310 - Check plugin pinoutandconfiguration
2024-09-05 09:37:55,250 [INFO] PluginManage:359 - Loaded plugin pinoutandconfiguration (category:base,tabindex:1)
2024-09-05 09:37:55,251 [INFO] PluginManage:310 - Check plugin pinoutconfig
2024-09-05 09:37:55,381 [WARN] SupportedApi:132 - Cannot load RTOS API schema: s4s-elt-must-match.1: The content of 'definitions' must match (annotation?, (simpleType | complexType)?, (unique | key | keyref)*)). A problem was found starting at: attribute.
2024-09-05 09:37:55,527 [INFO] PluginManage:359 - Loaded plugin pinoutconfig (category:base,tabindex:0)
2024-09-05 09:37:55,527 [INFO] PluginManage:310 - Check plugin power
2024-09-05 09:37:55,574 [INFO] PluginManage:359 - Loaded plugin power (category:power,tabindex:4)
2024-09-05 09:37:55,575 [INFO] PluginManage:310 - Check plugin projectmanager
2024-09-05 09:37:55,590 [INFO] PluginManage:359 - Loaded plugin projectmanager (category:projectmanager,tabindex:3)
2024-09-05 09:37:55,591 [INFO] PluginManage:310 - Check plugin thirdparty
2024-09-05 09:37:55,819 [INFO] PluginManage:359 - Loaded plugin thirdparty (category:base,tabindex:-1)
2024-09-05 09:37:55,819 [WARN] IntegrityCheckThread:84 - waiting for thirdparty lock release [integrity check]
2024-09-05 09:37:55,819 [INFO] PluginManage:310 - Check plugin tools
2024-09-05 09:37:55,819 [INFO] IntegrityCheckThread:86 - entering critical section [integrity check]
2024-09-05 09:37:55,819 [INFO] ThirdPartyUpdaterWithRetryManager:70 - Updater plugin not ready yet. [1/15]
2024-09-05 09:37:55,829 [INFO] PluginManage:359 - Loaded plugin tools (category:base,tabindex:7)
2024-09-05 09:37:55,829 [INFO] PluginManage:310 - Check plugin tutovideos
2024-09-05 09:37:56,082 [INFO] PluginManage:359 - Loaded plugin tutovideos (category:base,tabindex:-1)
2024-09-05 09:37:56,083 [INFO] PluginManage:310 - Check plugin updater
2024-09-05 09:37:56,094 [INFO] PluginManage:359 - Loaded plugin updater (category:base,tabindex:12)
2024-09-05 09:37:56,094 [INFO] PluginManage:310 - Check plugin userauth
2024-09-05 09:37:56,100 [INFO] UserAuth:113 - Init User Auth plugin
2024-09-05 09:37:56,100 [INFO] PluginManage:359 - Loaded plugin userauth (category:base,tabindex:14)
2024-09-05 09:37:56,100 [INFO] PluginManage:283 - PluginManage : Loaded plugins [17]
2024-09-05 09:37:56,355 [INFO] PinOutPanel:1499 - setPackage(No Configuration,No Configuration)
2024-09-05 09:37:56,492 [INFO] CADModel:165 - CPN selected for project level
2024-09-05 09:37:56,492 [INFO] CADModel:114 - Register for checkConnection events
2024-09-05 09:37:56,519 [INFO] IPUIPlugin:80 - create IPUIPlugin
2024-09-05 09:37:56,519 [INFO] PluginManager:220 - loadIPPluginJar : add adc
2024-09-05 09:37:56,526 [INFO] IPUIPlugin:80 - create IPUIPlugin
2024-09-05 09:37:56,526 [INFO] PluginManager:220 - loadIPPluginJar : add aes
2024-09-05 09:37:56,534 [INFO] IPUIPlugin:80 - create IPUIPlugin
2024-09-05 09:37:56,534 [INFO] PluginManager:220 - loadIPPluginJar : add can
2024-09-05 09:37:56,539 [INFO] IPUIPlugin:80 - create IPUIPlugin
2024-09-05 09:37:56,539 [INFO] PluginManager:220 - loadIPPluginJar : add comp
2024-09-05 09:37:56,547 [INFO] IPUIPlugin:80 - create IPUIPlugin
2024-09-05 09:37:56,547 [INFO] PluginManager:220 - loadIPPluginJar : add cryp
2024-09-05 09:37:56,553 [INFO] IPUIPlugin:80 - create IPUIPlugin
2024-09-05 09:37:56,554 [INFO] PluginManager:220 - loadIPPluginJar : add dfsdm
2024-09-05 09:37:56,568 [INFO] IPUIPlugin:80 - create IPUIPlugin
2024-09-05 09:37:56,569 [INFO] PluginManager:220 - loadIPPluginJar : add dma
2024-09-05 09:37:56,575 [INFO] IPUIPlugin:80 - create IPUIPlugin
2024-09-05 09:37:56,576 [INFO] PluginManager:220 - loadIPPluginJar : add dma3
2024-09-05 09:37:56,581 [INFO] IPUIPlugin:80 - create IPUIPlugin
2024-09-05 09:37:56,581 [INFO] PluginManager:220 - loadIPPluginJar : add fatfs
2024-09-05 09:37:56,590 [INFO] IPUIPlugin:80 - create IPUIPlugin
2024-09-05 09:37:56,590 [INFO] PluginManager:220 - loadIPPluginJar : add fmc
2024-09-05 09:37:56,637 [INFO] IPUIPlugin:80 - create IPUIPlugin
2024-09-05 09:37:56,637 [INFO] PluginManager:220 - loadIPPluginJar : add freertos
2024-09-05 09:37:56,643 [INFO] IPUIPlugin:80 - create IPUIPlugin
2024-09-05 09:37:56,643 [INFO] PluginManager:220 - loadIPPluginJar : add genericplugin
2024-09-05 09:37:56,655 [INFO] IPUIPlugin:80 - create IPUIPlugin
2024-09-05 09:37:56,655 [INFO] PluginManager:220 - loadIPPluginJar : add gfxmmu
2024-09-05 09:37:56,670 [INFO] IPUIPlugin:80 - create IPUIPlugin
2024-09-05 09:37:56,670 [INFO] PluginManager:220 - loadIPPluginJar : add gic
2024-09-05 09:37:56,693 [INFO] IPUIPlugin:80 - create IPUIPlugin
2024-09-05 09:37:56,693 [INFO] PluginManager:220 - loadIPPluginJar : add gpio
2024-09-05 09:37:56,704 [INFO] IPUIPlugin:80 - create IPUIPlugin
2024-09-05 09:37:56,704 [INFO] PluginManager:220 - loadIPPluginJar : add gtzc
2024-09-05 09:37:56,711 [INFO] IPUIPlugin:80 - create IPUIPlugin
2024-09-05 09:37:56,712 [INFO] PluginManager:220 - loadIPPluginJar : add hash
2024-09-05 09:37:56,721 [INFO] IPUIPlugin:80 - create IPUIPlugin
2024-09-05 09:37:56,721 [INFO] PluginManager:220 - loadIPPluginJar : add i2c
2024-09-05 09:37:56,729 [INFO] IPUIPlugin:80 - create IPUIPlugin
2024-09-05 09:37:56,729 [INFO] PluginManager:220 - loadIPPluginJar : add i2s
2024-09-05 09:37:56,737 [INFO] IPUIPlugin:80 - create IPUIPlugin
2024-09-05 09:37:56,737 [INFO] PluginManager:220 - loadIPPluginJar : add i3c
2024-09-05 09:37:56,748 [INFO] IPUIPlugin:80 - create IPUIPlugin
2024-09-05 09:37:56,749 [INFO] PluginManager:220 - loadIPPluginJar : add ipddr
2024-09-05 09:37:56,763 [INFO] IPUIPlugin:80 - create IPUIPlugin
2024-09-05 09:37:56,764 [INFO] PluginManager:220 - loadIPPluginJar : add linkedlist
2024-09-05 09:37:56,771 [INFO] IPUIPlugin:80 - create IPUIPlugin
2024-09-05 09:37:56,771 [INFO] PluginManager:220 - loadIPPluginJar : add lorawan
2024-09-05 09:37:56,778 [INFO] IPUIPlugin:80 - create IPUIPlugin
2024-09-05 09:37:56,778 [INFO] PluginManager:220 - loadIPPluginJar : add ltdc
2024-09-05 09:37:56,801 [INFO] IPUIPlugin:80 - create IPUIPlugin
2024-09-05 09:37:56,801 [INFO] PluginManager:220 - loadIPPluginJar : add mdma
2024-09-05 09:37:56,823 [INFO] IPUIPlugin:80 - create IPUIPlugin
2024-09-05 09:37:56,823 [INFO] PluginManager:220 - loadIPPluginJar : add nvic
2024-09-05 09:37:56,830 [INFO] IPUIPlugin:80 - create IPUIPlugin
2024-09-05 09:37:56,830 [INFO] PluginManager:220 - loadIPPluginJar : add opamp
2024-09-05 09:37:56,839 [INFO] IPUIPlugin:80 - create IPUIPlugin
2024-09-05 09:37:56,840 [INFO] PluginManager:220 - loadIPPluginJar : add openamp
2024-09-05 09:37:56,849 [INFO] IPUIPlugin:80 - create IPUIPlugin
2024-09-05 09:37:56,849 [INFO] PluginManager:220 - loadIPPluginJar : add pdm2pcm
2024-09-05 09:37:56,871 [INFO] IPUIPlugin:80 - create IPUIPlugin
2024-09-05 09:37:56,874 [INFO] PluginManager:220 - loadIPPluginJar : add plateformsettings
2024-09-05 09:37:56,879 [INFO] IPUIPlugin:80 - create IPUIPlugin
2024-09-05 09:37:56,879 [INFO] PluginManager:220 - loadIPPluginJar : add quadspi
2024-09-05 09:37:56,931 [INFO] IPUIPlugin:80 - create IPUIPlugin
2024-09-05 09:37:56,931 [INFO] PluginManager:220 - loadIPPluginJar : add resmgrutility
2024-09-05 09:37:56,940 [INFO] IPUIPlugin:80 - create IPUIPlugin
2024-09-05 09:37:56,940 [INFO] PluginManager:220 - loadIPPluginJar : add sai
2024-09-05 09:37:56,948 [INFO] IPUIPlugin:80 - create IPUIPlugin
2024-09-05 09:37:56,948 [INFO] PluginManager:220 - loadIPPluginJar : add spi
2024-09-05 09:37:56,958 [INFO] IPUIPlugin:80 - create IPUIPlugin
2024-09-05 09:37:56,958 [INFO] PluginManager:220 - loadIPPluginJar : add stm32_wpan
2024-09-05 09:37:56,964 [INFO] IPUIPlugin:80 - create IPUIPlugin
2024-09-05 09:37:56,965 [INFO] PluginManager:220 - loadIPPluginJar : add tim
2024-09-05 09:37:56,974 [INFO] IPUIPlugin:80 - create IPUIPlugin
2024-09-05 09:37:56,974 [INFO] PluginManager:220 - loadIPPluginJar : add touchsensing
2024-09-05 09:37:56,979 [INFO] IPUIPlugin:80 - create IPUIPlugin
2024-09-05 09:37:56,979 [INFO] PluginManager:220 - loadIPPluginJar : add tracer_emb
2024-09-05 09:37:56,985 [INFO] IPUIPlugin:80 - create IPUIPlugin
2024-09-05 09:37:56,985 [INFO] PluginManager:220 - loadIPPluginJar : add ts
2024-09-05 09:37:56,990 [INFO] IPUIPlugin:80 - create IPUIPlugin
2024-09-05 09:37:56,990 [INFO] PluginManager:220 - loadIPPluginJar : add tsc
2024-09-05 09:37:56,997 [INFO] IPUIPlugin:80 - create IPUIPlugin
2024-09-05 09:37:56,997 [INFO] PluginManager:220 - loadIPPluginJar : add ucpd
2024-09-05 09:37:57,005 [INFO] IPUIPlugin:80 - create IPUIPlugin
2024-09-05 09:37:57,005 [INFO] PluginManager:220 - loadIPPluginJar : add usart
2024-09-05 09:37:57,014 [INFO] IPUIPlugin:80 - create IPUIPlugin
2024-09-05 09:37:57,014 [INFO] PluginManager:220 - loadIPPluginJar : add usbx
2024-09-05 09:37:57,150 [INFO] CADModel:165 - CPN selected for project level
2024-09-05 09:37:57,150 [INFO] CADModel:114 - Register for checkConnection events
2024-09-05 09:37:57,151 [FATAL] Updater:308 - Updater called before beeing initialized
2024-09-05 09:37:57,151 [ERROR] CADModel:125 - Updater not yet initialized, retry later 
2024-09-05 09:37:57,332 [INFO] CADModel:165 - CPN selected for project level
2024-09-05 09:37:57,332 [INFO] CADModel:114 - Register for checkConnection events
2024-09-05 09:37:57,332 [FATAL] Updater:308 - Updater called before beeing initialized
2024-09-05 09:37:57,332 [ERROR] CADModel:125 - Updater not yet initialized, retry later 
2024-09-05 09:37:57,336 [FATAL] Updater:308 - Updater called before beeing initialized
2024-09-05 09:37:57,448 [FATAL] Updater:308 - Updater called before beeing initialized
2024-09-05 09:37:57,455 [INFO] DbMcusAds:53 - JSON generation date=Tue Mar 07 16:50:55 SGT 2023 (1678179055114)
2024-09-05 09:37:57,456 [FATAL] Updater:308 - Updater called before beeing initialized
2024-09-05 09:37:57,510 [WARN] DetailPanel:346 - Failed to get advertising image, set to default
2024-09-05 09:37:57,633 [FATAL] Updater:308 - Updater called before beeing initialized
2024-09-05 09:37:57,635 [FATAL] Updater:308 - Updater called before beeing initialized
2024-09-05 09:37:57,635 [FATAL] Updater:308 - Updater called before beeing initialized
2024-09-05 09:37:57,635 [WARN] DetailPanel:346 - Failed to get advertising image, set to default
2024-09-05 09:37:57,636 [FATAL] Updater:308 - Updater called before beeing initialized
2024-09-05 09:37:57,683 [ERROR] Updater:1120 - MainUpdater not yet initialized. External WinMGr cannot be set.
2024-09-05 09:37:57,686 [INFO] Updater:1056 - Updater Version found : 6.9.1
2024-09-05 09:37:57,703 [INFO] ApplicationProperties:184 - Using Application install path: C:\ST\STM32CubeIDE_1.13.1\STM32CubeIDE\plugins\com.st.stm32cube.common.mx_6.9.1.202307191849
2024-09-05 09:37:57,828 [INFO] MainUpdater:2868 - connection check result : 10
2024-09-05 09:37:57,828 [INFO] MainUpdater:3562 - Updater definition file requires update
2024-09-05 09:37:57,829 [INFO] MainUpdater:285 - Updater Check For Update Now.
2024-09-05 09:37:57,830 [INFO] MicroXplorer:498 - Change Database Version : DB.6.0.91
2024-09-05 09:37:57,837 [INFO] McuFinderGlobals:63 - Set McuFinder mode to 2 (CubeIDE integrated)
2024-09-05 09:37:57,837 [INFO] UserAuth:179 - activating auth plugin
2024-09-05 09:37:57,839 [INFO] UserAuth:393 - Internet connection configuration mode: 1
2024-09-05 09:37:57,840 [INFO] ServerAccessManage:473 - Download File updaters.zip
2024-09-05 09:37:57,871 [INFO] JxBrowserEngine:151 - Initiate JxBrowser Engine with user profile folder
2024-09-05 09:37:57,909 [INFO] FileExtend:240 - Unzip File : updaters.zip
2024-09-05 09:37:57,909 [INFO] FileExtend:255 - Standard Zip Deflate
2024-09-05 09:37:58,822 [WARN] MainUpdater:1189 - Updater busy. Cannot search thirdparties
2024-09-05 09:37:58,822 [INFO] ThirdPartyUpdaterWithRetryManager:96 - Updater plugin is busy. [1/15]
2024-09-05 09:37:59,139 [INFO] ServerAccessManage:473 - Download File PacksControlFlags.xml
2024-09-05 09:37:59,202 [INFO] ServerAccessManage:473 - Download File cubemx.pidx
2024-09-05 09:37:59,336 [INFO] LoadServerUpdatesThread:373 - End of LoadServerUpdate Thread
2024-09-05 09:37:59,529 [INFO] CheckServerUpdateThread:120 - End of CheckServer Thread
2024-09-05 09:38:00,329 [INFO] WebApp:157 - Instantiating new browser for Auth
2024-09-05 09:38:01,176 [INFO] WebApp:753 - Register for checkConnection events
2024-09-05 09:38:01,176 [INFO] WebApp:390 - Apply proxy settings
2024-09-05 09:38:01,176 [INFO] WebApp:475 - Chromium requires no authentication
2024-09-05 09:38:01,186 [INFO] WebApp:418 - Direct internet connection detected
2024-09-05 09:38:01,385 [INFO] WebApp:188 - Starting web application
2024-09-05 09:38:01,385 [INFO] WebApp:520 - Web application path used C:\ST\STM32CubeIDE_1.13.1\STM32CubeIDE\plugins\com.st.stm32cube.common.mx_6.9.1.202307191849\db\plugins\mcufinder\reactClient1\index.html
2024-09-05 09:38:02,159 [WARN] PackLoader:240 - Cannot read IP mode file for STMicroelectronics.FP-SNS-MOTENVWB1.1.4.0
2024-09-05 09:38:02,182 [WARN] PackLoader:240 - Cannot read IP mode file for STMicroelectronics.X-CUBE-SMBUS.2.1.0
2024-09-05 09:38:02,225 [WARN] PackLoader:240 - Cannot read IP mode file for STMicroelectronics.X-CUBE-AZRTOS-F7.1.1.0
2024-09-05 09:38:02,238 [WARN] PackLoader:240 - Cannot read IP mode file for STMicroelectronics.FP-SNS-MOTENV1.4.3.2
2024-09-05 09:38:02,313 [WARN] PackLoader:240 - Cannot read IP mode file for STMicroelectronics.X-CUBE-MEMS1.11.0.0
2024-09-05 09:38:02,456 [WARN] PackLoader:240 - Cannot read IP mode file for STMicroelectronics.FP-SNS-FLIGHT1.5.0.2
2024-09-05 09:38:02,467 [WARN] PackLoader:240 - Cannot read IP mode file for STMicroelectronics.X-CUBE-DISPLAY.3.0.0
2024-09-05 09:38:02,478 [WARN] PackLoader:240 - Cannot read IP mode file for STMicroelectronics.X-CUBE-BLE1.7.0.0
2024-09-05 09:38:02,485 [WARN] PackLoader:240 - Cannot read IP mode file for emotas.I-CUBE-CANOPEN.1.3.0
2024-09-05 09:38:02,493 [WARN] PackLoader:240 - Cannot read IP mode file for STMicroelectronics.X-CUBE-TOUCHGFX.4.22.0
2024-09-05 09:38:02,505 [WARN] PackLoader:240 - Cannot read IP mode file for STMicroelectronics.X-CUBE-BLEMGR.3.1.0
2024-09-05 09:38:02,513 [WARN] PackLoader:240 - Cannot read IP mode file for STMicroelectronics.FP-SNS-SMARTAG2.1.2.0
2024-09-05 09:38:02,531 [INFO] LogOutputStream:77 - [STDOUT_REDIRECT] 1 : Invalid condition id : UX_CORESTACK_Condition cause : null
2024-09-05 09:38:02,532 [INFO] LogOutputStream:77 - [STDOUT_REDIRECT] 1 : Invalid condition id : UX_CORESTACK_Condition cause : null
2024-09-05 09:38:02,534 [INFO] LogOutputStream:77 - [STDOUT_REDIRECT] 1 : Invalid condition id : UX_CORESTACK_Condition cause : null
2024-09-05 09:38:02,536 [INFO] LogOutputStream:77 - [STDOUT_REDIRECT] 1 : Invalid condition id : UX_CORESTACK_Condition cause : null
2024-09-05 09:38:02,538 [INFO] LogOutputStream:77 - [STDOUT_REDIRECT] 1 : Invalid condition id : UX_CORESTACK_Condition cause : null
2024-09-05 09:38:02,541 [WARN] PackLoader:240 - Cannot read IP mode file for STMicroelectronics.X-CUBE-AZRTOS-WL.2.0.0
2024-09-05 09:38:02,547 [WARN] PackLoader:240 - Cannot read IP mode file for STMicroelectronics.FP-SNS-MOTENV1.5.0.0
2024-09-05 09:38:02,555 [WARN] PackLoader:240 - Cannot read IP mode file for wolfSSL.I-CUBE-wolfMQTT.1.19.0
2024-09-05 09:38:02,565 [WARN] PackLoader:240 - Cannot read IP mode file for WES.I-CUBE-Cesium.1.3.0
2024-09-05 09:38:02,572 [WARN] PackLoader:240 - Cannot read IP mode file for STMicroelectronics.X-CUBE-BLE2.3.3.0
2024-09-05 09:38:02,581 [WARN] PackLoader:240 - Cannot read IP mode file for STMicroelectronics.X-CUBE-TCPP.4.1.0
2024-09-05 09:38:02,590 [WARN] PackLoader:240 - Cannot read IP mode file for STMicroelectronics.X-CUBE-ALGOBUILD.1.3.0
2024-09-05 09:38:02,616 [WARN] PackLoader:240 - Cannot read IP mode file for STMicroelectronics.X-CUBE-AZRTOS-G0.1.1.0
2024-09-05 09:38:02,627 [WARN] PackLoader:240 - Cannot read IP mode file for STMicroelectronics.X-CUBE-SAFEA1.1.2.2
2024-09-05 09:38:02,635 [WARN] PackLoader:240 - Cannot read IP mode file for STMicroelectronics.X-CUBE-NFC4.3.0.0
2024-09-05 09:38:02,642 [ERROR] Engine:466 - C:\Users\anaka\.stm32cubemx\thirdparties\pdsc\EmbeddedOffice.I-CUBE-FS-RTOS.1.0.1.pdsc: PDSC version is not supported
2024-09-05 09:38:02,646 [ERROR] Engine:466 - C:\Users\anaka\.stm32cubemx\thirdparties\pdsc\RealThread.X-CUBE-RT-Thread_Nano.4.1.1.pdsc: PDSC version is not supported
2024-09-05 09:38:02,652 [WARN] PackLoader:240 - Cannot read IP mode file for STMicroelectronics.FP-ATR-SIGFOX1.3.2.0
2024-09-05 09:38:02,660 [WARN] PackLoader:240 - Cannot read IP mode file for STMicroelectronics.X-CUBE-EEPRMA1.5.1.0
2024-09-05 09:38:02,670 [WARN] PackLoader:240 - Cannot read IP mode file for ITTIA_DB.I-CUBE-ITTIADB.8.9.0
2024-09-05 09:38:02,699 [WARN] PackLoader:240 - Cannot read IP mode file for SEGGER.I-CUBE-embOS.1.3.1
2024-09-05 09:38:02,739 [WARN] PackLoader:240 - Cannot read IP mode file for STMicroelectronics.X-CUBE-ALGOBUILD.1.4.0
2024-09-05 09:38:02,748 [WARN] PackLoader:240 - Cannot read IP mode file for STMicroelectronics.X-CUBE-GNSS1.6.0.0
2024-09-05 09:38:02,772 [WARN] PackLoader:240 - Cannot read IP mode file for STMicroelectronics.X-CUBE-AZRTOS-F4.1.1.0
2024-09-05 09:38:02,783 [WARN] PackLoader:240 - Cannot read IP mode file for wolfSSL.I-CUBE-wolfSSL.5.6.3
2024-09-05 09:38:02,790 [WARN] PackLoader:240 - Cannot read IP mode file for STMicroelectronics.X-CUBE-FREERTOS.1.2.0
2024-09-05 09:38:02,815 [WARN] PackLoader:240 - Cannot read IP mode file for STMicroelectronics.X-CUBE-AZRTOS-L5.2.0.0
2024-09-05 09:38:02,863 [WARN] PackLoader:240 - Cannot read IP mode file for STMicroelectronics.X-CUBE-MEMS1.9.6.0
2024-09-05 09:38:03,003 [WARN] PackLoader:240 - Cannot read IP mode file for STMicroelectronics.X-CUBE-NFC6.3.1.0
2024-09-05 09:38:03,015 [WARN] PackLoader:240 - Cannot read IP mode file for STMicroelectronics.X-CUBE-BLEMGR.2.0.0
2024-09-05 09:38:03,021 [ERROR] Engine:466 - C:\Users\anaka\.stm32cubemx\thirdparties\pdsc\STMicroelectronics.X-CUBE-DPower.1.2.0.pdsc: PDSC version is not supported
2024-09-05 09:38:03,028 [WARN] PackLoader:240 - Cannot read IP mode file for STMicroelectronics.X-CUBE-AI.9.0.0
2024-09-05 09:38:03,051 [WARN] ConditionMgr:438 - getConditionDescription Invalid condition id : UX DEVICE CLASS RTOS Condition cause : null
2024-09-05 09:38:03,052 [WARN] ConditionMgr:438 - getConditionDescription Invalid condition id : UX DEVICE CLASS RTOS Condition cause : null
2024-09-05 09:38:03,055 [WARN] PackLoader:240 - Cannot read IP mode file for STMicroelectronics.X-CUBE-AZRTOS-H7.3.1.0
2024-09-05 09:38:03,056 [WARN] ConditionMgr:1039 - genDependencies : Invalid condition id : UX DEVICE CLASS RTOS Condition cause : null
2024-09-05 09:38:03,056 [WARN] ConditionMgr:1039 - genDependencies : Invalid condition id : UX DEVICE CLASS RTOS Condition cause : null
2024-09-05 09:38:03,056 [WARN] ConditionMgr:1039 - genDependencies : Invalid condition id : UX DEVICE CLASS RTOS Condition cause : null
2024-09-05 09:38:03,057 [WARN] ConditionMgr:1039 - genDependencies : Invalid condition id : UX DEVICE CLASS RTOS Condition cause : null
2024-09-05 09:38:03,057 [WARN] ConditionMgr:1039 - genDependencies : Invalid condition id : UX DEVICE CLASS RTOS Condition cause : null
2024-09-05 09:38:03,066 [WARN] PackLoader:240 - Cannot read IP mode file for STMicroelectronics.X-CUBE-NFC7.1.0.1
2024-09-05 09:38:03,074 [WARN] PackLoader:240 - Cannot read IP mode file for STMicroelectronics.X-CUBE-EEPRMA1.4.1.0
2024-09-05 09:38:03,080 [WARN] PackLoader:240 - Cannot read IP mode file for STMicroelectronics.X-CUBE-AI.8.1.0
2024-09-05 09:38:03,104 [WARN] ConditionMgr:438 - getConditionDescription Invalid condition id : LAN8742 Phy interface Condition cause : null
2024-09-05 09:38:03,105 [WARN] PackLoader:240 - Cannot read IP mode file for STMicroelectronics.X-CUBE-AZRTOS-L4.2.0.0
2024-09-05 09:38:03,106 [WARN] ConditionMgr:1039 - genDependencies : Invalid condition id : LAN8742 Phy interface Condition cause : null
2024-09-05 09:38:03,113 [WARN] ConditionMgr:1039 - genDependencies : Invalid condition id : LAN8742 Phy interface Condition cause : null
2024-09-05 09:38:03,114 [WARN] ConditionMgr:1039 - genDependencies : Invalid condition id : LAN8742 Phy interface Condition cause : null
2024-09-05 09:38:03,124 [WARN] PackLoader:240 - Cannot read IP mode file for STMicroelectronics.X-CUBE-SFXS2LP1.4.0.0
2024-09-05 09:38:03,132 [WARN] PackLoader:240 - Cannot read IP mode file for STMicroelectronics.X-CUBE-ISPU.1.1.0
2024-09-05 09:38:03,157 [WARN] PackLoader:240 - Cannot read IP mode file for STMicroelectronics.X-CUBE-AZRTOS-H7.3.3.0
2024-09-05 09:38:03,177 [WARN] ConditionMgr:438 - getConditionDescription Invalid condition id : UX DEVICE CLASS RTOS Condition cause : null
2024-09-05 09:38:03,178 [WARN] ConditionMgr:438 - getConditionDescription Invalid condition id : UX DEVICE CLASS RTOS Condition cause : null
2024-09-05 09:38:03,179 [WARN] PackLoader:240 - Cannot read IP mode file for STMicroelectronics.X-CUBE-AZRTOS-WB.2.0.0
2024-09-05 09:38:03,180 [WARN] ConditionMgr:1039 - genDependencies : Invalid condition id : UX DEVICE CLASS RTOS Condition cause : null
2024-09-05 09:38:03,180 [WARN] ConditionMgr:1039 - genDependencies : Invalid condition id : UX DEVICE CLASS RTOS Condition cause : null
2024-09-05 09:38:03,181 [WARN] ConditionMgr:1039 - genDependencies : Invalid condition id : UX DEVICE CLASS RTOS Condition cause : null
2024-09-05 09:38:03,181 [WARN] ConditionMgr:1039 - genDependencies : Invalid condition id : UX DEVICE CLASS RTOS Condition cause : null
2024-09-05 09:38:03,181 [WARN] ConditionMgr:1039 - genDependencies : Invalid condition id : UX DEVICE CLASS RTOS Condition cause : null
2024-09-05 09:38:03,188 [WARN] PackLoader:240 - Cannot read IP mode file for STMicroelectronics.X-CUBE-FREERTOS.1.0.1
2024-09-05 09:38:03,194 [ERROR] Engine:466 - C:\Users\anaka\.stm32cubemx\thirdparties\pdsc\STMicroelectronics.FP-SNS-STBOX1.2.0.0.pdsc: PDSC version is not supported
2024-09-05 09:38:03,208 [WARN] PackLoader:240 - Cannot read IP mode file for STMicroelectronics.X-CUBE-SUBG2.5.0.0
2024-09-05 09:38:03,221 [WARN] PackLoader:240 - Cannot read IP mode file for Cesanta.I-CUBE-Mongoose.7.13.0
2024-09-05 09:38:03,234 [WARN] PackLoader:240 - Cannot read IP mode file for STMicroelectronics.X-CUBE-TOF1.3.3.1
2024-09-05 09:38:03,266 [WARN] PackLoader:240 - Cannot read IP mode file for STMicroelectronics.X-CUBE-AZRTOS-G4.2.0.0
2024-09-05 09:38:03,274 [WARN] PackLoader:240 - Cannot read IP mode file for STMicroelectronics.X-CUBE-ISPU.2.0.0
2024-09-05 09:38:03,282 [WARN] PackLoader:240 - Cannot read IP mode file for STMicroelectronics.X-CUBE-ALS.1.0.2
2024-09-05 09:38:03,288 [WARN] PackLoader:240 - Cannot read IP mode file for STMicroelectronics.X-CUBE-TOUCHGFX.4.24.0
2024-09-05 09:38:03,295 [WARN] PackLoader:240 - Cannot read IP mode file for wolfSSL.I-CUBE-wolfTPM.3.4.0
2024-09-05 09:38:03,304 [WARN] PackLoader:240 - Cannot read IP mode file for portGmbH.I-Cube-SoM-uGOAL.1.1.0
2024-09-05 09:38:03,310 [WARN] PackLoader:240 - Cannot read IP mode file for STMicroelectronics.X-CUBE-ALS.1.0.1
2024-09-05 09:38:03,333 [WARN] PackLoader:240 - Cannot read IP mode file for STMicroelectronics.X-CUBE-AZRTOS-H7RS.1.0.0
2024-09-05 09:38:03,341 [WARN] PackLoader:240 - Cannot read IP mode file for STMicroelectronics.FP-ATR-ASTRA1.2.0.0
2024-09-05 09:38:03,350 [ERROR] Engine:466 - C:\Users\anaka\.stm32cubemx\thirdparties\pdsc\STMicroelectronics.X-CUBE-TOF1.3.4.2.pdsc: PDSC version is not supported
2024-09-05 09:38:03,360 [ERROR] Engine:466 - C:\Users\anaka\.stm32cubemx\thirdparties\pdsc\Infineon.AIROC-Wi-Fi-Bluetooth-STM32.1.6.1.pdsc: PDSC version is not supported
2024-09-05 09:38:03,367 [WARN] PackLoader:240 - Cannot read IP mode file for wolfSSL.I-CUBE-wolfSSH.1.4.17
2024-09-05 09:38:03,368 [INFO] ThirdParty:978 - Integrity check success = true
2024-09-05 09:38:03,368 [INFO] IntegrityCheckThread:100 - exiting critical section [integrity check]
2024-09-05 09:38:03,368 [INFO] IntegrityCheckThread:103 - End integrity checks thread
2024-09-05 09:38:22,156 [ERROR] LogOutputStream:75 - [STDERR_REDIRECT] SLF4J: Failed to load class "org.slf4j.impl.StaticLoggerBinder".
2024-09-05 09:38:22,157 [ERROR] LogOutputStream:75 - [STDERR_REDIRECT] SLF4J: Defaulting to no-operation (NOP) logger implementation
2024-09-05 09:38:22,158 [ERROR] LogOutputStream:75 - [STDERR_REDIRECT] SLF4J: See http://www.slf4j.org/codes.html#StaticLoggerBinder for further details.
2024-09-05 09:39:26,730 [ERROR] LogOutputStream:75 - [STDERR_REDIRECT] 
2024-09-05 09:39:47,337 [INFO] Activator:176 - 


2024-09-05 09:39:47,337 [INFO] Activator:177 - !SESSION log4j initialized
2024-09-05 09:39:52,269 [INFO] LogOutputStream:77 - [STDOUT_REDIRECT] 
2024-09-05 09:39:53,264 [INFO] ApplicationProperties:184 - Using Application install path: C:\ST\STM32CubeIDE_1.13.1\STM32CubeIDE\plugins\com.st.stm32cube.common.mx_6.9.1.202307191849
2024-09-05 09:39:53,280 [INFO] DbMcusXml:78 - Set database path to: C:\ST\STM32CubeIDE_1.13.1\STM32CubeIDE\plugins\com.st.stm32cube.common.mx_6.9.1.202307191849\\db\/mcu/
2024-09-05 09:39:53,280 [INFO] ApiDb:274 - Set plugin database path to: C:\ST\STM32CubeIDE_1.13.1\STM32CubeIDE\plugins\com.st.stm32cube.common.mx_6.9.1.202307191849\\db\/plugins/boardmanager/
2024-09-05 09:39:53,280 [WARN] ApiDb:259 - Overriding images path with different value:  => C:\ST\STM32CubeIDE_1.13.1\STM32CubeIDE\plugins\com.st.stm32cube.common.mx_6.9.1.202307191849\\db\/plugins/mcufinder/images/
2024-09-05 09:39:53,292 [INFO] ApiDb:250 - Set database path to: C:\Users\anaka\.stmcufinder\plugins\mcufinder//mcu/
2024-09-05 09:39:53,294 [INFO] DbMcusAds:125 - Set database path to: C:\Users\anaka\.stmcufinder\plugins\mcufinder//mcu/
2024-09-05 09:39:53,295 [INFO] CrossReferenceDbSqlite:203 - Set database path to: C:\Users\anaka\.stmcufinder\plugins\mcufinder//mcu/cs/
2024-09-05 09:39:53,419 [INFO] RulesReader:64 - Compatibility file has been processed (293 Rules)
2024-09-05 09:39:53,566 [INFO] DbMcusXml:78 - Set database path to: C:\ST\STM32CubeIDE_1.13.1\STM32CubeIDE\plugins\com.st.stm32cube.common.mx_6.9.1.202307191849\\db\/mcu/
2024-09-05 09:39:53,567 [INFO] ApiDb:274 - Set plugin database path to: C:\ST\STM32CubeIDE_1.13.1\STM32CubeIDE\plugins\com.st.stm32cube.common.mx_6.9.1.202307191849\\db\/plugins/boardmanager/
2024-09-05 09:39:53,567 [INFO] ApiDb:261 - Set plugin images path to: C:\ST\STM32CubeIDE_1.13.1\STM32CubeIDE\plugins\com.st.stm32cube.common.mx_6.9.1.202307191849\\db\/plugins/mcufinder/images/
2024-09-05 09:39:53,567 [WARN] DbFile:41 - Overriding database path with different value: C:\Users\anaka\.stmcufinder\plugins\mcufinder/ => C:\Users\anaka\.stmcufinder\plugins\mcufinder
2024-09-05 09:39:53,567 [INFO] ApiDb:250 - Set database path to: C:\Users\anaka\.stmcufinder\plugins\mcufinder//mcu/
2024-09-05 09:39:53,567 [WARN] DbFile:41 - Overriding database path with different value: C:\Users\anaka\.stmcufinder\plugins\mcufinder/ => C:\Users\anaka\.stmcufinder\plugins\mcufinder
2024-09-05 09:39:53,567 [INFO] DbMcusAds:125 - Set database path to: C:\Users\anaka\.stmcufinder\plugins\mcufinder//mcu/
2024-09-05 09:39:53,568 [WARN] DbFile:41 - Overriding database path with different value: C:\Users\anaka\.stmcufinder\plugins\mcufinder/ => C:\Users\anaka\.stmcufinder\plugins\mcufinder
2024-09-05 09:39:53,568 [WARN] DbFile:41 - Overriding database path with different value: C:\Users\anaka\.stmcufinder\plugins\mcufinder/ => C:\Users\anaka\.stmcufinder\plugins\mcufinder
2024-09-05 09:39:53,568 [INFO] CrossReferenceDbSqlite:203 - Set database path to: C:\Users\anaka\.stmcufinder\plugins\mcufinder//mcu/cs/
2024-09-05 09:39:53,647 [INFO] MainPanel:262 - HeapMemory: 268435456
2024-09-05 09:39:53,718 [INFO] DbMcusXml:78 - Set database path to: C:\ST\STM32CubeIDE_1.13.1\STM32CubeIDE\plugins\com.st.stm32cube.common.mx_6.9.1.202307191849\\db\/mcu/
2024-09-05 09:39:53,719 [INFO] ApiDb:274 - Set plugin database path to: C:\ST\STM32CubeIDE_1.13.1\STM32CubeIDE\plugins\com.st.stm32cube.common.mx_6.9.1.202307191849\\db\/plugins/boardmanager/
2024-09-05 09:39:53,719 [INFO] ApiDb:261 - Set plugin images path to: C:\ST\STM32CubeIDE_1.13.1\STM32CubeIDE\plugins\com.st.stm32cube.common.mx_6.9.1.202307191849\\db\/plugins/mcufinder/images/
2024-09-05 09:39:53,719 [WARN] DbFile:41 - Overriding database path with different value: C:\Users\anaka\.stmcufinder\plugins\mcufinder/ => C:\Users\anaka\.stmcufinder\plugins\mcufinder
2024-09-05 09:39:53,719 [INFO] ApiDb:250 - Set database path to: C:\Users\anaka\.stmcufinder\plugins\mcufinder//mcu/
2024-09-05 09:39:53,719 [WARN] DbFile:41 - Overriding database path with different value: C:\Users\anaka\.stmcufinder\plugins\mcufinder/ => C:\Users\anaka\.stmcufinder\plugins\mcufinder
2024-09-05 09:39:53,719 [INFO] DbMcusAds:125 - Set database path to: C:\Users\anaka\.stmcufinder\plugins\mcufinder//mcu/
2024-09-05 09:39:53,720 [WARN] DbFile:41 - Overriding database path with different value: C:\Users\anaka\.stmcufinder\plugins\mcufinder/ => C:\Users\anaka\.stmcufinder\plugins\mcufinder
2024-09-05 09:39:53,720 [WARN] DbFile:41 - Overriding database path with different value: C:\Users\anaka\.stmcufinder\plugins\mcufinder/ => C:\Users\anaka\.stmcufinder\plugins\mcufinder
2024-09-05 09:39:53,720 [INFO] CrossReferenceDbSqlite:203 - Set database path to: C:\Users\anaka\.stmcufinder\plugins\mcufinder//mcu/cs/
2024-09-05 09:39:53,738 [INFO] ApplicationProperties:184 - Using Application install path: C:\ST\STM32CubeIDE_1.13.1\STM32CubeIDE\plugins\com.st.stm32cube.common.mx_6.9.1.202307191849
2024-09-05 09:39:53,739 [INFO] PluginManage:196 - Search for loadable plugins [exclusion list=, ]
2024-09-05 09:39:53,740 [INFO] PluginManage:310 - Check plugin analytics
2024-09-05 09:39:53,899 [INFO] AnalyticsPlugin:253 - Accepted Software Licenses: 
2024-09-05 09:39:53,899 [INFO] AnalyticsPlugin:255 - Accepted CMSIS Pack Licenses: 
2024-09-05 09:39:53,899 [INFO] AnalyticsPlugin:257 - Accepted Firmware Licenses: FW.F4.1.27.0
2024-09-05 09:39:53,904 [INFO] PluginManage:359 - Loaded plugin analytics (category:tool,tabindex:-1)
2024-09-05 09:39:53,905 [INFO] PluginManage:310 - Check plugin cadmodel
2024-09-05 09:39:53,909 [INFO] CADModel:105 - Init CAD model plugin
2024-09-05 09:39:53,909 [INFO] PluginManage:359 - Loaded plugin cadmodel (category:power,tabindex:5)
2024-09-05 09:39:53,910 [INFO] PluginManage:310 - Check plugin clock
2024-09-05 09:39:53,918 [INFO] PluginManage:359 - Loaded plugin clock (category:base,tabindex:2)
2024-09-05 09:39:53,919 [INFO] PluginManage:310 - Check plugin ddr
2024-09-05 09:39:53,923 [INFO] PluginManage:359 - Loaded plugin ddr (category:tool,tabindex:6)
2024-09-05 09:39:53,923 [INFO] PluginManage:310 - Check plugin filemanager
2024-09-05 09:39:54,054 [INFO] PluginManage:359 - Loaded plugin filemanager (category:base,tabindex:10)
2024-09-05 09:39:54,054 [INFO] PluginManage:310 - Check plugin ipmanager
2024-09-05 09:39:54,063 [INFO] PluginManage:359 - Loaded plugin ipmanager (category:base,tabindex:5)
2024-09-05 09:39:54,063 [INFO] PluginManage:310 - Check plugin lpbam
2024-09-05 09:39:54,071 [INFO] PluginManage:359 - Loaded plugin lpbam (category:base,tabindex:0)
2024-09-05 09:39:54,071 [INFO] PluginManage:310 - Check plugin memorymap
2024-09-05 09:39:54,082 [INFO] PluginManage:359 - Loaded plugin memorymap (category:base,tabindex:4)
2024-09-05 09:39:54,082 [INFO] PluginManage:310 - Check plugin pinoutandconfiguration
2024-09-05 09:39:54,088 [INFO] PluginManage:359 - Loaded plugin pinoutandconfiguration (category:base,tabindex:1)
2024-09-05 09:39:54,089 [INFO] PluginManage:310 - Check plugin pinoutconfig
2024-09-05 09:39:54,199 [WARN] SupportedApi:132 - Cannot load RTOS API schema: s4s-elt-must-match.1: The content of 'definitions' must match (annotation?, (simpleType | complexType)?, (unique | key | keyref)*)). A problem was found starting at: attribute.
2024-09-05 09:39:54,337 [INFO] PluginManage:359 - Loaded plugin pinoutconfig (category:base,tabindex:0)
2024-09-05 09:39:54,338 [INFO] PluginManage:310 - Check plugin power
2024-09-05 09:39:54,348 [INFO] PluginManage:359 - Loaded plugin power (category:power,tabindex:4)
2024-09-05 09:39:54,348 [INFO] PluginManage:310 - Check plugin projectmanager
2024-09-05 09:39:54,363 [INFO] PluginManage:359 - Loaded plugin projectmanager (category:projectmanager,tabindex:3)
2024-09-05 09:39:54,363 [INFO] PluginManage:310 - Check plugin thirdparty
2024-09-05 09:39:54,501 [WARN] IntegrityCheckThread:84 - waiting for thirdparty lock release [integrity check]
2024-09-05 09:39:54,501 [INFO] PluginManage:359 - Loaded plugin thirdparty (category:base,tabindex:-1)
2024-09-05 09:39:54,502 [INFO] IntegrityCheckThread:86 - entering critical section [integrity check]
2024-09-05 09:39:54,502 [INFO] PluginManage:310 - Check plugin tools
2024-09-05 09:39:54,503 [INFO] ThirdPartyUpdaterWithRetryManager:70 - Updater plugin not ready yet. [1/15]
2024-09-05 09:39:54,506 [INFO] PluginManage:359 - Loaded plugin tools (category:base,tabindex:7)
2024-09-05 09:39:54,506 [INFO] PluginManage:310 - Check plugin tutovideos
2024-09-05 09:39:54,659 [INFO] PluginManage:359 - Loaded plugin tutovideos (category:base,tabindex:-1)
2024-09-05 09:39:54,659 [INFO] PluginManage:310 - Check plugin updater
2024-09-05 09:39:54,670 [INFO] PluginManage:359 - Loaded plugin updater (category:base,tabindex:12)
2024-09-05 09:39:54,670 [INFO] PluginManage:310 - Check plugin userauth
2024-09-05 09:39:54,674 [INFO] UserAuth:113 - Init User Auth plugin
2024-09-05 09:39:54,674 [INFO] PluginManage:359 - Loaded plugin userauth (category:base,tabindex:14)
2024-09-05 09:39:54,674 [INFO] PluginManage:283 - PluginManage : Loaded plugins [17]
2024-09-05 09:39:54,900 [INFO] PinOutPanel:1499 - setPackage(No Configuration,No Configuration)
2024-09-05 09:39:55,021 [INFO] CADModel:165 - CPN selected for project level
2024-09-05 09:39:55,022 [INFO] CADModel:114 - Register for checkConnection events
2024-09-05 09:39:55,036 [INFO] IPUIPlugin:80 - create IPUIPlugin
2024-09-05 09:39:55,036 [INFO] PluginManager:220 - loadIPPluginJar : add adc
2024-09-05 09:39:55,038 [INFO] IPUIPlugin:80 - create IPUIPlugin
2024-09-05 09:39:55,039 [INFO] PluginManager:220 - loadIPPluginJar : add aes
2024-09-05 09:39:55,041 [INFO] IPUIPlugin:80 - create IPUIPlugin
2024-09-05 09:39:55,041 [INFO] PluginManager:220 - loadIPPluginJar : add can
2024-09-05 09:39:55,043 [INFO] IPUIPlugin:80 - create IPUIPlugin
2024-09-05 09:39:55,043 [INFO] PluginManager:220 - loadIPPluginJar : add comp
2024-09-05 09:39:55,045 [INFO] IPUIPlugin:80 - create IPUIPlugin
2024-09-05 09:39:55,045 [INFO] PluginManager:220 - loadIPPluginJar : add cryp
2024-09-05 09:39:55,047 [INFO] IPUIPlugin:80 - create IPUIPlugin
2024-09-05 09:39:55,048 [INFO] PluginManager:220 - loadIPPluginJar : add dfsdm
2024-09-05 09:39:55,053 [INFO] IPUIPlugin:80 - create IPUIPlugin
2024-09-05 09:39:55,053 [INFO] PluginManager:220 - loadIPPluginJar : add dma
2024-09-05 09:39:55,057 [INFO] IPUIPlugin:80 - create IPUIPlugin
2024-09-05 09:39:55,057 [INFO] PluginManager:220 - loadIPPluginJar : add dma3
2024-09-05 09:39:55,058 [INFO] IPUIPlugin:80 - create IPUIPlugin
2024-09-05 09:39:55,058 [INFO] PluginManager:220 - loadIPPluginJar : add fatfs
2024-09-05 09:39:55,062 [INFO] IPUIPlugin:80 - create IPUIPlugin
2024-09-05 09:39:55,062 [INFO] PluginManager:220 - loadIPPluginJar : add fmc
2024-09-05 09:39:55,067 [INFO] IPUIPlugin:80 - create IPUIPlugin
2024-09-05 09:39:55,067 [INFO] PluginManager:220 - loadIPPluginJar : add freertos
2024-09-05 09:39:55,069 [INFO] IPUIPlugin:80 - create IPUIPlugin
2024-09-05 09:39:55,069 [INFO] PluginManager:220 - loadIPPluginJar : add genericplugin
2024-09-05 09:39:55,072 [INFO] IPUIPlugin:80 - create IPUIPlugin
2024-09-05 09:39:55,072 [INFO] PluginManager:220 - loadIPPluginJar : add gfxmmu
2024-09-05 09:39:55,077 [INFO] IPUIPlugin:80 - create IPUIPlugin
2024-09-05 09:39:55,077 [INFO] PluginManager:220 - loadIPPluginJar : add gic
2024-09-05 09:39:55,080 [INFO] IPUIPlugin:80 - create IPUIPlugin
2024-09-05 09:39:55,081 [INFO] PluginManager:220 - loadIPPluginJar : add gpio
2024-09-05 09:39:55,083 [INFO] IPUIPlugin:80 - create IPUIPlugin
2024-09-05 09:39:55,084 [INFO] PluginManager:220 - loadIPPluginJar : add gtzc
2024-09-05 09:39:55,086 [INFO] IPUIPlugin:80 - create IPUIPlugin
2024-09-05 09:39:55,086 [INFO] PluginManager:220 - loadIPPluginJar : add hash
2024-09-05 09:39:55,089 [INFO] IPUIPlugin:80 - create IPUIPlugin
2024-09-05 09:39:55,089 [INFO] PluginManager:220 - loadIPPluginJar : add i2c
2024-09-05 09:39:55,092 [INFO] IPUIPlugin:80 - create IPUIPlugin
2024-09-05 09:39:55,092 [INFO] PluginManager:220 - loadIPPluginJar : add i2s
2024-09-05 09:39:55,095 [INFO] IPUIPlugin:80 - create IPUIPlugin
2024-09-05 09:39:55,095 [INFO] PluginManager:220 - loadIPPluginJar : add i3c
2024-09-05 09:39:55,098 [INFO] IPUIPlugin:80 - create IPUIPlugin
2024-09-05 09:39:55,098 [INFO] PluginManager:220 - loadIPPluginJar : add ipddr
2024-09-05 09:39:55,104 [INFO] IPUIPlugin:80 - create IPUIPlugin
2024-09-05 09:39:55,105 [INFO] PluginManager:220 - loadIPPluginJar : add linkedlist
2024-09-05 09:39:55,107 [INFO] IPUIPlugin:80 - create IPUIPlugin
2024-09-05 09:39:55,108 [INFO] PluginManager:220 - loadIPPluginJar : add lorawan
2024-09-05 09:39:55,109 [INFO] IPUIPlugin:80 - create IPUIPlugin
2024-09-05 09:39:55,109 [INFO] PluginManager:220 - loadIPPluginJar : add ltdc
2024-09-05 09:39:55,115 [INFO] IPUIPlugin:80 - create IPUIPlugin
2024-09-05 09:39:55,115 [INFO] PluginManager:220 - loadIPPluginJar : add mdma
2024-09-05 09:39:55,118 [INFO] IPUIPlugin:80 - create IPUIPlugin
2024-09-05 09:39:55,119 [INFO] PluginManager:220 - loadIPPluginJar : add nvic
2024-09-05 09:39:55,122 [INFO] IPUIPlugin:80 - create IPUIPlugin
2024-09-05 09:39:55,122 [INFO] PluginManager:220 - loadIPPluginJar : add opamp
2024-09-05 09:39:55,125 [INFO] IPUIPlugin:80 - create IPUIPlugin
2024-09-05 09:39:55,125 [INFO] PluginManager:220 - loadIPPluginJar : add openamp
2024-09-05 09:39:55,129 [INFO] IPUIPlugin:80 - create IPUIPlugin
2024-09-05 09:39:55,129 [INFO] PluginManager:220 - loadIPPluginJar : add pdm2pcm
2024-09-05 09:39:55,134 [INFO] IPUIPlugin:80 - create IPUIPlugin
2024-09-05 09:39:55,139 [INFO] PluginManager:220 - loadIPPluginJar : add plateformsettings
2024-09-05 09:39:55,142 [INFO] IPUIPlugin:80 - create IPUIPlugin
2024-09-05 09:39:55,142 [INFO] PluginManager:220 - loadIPPluginJar : add quadspi
2024-09-05 09:39:55,146 [INFO] IPUIPlugin:80 - create IPUIPlugin
2024-09-05 09:39:55,146 [INFO] PluginManager:220 - loadIPPluginJar : add resmgrutility
2024-09-05 09:39:55,148 [INFO] IPUIPlugin:80 - create IPUIPlugin
2024-09-05 09:39:55,149 [INFO] PluginManager:220 - loadIPPluginJar : add sai
2024-09-05 09:39:55,151 [INFO] IPUIPlugin:80 - create IPUIPlugin
2024-09-05 09:39:55,151 [INFO] PluginManager:220 - loadIPPluginJar : add spi
2024-09-05 09:39:55,155 [INFO] IPUIPlugin:80 - create IPUIPlugin
2024-09-05 09:39:55,155 [INFO] PluginManager:220 - loadIPPluginJar : add stm32_wpan
2024-09-05 09:39:55,157 [INFO] IPUIPlugin:80 - create IPUIPlugin
2024-09-05 09:39:55,157 [INFO] PluginManager:220 - loadIPPluginJar : add tim
2024-09-05 09:39:55,160 [INFO] IPUIPlugin:80 - create IPUIPlugin
2024-09-05 09:39:55,160 [INFO] PluginManager:220 - loadIPPluginJar : add touchsensing
2024-09-05 09:39:55,162 [INFO] IPUIPlugin:80 - create IPUIPlugin
2024-09-05 09:39:55,162 [INFO] PluginManager:220 - loadIPPluginJar : add tracer_emb
2024-09-05 09:39:55,163 [INFO] IPUIPlugin:80 - create IPUIPlugin
2024-09-05 09:39:55,163 [INFO] PluginManager:220 - loadIPPluginJar : add ts
2024-09-05 09:39:55,165 [INFO] IPUIPlugin:80 - create IPUIPlugin
2024-09-05 09:39:55,165 [INFO] PluginManager:220 - loadIPPluginJar : add tsc
2024-09-05 09:39:55,167 [INFO] IPUIPlugin:80 - create IPUIPlugin
2024-09-05 09:39:55,167 [INFO] PluginManager:220 - loadIPPluginJar : add ucpd
2024-09-05 09:39:55,169 [INFO] IPUIPlugin:80 - create IPUIPlugin
2024-09-05 09:39:55,169 [INFO] PluginManager:220 - loadIPPluginJar : add usart
2024-09-05 09:39:55,172 [INFO] IPUIPlugin:80 - create IPUIPlugin
2024-09-05 09:39:55,172 [INFO] PluginManager:220 - loadIPPluginJar : add usbx
2024-09-05 09:39:55,342 [INFO] CADModel:165 - CPN selected for project level
2024-09-05 09:39:55,343 [INFO] CADModel:114 - Register for checkConnection events
2024-09-05 09:39:55,343 [FATAL] Updater:308 - Updater called before beeing initialized
2024-09-05 09:39:55,344 [ERROR] CADModel:125 - Updater not yet initialized, retry later 
2024-09-05 09:39:55,547 [INFO] CADModel:165 - CPN selected for project level
2024-09-05 09:39:55,547 [INFO] CADModel:114 - Register for checkConnection events
2024-09-05 09:39:55,547 [FATAL] Updater:308 - Updater called before beeing initialized
2024-09-05 09:39:55,547 [ERROR] CADModel:125 - Updater not yet initialized, retry later 
2024-09-05 09:39:55,550 [FATAL] Updater:308 - Updater called before beeing initialized
2024-09-05 09:39:55,686 [FATAL] Updater:308 - Updater called before beeing initialized
2024-09-05 09:39:55,691 [INFO] DbMcusAds:53 - JSON generation date=Tue Mar 07 16:50:55 SGT 2023 (1678179055114)
2024-09-05 09:39:55,692 [FATAL] Updater:308 - Updater called before beeing initialized
2024-09-05 09:39:55,734 [WARN] DetailPanel:346 - Failed to get advertising image, set to default
2024-09-05 09:39:55,855 [FATAL] Updater:308 - Updater called before beeing initialized
2024-09-05 09:39:55,858 [FATAL] Updater:308 - Updater called before beeing initialized
2024-09-05 09:39:55,858 [FATAL] Updater:308 - Updater called before beeing initialized
2024-09-05 09:39:55,858 [WARN] DetailPanel:346 - Failed to get advertising image, set to default
2024-09-05 09:39:55,859 [FATAL] Updater:308 - Updater called before beeing initialized
2024-09-05 09:39:55,912 [ERROR] Updater:1120 - MainUpdater not yet initialized. External WinMGr cannot be set.
2024-09-05 09:39:55,914 [INFO] Updater:1056 - Updater Version found : 6.9.1
2024-09-05 09:39:55,932 [INFO] ApplicationProperties:184 - Using Application install path: C:\ST\STM32CubeIDE_1.13.1\STM32CubeIDE\plugins\com.st.stm32cube.common.mx_6.9.1.202307191849
2024-09-05 09:39:56,048 [INFO] MainUpdater:2868 - connection check result : 10
2024-09-05 09:39:56,049 [INFO] MainUpdater:285 - Updater Check For Update Now.
2024-09-05 09:39:56,050 [INFO] MicroXplorer:498 - Change Database Version : DB.6.0.91
2024-09-05 09:39:56,057 [INFO] McuFinderGlobals:63 - Set McuFinder mode to 2 (CubeIDE integrated)
2024-09-05 09:39:56,058 [INFO] UserAuth:179 - activating auth plugin
2024-09-05 09:39:56,061 [INFO] UserAuth:393 - Internet connection configuration mode: 1
2024-09-05 09:39:56,080 [INFO] JxBrowserEngine:151 - Initiate JxBrowser Engine with user profile folder
2024-09-05 09:39:56,245 [INFO] CheckServerUpdateThread:120 - End of CheckServer Thread
2024-09-05 09:39:56,882 [INFO] WebApp:157 - Instantiating new browser for Auth
2024-09-05 09:39:57,656 [INFO] WebApp:753 - Register for checkConnection events
2024-09-05 09:39:57,656 [INFO] WebApp:390 - Apply proxy settings
2024-09-05 09:39:57,657 [INFO] WebApp:475 - Chromium requires no authentication
2024-09-05 09:39:57,667 [INFO] WebApp:418 - Direct internet connection detected
2024-09-05 09:39:57,779 [WARN] PackLoader:240 - Cannot read IP mode file for STMicroelectronics.FP-SNS-MOTENVWB1.1.4.0
2024-09-05 09:39:57,798 [WARN] PackLoader:240 - Cannot read IP mode file for STMicroelectronics.X-CUBE-SMBUS.2.1.0
2024-09-05 09:39:57,831 [WARN] PackLoader:240 - Cannot read IP mode file for STMicroelectronics.X-CUBE-AZRTOS-F7.1.1.0
2024-09-05 09:39:57,841 [WARN] PackLoader:240 - Cannot read IP mode file for STMicroelectronics.FP-SNS-MOTENV1.4.3.2
2024-09-05 09:39:57,918 [WARN] PackLoader:240 - Cannot read IP mode file for STMicroelectronics.X-CUBE-MEMS1.11.0.0
2024-09-05 09:39:57,950 [INFO] WebApp:188 - Starting web application
2024-09-05 09:39:57,950 [INFO] WebApp:520 - Web application path used C:\ST\STM32CubeIDE_1.13.1\STM32CubeIDE\plugins\com.st.stm32cube.common.mx_6.9.1.202307191849\db\plugins\mcufinder\reactClient1\index.html
2024-09-05 09:39:58,081 [WARN] PackLoader:240 - Cannot read IP mode file for STMicroelectronics.FP-SNS-FLIGHT1.5.0.2
2024-09-05 09:39:58,091 [WARN] PackLoader:240 - Cannot read IP mode file for STMicroelectronics.X-CUBE-DISPLAY.3.0.0
2024-09-05 09:39:58,102 [WARN] PackLoader:240 - Cannot read IP mode file for STMicroelectronics.X-CUBE-BLE1.7.0.0
2024-09-05 09:39:58,108 [WARN] PackLoader:240 - Cannot read IP mode file for emotas.I-CUBE-CANOPEN.1.3.0
2024-09-05 09:39:58,115 [WARN] PackLoader:240 - Cannot read IP mode file for STMicroelectronics.X-CUBE-TOUCHGFX.4.22.0
2024-09-05 09:39:58,122 [WARN] PackLoader:240 - Cannot read IP mode file for STMicroelectronics.X-CUBE-BLEMGR.3.1.0
2024-09-05 09:39:58,129 [WARN] PackLoader:240 - Cannot read IP mode file for STMicroelectronics.FP-SNS-SMARTAG2.1.2.0
2024-09-05 09:39:58,142 [INFO] LogOutputStream:77 - [STDOUT_REDIRECT] 1 : Invalid condition id : UX_CORESTACK_Condition cause : null
2024-09-05 09:39:58,143 [INFO] LogOutputStream:77 - [STDOUT_REDIRECT] 1 : Invalid condition id : UX_CORESTACK_Condition cause : null
2024-09-05 09:39:58,144 [INFO] LogOutputStream:77 - [STDOUT_REDIRECT] 1 : Invalid condition id : UX_CORESTACK_Condition cause : null
2024-09-05 09:39:58,146 [INFO] LogOutputStream:77 - [STDOUT_REDIRECT] 1 : Invalid condition id : UX_CORESTACK_Condition cause : null
2024-09-05 09:39:58,148 [INFO] LogOutputStream:77 - [STDOUT_REDIRECT] 1 : Invalid condition id : UX_CORESTACK_Condition cause : null
2024-09-05 09:39:58,151 [WARN] PackLoader:240 - Cannot read IP mode file for STMicroelectronics.X-CUBE-AZRTOS-WL.2.0.0
2024-09-05 09:39:58,158 [WARN] PackLoader:240 - Cannot read IP mode file for STMicroelectronics.FP-SNS-MOTENV1.5.0.0
2024-09-05 09:39:58,166 [WARN] PackLoader:240 - Cannot read IP mode file for wolfSSL.I-CUBE-wolfMQTT.1.19.0
2024-09-05 09:39:58,174 [WARN] PackLoader:240 - Cannot read IP mode file for WES.I-CUBE-Cesium.1.3.0
2024-09-05 09:39:58,179 [WARN] PackLoader:240 - Cannot read IP mode file for STMicroelectronics.X-CUBE-BLE2.3.3.0
2024-09-05 09:39:58,186 [WARN] PackLoader:240 - Cannot read IP mode file for STMicroelectronics.X-CUBE-TCPP.4.1.0
2024-09-05 09:39:58,194 [WARN] PackLoader:240 - Cannot read IP mode file for STMicroelectronics.X-CUBE-ALGOBUILD.1.3.0
2024-09-05 09:39:58,211 [WARN] PackLoader:240 - Cannot read IP mode file for STMicroelectronics.X-CUBE-AZRTOS-G0.1.1.0
2024-09-05 09:39:58,222 [WARN] PackLoader:240 - Cannot read IP mode file for STMicroelectronics.X-CUBE-SAFEA1.1.2.2
2024-09-05 09:39:58,230 [WARN] PackLoader:240 - Cannot read IP mode file for STMicroelectronics.X-CUBE-NFC4.3.0.0
2024-09-05 09:39:58,237 [ERROR] Engine:466 - C:\Users\anaka\.stm32cubemx\thirdparties\pdsc\EmbeddedOffice.I-CUBE-FS-RTOS.1.0.1.pdsc: PDSC version is not supported
2024-09-05 09:39:58,239 [ERROR] Engine:466 - C:\Users\anaka\.stm32cubemx\thirdparties\pdsc\RealThread.X-CUBE-RT-Thread_Nano.4.1.1.pdsc: PDSC version is not supported
2024-09-05 09:39:58,244 [WARN] PackLoader:240 - Cannot read IP mode file for STMicroelectronics.FP-ATR-SIGFOX1.3.2.0
2024-09-05 09:39:58,252 [WARN] PackLoader:240 - Cannot read IP mode file for STMicroelectronics.X-CUBE-EEPRMA1.5.1.0
2024-09-05 09:39:58,261 [WARN] PackLoader:240 - Cannot read IP mode file for ITTIA_DB.I-CUBE-ITTIADB.8.9.0
2024-09-05 09:39:58,291 [WARN] PackLoader:240 - Cannot read IP mode file for SEGGER.I-CUBE-embOS.1.3.1
2024-09-05 09:39:58,346 [WARN] PackLoader:240 - Cannot read IP mode file for STMicroelectronics.X-CUBE-ALGOBUILD.1.4.0
2024-09-05 09:39:58,353 [WARN] PackLoader:240 - Cannot read IP mode file for STMicroelectronics.X-CUBE-GNSS1.6.0.0
2024-09-05 09:39:58,370 [WARN] PackLoader:240 - Cannot read IP mode file for STMicroelectronics.X-CUBE-AZRTOS-F4.1.1.0
2024-09-05 09:39:58,377 [WARN] PackLoader:240 - Cannot read IP mode file for wolfSSL.I-CUBE-wolfSSL.5.6.3
2024-09-05 09:39:58,382 [WARN] PackLoader:240 - Cannot read IP mode file for STMicroelectronics.X-CUBE-FREERTOS.1.2.0
2024-09-05 09:39:58,400 [WARN] PackLoader:240 - Cannot read IP mode file for STMicroelectronics.X-CUBE-AZRTOS-L5.2.0.0
2024-09-05 09:39:58,442 [WARN] PackLoader:240 - Cannot read IP mode file for STMicroelectronics.X-CUBE-MEMS1.9.6.0
2024-09-05 09:39:58,607 [WARN] PackLoader:240 - Cannot read IP mode file for STMicroelectronics.X-CUBE-NFC6.3.1.0
2024-09-05 09:39:58,615 [WARN] PackLoader:240 - Cannot read IP mode file for STMicroelectronics.X-CUBE-BLEMGR.2.0.0
2024-09-05 09:39:58,619 [ERROR] Engine:466 - C:\Users\anaka\.stm32cubemx\thirdparties\pdsc\STMicroelectronics.X-CUBE-DPower.1.2.0.pdsc: PDSC version is not supported
2024-09-05 09:39:58,623 [WARN] PackLoader:240 - Cannot read IP mode file for STMicroelectronics.X-CUBE-AI.9.0.0
2024-09-05 09:39:58,638 [WARN] ConditionMgr:438 - getConditionDescription Invalid condition id : UX DEVICE CLASS RTOS Condition cause : null
2024-09-05 09:39:58,639 [WARN] ConditionMgr:438 - getConditionDescription Invalid condition id : UX DEVICE CLASS RTOS Condition cause : null
2024-09-05 09:39:58,641 [WARN] PackLoader:240 - Cannot read IP mode file for STMicroelectronics.X-CUBE-AZRTOS-H7.3.1.0
2024-09-05 09:39:58,642 [WARN] ConditionMgr:1039 - genDependencies : Invalid condition id : UX DEVICE CLASS RTOS Condition cause : null
2024-09-05 09:39:58,642 [WARN] ConditionMgr:1039 - genDependencies : Invalid condition id : UX DEVICE CLASS RTOS Condition cause : null
2024-09-05 09:39:58,643 [WARN] ConditionMgr:1039 - genDependencies : Invalid condition id : UX DEVICE CLASS RTOS Condition cause : null
2024-09-05 09:39:58,643 [WARN] ConditionMgr:1039 - genDependencies : Invalid condition id : UX DEVICE CLASS RTOS Condition cause : null
2024-09-05 09:39:58,643 [WARN] ConditionMgr:1039 - genDependencies : Invalid condition id : UX DEVICE CLASS RTOS Condition cause : null
2024-09-05 09:39:58,649 [WARN] PackLoader:240 - Cannot read IP mode file for STMicroelectronics.X-CUBE-NFC7.1.0.1
2024-09-05 09:39:58,655 [WARN] PackLoader:240 - Cannot read IP mode file for STMicroelectronics.X-CUBE-EEPRMA1.4.1.0
2024-09-05 09:39:58,659 [WARN] PackLoader:240 - Cannot read IP mode file for STMicroelectronics.X-CUBE-AI.8.1.0
2024-09-05 09:39:58,678 [WARN] ConditionMgr:438 - getConditionDescription Invalid condition id : LAN8742 Phy interface Condition cause : null
2024-09-05 09:39:58,679 [WARN] PackLoader:240 - Cannot read IP mode file for STMicroelectronics.X-CUBE-AZRTOS-L4.2.0.0
2024-09-05 09:39:58,680 [WARN] ConditionMgr:1039 - genDependencies : Invalid condition id : LAN8742 Phy interface Condition cause : null
2024-09-05 09:39:58,681 [WARN] ConditionMgr:1039 - genDependencies : Invalid condition id : LAN8742 Phy interface Condition cause : null
2024-09-05 09:39:58,682 [WARN] ConditionMgr:1039 - genDependencies : Invalid condition id : LAN8742 Phy interface Condition cause : null
2024-09-05 09:39:58,692 [WARN] PackLoader:240 - Cannot read IP mode file for STMicroelectronics.X-CUBE-SFXS2LP1.4.0.0
2024-09-05 09:39:58,697 [WARN] PackLoader:240 - Cannot read IP mode file for STMicroelectronics.X-CUBE-ISPU.1.1.0
2024-09-05 09:39:58,717 [WARN] PackLoader:240 - Cannot read IP mode file for STMicroelectronics.X-CUBE-AZRTOS-H7.3.3.0
2024-09-05 09:39:58,732 [WARN] ConditionMgr:438 - getConditionDescription Invalid condition id : UX DEVICE CLASS RTOS Condition cause : null
2024-09-05 09:39:58,732 [WARN] ConditionMgr:438 - getConditionDescription Invalid condition id : UX DEVICE CLASS RTOS Condition cause : null
2024-09-05 09:39:58,734 [WARN] PackLoader:240 - Cannot read IP mode file for STMicroelectronics.X-CUBE-AZRTOS-WB.2.0.0
2024-09-05 09:39:58,734 [WARN] ConditionMgr:1039 - genDependencies : Invalid condition id : UX DEVICE CLASS RTOS Condition cause : null
2024-09-05 09:39:58,735 [WARN] ConditionMgr:1039 - genDependencies : Invalid condition id : UX DEVICE CLASS RTOS Condition cause : null
2024-09-05 09:39:58,735 [WARN] ConditionMgr:1039 - genDependencies : Invalid condition id : UX DEVICE CLASS RTOS Condition cause : null
2024-09-05 09:39:58,736 [WARN] ConditionMgr:1039 - genDependencies : Invalid condition id : UX DEVICE CLASS RTOS Condition cause : null
2024-09-05 09:39:58,736 [WARN] ConditionMgr:1039 - genDependencies : Invalid condition id : UX DEVICE CLASS RTOS Condition cause : null
2024-09-05 09:39:58,740 [WARN] PackLoader:240 - Cannot read IP mode file for STMicroelectronics.X-CUBE-FREERTOS.1.0.1
2024-09-05 09:39:58,744 [ERROR] Engine:466 - C:\Users\anaka\.stm32cubemx\thirdparties\pdsc\STMicroelectronics.FP-SNS-STBOX1.2.0.0.pdsc: PDSC version is not supported
2024-09-05 09:39:58,757 [WARN] PackLoader:240 - Cannot read IP mode file for STMicroelectronics.X-CUBE-SUBG2.5.0.0
2024-09-05 09:39:58,773 [WARN] PackLoader:240 - Cannot read IP mode file for Cesanta.I-CUBE-Mongoose.7.13.0
2024-09-05 09:39:58,781 [WARN] PackLoader:240 - Cannot read IP mode file for STMicroelectronics.X-CUBE-TOF1.3.3.1
2024-09-05 09:39:58,812 [WARN] PackLoader:240 - Cannot read IP mode file for STMicroelectronics.X-CUBE-AZRTOS-G4.2.0.0
2024-09-05 09:39:58,818 [WARN] PackLoader:240 - Cannot read IP mode file for STMicroelectronics.X-CUBE-ISPU.2.0.0
2024-09-05 09:39:58,824 [WARN] PackLoader:240 - Cannot read IP mode file for STMicroelectronics.X-CUBE-ALS.1.0.2
2024-09-05 09:39:58,829 [WARN] PackLoader:240 - Cannot read IP mode file for STMicroelectronics.X-CUBE-TOUCHGFX.4.24.0
2024-09-05 09:39:58,833 [WARN] PackLoader:240 - Cannot read IP mode file for wolfSSL.I-CUBE-wolfTPM.3.4.0
2024-09-05 09:39:58,838 [WARN] PackLoader:240 - Cannot read IP mode file for portGmbH.I-Cube-SoM-uGOAL.1.1.0
2024-09-05 09:39:58,842 [WARN] PackLoader:240 - Cannot read IP mode file for STMicroelectronics.X-CUBE-ALS.1.0.1
2024-09-05 09:39:58,857 [WARN] PackLoader:240 - Cannot read IP mode file for STMicroelectronics.X-CUBE-AZRTOS-H7RS.1.0.0
2024-09-05 09:39:58,863 [WARN] PackLoader:240 - Cannot read IP mode file for STMicroelectronics.FP-ATR-ASTRA1.2.0.0
2024-09-05 09:39:58,867 [ERROR] Engine:466 - C:\Users\anaka\.stm32cubemx\thirdparties\pdsc\STMicroelectronics.X-CUBE-TOF1.3.4.2.pdsc: PDSC version is not supported
2024-09-05 09:39:58,872 [ERROR] Engine:466 - C:\Users\anaka\.stm32cubemx\thirdparties\pdsc\Infineon.AIROC-Wi-Fi-Bluetooth-STM32.1.6.1.pdsc: PDSC version is not supported
2024-09-05 09:39:58,876 [WARN] PackLoader:240 - Cannot read IP mode file for wolfSSL.I-CUBE-wolfSSH.1.4.17
2024-09-05 09:39:58,877 [INFO] ThirdParty:978 - Integrity check success = true
2024-09-05 09:39:58,877 [INFO] IntegrityCheckThread:100 - exiting critical section [integrity check]
2024-09-05 09:39:58,877 [INFO] IntegrityCheckThread:103 - End integrity checks thread
2024-09-05 09:40:18,733 [ERROR] LogOutputStream:75 - [STDERR_REDIRECT] SLF4J: Failed to load class "org.slf4j.impl.StaticLoggerBinder".
2024-09-05 09:40:18,734 [ERROR] LogOutputStream:75 - [STDERR_REDIRECT] SLF4J: Defaulting to no-operation (NOP) logger implementation
2024-09-05 09:40:18,736 [ERROR] LogOutputStream:75 - [STDERR_REDIRECT] SLF4J: See http://www.slf4j.org/codes.html#StaticLoggerBinder for further details.
2024-09-05 10:40:07,064 [ERROR] LogOutputStream:75 - [STDERR_REDIRECT] 
2024-09-05 10:40:20,529 [INFO] Activator:176 - 


2024-09-05 10:40:20,533 [INFO] Activator:177 - !SESSION log4j initialized
2024-09-05 10:40:25,817 [INFO] LogOutputStream:77 - [STDOUT_REDIRECT] 
2024-09-05 10:40:26,868 [INFO] ApplicationProperties:184 - Using Application install path: C:\ST\STM32CubeIDE_1.13.1\STM32CubeIDE\plugins\com.st.stm32cube.common.mx_6.9.1.202307191849
2024-09-05 10:40:26,883 [INFO] DbMcusXml:78 - Set database path to: C:\ST\STM32CubeIDE_1.13.1\STM32CubeIDE\plugins\com.st.stm32cube.common.mx_6.9.1.202307191849\\db\/mcu/
2024-09-05 10:40:26,883 [INFO] ApiDb:274 - Set plugin database path to: C:\ST\STM32CubeIDE_1.13.1\STM32CubeIDE\plugins\com.st.stm32cube.common.mx_6.9.1.202307191849\\db\/plugins/boardmanager/
2024-09-05 10:40:26,883 [WARN] ApiDb:259 - Overriding images path with different value:  => C:\ST\STM32CubeIDE_1.13.1\STM32CubeIDE\plugins\com.st.stm32cube.common.mx_6.9.1.202307191849\\db\/plugins/mcufinder/images/
2024-09-05 10:40:26,883 [INFO] ApiDb:250 - Set database path to: C:\Users\anaka\.stmcufinder\plugins\mcufinder//mcu/
2024-09-05 10:40:26,899 [INFO] DbMcusAds:125 - Set database path to: C:\Users\anaka\.stmcufinder\plugins\mcufinder//mcu/
2024-09-05 10:40:26,899 [INFO] CrossReferenceDbSqlite:203 - Set database path to: C:\Users\anaka\.stmcufinder\plugins\mcufinder//mcu/cs/
2024-09-05 10:40:27,039 [INFO] RulesReader:64 - Compatibility file has been processed (293 Rules)
2024-09-05 10:40:27,164 [INFO] DbMcusXml:78 - Set database path to: C:\ST\STM32CubeIDE_1.13.1\STM32CubeIDE\plugins\com.st.stm32cube.common.mx_6.9.1.202307191849\\db\/mcu/
2024-09-05 10:40:27,164 [INFO] ApiDb:274 - Set plugin database path to: C:\ST\STM32CubeIDE_1.13.1\STM32CubeIDE\plugins\com.st.stm32cube.common.mx_6.9.1.202307191849\\db\/plugins/boardmanager/
2024-09-05 10:40:27,164 [INFO] ApiDb:261 - Set plugin images path to: C:\ST\STM32CubeIDE_1.13.1\STM32CubeIDE\plugins\com.st.stm32cube.common.mx_6.9.1.202307191849\\db\/plugins/mcufinder/images/
2024-09-05 10:40:27,164 [WARN] DbFile:41 - Overriding database path with different value: C:\Users\anaka\.stmcufinder\plugins\mcufinder/ => C:\Users\anaka\.stmcufinder\plugins\mcufinder
2024-09-05 10:40:27,164 [INFO] ApiDb:250 - Set database path to: C:\Users\anaka\.stmcufinder\plugins\mcufinder//mcu/
2024-09-05 10:40:27,164 [WARN] DbFile:41 - Overriding database path with different value: C:\Users\anaka\.stmcufinder\plugins\mcufinder/ => C:\Users\anaka\.stmcufinder\plugins\mcufinder
2024-09-05 10:40:27,164 [INFO] DbMcusAds:125 - Set database path to: C:\Users\anaka\.stmcufinder\plugins\mcufinder//mcu/
2024-09-05 10:40:27,164 [WARN] DbFile:41 - Overriding database path with different value: C:\Users\anaka\.stmcufinder\plugins\mcufinder/ => C:\Users\anaka\.stmcufinder\plugins\mcufinder
2024-09-05 10:40:27,164 [WARN] DbFile:41 - Overriding database path with different value: C:\Users\anaka\.stmcufinder\plugins\mcufinder/ => C:\Users\anaka\.stmcufinder\plugins\mcufinder
2024-09-05 10:40:27,164 [INFO] CrossReferenceDbSqlite:203 - Set database path to: C:\Users\anaka\.stmcufinder\plugins\mcufinder//mcu/cs/
2024-09-05 10:40:27,258 [INFO] MainPanel:262 - HeapMemory: 268435456
2024-09-05 10:40:27,334 [INFO] DbMcusXml:78 - Set database path to: C:\ST\STM32CubeIDE_1.13.1\STM32CubeIDE\plugins\com.st.stm32cube.common.mx_6.9.1.202307191849\\db\/mcu/
2024-09-05 10:40:27,334 [INFO] ApiDb:274 - Set plugin database path to: C:\ST\STM32CubeIDE_1.13.1\STM32CubeIDE\plugins\com.st.stm32cube.common.mx_6.9.1.202307191849\\db\/plugins/boardmanager/
2024-09-05 10:40:27,334 [INFO] ApiDb:261 - Set plugin images path to: C:\ST\STM32CubeIDE_1.13.1\STM32CubeIDE\plugins\com.st.stm32cube.common.mx_6.9.1.202307191849\\db\/plugins/mcufinder/images/
2024-09-05 10:40:27,334 [WARN] DbFile:41 - Overriding database path with different value: C:\Users\anaka\.stmcufinder\plugins\mcufinder/ => C:\Users\anaka\.stmcufinder\plugins\mcufinder
2024-09-05 10:40:27,334 [INFO] ApiDb:250 - Set database path to: C:\Users\anaka\.stmcufinder\plugins\mcufinder//mcu/
2024-09-05 10:40:27,334 [WARN] DbFile:41 - Overriding database path with different value: C:\Users\anaka\.stmcufinder\plugins\mcufinder/ => C:\Users\anaka\.stmcufinder\plugins\mcufinder
2024-09-05 10:40:27,334 [INFO] DbMcusAds:125 - Set database path to: C:\Users\anaka\.stmcufinder\plugins\mcufinder//mcu/
2024-09-05 10:40:27,334 [WARN] DbFile:41 - Overriding database path with different value: C:\Users\anaka\.stmcufinder\plugins\mcufinder/ => C:\Users\anaka\.stmcufinder\plugins\mcufinder
2024-09-05 10:40:27,334 [WARN] DbFile:41 - Overriding database path with different value: C:\Users\anaka\.stmcufinder\plugins\mcufinder/ => C:\Users\anaka\.stmcufinder\plugins\mcufinder
2024-09-05 10:40:27,334 [INFO] CrossReferenceDbSqlite:203 - Set database path to: C:\Users\anaka\.stmcufinder\plugins\mcufinder//mcu/cs/
2024-09-05 10:40:27,366 [INFO] ApplicationProperties:184 - Using Application install path: C:\ST\STM32CubeIDE_1.13.1\STM32CubeIDE\plugins\com.st.stm32cube.common.mx_6.9.1.202307191849
2024-09-05 10:40:27,366 [INFO] PluginManage:196 - Search for loadable plugins [exclusion list=, ]
2024-09-05 10:40:27,366 [INFO] PluginManage:310 - Check plugin analytics
2024-09-05 10:40:27,522 [INFO] AnalyticsPlugin:253 - Accepted Software Licenses: 
2024-09-05 10:40:27,522 [INFO] AnalyticsPlugin:255 - Accepted CMSIS Pack Licenses: 
2024-09-05 10:40:27,522 [INFO] AnalyticsPlugin:257 - Accepted Firmware Licenses: FW.F4.1.27.0
2024-09-05 10:40:27,522 [INFO] PluginManage:359 - Loaded plugin analytics (category:tool,tabindex:-1)
2024-09-05 10:40:27,522 [INFO] PluginManage:310 - Check plugin cadmodel
2024-09-05 10:40:27,537 [INFO] CADModel:105 - Init CAD model plugin
2024-09-05 10:40:27,537 [INFO] PluginManage:359 - Loaded plugin cadmodel (category:power,tabindex:5)
2024-09-05 10:40:27,537 [INFO] PluginManage:310 - Check plugin clock
2024-09-05 10:40:27,537 [INFO] PluginManage:359 - Loaded plugin clock (category:base,tabindex:2)
2024-09-05 10:40:27,537 [INFO] PluginManage:310 - Check plugin ddr
2024-09-05 10:40:27,537 [INFO] PluginManage:359 - Loaded plugin ddr (category:tool,tabindex:6)
2024-09-05 10:40:27,537 [INFO] PluginManage:310 - Check plugin filemanager
2024-09-05 10:40:27,725 [INFO] PluginManage:359 - Loaded plugin filemanager (category:base,tabindex:10)
2024-09-05 10:40:27,725 [INFO] PluginManage:310 - Check plugin ipmanager
2024-09-05 10:40:27,741 [INFO] PluginManage:359 - Loaded plugin ipmanager (category:base,tabindex:5)
2024-09-05 10:40:27,741 [INFO] PluginManage:310 - Check plugin lpbam
2024-09-05 10:40:27,741 [INFO] PluginManage:359 - Loaded plugin lpbam (category:base,tabindex:0)
2024-09-05 10:40:27,741 [INFO] PluginManage:310 - Check plugin memorymap
2024-09-05 10:40:27,757 [INFO] PluginManage:359 - Loaded plugin memorymap (category:base,tabindex:4)
2024-09-05 10:40:27,757 [INFO] PluginManage:310 - Check plugin pinoutandconfiguration
2024-09-05 10:40:27,757 [INFO] PluginManage:359 - Loaded plugin pinoutandconfiguration (category:base,tabindex:1)
2024-09-05 10:40:27,757 [INFO] PluginManage:310 - Check plugin pinoutconfig
2024-09-05 10:40:27,850 [WARN] SupportedApi:132 - Cannot load RTOS API schema: s4s-elt-must-match.1: The content of 'definitions' must match (annotation?, (simpleType | complexType)?, (unique | key | keyref)*)). A problem was found starting at: attribute.
2024-09-05 10:40:27,991 [INFO] PluginManage:359 - Loaded plugin pinoutconfig (category:base,tabindex:0)
2024-09-05 10:40:27,991 [INFO] PluginManage:310 - Check plugin power
2024-09-05 10:40:27,991 [INFO] PluginManage:359 - Loaded plugin power (category:power,tabindex:4)
2024-09-05 10:40:27,991 [INFO] PluginManage:310 - Check plugin projectmanager
2024-09-05 10:40:28,007 [INFO] PluginManage:359 - Loaded plugin projectmanager (category:projectmanager,tabindex:3)
2024-09-05 10:40:28,007 [INFO] PluginManage:310 - Check plugin thirdparty
2024-09-05 10:40:28,178 [WARN] IntegrityCheckThread:84 - waiting for thirdparty lock release [integrity check]
2024-09-05 10:40:28,178 [INFO] IntegrityCheckThread:86 - entering critical section [integrity check]
2024-09-05 10:40:28,178 [INFO] PluginManage:359 - Loaded plugin thirdparty (category:base,tabindex:-1)
2024-09-05 10:40:28,178 [INFO] PluginManage:310 - Check plugin tools
2024-09-05 10:40:28,178 [INFO] ThirdPartyUpdaterWithRetryManager:70 - Updater plugin not ready yet. [1/15]
2024-09-05 10:40:28,178 [INFO] PluginManage:359 - Loaded plugin tools (category:base,tabindex:7)
2024-09-05 10:40:28,178 [INFO] PluginManage:310 - Check plugin tutovideos
2024-09-05 10:40:28,335 [INFO] PluginManage:359 - Loaded plugin tutovideos (category:base,tabindex:-1)
2024-09-05 10:40:28,335 [INFO] PluginManage:310 - Check plugin updater
2024-09-05 10:40:28,335 [INFO] PluginManage:359 - Loaded plugin updater (category:base,tabindex:12)
2024-09-05 10:40:28,335 [INFO] PluginManage:310 - Check plugin userauth
2024-09-05 10:40:28,335 [INFO] UserAuth:113 - Init User Auth plugin
2024-09-05 10:40:28,335 [INFO] PluginManage:359 - Loaded plugin userauth (category:base,tabindex:14)
2024-09-05 10:40:28,350 [INFO] PluginManage:283 - PluginManage : Loaded plugins [17]
2024-09-05 10:40:28,617 [INFO] PinOutPanel:1499 - setPackage(No Configuration,No Configuration)
2024-09-05 10:40:28,773 [INFO] CADModel:165 - CPN selected for project level
2024-09-05 10:40:28,773 [INFO] CADModel:114 - Register for checkConnection events
2024-09-05 10:40:28,805 [INFO] IPUIPlugin:80 - create IPUIPlugin
2024-09-05 10:40:28,805 [INFO] PluginManager:220 - loadIPPluginJar : add adc
2024-09-05 10:40:28,805 [INFO] IPUIPlugin:80 - create IPUIPlugin
2024-09-05 10:40:28,805 [INFO] PluginManager:220 - loadIPPluginJar : add aes
2024-09-05 10:40:28,805 [INFO] IPUIPlugin:80 - create IPUIPlugin
2024-09-05 10:40:28,805 [INFO] PluginManager:220 - loadIPPluginJar : add can
2024-09-05 10:40:28,805 [INFO] IPUIPlugin:80 - create IPUIPlugin
2024-09-05 10:40:28,805 [INFO] PluginManager:220 - loadIPPluginJar : add comp
2024-09-05 10:40:28,820 [INFO] IPUIPlugin:80 - create IPUIPlugin
2024-09-05 10:40:28,820 [INFO] PluginManager:220 - loadIPPluginJar : add cryp
2024-09-05 10:40:28,820 [INFO] IPUIPlugin:80 - create IPUIPlugin
2024-09-05 10:40:28,820 [INFO] PluginManager:220 - loadIPPluginJar : add dfsdm
2024-09-05 10:40:28,836 [INFO] IPUIPlugin:80 - create IPUIPlugin
2024-09-05 10:40:28,836 [INFO] PluginManager:220 - loadIPPluginJar : add dma
2024-09-05 10:40:28,836 [INFO] IPUIPlugin:80 - create IPUIPlugin
2024-09-05 10:40:28,836 [INFO] PluginManager:220 - loadIPPluginJar : add dma3
2024-09-05 10:40:28,836 [INFO] IPUIPlugin:80 - create IPUIPlugin
2024-09-05 10:40:28,836 [INFO] PluginManager:220 - loadIPPluginJar : add fatfs
2024-09-05 10:40:28,836 [INFO] IPUIPlugin:80 - create IPUIPlugin
2024-09-05 10:40:28,836 [INFO] PluginManager:220 - loadIPPluginJar : add fmc
2024-09-05 10:40:28,851 [INFO] IPUIPlugin:80 - create IPUIPlugin
2024-09-05 10:40:28,851 [INFO] PluginManager:220 - loadIPPluginJar : add freertos
2024-09-05 10:40:28,851 [INFO] IPUIPlugin:80 - create IPUIPlugin
2024-09-05 10:40:28,851 [INFO] PluginManager:220 - loadIPPluginJar : add genericplugin
2024-09-05 10:40:28,851 [INFO] IPUIPlugin:80 - create IPUIPlugin
2024-09-05 10:40:28,851 [INFO] PluginManager:220 - loadIPPluginJar : add gfxmmu
2024-09-05 10:40:28,867 [INFO] IPUIPlugin:80 - create IPUIPlugin
2024-09-05 10:40:28,867 [INFO] PluginManager:220 - loadIPPluginJar : add gic
2024-09-05 10:40:28,867 [INFO] IPUIPlugin:80 - create IPUIPlugin
2024-09-05 10:40:28,867 [INFO] PluginManager:220 - loadIPPluginJar : add gpio
2024-09-05 10:40:28,867 [INFO] IPUIPlugin:80 - create IPUIPlugin
2024-09-05 10:40:28,867 [INFO] PluginManager:220 - loadIPPluginJar : add gtzc
2024-09-05 10:40:28,883 [INFO] IPUIPlugin:80 - create IPUIPlugin
2024-09-05 10:40:28,883 [INFO] PluginManager:220 - loadIPPluginJar : add hash
2024-09-05 10:40:28,883 [INFO] IPUIPlugin:80 - create IPUIPlugin
2024-09-05 10:40:28,883 [INFO] PluginManager:220 - loadIPPluginJar : add i2c
2024-09-05 10:40:28,883 [INFO] IPUIPlugin:80 - create IPUIPlugin
2024-09-05 10:40:28,883 [INFO] PluginManager:220 - loadIPPluginJar : add i2s
2024-09-05 10:40:28,883 [INFO] IPUIPlugin:80 - create IPUIPlugin
2024-09-05 10:40:28,883 [INFO] PluginManager:220 - loadIPPluginJar : add i3c
2024-09-05 10:40:28,898 [INFO] IPUIPlugin:80 - create IPUIPlugin
2024-09-05 10:40:28,898 [INFO] PluginManager:220 - loadIPPluginJar : add ipddr
2024-09-05 10:40:28,898 [INFO] IPUIPlugin:80 - create IPUIPlugin
2024-09-05 10:40:28,898 [INFO] PluginManager:220 - loadIPPluginJar : add linkedlist
2024-09-05 10:40:28,914 [INFO] IPUIPlugin:80 - create IPUIPlugin
2024-09-05 10:40:28,914 [INFO] PluginManager:220 - loadIPPluginJar : add lorawan
2024-09-05 10:40:28,914 [INFO] IPUIPlugin:80 - create IPUIPlugin
2024-09-05 10:40:28,914 [INFO] PluginManager:220 - loadIPPluginJar : add ltdc
2024-09-05 10:40:28,914 [INFO] IPUIPlugin:80 - create IPUIPlugin
2024-09-05 10:40:28,914 [INFO] PluginManager:220 - loadIPPluginJar : add mdma
2024-09-05 10:40:28,930 [INFO] IPUIPlugin:80 - create IPUIPlugin
2024-09-05 10:40:28,930 [INFO] PluginManager:220 - loadIPPluginJar : add nvic
2024-09-05 10:40:28,930 [INFO] IPUIPlugin:80 - create IPUIPlugin
2024-09-05 10:40:28,930 [INFO] PluginManager:220 - loadIPPluginJar : add opamp
2024-09-05 10:40:28,945 [INFO] IPUIPlugin:80 - create IPUIPlugin
2024-09-05 10:40:28,945 [INFO] PluginManager:220 - loadIPPluginJar : add openamp
2024-09-05 10:40:28,945 [INFO] IPUIPlugin:80 - create IPUIPlugin
2024-09-05 10:40:28,945 [INFO] PluginManager:220 - loadIPPluginJar : add pdm2pcm
2024-09-05 10:40:28,945 [INFO] IPUIPlugin:80 - create IPUIPlugin
2024-09-05 10:40:28,961 [INFO] PluginManager:220 - loadIPPluginJar : add plateformsettings
2024-09-05 10:40:28,961 [INFO] IPUIPlugin:80 - create IPUIPlugin
2024-09-05 10:40:28,961 [INFO] PluginManager:220 - loadIPPluginJar : add quadspi
2024-09-05 10:40:28,961 [INFO] IPUIPlugin:80 - create IPUIPlugin
2024-09-05 10:40:28,961 [INFO] PluginManager:220 - loadIPPluginJar : add resmgrutility
2024-09-05 10:40:28,961 [INFO] IPUIPlugin:80 - create IPUIPlugin
2024-09-05 10:40:28,961 [INFO] PluginManager:220 - loadIPPluginJar : add sai
2024-09-05 10:40:28,976 [INFO] IPUIPlugin:80 - create IPUIPlugin
2024-09-05 10:40:28,976 [INFO] PluginManager:220 - loadIPPluginJar : add spi
2024-09-05 10:40:28,976 [INFO] IPUIPlugin:80 - create IPUIPlugin
2024-09-05 10:40:28,976 [INFO] PluginManager:220 - loadIPPluginJar : add stm32_wpan
2024-09-05 10:40:28,976 [INFO] IPUIPlugin:80 - create IPUIPlugin
2024-09-05 10:40:28,976 [INFO] PluginManager:220 - loadIPPluginJar : add tim
2024-09-05 10:40:28,992 [INFO] IPUIPlugin:80 - create IPUIPlugin
2024-09-05 10:40:28,992 [INFO] PluginManager:220 - loadIPPluginJar : add touchsensing
2024-09-05 10:40:28,992 [INFO] IPUIPlugin:80 - create IPUIPlugin
2024-09-05 10:40:28,992 [INFO] PluginManager:220 - loadIPPluginJar : add tracer_emb
2024-09-05 10:40:28,992 [INFO] IPUIPlugin:80 - create IPUIPlugin
2024-09-05 10:40:28,992 [INFO] PluginManager:220 - loadIPPluginJar : add ts
2024-09-05 10:40:28,992 [INFO] IPUIPlugin:80 - create IPUIPlugin
2024-09-05 10:40:28,992 [INFO] PluginManager:220 - loadIPPluginJar : add tsc
2024-09-05 10:40:28,992 [INFO] IPUIPlugin:80 - create IPUIPlugin
2024-09-05 10:40:28,992 [INFO] PluginManager:220 - loadIPPluginJar : add ucpd
2024-09-05 10:40:29,008 [INFO] IPUIPlugin:80 - create IPUIPlugin
2024-09-05 10:40:29,008 [INFO] PluginManager:220 - loadIPPluginJar : add usart
2024-09-05 10:40:29,008 [INFO] IPUIPlugin:80 - create IPUIPlugin
2024-09-05 10:40:29,008 [INFO] PluginManager:220 - loadIPPluginJar : add usbx
2024-09-05 10:40:29,179 [INFO] CADModel:165 - CPN selected for project level
2024-09-05 10:40:29,179 [INFO] CADModel:114 - Register for checkConnection events
2024-09-05 10:40:29,179 [FATAL] Updater:308 - Updater called before beeing initialized
2024-09-05 10:40:29,179 [ERROR] CADModel:125 - Updater not yet initialized, retry later 
2024-09-05 10:40:29,418 [INFO] CADModel:165 - CPN selected for project level
2024-09-05 10:40:29,418 [INFO] CADModel:114 - Register for checkConnection events
2024-09-05 10:40:29,418 [FATAL] Updater:308 - Updater called before beeing initialized
2024-09-05 10:40:29,418 [ERROR] CADModel:125 - Updater not yet initialized, retry later 
2024-09-05 10:40:29,418 [FATAL] Updater:308 - Updater called before beeing initialized
2024-09-05 10:40:29,652 [FATAL] Updater:308 - Updater called before beeing initialized
2024-09-05 10:40:29,668 [INFO] DbMcusAds:53 - JSON generation date=Tue Mar 07 16:50:55 SGT 2023 (1678179055114)
2024-09-05 10:40:29,668 [FATAL] Updater:308 - Updater called before beeing initialized
2024-09-05 10:40:29,715 [WARN] DetailPanel:346 - Failed to get advertising image, set to default
2024-09-05 10:40:29,855 [FATAL] Updater:308 - Updater called before beeing initialized
2024-09-05 10:40:29,855 [FATAL] Updater:308 - Updater called before beeing initialized
2024-09-05 10:40:29,871 [FATAL] Updater:308 - Updater called before beeing initialized
2024-09-05 10:40:29,871 [WARN] DetailPanel:346 - Failed to get advertising image, set to default
2024-09-05 10:40:29,871 [FATAL] Updater:308 - Updater called before beeing initialized
2024-09-05 10:40:29,933 [ERROR] Updater:1120 - MainUpdater not yet initialized. External WinMGr cannot be set.
2024-09-05 10:40:29,933 [INFO] Updater:1056 - Updater Version found : 6.9.1
2024-09-05 10:40:29,949 [INFO] ApplicationProperties:184 - Using Application install path: C:\ST\STM32CubeIDE_1.13.1\STM32CubeIDE\plugins\com.st.stm32cube.common.mx_6.9.1.202307191849
2024-09-05 10:40:30,090 [INFO] MainUpdater:2868 - connection check result : 10
2024-09-05 10:40:30,090 [INFO] MainUpdater:285 - Updater Check For Update Now.
2024-09-05 10:40:30,090 [INFO] MicroXplorer:498 - Change Database Version : DB.6.0.91
2024-09-05 10:40:30,090 [INFO] McuFinderGlobals:63 - Set McuFinder mode to 2 (CubeIDE integrated)
2024-09-05 10:40:30,090 [INFO] UserAuth:179 - activating auth plugin
2024-09-05 10:40:30,104 [INFO] UserAuth:393 - Internet connection configuration mode: 1
2024-09-05 10:40:30,120 [INFO] JxBrowserEngine:151 - Initiate JxBrowser Engine with user profile folder
2024-09-05 10:40:30,285 [INFO] CheckServerUpdateThread:120 - End of CheckServer Thread
2024-09-05 10:40:30,902 [INFO] WebApp:157 - Instantiating new browser for Auth
2024-09-05 10:40:31,525 [WARN] PackLoader:240 - Cannot read IP mode file for STMicroelectronics.FP-SNS-MOTENVWB1.1.4.0
2024-09-05 10:40:31,542 [WARN] PackLoader:240 - Cannot read IP mode file for STMicroelectronics.X-CUBE-SMBUS.2.1.0
2024-09-05 10:40:31,610 [WARN] PackLoader:240 - Cannot read IP mode file for STMicroelectronics.X-CUBE-AZRTOS-F7.1.1.0
2024-09-05 10:40:31,626 [WARN] PackLoader:240 - Cannot read IP mode file for STMicroelectronics.FP-SNS-MOTENV1.4.3.2
2024-09-05 10:40:31,714 [WARN] PackLoader:240 - Cannot read IP mode file for STMicroelectronics.X-CUBE-MEMS1.11.0.0
2024-09-05 10:40:31,822 [INFO] WebApp:753 - Register for checkConnection events
2024-09-05 10:40:31,822 [INFO] WebApp:390 - Apply proxy settings
2024-09-05 10:40:31,822 [INFO] WebApp:475 - Chromium requires no authentication
2024-09-05 10:40:31,838 [INFO] WebApp:418 - Direct internet connection detected
2024-09-05 10:40:31,888 [WARN] PackLoader:240 - Cannot read IP mode file for STMicroelectronics.FP-SNS-FLIGHT1.5.0.2
2024-09-05 10:40:31,898 [WARN] PackLoader:240 - Cannot read IP mode file for STMicroelectronics.X-CUBE-DISPLAY.3.0.0
2024-09-05 10:40:31,911 [WARN] PackLoader:240 - Cannot read IP mode file for STMicroelectronics.X-CUBE-BLE1.7.0.0
2024-09-05 10:40:31,918 [WARN] PackLoader:240 - Cannot read IP mode file for emotas.I-CUBE-CANOPEN.1.3.0
2024-09-05 10:40:31,925 [WARN] PackLoader:240 - Cannot read IP mode file for STMicroelectronics.X-CUBE-TOUCHGFX.4.22.0
2024-09-05 10:40:31,940 [WARN] PackLoader:240 - Cannot read IP mode file for STMicroelectronics.X-CUBE-BLEMGR.3.1.0
2024-09-05 10:40:31,948 [WARN] PackLoader:240 - Cannot read IP mode file for STMicroelectronics.FP-SNS-SMARTAG2.1.2.0
2024-09-05 10:40:31,963 [INFO] LogOutputStream:77 - [STDOUT_REDIRECT] 1 : Invalid condition id : UX_CORESTACK_Condition cause : null
2024-09-05 10:40:31,964 [INFO] LogOutputStream:77 - [STDOUT_REDIRECT] 1 : Invalid condition id : UX_CORESTACK_Condition cause : null
2024-09-05 10:40:31,966 [INFO] LogOutputStream:77 - [STDOUT_REDIRECT] 1 : Invalid condition id : UX_CORESTACK_Condition cause : null
2024-09-05 10:40:31,969 [INFO] LogOutputStream:77 - [STDOUT_REDIRECT] 1 : Invalid condition id : UX_CORESTACK_Condition cause : null
2024-09-05 10:40:31,971 [INFO] LogOutputStream:77 - [STDOUT_REDIRECT] 1 : Invalid condition id : UX_CORESTACK_Condition cause : null
2024-09-05 10:40:31,974 [WARN] PackLoader:240 - Cannot read IP mode file for STMicroelectronics.X-CUBE-AZRTOS-WL.2.0.0
2024-09-05 10:40:31,979 [WARN] PackLoader:240 - Cannot read IP mode file for STMicroelectronics.FP-SNS-MOTENV1.5.0.0
2024-09-05 10:40:31,985 [WARN] PackLoader:240 - Cannot read IP mode file for wolfSSL.I-CUBE-wolfMQTT.1.19.0
2024-09-05 10:40:31,993 [WARN] PackLoader:240 - Cannot read IP mode file for WES.I-CUBE-Cesium.1.3.0
2024-09-05 10:40:31,999 [WARN] PackLoader:240 - Cannot read IP mode file for STMicroelectronics.X-CUBE-BLE2.3.3.0
2024-09-05 10:40:32,008 [WARN] PackLoader:240 - Cannot read IP mode file for STMicroelectronics.X-CUBE-TCPP.4.1.0
2024-09-05 10:40:32,016 [WARN] PackLoader:240 - Cannot read IP mode file for STMicroelectronics.X-CUBE-ALGOBUILD.1.3.0
2024-09-05 10:40:32,035 [WARN] PackLoader:240 - Cannot read IP mode file for STMicroelectronics.X-CUBE-AZRTOS-G0.1.1.0
2024-09-05 10:40:32,044 [WARN] PackLoader:240 - Cannot read IP mode file for STMicroelectronics.X-CUBE-SAFEA1.1.2.2
2024-09-05 10:40:32,051 [WARN] PackLoader:240 - Cannot read IP mode file for STMicroelectronics.X-CUBE-NFC4.3.0.0
2024-09-05 10:40:32,057 [ERROR] Engine:466 - C:\Users\anaka\.stm32cubemx\thirdparties\pdsc\EmbeddedOffice.I-CUBE-FS-RTOS.1.0.1.pdsc: PDSC version is not supported
2024-09-05 10:40:32,060 [ERROR] Engine:466 - C:\Users\anaka\.stm32cubemx\thirdparties\pdsc\RealThread.X-CUBE-RT-Thread_Nano.4.1.1.pdsc: PDSC version is not supported
2024-09-05 10:40:32,075 [WARN] PackLoader:240 - Cannot read IP mode file for STMicroelectronics.FP-ATR-SIGFOX1.3.2.0
2024-09-05 10:40:32,083 [WARN] PackLoader:240 - Cannot read IP mode file for STMicroelectronics.X-CUBE-EEPRMA1.5.1.0
2024-09-05 10:40:32,092 [WARN] PackLoader:240 - Cannot read IP mode file for ITTIA_DB.I-CUBE-ITTIADB.8.9.0
2024-09-05 10:40:32,135 [WARN] PackLoader:240 - Cannot read IP mode file for SEGGER.I-CUBE-embOS.1.3.1
2024-09-05 10:40:32,179 [WARN] PackLoader:240 - Cannot read IP mode file for STMicroelectronics.X-CUBE-ALGOBUILD.1.4.0
2024-09-05 10:40:32,189 [WARN] PackLoader:240 - Cannot read IP mode file for STMicroelectronics.X-CUBE-GNSS1.6.0.0
2024-09-05 10:40:32,215 [WARN] PackLoader:240 - Cannot read IP mode file for STMicroelectronics.X-CUBE-AZRTOS-F4.1.1.0
2024-09-05 10:40:32,222 [WARN] PackLoader:240 - Cannot read IP mode file for wolfSSL.I-CUBE-wolfSSL.5.6.3
2024-09-05 10:40:32,228 [WARN] PackLoader:240 - Cannot read IP mode file for STMicroelectronics.X-CUBE-FREERTOS.1.2.0
2024-09-05 10:40:32,235 [INFO] WebApp:188 - Starting web application
2024-09-05 10:40:32,235 [INFO] WebApp:520 - Web application path used C:\ST\STM32CubeIDE_1.13.1\STM32CubeIDE\plugins\com.st.stm32cube.common.mx_6.9.1.202307191849\db\plugins\mcufinder\reactClient1\index.html
2024-09-05 10:40:32,248 [WARN] PackLoader:240 - Cannot read IP mode file for STMicroelectronics.X-CUBE-AZRTOS-L5.2.0.0
2024-09-05 10:40:32,302 [WARN] PackLoader:240 - Cannot read IP mode file for STMicroelectronics.X-CUBE-MEMS1.9.6.0
2024-09-05 10:40:32,506 [WARN] PackLoader:240 - Cannot read IP mode file for STMicroelectronics.X-CUBE-NFC6.3.1.0
2024-09-05 10:40:32,518 [WARN] PackLoader:240 - Cannot read IP mode file for STMicroelectronics.X-CUBE-BLEMGR.2.0.0
2024-09-05 10:40:32,518 [ERROR] Engine:466 - C:\Users\anaka\.stm32cubemx\thirdparties\pdsc\STMicroelectronics.X-CUBE-DPower.1.2.0.pdsc: PDSC version is not supported
2024-09-05 10:40:32,526 [WARN] PackLoader:240 - Cannot read IP mode file for STMicroelectronics.X-CUBE-AI.9.0.0
2024-09-05 10:40:32,542 [WARN] ConditionMgr:438 - getConditionDescription Invalid condition id : UX DEVICE CLASS RTOS Condition cause : null
2024-09-05 10:40:32,542 [WARN] ConditionMgr:438 - getConditionDescription Invalid condition id : UX DEVICE CLASS RTOS Condition cause : null
2024-09-05 10:40:32,558 [WARN] PackLoader:240 - Cannot read IP mode file for STMicroelectronics.X-CUBE-AZRTOS-H7.3.1.0
2024-09-05 10:40:32,558 [WARN] ConditionMgr:1039 - genDependencies : Invalid condition id : UX DEVICE CLASS RTOS Condition cause : null
2024-09-05 10:40:32,558 [WARN] ConditionMgr:1039 - genDependencies : Invalid condition id : UX DEVICE CLASS RTOS Condition cause : null
2024-09-05 10:40:32,558 [WARN] ConditionMgr:1039 - genDependencies : Invalid condition id : UX DEVICE CLASS RTOS Condition cause : null
2024-09-05 10:40:32,558 [WARN] ConditionMgr:1039 - genDependencies : Invalid condition id : UX DEVICE CLASS RTOS Condition cause : null
2024-09-05 10:40:32,558 [WARN] ConditionMgr:1039 - genDependencies : Invalid condition id : UX DEVICE CLASS RTOS Condition cause : null
2024-09-05 10:40:32,575 [WARN] PackLoader:240 - Cannot read IP mode file for STMicroelectronics.X-CUBE-NFC7.1.0.1
2024-09-05 10:40:32,583 [WARN] PackLoader:240 - Cannot read IP mode file for STMicroelectronics.X-CUBE-EEPRMA1.4.1.0
2024-09-05 10:40:32,589 [WARN] PackLoader:240 - Cannot read IP mode file for STMicroelectronics.X-CUBE-AI.8.1.0
2024-09-05 10:40:32,614 [WARN] ConditionMgr:438 - getConditionDescription Invalid condition id : LAN8742 Phy interface Condition cause : null
2024-09-05 10:40:32,615 [WARN] PackLoader:240 - Cannot read IP mode file for STMicroelectronics.X-CUBE-AZRTOS-L4.2.0.0
2024-09-05 10:40:32,617 [WARN] ConditionMgr:1039 - genDependencies : Invalid condition id : LAN8742 Phy interface Condition cause : null
2024-09-05 10:40:32,617 [WARN] ConditionMgr:1039 - genDependencies : Invalid condition id : LAN8742 Phy interface Condition cause : null
2024-09-05 10:40:32,618 [WARN] ConditionMgr:1039 - genDependencies : Invalid condition id : LAN8742 Phy interface Condition cause : null
2024-09-05 10:40:32,629 [WARN] PackLoader:240 - Cannot read IP mode file for STMicroelectronics.X-CUBE-SFXS2LP1.4.0.0
2024-09-05 10:40:32,635 [WARN] PackLoader:240 - Cannot read IP mode file for STMicroelectronics.X-CUBE-ISPU.1.1.0
2024-09-05 10:40:32,656 [WARN] PackLoader:240 - Cannot read IP mode file for STMicroelectronics.X-CUBE-AZRTOS-H7.3.3.0
2024-09-05 10:40:32,672 [WARN] ConditionMgr:438 - getConditionDescription Invalid condition id : UX DEVICE CLASS RTOS Condition cause : null
2024-09-05 10:40:32,672 [WARN] ConditionMgr:438 - getConditionDescription Invalid condition id : UX DEVICE CLASS RTOS Condition cause : null
2024-09-05 10:40:32,674 [WARN] PackLoader:240 - Cannot read IP mode file for STMicroelectronics.X-CUBE-AZRTOS-WB.2.0.0
2024-09-05 10:40:32,675 [WARN] ConditionMgr:1039 - genDependencies : Invalid condition id : UX DEVICE CLASS RTOS Condition cause : null
2024-09-05 10:40:32,676 [WARN] ConditionMgr:1039 - genDependencies : Invalid condition id : UX DEVICE CLASS RTOS Condition cause : null
2024-09-05 10:40:32,676 [WARN] ConditionMgr:1039 - genDependencies : Invalid condition id : UX DEVICE CLASS RTOS Condition cause : null
2024-09-05 10:40:32,676 [WARN] ConditionMgr:1039 - genDependencies : Invalid condition id : UX DEVICE CLASS RTOS Condition cause : null
2024-09-05 10:40:32,676 [WARN] ConditionMgr:1039 - genDependencies : Invalid condition id : UX DEVICE CLASS RTOS Condition cause : null
2024-09-05 10:40:32,681 [WARN] PackLoader:240 - Cannot read IP mode file for STMicroelectronics.X-CUBE-FREERTOS.1.0.1
2024-09-05 10:40:32,684 [ERROR] Engine:466 - C:\Users\anaka\.stm32cubemx\thirdparties\pdsc\STMicroelectronics.FP-SNS-STBOX1.2.0.0.pdsc: PDSC version is not supported
2024-09-05 10:40:32,694 [WARN] PackLoader:240 - Cannot read IP mode file for STMicroelectronics.X-CUBE-SUBG2.5.0.0
2024-09-05 10:40:32,707 [WARN] PackLoader:240 - Cannot read IP mode file for Cesanta.I-CUBE-Mongoose.7.13.0
2024-09-05 10:40:32,717 [WARN] PackLoader:240 - Cannot read IP mode file for STMicroelectronics.X-CUBE-TOF1.3.3.1
2024-09-05 10:40:32,740 [WARN] PackLoader:240 - Cannot read IP mode file for STMicroelectronics.X-CUBE-AZRTOS-G4.2.0.0
2024-09-05 10:40:32,747 [WARN] PackLoader:240 - Cannot read IP mode file for STMicroelectronics.X-CUBE-ISPU.2.0.0
2024-09-05 10:40:32,754 [WARN] PackLoader:240 - Cannot read IP mode file for STMicroelectronics.X-CUBE-ALS.1.0.2
2024-09-05 10:40:32,758 [WARN] PackLoader:240 - Cannot read IP mode file for STMicroelectronics.X-CUBE-TOUCHGFX.4.24.0
2024-09-05 10:40:32,764 [WARN] PackLoader:240 - Cannot read IP mode file for wolfSSL.I-CUBE-wolfTPM.3.4.0
2024-09-05 10:40:32,771 [WARN] PackLoader:240 - Cannot read IP mode file for portGmbH.I-Cube-SoM-uGOAL.1.1.0
2024-09-05 10:40:32,776 [WARN] PackLoader:240 - Cannot read IP mode file for STMicroelectronics.X-CUBE-ALS.1.0.1
2024-09-05 10:40:32,795 [WARN] PackLoader:240 - Cannot read IP mode file for STMicroelectronics.X-CUBE-AZRTOS-H7RS.1.0.0
2024-09-05 10:40:32,802 [WARN] PackLoader:240 - Cannot read IP mode file for STMicroelectronics.FP-ATR-ASTRA1.2.0.0
2024-09-05 10:40:32,810 [ERROR] Engine:466 - C:\Users\anaka\.stm32cubemx\thirdparties\pdsc\STMicroelectronics.X-CUBE-TOF1.3.4.2.pdsc: PDSC version is not supported
2024-09-05 10:40:32,815 [ERROR] Engine:466 - C:\Users\anaka\.stm32cubemx\thirdparties\pdsc\Infineon.AIROC-Wi-Fi-Bluetooth-STM32.1.6.1.pdsc: PDSC version is not supported
2024-09-05 10:40:32,821 [WARN] PackLoader:240 - Cannot read IP mode file for wolfSSL.I-CUBE-wolfSSH.1.4.17
2024-09-05 10:40:32,822 [INFO] ThirdParty:978 - Integrity check success = true
2024-09-05 10:40:32,822 [INFO] IntegrityCheckThread:100 - exiting critical section [integrity check]
2024-09-05 10:40:32,822 [INFO] IntegrityCheckThread:103 - End integrity checks thread
2024-09-05 10:40:53,069 [ERROR] LogOutputStream:75 - [STDERR_REDIRECT] SLF4J: Failed to load class "org.slf4j.impl.StaticLoggerBinder".
2024-09-05 10:40:53,069 [ERROR] LogOutputStream:75 - [STDERR_REDIRECT] SLF4J: Defaulting to no-operation (NOP) logger implementation
2024-09-05 10:40:53,085 [ERROR] LogOutputStream:75 - [STDERR_REDIRECT] SLF4J: See http://www.slf4j.org/codes.html#StaticLoggerBinder for further details.
