2024-09-12 11:04:34,758 [INFO] Activator:176 - 


2024-09-12 11:04:34,766 [INFO] Activator:177 - !SESSION log4j initialized
2024-09-12 11:04:39,958 [INFO] LogOutputStream:77 - [STDOUT_REDIRECT] 
2024-09-12 11:04:41,067 [INFO] ApplicationProperties:184 - Using Application install path: C:\ST\STM32CubeIDE_1.13.1\STM32CubeIDE\plugins\com.st.stm32cube.common.mx_6.9.1.202307191849
2024-09-12 11:04:41,084 [INFO] DbMcusXml:78 - Set database path to: C:\ST\STM32CubeIDE_1.13.1\STM32CubeIDE\plugins\com.st.stm32cube.common.mx_6.9.1.202307191849\\db\/mcu/
2024-09-12 11:04:41,084 [INFO] ApiDb:274 - Set plugin database path to: C:\ST\STM32CubeIDE_1.13.1\STM32CubeIDE\plugins\com.st.stm32cube.common.mx_6.9.1.202307191849\\db\/plugins/boardmanager/
2024-09-12 11:04:41,085 [WARN] ApiDb:259 - Overriding images path with different value:  => C:\ST\STM32CubeIDE_1.13.1\STM32CubeIDE\plugins\com.st.stm32cube.common.mx_6.9.1.202307191849\\db\/plugins/mcufinder/images/
2024-09-12 11:04:41,099 [INFO] ApiDb:250 - Set database path to: C:\Users\anaka\.stmcufinder\plugins\mcufinder//mcu/
2024-09-12 11:04:41,101 [INFO] DbMcusAds:125 - Set database path to: C:\Users\anaka\.stmcufinder\plugins\mcufinder//mcu/
2024-09-12 11:04:41,102 [INFO] CrossReferenceDbSqlite:203 - Set database path to: C:\Users\anaka\.stmcufinder\plugins\mcufinder//mcu/cs/
2024-09-12 11:04:41,221 [INFO] RulesReader:64 - Compatibility file has been processed (293 Rules)
2024-09-12 11:04:41,348 [INFO] DbMcusXml:78 - Set database path to: C:\ST\STM32CubeIDE_1.13.1\STM32CubeIDE\plugins\com.st.stm32cube.common.mx_6.9.1.202307191849\\db\/mcu/
2024-09-12 11:04:41,348 [INFO] ApiDb:274 - Set plugin database path to: C:\ST\STM32CubeIDE_1.13.1\STM32CubeIDE\plugins\com.st.stm32cube.common.mx_6.9.1.202307191849\\db\/plugins/boardmanager/
2024-09-12 11:04:41,348 [INFO] ApiDb:261 - Set plugin images path to: C:\ST\STM32CubeIDE_1.13.1\STM32CubeIDE\plugins\com.st.stm32cube.common.mx_6.9.1.202307191849\\db\/plugins/mcufinder/images/
2024-09-12 11:04:41,349 [WARN] DbFile:41 - Overriding database path with different value: C:\Users\anaka\.stmcufinder\plugins\mcufinder/ => C:\Users\anaka\.stmcufinder\plugins\mcufinder
2024-09-12 11:04:41,349 [INFO] ApiDb:250 - Set database path to: C:\Users\anaka\.stmcufinder\plugins\mcufinder//mcu/
2024-09-12 11:04:41,349 [WARN] DbFile:41 - Overriding database path with different value: C:\Users\anaka\.stmcufinder\plugins\mcufinder/ => C:\Users\anaka\.stmcufinder\plugins\mcufinder
2024-09-12 11:04:41,349 [INFO] DbMcusAds:125 - Set database path to: C:\Users\anaka\.stmcufinder\plugins\mcufinder//mcu/
2024-09-12 11:04:41,349 [WARN] DbFile:41 - Overriding database path with different value: C:\Users\anaka\.stmcufinder\plugins\mcufinder/ => C:\Users\anaka\.stmcufinder\plugins\mcufinder
2024-09-12 11:04:41,349 [WARN] DbFile:41 - Overriding database path with different value: C:\Users\anaka\.stmcufinder\plugins\mcufinder/ => C:\Users\anaka\.stmcufinder\plugins\mcufinder
2024-09-12 11:04:41,349 [INFO] CrossReferenceDbSqlite:203 - Set database path to: C:\Users\anaka\.stmcufinder\plugins\mcufinder//mcu/cs/
2024-09-12 11:04:41,470 [INFO] MainPanel:262 - HeapMemory: 268435456
2024-09-12 11:04:41,565 [INFO] DbMcusXml:78 - Set database path to: C:\ST\STM32CubeIDE_1.13.1\STM32CubeIDE\plugins\com.st.stm32cube.common.mx_6.9.1.202307191849\\db\/mcu/
2024-09-12 11:04:41,565 [INFO] ApiDb:274 - Set plugin database path to: C:\ST\STM32CubeIDE_1.13.1\STM32CubeIDE\plugins\com.st.stm32cube.common.mx_6.9.1.202307191849\\db\/plugins/boardmanager/
2024-09-12 11:04:41,565 [INFO] ApiDb:261 - Set plugin images path to: C:\ST\STM32CubeIDE_1.13.1\STM32CubeIDE\plugins\com.st.stm32cube.common.mx_6.9.1.202307191849\\db\/plugins/mcufinder/images/
2024-09-12 11:04:41,566 [WARN] DbFile:41 - Overriding database path with different value: C:\Users\anaka\.stmcufinder\plugins\mcufinder/ => C:\Users\anaka\.stmcufinder\plugins\mcufinder
2024-09-12 11:04:41,566 [INFO] ApiDb:250 - Set database path to: C:\Users\anaka\.stmcufinder\plugins\mcufinder//mcu/
2024-09-12 11:04:41,566 [WARN] DbFile:41 - Overriding database path with different value: C:\Users\anaka\.stmcufinder\plugins\mcufinder/ => C:\Users\anaka\.stmcufinder\plugins\mcufinder
2024-09-12 11:04:41,566 [INFO] DbMcusAds:125 - Set database path to: C:\Users\anaka\.stmcufinder\plugins\mcufinder//mcu/
2024-09-12 11:04:41,566 [WARN] DbFile:41 - Overriding database path with different value: C:\Users\anaka\.stmcufinder\plugins\mcufinder/ => C:\Users\anaka\.stmcufinder\plugins\mcufinder
2024-09-12 11:04:41,566 [WARN] DbFile:41 - Overriding database path with different value: C:\Users\anaka\.stmcufinder\plugins\mcufinder/ => C:\Users\anaka\.stmcufinder\plugins\mcufinder
2024-09-12 11:04:41,567 [INFO] CrossReferenceDbSqlite:203 - Set database path to: C:\Users\anaka\.stmcufinder\plugins\mcufinder//mcu/cs/
2024-09-12 11:04:41,587 [INFO] ApplicationProperties:184 - Using Application install path: C:\ST\STM32CubeIDE_1.13.1\STM32CubeIDE\plugins\com.st.stm32cube.common.mx_6.9.1.202307191849
2024-09-12 11:04:41,588 [INFO] PluginManage:196 - Search for loadable plugins [exclusion list=, ]
2024-09-12 11:04:41,590 [INFO] PluginManage:310 - Check plugin analytics
2024-09-12 11:04:41,729 [INFO] AnalyticsPlugin:253 - Accepted Software Licenses: 
2024-09-12 11:04:41,729 [INFO] AnalyticsPlugin:255 - Accepted CMSIS Pack Licenses: 
2024-09-12 11:04:41,729 [INFO] AnalyticsPlugin:257 - Accepted Firmware Licenses: FW.F4.1.27.0
2024-09-12 11:04:41,732 [INFO] PluginManage:359 - Loaded plugin analytics (category:tool,tabindex:-1)
2024-09-12 11:04:41,733 [INFO] PluginManage:310 - Check plugin cadmodel
2024-09-12 11:04:41,770 [INFO] CADModel:105 - Init CAD model plugin
2024-09-12 11:04:41,771 [INFO] PluginManage:359 - Loaded plugin cadmodel (category:power,tabindex:5)
2024-09-12 11:04:41,771 [INFO] PluginManage:310 - Check plugin clock
2024-09-12 11:04:41,810 [INFO] PluginManage:359 - Loaded plugin clock (category:base,tabindex:2)
2024-09-12 11:04:41,810 [INFO] PluginManage:310 - Check plugin ddr
2024-09-12 11:04:41,812 [INFO] PluginManage:359 - Loaded plugin ddr (category:tool,tabindex:6)
2024-09-12 11:04:41,812 [INFO] PluginManage:310 - Check plugin filemanager
2024-09-12 11:04:41,940 [INFO] PluginManage:359 - Loaded plugin filemanager (category:base,tabindex:10)
2024-09-12 11:04:41,941 [INFO] PluginManage:310 - Check plugin ipmanager
2024-09-12 11:04:41,949 [INFO] PluginManage:359 - Loaded plugin ipmanager (category:base,tabindex:5)
2024-09-12 11:04:41,949 [INFO] PluginManage:310 - Check plugin lpbam
2024-09-12 11:04:41,983 [INFO] PluginManage:359 - Loaded plugin lpbam (category:base,tabindex:0)
2024-09-12 11:04:41,983 [INFO] PluginManage:310 - Check plugin memorymap
2024-09-12 11:04:42,015 [INFO] PluginManage:359 - Loaded plugin memorymap (category:base,tabindex:4)
2024-09-12 11:04:42,015 [INFO] PluginManage:310 - Check plugin pinoutandconfiguration
2024-09-12 11:04:42,061 [INFO] PluginManage:359 - Loaded plugin pinoutandconfiguration (category:base,tabindex:1)
2024-09-12 11:04:42,061 [INFO] PluginManage:310 - Check plugin pinoutconfig
2024-09-12 11:04:42,181 [WARN] SupportedApi:132 - Cannot load RTOS API schema: s4s-elt-must-match.1: The content of 'definitions' must match (annotation?, (simpleType | complexType)?, (unique | key | keyref)*)). A problem was found starting at: attribute.
2024-09-12 11:04:42,310 [INFO] PluginManage:359 - Loaded plugin pinoutconfig (category:base,tabindex:0)
2024-09-12 11:04:42,310 [INFO] PluginManage:310 - Check plugin power
2024-09-12 11:04:42,352 [INFO] PluginManage:359 - Loaded plugin power (category:power,tabindex:4)
2024-09-12 11:04:42,352 [INFO] PluginManage:310 - Check plugin projectmanager
2024-09-12 11:04:42,369 [INFO] PluginManage:359 - Loaded plugin projectmanager (category:projectmanager,tabindex:3)
2024-09-12 11:04:42,369 [INFO] PluginManage:310 - Check plugin thirdparty
2024-09-12 11:04:42,563 [INFO] PluginManage:359 - Loaded plugin thirdparty (category:base,tabindex:-1)
2024-09-12 11:04:42,563 [WARN] IntegrityCheckThread:84 - waiting for thirdparty lock release [integrity check]
2024-09-12 11:04:42,563 [INFO] IntegrityCheckThread:86 - entering critical section [integrity check]
2024-09-12 11:04:42,563 [INFO] PluginManage:310 - Check plugin tools
2024-09-12 11:04:42,564 [INFO] ThirdPartyUpdaterWithRetryManager:70 - Updater plugin not ready yet. [1/15]
2024-09-12 11:04:42,570 [INFO] PluginManage:359 - Loaded plugin tools (category:base,tabindex:7)
2024-09-12 11:04:42,570 [INFO] PluginManage:310 - Check plugin tutovideos
2024-09-12 11:04:42,803 [INFO] PluginManage:359 - Loaded plugin tutovideos (category:base,tabindex:-1)
2024-09-12 11:04:42,804 [INFO] PluginManage:310 - Check plugin updater
2024-09-12 11:04:42,814 [INFO] PluginManage:359 - Loaded plugin updater (category:base,tabindex:12)
2024-09-12 11:04:42,814 [INFO] PluginManage:310 - Check plugin userauth
2024-09-12 11:04:42,819 [INFO] UserAuth:113 - Init User Auth plugin
2024-09-12 11:04:42,819 [INFO] PluginManage:359 - Loaded plugin userauth (category:base,tabindex:14)
2024-09-12 11:04:42,819 [INFO] PluginManage:283 - PluginManage : Loaded plugins [17]
2024-09-12 11:04:43,038 [INFO] PinOutPanel:1499 - setPackage(No Configuration,No Configuration)
2024-09-12 11:04:43,154 [INFO] CADModel:165 - CPN selected for project level
2024-09-12 11:04:43,154 [INFO] CADModel:114 - Register for checkConnection events
2024-09-12 11:04:43,176 [INFO] IPUIPlugin:80 - create IPUIPlugin
2024-09-12 11:04:43,177 [INFO] PluginManager:220 - loadIPPluginJar : add adc
2024-09-12 11:04:43,185 [INFO] IPUIPlugin:80 - create IPUIPlugin
2024-09-12 11:04:43,185 [INFO] PluginManager:220 - loadIPPluginJar : add aes
2024-09-12 11:04:43,250 [INFO] IPUIPlugin:80 - create IPUIPlugin
2024-09-12 11:04:43,250 [INFO] PluginManager:220 - loadIPPluginJar : add can
2024-09-12 11:04:43,255 [INFO] IPUIPlugin:80 - create IPUIPlugin
2024-09-12 11:04:43,255 [INFO] PluginManager:220 - loadIPPluginJar : add comp
2024-09-12 11:04:43,263 [INFO] IPUIPlugin:80 - create IPUIPlugin
2024-09-12 11:04:43,263 [INFO] PluginManager:220 - loadIPPluginJar : add cryp
2024-09-12 11:04:43,269 [INFO] IPUIPlugin:80 - create IPUIPlugin
2024-09-12 11:04:43,270 [INFO] PluginManager:220 - loadIPPluginJar : add dfsdm
2024-09-12 11:04:43,285 [INFO] IPUIPlugin:80 - create IPUIPlugin
2024-09-12 11:04:43,285 [INFO] PluginManager:220 - loadIPPluginJar : add dma
2024-09-12 11:04:43,292 [INFO] IPUIPlugin:80 - create IPUIPlugin
2024-09-12 11:04:43,293 [INFO] PluginManager:220 - loadIPPluginJar : add dma3
2024-09-12 11:04:43,297 [INFO] IPUIPlugin:80 - create IPUIPlugin
2024-09-12 11:04:43,298 [INFO] PluginManager:220 - loadIPPluginJar : add fatfs
2024-09-12 11:04:43,309 [INFO] IPUIPlugin:80 - create IPUIPlugin
2024-09-12 11:04:43,309 [INFO] PluginManager:220 - loadIPPluginJar : add fmc
2024-09-12 11:04:43,362 [INFO] IPUIPlugin:80 - create IPUIPlugin
2024-09-12 11:04:43,362 [INFO] PluginManager:220 - loadIPPluginJar : add freertos
2024-09-12 11:04:43,368 [INFO] IPUIPlugin:80 - create IPUIPlugin
2024-09-12 11:04:43,368 [INFO] PluginManager:220 - loadIPPluginJar : add genericplugin
2024-09-12 11:04:43,380 [INFO] IPUIPlugin:80 - create IPUIPlugin
2024-09-12 11:04:43,380 [INFO] PluginManager:220 - loadIPPluginJar : add gfxmmu
2024-09-12 11:04:43,396 [INFO] IPUIPlugin:80 - create IPUIPlugin
2024-09-12 11:04:43,397 [INFO] PluginManager:220 - loadIPPluginJar : add gic
2024-09-12 11:04:43,416 [INFO] IPUIPlugin:80 - create IPUIPlugin
2024-09-12 11:04:43,417 [INFO] PluginManager:220 - loadIPPluginJar : add gpio
2024-09-12 11:04:43,426 [INFO] IPUIPlugin:80 - create IPUIPlugin
2024-09-12 11:04:43,427 [INFO] PluginManager:220 - loadIPPluginJar : add gtzc
2024-09-12 11:04:43,432 [INFO] IPUIPlugin:80 - create IPUIPlugin
2024-09-12 11:04:43,433 [INFO] PluginManager:220 - loadIPPluginJar : add hash
2024-09-12 11:04:43,439 [INFO] IPUIPlugin:80 - create IPUIPlugin
2024-09-12 11:04:43,439 [INFO] PluginManager:220 - loadIPPluginJar : add i2c
2024-09-12 11:04:43,446 [INFO] IPUIPlugin:80 - create IPUIPlugin
2024-09-12 11:04:43,446 [INFO] PluginManager:220 - loadIPPluginJar : add i2s
2024-09-12 11:04:43,452 [INFO] IPUIPlugin:80 - create IPUIPlugin
2024-09-12 11:04:43,452 [INFO] PluginManager:220 - loadIPPluginJar : add i3c
2024-09-12 11:04:43,462 [INFO] IPUIPlugin:80 - create IPUIPlugin
2024-09-12 11:04:43,462 [INFO] PluginManager:220 - loadIPPluginJar : add ipddr
2024-09-12 11:04:43,475 [INFO] IPUIPlugin:80 - create IPUIPlugin
2024-09-12 11:04:43,475 [INFO] PluginManager:220 - loadIPPluginJar : add linkedlist
2024-09-12 11:04:43,482 [INFO] IPUIPlugin:80 - create IPUIPlugin
2024-09-12 11:04:43,482 [INFO] PluginManager:220 - loadIPPluginJar : add lorawan
2024-09-12 11:04:43,488 [INFO] IPUIPlugin:80 - create IPUIPlugin
2024-09-12 11:04:43,488 [INFO] PluginManager:220 - loadIPPluginJar : add ltdc
2024-09-12 11:04:43,510 [INFO] IPUIPlugin:80 - create IPUIPlugin
2024-09-12 11:04:43,510 [INFO] PluginManager:220 - loadIPPluginJar : add mdma
2024-09-12 11:04:43,530 [INFO] IPUIPlugin:80 - create IPUIPlugin
2024-09-12 11:04:43,530 [INFO] PluginManager:220 - loadIPPluginJar : add nvic
2024-09-12 11:04:43,538 [INFO] IPUIPlugin:80 - create IPUIPlugin
2024-09-12 11:04:43,538 [INFO] PluginManager:220 - loadIPPluginJar : add opamp
2024-09-12 11:04:43,546 [INFO] IPUIPlugin:80 - create IPUIPlugin
2024-09-12 11:04:43,546 [INFO] PluginManager:220 - loadIPPluginJar : add openamp
2024-09-12 11:04:43,554 [INFO] IPUIPlugin:80 - create IPUIPlugin
2024-09-12 11:04:43,554 [INFO] PluginManager:220 - loadIPPluginJar : add pdm2pcm
2024-09-12 11:04:43,573 [INFO] IPUIPlugin:80 - create IPUIPlugin
2024-09-12 11:04:43,575 [INFO] PluginManager:220 - loadIPPluginJar : add plateformsettings
2024-09-12 11:04:43,580 [INFO] IPUIPlugin:80 - create IPUIPlugin
2024-09-12 11:04:43,580 [INFO] PluginManager:220 - loadIPPluginJar : add quadspi
2024-09-12 11:04:43,623 [INFO] IPUIPlugin:80 - create IPUIPlugin
2024-09-12 11:04:43,623 [INFO] PluginManager:220 - loadIPPluginJar : add resmgrutility
2024-09-12 11:04:43,630 [INFO] IPUIPlugin:80 - create IPUIPlugin
2024-09-12 11:04:43,631 [INFO] PluginManager:220 - loadIPPluginJar : add sai
2024-09-12 11:04:43,638 [INFO] IPUIPlugin:80 - create IPUIPlugin
2024-09-12 11:04:43,638 [INFO] PluginManager:220 - loadIPPluginJar : add spi
2024-09-12 11:04:43,647 [INFO] IPUIPlugin:80 - create IPUIPlugin
2024-09-12 11:04:43,647 [INFO] PluginManager:220 - loadIPPluginJar : add stm32_wpan
2024-09-12 11:04:43,653 [INFO] IPUIPlugin:80 - create IPUIPlugin
2024-09-12 11:04:43,653 [INFO] PluginManager:220 - loadIPPluginJar : add tim
2024-09-12 11:04:43,661 [INFO] IPUIPlugin:80 - create IPUIPlugin
2024-09-12 11:04:43,662 [INFO] PluginManager:220 - loadIPPluginJar : add touchsensing
2024-09-12 11:04:43,668 [INFO] IPUIPlugin:80 - create IPUIPlugin
2024-09-12 11:04:43,668 [INFO] PluginManager:220 - loadIPPluginJar : add tracer_emb
2024-09-12 11:04:43,673 [INFO] IPUIPlugin:80 - create IPUIPlugin
2024-09-12 11:04:43,673 [INFO] PluginManager:220 - loadIPPluginJar : add ts
2024-09-12 11:04:43,677 [INFO] IPUIPlugin:80 - create IPUIPlugin
2024-09-12 11:04:43,677 [INFO] PluginManager:220 - loadIPPluginJar : add tsc
2024-09-12 11:04:43,683 [INFO] IPUIPlugin:80 - create IPUIPlugin
2024-09-12 11:04:43,683 [INFO] PluginManager:220 - loadIPPluginJar : add ucpd
2024-09-12 11:04:43,690 [INFO] IPUIPlugin:80 - create IPUIPlugin
2024-09-12 11:04:43,690 [INFO] PluginManager:220 - loadIPPluginJar : add usart
2024-09-12 11:04:43,697 [INFO] IPUIPlugin:80 - create IPUIPlugin
2024-09-12 11:04:43,697 [INFO] PluginManager:220 - loadIPPluginJar : add usbx
2024-09-12 11:04:43,823 [INFO] CADModel:165 - CPN selected for project level
2024-09-12 11:04:43,823 [INFO] CADModel:114 - Register for checkConnection events
2024-09-12 11:04:43,823 [FATAL] Updater:308 - Updater called before beeing initialized
2024-09-12 11:04:43,824 [ERROR] CADModel:125 - Updater not yet initialized, retry later 
2024-09-12 11:04:43,950 [INFO] CADModel:165 - CPN selected for project level
2024-09-12 11:04:43,950 [INFO] CADModel:114 - Register for checkConnection events
2024-09-12 11:04:43,950 [FATAL] Updater:308 - Updater called before beeing initialized
2024-09-12 11:04:43,950 [ERROR] CADModel:125 - Updater not yet initialized, retry later 
2024-09-12 11:04:43,953 [FATAL] Updater:308 - Updater called before beeing initialized
2024-09-12 11:04:44,057 [FATAL] Updater:308 - Updater called before beeing initialized
2024-09-12 11:04:44,062 [INFO] DbMcusAds:53 - JSON generation date=Tue Mar 07 16:50:55 SGT 2023 (1678179055114)
2024-09-12 11:04:44,064 [FATAL] Updater:308 - Updater called before beeing initialized
2024-09-12 11:04:44,102 [WARN] DetailPanel:346 - Failed to get advertising image, set to default
2024-09-12 11:04:44,220 [FATAL] Updater:308 - Updater called before beeing initialized
2024-09-12 11:04:44,222 [FATAL] Updater:308 - Updater called before beeing initialized
2024-09-12 11:04:44,222 [FATAL] Updater:308 - Updater called before beeing initialized
2024-09-12 11:04:44,222 [WARN] DetailPanel:346 - Failed to get advertising image, set to default
2024-09-12 11:04:44,223 [FATAL] Updater:308 - Updater called before beeing initialized
2024-09-12 11:04:44,270 [ERROR] Updater:1120 - MainUpdater not yet initialized. External WinMGr cannot be set.
2024-09-12 11:04:44,274 [INFO] Updater:1056 - Updater Version found : 6.9.1
2024-09-12 11:04:44,291 [INFO] ApplicationProperties:184 - Using Application install path: C:\ST\STM32CubeIDE_1.13.1\STM32CubeIDE\plugins\com.st.stm32cube.common.mx_6.9.1.202307191849
2024-09-12 11:04:44,434 [INFO] MainUpdater:2868 - connection check result : 10
2024-09-12 11:04:44,434 [INFO] MainUpdater:3562 - Updater definition file requires update
2024-09-12 11:04:44,435 [INFO] MainUpdater:285 - Updater Check For Update Now.
2024-09-12 11:04:44,435 [INFO] MicroXplorer:498 - Change Database Version : DB.6.0.91
2024-09-12 11:04:44,440 [INFO] McuFinderGlobals:63 - Set McuFinder mode to 2 (CubeIDE integrated)
2024-09-12 11:04:44,442 [INFO] UserAuth:179 - activating auth plugin
2024-09-12 11:04:44,443 [INFO] UserAuth:393 - Internet connection configuration mode: 1
2024-09-12 11:04:44,456 [INFO] ServerAccessManage:473 - Download File updaters.zip
2024-09-12 11:04:44,463 [INFO] JxBrowserEngine:151 - Initiate JxBrowser Engine with user profile folder
2024-09-12 11:04:44,512 [INFO] FileExtend:240 - Unzip File : updaters.zip
2024-09-12 11:04:44,512 [INFO] FileExtend:255 - Standard Zip Deflate
2024-09-12 11:04:45,565 [WARN] MainUpdater:1189 - Updater busy. Cannot search thirdparties
2024-09-12 11:04:45,565 [INFO] ThirdPartyUpdaterWithRetryManager:96 - Updater plugin is busy. [1/15]
2024-09-12 11:04:45,645 [INFO] ServerAccessManage:473 - Download File PacksControlFlags.xml
2024-09-12 11:04:45,703 [INFO] ServerAccessManage:473 - Download File cubemx.pidx
2024-09-12 11:04:46,216 [INFO] ServerAccessManage:473 - Download File STMicroelectronics.X-CUBE-GNSS1.pdsc
2024-09-12 11:04:46,641 [INFO] WebApp:157 - Instantiating new browser for Auth
2024-09-12 11:04:46,715 [ERROR] ServerAccessManage:1089 - Problem, file not found on Server
2024-09-12 11:04:47,378 [INFO] WebApp:753 - Register for checkConnection events
2024-09-12 11:04:47,379 [INFO] WebApp:390 - Apply proxy settings
2024-09-12 11:04:47,379 [INFO] WebApp:475 - Chromium requires no authentication
2024-09-12 11:04:47,388 [INFO] WebApp:418 - Direct internet connection detected
2024-09-12 11:04:47,495 [ERROR] ServerAccessManage:1089 - Problem, file not found on Server
2024-09-12 11:04:47,533 [INFO] WebApp:188 - Starting web application
2024-09-12 11:04:47,533 [INFO] WebApp:520 - Web application path used C:\ST\STM32CubeIDE_1.13.1\STM32CubeIDE\plugins\com.st.stm32cube.common.mx_6.9.1.202307191849\db\plugins\mcufinder\reactClient1\index.html
2024-09-12 11:04:48,261 [ERROR] ServerAccessManage:1089 - Problem, file not found on Server
2024-09-12 11:04:48,569 [WARN] MainUpdater:1189 - Updater busy. Cannot search thirdparties
2024-09-12 11:04:48,569 [INFO] ThirdPartyUpdaterWithRetryManager:96 - Updater plugin is busy. [2/15]
2024-09-12 11:04:49,026 [ERROR] ServerAccessManage:1089 - Problem, file not found on Server
2024-09-12 11:04:49,801 [ERROR] ServerAccessManage:1089 - Problem, file not found on Server
2024-09-12 11:04:50,566 [ERROR] ServerAccessManage:1089 - Problem, file not found on Server
2024-09-12 11:04:51,146 [WARN] PackLoader:240 - Cannot read IP mode file for STMicroelectronics.X-CUBE-GNSS1.7.0.0
2024-09-12 11:04:51,149 [INFO] PopulateThirdPartyThread:66 - Ending populate Thread
2024-09-12 11:04:51,151 [INFO] ThirdParty:1030 - CMSIS Pack Vendor :STMicroelectronics X-CUBE-GNSS1 7.0.0
2024-09-12 11:04:51,151 [INFO] LoadServerUpdatesThread:373 - End of LoadServerUpdate Thread
2024-09-12 11:04:51,277 [INFO] CheckServerUpdateThread:120 - End of CheckServer Thread
2024-09-12 11:04:51,796 [WARN] PackLoader:240 - Cannot read IP mode file for STMicroelectronics.FP-SNS-MOTENVWB1.1.4.0
2024-09-12 11:04:51,803 [WARN] PackLoader:240 - Cannot read IP mode file for STMicroelectronics.X-CUBE-SMBUS.2.1.0
2024-09-12 11:04:51,829 [WARN] PackLoader:240 - Cannot read IP mode file for STMicroelectronics.X-CUBE-AZRTOS-F7.1.1.0
2024-09-12 11:04:51,840 [WARN] PackLoader:240 - Cannot read IP mode file for STMicroelectronics.FP-SNS-MOTENV1.4.3.2
2024-09-12 11:04:51,891 [WARN] PackLoader:240 - Cannot read IP mode file for STMicroelectronics.X-CUBE-MEMS1.11.0.0
2024-09-12 11:04:52,010 [WARN] PackLoader:240 - Cannot read IP mode file for STMicroelectronics.FP-SNS-FLIGHT1.5.0.2
2024-09-12 11:04:52,020 [WARN] PackLoader:240 - Cannot read IP mode file for STMicroelectronics.X-CUBE-DISPLAY.3.0.0
2024-09-12 11:04:52,030 [WARN] PackLoader:240 - Cannot read IP mode file for STMicroelectronics.X-CUBE-BLE1.7.0.0
2024-09-12 11:04:52,038 [WARN] PackLoader:240 - Cannot read IP mode file for emotas.I-CUBE-CANOPEN.1.3.0
2024-09-12 11:04:52,044 [WARN] PackLoader:240 - Cannot read IP mode file for STMicroelectronics.X-CUBE-TOUCHGFX.4.22.0
2024-09-12 11:04:52,054 [WARN] PackLoader:240 - Cannot read IP mode file for STMicroelectronics.X-CUBE-BLEMGR.3.1.0
2024-09-12 11:04:52,064 [WARN] PackLoader:240 - Cannot read IP mode file for STMicroelectronics.FP-SNS-SMARTAG2.1.2.0
2024-09-12 11:04:52,078 [INFO] LogOutputStream:77 - [STDOUT_REDIRECT] 1 : Invalid condition id : UX_CORESTACK_Condition cause : null
2024-09-12 11:04:52,078 [INFO] LogOutputStream:77 - [STDOUT_REDIRECT] 1 : Invalid condition id : UX_CORESTACK_Condition cause : null
2024-09-12 11:04:52,079 [INFO] LogOutputStream:77 - [STDOUT_REDIRECT] 1 : Invalid condition id : UX_CORESTACK_Condition cause : null
2024-09-12 11:04:52,080 [INFO] LogOutputStream:77 - [STDOUT_REDIRECT] 1 : Invalid condition id : UX_CORESTACK_Condition cause : null
2024-09-12 11:04:52,081 [INFO] LogOutputStream:77 - [STDOUT_REDIRECT] 1 : Invalid condition id : UX_CORESTACK_Condition cause : null
2024-09-12 11:04:52,084 [WARN] PackLoader:240 - Cannot read IP mode file for STMicroelectronics.X-CUBE-AZRTOS-WL.2.0.0
2024-09-12 11:04:52,089 [WARN] PackLoader:240 - Cannot read IP mode file for STMicroelectronics.FP-SNS-MOTENV1.5.0.0
2024-09-12 11:04:52,096 [WARN] PackLoader:240 - Cannot read IP mode file for wolfSSL.I-CUBE-wolfMQTT.1.19.0
2024-09-12 11:04:52,105 [WARN] PackLoader:240 - Cannot read IP mode file for WES.I-CUBE-Cesium.1.3.0
2024-09-12 11:04:52,111 [WARN] PackLoader:240 - Cannot read IP mode file for STMicroelectronics.X-CUBE-BLE2.3.3.0
2024-09-12 11:04:52,120 [WARN] PackLoader:240 - Cannot read IP mode file for STMicroelectronics.X-CUBE-TCPP.4.1.0
2024-09-12 11:04:52,128 [WARN] PackLoader:240 - Cannot read IP mode file for STMicroelectronics.X-CUBE-ALGOBUILD.1.3.0
2024-09-12 11:04:52,153 [WARN] PackLoader:240 - Cannot read IP mode file for STMicroelectronics.X-CUBE-AZRTOS-G0.1.1.0
2024-09-12 11:04:52,162 [WARN] PackLoader:240 - Cannot read IP mode file for STMicroelectronics.X-CUBE-SAFEA1.1.2.2
2024-09-12 11:04:52,170 [WARN] PackLoader:240 - Cannot read IP mode file for STMicroelectronics.X-CUBE-NFC4.3.0.0
2024-09-12 11:04:52,175 [ERROR] Engine:466 - C:\Users\anaka\.stm32cubemx\thirdparties\pdsc\EmbeddedOffice.I-CUBE-FS-RTOS.1.0.1.pdsc: PDSC version is not supported
2024-09-12 11:04:52,179 [ERROR] Engine:466 - C:\Users\anaka\.stm32cubemx\thirdparties\pdsc\RealThread.X-CUBE-RT-Thread_Nano.4.1.1.pdsc: PDSC version is not supported
2024-09-12 11:04:52,187 [WARN] PackLoader:240 - Cannot read IP mode file for STMicroelectronics.FP-ATR-SIGFOX1.3.2.0
2024-09-12 11:04:52,194 [WARN] PackLoader:240 - Cannot read IP mode file for STMicroelectronics.X-CUBE-EEPRMA1.5.1.0
2024-09-12 11:04:52,203 [WARN] PackLoader:240 - Cannot read IP mode file for ITTIA_DB.I-CUBE-ITTIADB.8.9.0
2024-09-12 11:04:52,229 [WARN] PackLoader:240 - Cannot read IP mode file for SEGGER.I-CUBE-embOS.1.3.1
2024-09-12 11:04:52,268 [WARN] PackLoader:240 - Cannot read IP mode file for STMicroelectronics.X-CUBE-ALGOBUILD.1.4.0
2024-09-12 11:04:52,276 [WARN] PackLoader:240 - Cannot read IP mode file for STMicroelectronics.X-CUBE-GNSS1.6.0.0
2024-09-12 11:04:52,295 [WARN] PackLoader:240 - Cannot read IP mode file for STMicroelectronics.X-CUBE-AZRTOS-F4.1.1.0
2024-09-12 11:04:52,302 [WARN] PackLoader:240 - Cannot read IP mode file for wolfSSL.I-CUBE-wolfSSL.5.6.3
2024-09-12 11:04:52,309 [WARN] PackLoader:240 - Cannot read IP mode file for STMicroelectronics.X-CUBE-FREERTOS.1.2.0
2024-09-12 11:04:52,331 [WARN] PackLoader:240 - Cannot read IP mode file for STMicroelectronics.X-CUBE-AZRTOS-L5.2.0.0
2024-09-12 11:04:52,374 [WARN] PackLoader:240 - Cannot read IP mode file for STMicroelectronics.X-CUBE-MEMS1.9.6.0
2024-09-12 11:04:52,485 [WARN] PackLoader:240 - Cannot read IP mode file for STMicroelectronics.X-CUBE-NFC6.3.1.0
2024-09-12 11:04:52,494 [WARN] PackLoader:240 - Cannot read IP mode file for STMicroelectronics.X-CUBE-BLEMGR.2.0.0
2024-09-12 11:04:52,500 [ERROR] Engine:466 - C:\Users\anaka\.stm32cubemx\thirdparties\pdsc\STMicroelectronics.X-CUBE-DPower.1.2.0.pdsc: PDSC version is not supported
2024-09-12 11:04:52,506 [WARN] PackLoader:240 - Cannot read IP mode file for STMicroelectronics.X-CUBE-AI.9.0.0
2024-09-12 11:04:52,524 [WARN] ConditionMgr:438 - getConditionDescription Invalid condition id : UX DEVICE CLASS RTOS Condition cause : null
2024-09-12 11:04:52,524 [WARN] ConditionMgr:438 - getConditionDescription Invalid condition id : UX DEVICE CLASS RTOS Condition cause : null
2024-09-12 11:04:52,526 [WARN] PackLoader:240 - Cannot read IP mode file for STMicroelectronics.X-CUBE-AZRTOS-H7.3.1.0
2024-09-12 11:04:52,527 [WARN] ConditionMgr:1039 - genDependencies : Invalid condition id : UX DEVICE CLASS RTOS Condition cause : null
2024-09-12 11:04:52,527 [WARN] ConditionMgr:1039 - genDependencies : Invalid condition id : UX DEVICE CLASS RTOS Condition cause : null
2024-09-12 11:04:52,528 [WARN] ConditionMgr:1039 - genDependencies : Invalid condition id : UX DEVICE CLASS RTOS Condition cause : null
2024-09-12 11:04:52,528 [WARN] ConditionMgr:1039 - genDependencies : Invalid condition id : UX DEVICE CLASS RTOS Condition cause : null
2024-09-12 11:04:52,528 [WARN] ConditionMgr:1039 - genDependencies : Invalid condition id : UX DEVICE CLASS RTOS Condition cause : null
2024-09-12 11:04:52,537 [WARN] PackLoader:240 - Cannot read IP mode file for STMicroelectronics.X-CUBE-NFC7.1.0.1
2024-09-12 11:04:52,544 [WARN] PackLoader:240 - Cannot read IP mode file for STMicroelectronics.X-CUBE-EEPRMA1.4.1.0
2024-09-12 11:04:52,550 [WARN] PackLoader:240 - Cannot read IP mode file for STMicroelectronics.X-CUBE-AI.8.1.0
2024-09-12 11:04:52,573 [WARN] ConditionMgr:438 - getConditionDescription Invalid condition id : LAN8742 Phy interface Condition cause : null
2024-09-12 11:04:52,574 [WARN] PackLoader:240 - Cannot read IP mode file for STMicroelectronics.X-CUBE-AZRTOS-L4.2.0.0
2024-09-12 11:04:52,575 [WARN] ConditionMgr:1039 - genDependencies : Invalid condition id : LAN8742 Phy interface Condition cause : null
2024-09-12 11:04:52,575 [WARN] ConditionMgr:1039 - genDependencies : Invalid condition id : LAN8742 Phy interface Condition cause : null
2024-09-12 11:04:52,575 [WARN] ConditionMgr:1039 - genDependencies : Invalid condition id : LAN8742 Phy interface Condition cause : null
2024-09-12 11:04:52,583 [WARN] PackLoader:240 - Cannot read IP mode file for STMicroelectronics.X-CUBE-SFXS2LP1.4.0.0
2024-09-12 11:04:52,590 [WARN] PackLoader:240 - Cannot read IP mode file for STMicroelectronics.X-CUBE-ISPU.1.1.0
2024-09-12 11:04:52,612 [WARN] PackLoader:240 - Cannot read IP mode file for STMicroelectronics.X-CUBE-AZRTOS-H7.3.3.0
2024-09-12 11:04:52,628 [WARN] ConditionMgr:438 - getConditionDescription Invalid condition id : UX DEVICE CLASS RTOS Condition cause : null
2024-09-12 11:04:52,628 [WARN] ConditionMgr:438 - getConditionDescription Invalid condition id : UX DEVICE CLASS RTOS Condition cause : null
2024-09-12 11:04:52,629 [WARN] PackLoader:240 - Cannot read IP mode file for STMicroelectronics.X-CUBE-AZRTOS-WB.2.0.0
2024-09-12 11:04:52,630 [WARN] ConditionMgr:1039 - genDependencies : Invalid condition id : UX DEVICE CLASS RTOS Condition cause : null
2024-09-12 11:04:52,630 [WARN] ConditionMgr:1039 - genDependencies : Invalid condition id : UX DEVICE CLASS RTOS Condition cause : null
2024-09-12 11:04:52,630 [WARN] ConditionMgr:1039 - genDependencies : Invalid condition id : UX DEVICE CLASS RTOS Condition cause : null
2024-09-12 11:04:52,630 [WARN] ConditionMgr:1039 - genDependencies : Invalid condition id : UX DEVICE CLASS RTOS Condition cause : null
2024-09-12 11:04:52,630 [WARN] ConditionMgr:1039 - genDependencies : Invalid condition id : UX DEVICE CLASS RTOS Condition cause : null
2024-09-12 11:04:52,636 [WARN] PackLoader:240 - Cannot read IP mode file for STMicroelectronics.X-CUBE-FREERTOS.1.0.1
2024-09-12 11:04:52,640 [WARN] PackLoader:240 - Cannot read IP mode file for STMicroelectronics.X-CUBE-GNSS1.7.0.0
2024-09-12 11:04:52,645 [ERROR] Engine:466 - C:\Users\anaka\.stm32cubemx\thirdparties\pdsc\STMicroelectronics.FP-SNS-STBOX1.2.0.0.pdsc: PDSC version is not supported
2024-09-12 11:04:52,656 [WARN] PackLoader:240 - Cannot read IP mode file for STMicroelectronics.X-CUBE-SUBG2.5.0.0
2024-09-12 11:04:52,668 [WARN] PackLoader:240 - Cannot read IP mode file for Cesanta.I-CUBE-Mongoose.7.13.0
2024-09-12 11:04:52,680 [WARN] PackLoader:240 - Cannot read IP mode file for STMicroelectronics.X-CUBE-TOF1.3.3.1
2024-09-12 11:04:52,702 [WARN] PackLoader:240 - Cannot read IP mode file for STMicroelectronics.X-CUBE-AZRTOS-G4.2.0.0
2024-09-12 11:04:52,708 [WARN] PackLoader:240 - Cannot read IP mode file for STMicroelectronics.X-CUBE-ISPU.2.0.0
2024-09-12 11:04:52,714 [WARN] PackLoader:240 - Cannot read IP mode file for STMicroelectronics.X-CUBE-ALS.1.0.2
2024-09-12 11:04:52,719 [WARN] PackLoader:240 - Cannot read IP mode file for STMicroelectronics.X-CUBE-TOUCHGFX.4.24.0
2024-09-12 11:04:52,725 [WARN] PackLoader:240 - Cannot read IP mode file for wolfSSL.I-CUBE-wolfTPM.3.4.0
2024-09-12 11:04:52,732 [WARN] PackLoader:240 - Cannot read IP mode file for portGmbH.I-Cube-SoM-uGOAL.1.1.0
2024-09-12 11:04:52,737 [WARN] PackLoader:240 - Cannot read IP mode file for STMicroelectronics.X-CUBE-ALS.1.0.1
2024-09-12 11:04:52,756 [WARN] PackLoader:240 - Cannot read IP mode file for STMicroelectronics.X-CUBE-AZRTOS-H7RS.1.0.0
2024-09-12 11:04:52,763 [WARN] PackLoader:240 - Cannot read IP mode file for STMicroelectronics.FP-ATR-ASTRA1.2.0.0
2024-09-12 11:04:52,771 [ERROR] Engine:466 - C:\Users\anaka\.stm32cubemx\thirdparties\pdsc\STMicroelectronics.X-CUBE-TOF1.3.4.2.pdsc: PDSC version is not supported
2024-09-12 11:04:52,780 [ERROR] Engine:466 - C:\Users\anaka\.stm32cubemx\thirdparties\pdsc\Infineon.AIROC-Wi-Fi-Bluetooth-STM32.1.6.1.pdsc: PDSC version is not supported
2024-09-12 11:04:52,785 [WARN] PackLoader:240 - Cannot read IP mode file for wolfSSL.I-CUBE-wolfSSH.1.4.17
2024-09-12 11:04:52,786 [INFO] ThirdParty:978 - Integrity check success = true
2024-09-12 11:04:52,786 [INFO] IntegrityCheckThread:100 - exiting critical section [integrity check]
2024-09-12 11:04:52,786 [INFO] IntegrityCheckThread:103 - End integrity checks thread
2024-09-12 11:05:08,130 [ERROR] LogOutputStream:75 - [STDERR_REDIRECT] SLF4J: Failed to load class "org.slf4j.impl.StaticLoggerBinder".
2024-09-12 11:05:08,131 [ERROR] LogOutputStream:75 - [STDERR_REDIRECT] SLF4J: Defaulting to no-operation (NOP) logger implementation
2024-09-12 11:05:08,133 [ERROR] LogOutputStream:75 - [STDERR_REDIRECT] SLF4J: See http://www.slf4j.org/codes.html#StaticLoggerBinder for further details.
