2024-09-16 01:16:18,626 [INFO] Activator:176 - 


2024-09-16 01:16:18,634 [INFO] Activator:177 - !SESSION log4j initialized
2024-09-16 01:16:25,414 [INFO] LogOutputStream:77 - [STDOUT_REDIRECT] 
2024-09-16 01:16:26,716 [INFO] ApplicationProperties:184 - Using Application install path: C:\ST\STM32CubeIDE_1.13.1\STM32CubeIDE\plugins\com.st.stm32cube.common.mx_6.9.1.202307191849
2024-09-16 01:16:26,735 [INFO] DbMcusXml:78 - Set database path to: C:\ST\STM32CubeIDE_1.13.1\STM32CubeIDE\plugins\com.st.stm32cube.common.mx_6.9.1.202307191849\\db\/mcu/
2024-09-16 01:16:26,735 [INFO] ApiDb:274 - Set plugin database path to: C:\ST\STM32CubeIDE_1.13.1\STM32CubeIDE\plugins\com.st.stm32cube.common.mx_6.9.1.202307191849\\db\/plugins/boardmanager/
2024-09-16 01:16:26,736 [WARN] ApiDb:259 - Overriding images path with different value:  => C:\ST\STM32CubeIDE_1.13.1\STM32CubeIDE\plugins\com.st.stm32cube.common.mx_6.9.1.202307191849\\db\/plugins/mcufinder/images/
2024-09-16 01:16:26,753 [INFO] ApiDb:250 - Set database path to: C:\Users\anaka\.stmcufinder\plugins\mcufinder//mcu/
2024-09-16 01:16:26,754 [INFO] DbMcusAds:125 - Set database path to: C:\Users\anaka\.stmcufinder\plugins\mcufinder//mcu/
2024-09-16 01:16:26,756 [INFO] CrossReferenceDbSqlite:203 - Set database path to: C:\Users\anaka\.stmcufinder\plugins\mcufinder//mcu/cs/
2024-09-16 01:16:26,904 [INFO] RulesReader:64 - Compatibility file has been processed (293 Rules)
2024-09-16 01:16:27,044 [INFO] DbMcusXml:78 - Set database path to: C:\ST\STM32CubeIDE_1.13.1\STM32CubeIDE\plugins\com.st.stm32cube.common.mx_6.9.1.202307191849\\db\/mcu/
2024-09-16 01:16:27,044 [INFO] ApiDb:274 - Set plugin database path to: C:\ST\STM32CubeIDE_1.13.1\STM32CubeIDE\plugins\com.st.stm32cube.common.mx_6.9.1.202307191849\\db\/plugins/boardmanager/
2024-09-16 01:16:27,044 [INFO] ApiDb:261 - Set plugin images path to: C:\ST\STM32CubeIDE_1.13.1\STM32CubeIDE\plugins\com.st.stm32cube.common.mx_6.9.1.202307191849\\db\/plugins/mcufinder/images/
2024-09-16 01:16:27,045 [WARN] DbFile:41 - Overriding database path with different value: C:\Users\anaka\.stmcufinder\plugins\mcufinder/ => C:\Users\anaka\.stmcufinder\plugins\mcufinder
2024-09-16 01:16:27,045 [INFO] ApiDb:250 - Set database path to: C:\Users\anaka\.stmcufinder\plugins\mcufinder//mcu/
2024-09-16 01:16:27,045 [WARN] DbFile:41 - Overriding database path with different value: C:\Users\anaka\.stmcufinder\plugins\mcufinder/ => C:\Users\anaka\.stmcufinder\plugins\mcufinder
2024-09-16 01:16:27,045 [INFO] DbMcusAds:125 - Set database path to: C:\Users\anaka\.stmcufinder\plugins\mcufinder//mcu/
2024-09-16 01:16:27,045 [WARN] DbFile:41 - Overriding database path with different value: C:\Users\anaka\.stmcufinder\plugins\mcufinder/ => C:\Users\anaka\.stmcufinder\plugins\mcufinder
2024-09-16 01:16:27,045 [WARN] DbFile:41 - Overriding database path with different value: C:\Users\anaka\.stmcufinder\plugins\mcufinder/ => C:\Users\anaka\.stmcufinder\plugins\mcufinder
2024-09-16 01:16:27,045 [INFO] CrossReferenceDbSqlite:203 - Set database path to: C:\Users\anaka\.stmcufinder\plugins\mcufinder//mcu/cs/
2024-09-16 01:16:27,152 [INFO] MainPanel:262 - HeapMemory: 268435456
2024-09-16 01:16:27,286 [INFO] DbMcusXml:78 - Set database path to: C:\ST\STM32CubeIDE_1.13.1\STM32CubeIDE\plugins\com.st.stm32cube.common.mx_6.9.1.202307191849\\db\/mcu/
2024-09-16 01:16:27,286 [INFO] ApiDb:274 - Set plugin database path to: C:\ST\STM32CubeIDE_1.13.1\STM32CubeIDE\plugins\com.st.stm32cube.common.mx_6.9.1.202307191849\\db\/plugins/boardmanager/
2024-09-16 01:16:27,286 [INFO] ApiDb:261 - Set plugin images path to: C:\ST\STM32CubeIDE_1.13.1\STM32CubeIDE\plugins\com.st.stm32cube.common.mx_6.9.1.202307191849\\db\/plugins/mcufinder/images/
2024-09-16 01:16:27,287 [WARN] DbFile:41 - Overriding database path with different value: C:\Users\anaka\.stmcufinder\plugins\mcufinder/ => C:\Users\anaka\.stmcufinder\plugins\mcufinder
2024-09-16 01:16:27,287 [INFO] ApiDb:250 - Set database path to: C:\Users\anaka\.stmcufinder\plugins\mcufinder//mcu/
2024-09-16 01:16:27,287 [WARN] DbFile:41 - Overriding database path with different value: C:\Users\anaka\.stmcufinder\plugins\mcufinder/ => C:\Users\anaka\.stmcufinder\plugins\mcufinder
2024-09-16 01:16:27,287 [INFO] DbMcusAds:125 - Set database path to: C:\Users\anaka\.stmcufinder\plugins\mcufinder//mcu/
2024-09-16 01:16:27,287 [WARN] DbFile:41 - Overriding database path with different value: C:\Users\anaka\.stmcufinder\plugins\mcufinder/ => C:\Users\anaka\.stmcufinder\plugins\mcufinder
2024-09-16 01:16:27,287 [WARN] DbFile:41 - Overriding database path with different value: C:\Users\anaka\.stmcufinder\plugins\mcufinder/ => C:\Users\anaka\.stmcufinder\plugins\mcufinder
2024-09-16 01:16:27,288 [INFO] CrossReferenceDbSqlite:203 - Set database path to: C:\Users\anaka\.stmcufinder\plugins\mcufinder//mcu/cs/
2024-09-16 01:16:27,313 [INFO] ApplicationProperties:184 - Using Application install path: C:\ST\STM32CubeIDE_1.13.1\STM32CubeIDE\plugins\com.st.stm32cube.common.mx_6.9.1.202307191849
2024-09-16 01:16:27,316 [INFO] PluginManage:196 - Search for loadable plugins [exclusion list=, ]
2024-09-16 01:16:27,318 [INFO] PluginManage:310 - Check plugin analytics
2024-09-16 01:16:27,497 [INFO] AnalyticsPlugin:253 - Accepted Software Licenses: 
2024-09-16 01:16:27,497 [INFO] AnalyticsPlugin:255 - Accepted CMSIS Pack Licenses: 
2024-09-16 01:16:27,497 [INFO] AnalyticsPlugin:257 - Accepted Firmware Licenses: FW.F4.1.27.0
2024-09-16 01:16:27,501 [INFO] PluginManage:359 - Loaded plugin analytics (category:tool,tabindex:-1)
2024-09-16 01:16:27,501 [INFO] PluginManage:310 - Check plugin cadmodel
2024-09-16 01:16:27,542 [INFO] CADModel:105 - Init CAD model plugin
2024-09-16 01:16:27,543 [INFO] PluginManage:359 - Loaded plugin cadmodel (category:power,tabindex:5)
2024-09-16 01:16:27,543 [INFO] PluginManage:310 - Check plugin clock
2024-09-16 01:16:27,597 [INFO] PluginManage:359 - Loaded plugin clock (category:base,tabindex:2)
2024-09-16 01:16:27,597 [INFO] PluginManage:310 - Check plugin ddr
2024-09-16 01:16:27,601 [INFO] PluginManage:359 - Loaded plugin ddr (category:tool,tabindex:6)
2024-09-16 01:16:27,601 [INFO] PluginManage:310 - Check plugin filemanager
2024-09-16 01:16:27,764 [INFO] PluginManage:359 - Loaded plugin filemanager (category:base,tabindex:10)
2024-09-16 01:16:27,765 [INFO] PluginManage:310 - Check plugin ipmanager
2024-09-16 01:16:27,776 [INFO] PluginManage:359 - Loaded plugin ipmanager (category:base,tabindex:5)
2024-09-16 01:16:27,777 [INFO] PluginManage:310 - Check plugin lpbam
2024-09-16 01:16:27,823 [INFO] PluginManage:359 - Loaded plugin lpbam (category:base,tabindex:0)
2024-09-16 01:16:27,823 [INFO] PluginManage:310 - Check plugin memorymap
2024-09-16 01:16:27,865 [INFO] PluginManage:359 - Loaded plugin memorymap (category:base,tabindex:4)
2024-09-16 01:16:27,865 [INFO] PluginManage:310 - Check plugin pinoutandconfiguration
2024-09-16 01:16:27,916 [INFO] PluginManage:359 - Loaded plugin pinoutandconfiguration (category:base,tabindex:1)
2024-09-16 01:16:27,917 [INFO] PluginManage:310 - Check plugin pinoutconfig
2024-09-16 01:16:28,054 [WARN] SupportedApi:132 - Cannot load RTOS API schema: s4s-elt-must-match.1: The content of 'definitions' must match (annotation?, (simpleType | complexType)?, (unique | key | keyref)*)). A problem was found starting at: attribute.
2024-09-16 01:16:28,192 [INFO] PluginManage:359 - Loaded plugin pinoutconfig (category:base,tabindex:0)
2024-09-16 01:16:28,192 [INFO] PluginManage:310 - Check plugin power
2024-09-16 01:16:28,236 [INFO] PluginManage:359 - Loaded plugin power (category:power,tabindex:4)
2024-09-16 01:16:28,236 [INFO] PluginManage:310 - Check plugin projectmanager
2024-09-16 01:16:28,251 [INFO] PluginManage:359 - Loaded plugin projectmanager (category:projectmanager,tabindex:3)
2024-09-16 01:16:28,251 [INFO] PluginManage:310 - Check plugin thirdparty
2024-09-16 01:16:28,468 [WARN] IntegrityCheckThread:84 - waiting for thirdparty lock release [integrity check]
2024-09-16 01:16:28,469 [INFO] IntegrityCheckThread:86 - entering critical section [integrity check]
2024-09-16 01:16:28,469 [INFO] PluginManage:359 - Loaded plugin thirdparty (category:base,tabindex:-1)
2024-09-16 01:16:28,469 [INFO] PluginManage:310 - Check plugin tools
2024-09-16 01:16:28,469 [INFO] ThirdPartyUpdaterWithRetryManager:70 - Updater plugin not ready yet. [1/15]
2024-09-16 01:16:28,478 [INFO] PluginManage:359 - Loaded plugin tools (category:base,tabindex:7)
2024-09-16 01:16:28,478 [INFO] PluginManage:310 - Check plugin tutovideos
2024-09-16 01:16:28,750 [INFO] PluginManage:359 - Loaded plugin tutovideos (category:base,tabindex:-1)
2024-09-16 01:16:28,750 [INFO] PluginManage:310 - Check plugin updater
2024-09-16 01:16:28,764 [INFO] PluginManage:359 - Loaded plugin updater (category:base,tabindex:12)
2024-09-16 01:16:28,764 [INFO] PluginManage:310 - Check plugin userauth
2024-09-16 01:16:28,770 [INFO] UserAuth:113 - Init User Auth plugin
2024-09-16 01:16:28,770 [INFO] PluginManage:359 - Loaded plugin userauth (category:base,tabindex:14)
2024-09-16 01:16:28,770 [INFO] PluginManage:283 - PluginManage : Loaded plugins [17]
2024-09-16 01:16:29,037 [INFO] PinOutPanel:1499 - setPackage(No Configuration,No Configuration)
2024-09-16 01:16:29,185 [INFO] CADModel:165 - CPN selected for project level
2024-09-16 01:16:29,186 [INFO] CADModel:114 - Register for checkConnection events
2024-09-16 01:16:29,215 [INFO] IPUIPlugin:80 - create IPUIPlugin
2024-09-16 01:16:29,216 [INFO] PluginManager:220 - loadIPPluginJar : add adc
2024-09-16 01:16:29,222 [INFO] IPUIPlugin:80 - create IPUIPlugin
2024-09-16 01:16:29,223 [INFO] PluginManager:220 - loadIPPluginJar : add aes
2024-09-16 01:16:29,231 [INFO] IPUIPlugin:80 - create IPUIPlugin
2024-09-16 01:16:29,231 [INFO] PluginManager:220 - loadIPPluginJar : add can
2024-09-16 01:16:29,236 [INFO] IPUIPlugin:80 - create IPUIPlugin
2024-09-16 01:16:29,237 [INFO] PluginManager:220 - loadIPPluginJar : add comp
2024-09-16 01:16:29,244 [INFO] IPUIPlugin:80 - create IPUIPlugin
2024-09-16 01:16:29,244 [INFO] PluginManager:220 - loadIPPluginJar : add cryp
2024-09-16 01:16:29,252 [INFO] IPUIPlugin:80 - create IPUIPlugin
2024-09-16 01:16:29,252 [INFO] PluginManager:220 - loadIPPluginJar : add dfsdm
2024-09-16 01:16:29,268 [INFO] IPUIPlugin:80 - create IPUIPlugin
2024-09-16 01:16:29,269 [INFO] PluginManager:220 - loadIPPluginJar : add dma
2024-09-16 01:16:29,277 [INFO] IPUIPlugin:80 - create IPUIPlugin
2024-09-16 01:16:29,277 [INFO] PluginManager:220 - loadIPPluginJar : add dma3
2024-09-16 01:16:29,283 [INFO] IPUIPlugin:80 - create IPUIPlugin
2024-09-16 01:16:29,283 [INFO] PluginManager:220 - loadIPPluginJar : add fatfs
2024-09-16 01:16:29,293 [INFO] IPUIPlugin:80 - create IPUIPlugin
2024-09-16 01:16:29,293 [INFO] PluginManager:220 - loadIPPluginJar : add fmc
2024-09-16 01:16:29,343 [INFO] IPUIPlugin:80 - create IPUIPlugin
2024-09-16 01:16:29,343 [INFO] PluginManager:220 - loadIPPluginJar : add freertos
2024-09-16 01:16:29,349 [INFO] IPUIPlugin:80 - create IPUIPlugin
2024-09-16 01:16:29,349 [INFO] PluginManager:220 - loadIPPluginJar : add genericplugin
2024-09-16 01:16:29,361 [INFO] IPUIPlugin:80 - create IPUIPlugin
2024-09-16 01:16:29,361 [INFO] PluginManager:220 - loadIPPluginJar : add gfxmmu
2024-09-16 01:16:29,378 [INFO] IPUIPlugin:80 - create IPUIPlugin
2024-09-16 01:16:29,378 [INFO] PluginManager:220 - loadIPPluginJar : add gic
2024-09-16 01:16:29,403 [INFO] IPUIPlugin:80 - create IPUIPlugin
2024-09-16 01:16:29,403 [INFO] PluginManager:220 - loadIPPluginJar : add gpio
2024-09-16 01:16:29,415 [INFO] IPUIPlugin:80 - create IPUIPlugin
2024-09-16 01:16:29,415 [INFO] PluginManager:220 - loadIPPluginJar : add gtzc
2024-09-16 01:16:29,422 [INFO] IPUIPlugin:80 - create IPUIPlugin
2024-09-16 01:16:29,422 [INFO] PluginManager:220 - loadIPPluginJar : add hash
2024-09-16 01:16:29,431 [INFO] IPUIPlugin:80 - create IPUIPlugin
2024-09-16 01:16:29,431 [INFO] PluginManager:220 - loadIPPluginJar : add i2c
2024-09-16 01:16:29,438 [INFO] IPUIPlugin:80 - create IPUIPlugin
2024-09-16 01:16:29,438 [INFO] PluginManager:220 - loadIPPluginJar : add i2s
2024-09-16 01:16:29,447 [INFO] IPUIPlugin:80 - create IPUIPlugin
2024-09-16 01:16:29,447 [INFO] PluginManager:220 - loadIPPluginJar : add i3c
2024-09-16 01:16:29,459 [INFO] IPUIPlugin:80 - create IPUIPlugin
2024-09-16 01:16:29,460 [INFO] PluginManager:220 - loadIPPluginJar : add ipddr
2024-09-16 01:16:29,475 [INFO] IPUIPlugin:80 - create IPUIPlugin
2024-09-16 01:16:29,475 [INFO] PluginManager:220 - loadIPPluginJar : add linkedlist
2024-09-16 01:16:29,483 [INFO] IPUIPlugin:80 - create IPUIPlugin
2024-09-16 01:16:29,483 [INFO] PluginManager:220 - loadIPPluginJar : add lorawan
2024-09-16 01:16:29,490 [INFO] IPUIPlugin:80 - create IPUIPlugin
2024-09-16 01:16:29,490 [INFO] PluginManager:220 - loadIPPluginJar : add ltdc
2024-09-16 01:16:29,519 [INFO] IPUIPlugin:80 - create IPUIPlugin
2024-09-16 01:16:29,519 [INFO] PluginManager:220 - loadIPPluginJar : add mdma
2024-09-16 01:16:29,541 [INFO] IPUIPlugin:80 - create IPUIPlugin
2024-09-16 01:16:29,542 [INFO] PluginManager:220 - loadIPPluginJar : add nvic
2024-09-16 01:16:29,550 [INFO] IPUIPlugin:80 - create IPUIPlugin
2024-09-16 01:16:29,550 [INFO] PluginManager:220 - loadIPPluginJar : add opamp
2024-09-16 01:16:29,560 [INFO] IPUIPlugin:80 - create IPUIPlugin
2024-09-16 01:16:29,560 [INFO] PluginManager:220 - loadIPPluginJar : add openamp
2024-09-16 01:16:29,569 [INFO] IPUIPlugin:80 - create IPUIPlugin
2024-09-16 01:16:29,570 [INFO] PluginManager:220 - loadIPPluginJar : add pdm2pcm
2024-09-16 01:16:29,594 [INFO] IPUIPlugin:80 - create IPUIPlugin
2024-09-16 01:16:29,597 [INFO] PluginManager:220 - loadIPPluginJar : add plateformsettings
2024-09-16 01:16:29,603 [INFO] IPUIPlugin:80 - create IPUIPlugin
2024-09-16 01:16:29,604 [INFO] PluginManager:220 - loadIPPluginJar : add quadspi
2024-09-16 01:16:29,655 [INFO] IPUIPlugin:80 - create IPUIPlugin
2024-09-16 01:16:29,655 [INFO] PluginManager:220 - loadIPPluginJar : add resmgrutility
2024-09-16 01:16:29,663 [INFO] IPUIPlugin:80 - create IPUIPlugin
2024-09-16 01:16:29,663 [INFO] PluginManager:220 - loadIPPluginJar : add sai
2024-09-16 01:16:29,671 [INFO] IPUIPlugin:80 - create IPUIPlugin
2024-09-16 01:16:29,671 [INFO] PluginManager:220 - loadIPPluginJar : add spi
2024-09-16 01:16:29,681 [INFO] IPUIPlugin:80 - create IPUIPlugin
2024-09-16 01:16:29,681 [INFO] PluginManager:220 - loadIPPluginJar : add stm32_wpan
2024-09-16 01:16:29,687 [INFO] IPUIPlugin:80 - create IPUIPlugin
2024-09-16 01:16:29,688 [INFO] PluginManager:220 - loadIPPluginJar : add tim
2024-09-16 01:16:29,697 [INFO] IPUIPlugin:80 - create IPUIPlugin
2024-09-16 01:16:29,697 [INFO] PluginManager:220 - loadIPPluginJar : add touchsensing
2024-09-16 01:16:29,704 [INFO] IPUIPlugin:80 - create IPUIPlugin
2024-09-16 01:16:29,704 [INFO] PluginManager:220 - loadIPPluginJar : add tracer_emb
2024-09-16 01:16:29,709 [INFO] IPUIPlugin:80 - create IPUIPlugin
2024-09-16 01:16:29,710 [INFO] PluginManager:220 - loadIPPluginJar : add ts
2024-09-16 01:16:29,715 [INFO] IPUIPlugin:80 - create IPUIPlugin
2024-09-16 01:16:29,716 [INFO] PluginManager:220 - loadIPPluginJar : add tsc
2024-09-16 01:16:29,723 [INFO] IPUIPlugin:80 - create IPUIPlugin
2024-09-16 01:16:29,723 [INFO] PluginManager:220 - loadIPPluginJar : add ucpd
2024-09-16 01:16:29,731 [INFO] IPUIPlugin:80 - create IPUIPlugin
2024-09-16 01:16:29,731 [INFO] PluginManager:220 - loadIPPluginJar : add usart
2024-09-16 01:16:29,738 [INFO] IPUIPlugin:80 - create IPUIPlugin
2024-09-16 01:16:29,738 [INFO] PluginManager:220 - loadIPPluginJar : add usbx
2024-09-16 01:16:29,873 [INFO] CADModel:165 - CPN selected for project level
2024-09-16 01:16:29,874 [INFO] CADModel:114 - Register for checkConnection events
2024-09-16 01:16:29,874 [FATAL] Updater:308 - Updater called before beeing initialized
2024-09-16 01:16:29,875 [ERROR] CADModel:125 - Updater not yet initialized, retry later 
2024-09-16 01:16:30,098 [INFO] CADModel:165 - CPN selected for project level
2024-09-16 01:16:30,098 [INFO] CADModel:114 - Register for checkConnection events
2024-09-16 01:16:30,098 [FATAL] Updater:308 - Updater called before beeing initialized
2024-09-16 01:16:30,098 [ERROR] CADModel:125 - Updater not yet initialized, retry later 
2024-09-16 01:16:30,102 [FATAL] Updater:308 - Updater called before beeing initialized
2024-09-16 01:16:30,216 [FATAL] Updater:308 - Updater called before beeing initialized
2024-09-16 01:16:30,223 [INFO] DbMcusAds:53 - JSON generation date=Tue Mar 07 16:50:55 SGT 2023 (1678179055114)
2024-09-16 01:16:30,223 [FATAL] Updater:308 - Updater called before beeing initialized
2024-09-16 01:16:30,277 [WARN] DetailPanel:346 - Failed to get advertising image, set to default
2024-09-16 01:16:30,416 [FATAL] Updater:308 - Updater called before beeing initialized
2024-09-16 01:16:30,418 [FATAL] Updater:308 - Updater called before beeing initialized
2024-09-16 01:16:30,418 [FATAL] Updater:308 - Updater called before beeing initialized
2024-09-16 01:16:30,418 [WARN] DetailPanel:346 - Failed to get advertising image, set to default
2024-09-16 01:16:30,419 [FATAL] Updater:308 - Updater called before beeing initialized
2024-09-16 01:16:30,473 [ERROR] Updater:1120 - MainUpdater not yet initialized. External WinMGr cannot be set.
2024-09-16 01:16:30,476 [INFO] Updater:1056 - Updater Version found : 6.9.1
2024-09-16 01:16:30,496 [INFO] ApplicationProperties:184 - Using Application install path: C:\ST\STM32CubeIDE_1.13.1\STM32CubeIDE\plugins\com.st.stm32cube.common.mx_6.9.1.202307191849
2024-09-16 01:16:30,658 [INFO] MainUpdater:2868 - connection check result : 10
2024-09-16 01:16:30,659 [INFO] MainUpdater:285 - Updater Check For Update Now.
2024-09-16 01:16:30,659 [INFO] MicroXplorer:498 - Change Database Version : DB.6.0.91
2024-09-16 01:16:30,672 [INFO] McuFinderGlobals:63 - Set McuFinder mode to 2 (CubeIDE integrated)
2024-09-16 01:16:30,672 [INFO] UserAuth:179 - activating auth plugin
2024-09-16 01:16:30,675 [INFO] UserAuth:393 - Internet connection configuration mode: 1
2024-09-16 01:16:30,699 [INFO] JxBrowserEngine:151 - Initiate JxBrowser Engine with user profile folder
2024-09-16 01:16:30,851 [INFO] CheckServerUpdateThread:120 - End of CheckServer Thread
2024-09-16 01:16:31,758 [WARN] PackLoader:240 - Cannot read IP mode file for STMicroelectronics.FP-SNS-MOTENVWB1.1.4.0
2024-09-16 01:16:31,778 [WARN] PackLoader:240 - Cannot read IP mode file for STMicroelectronics.X-CUBE-SMBUS.2.1.0
2024-09-16 01:16:31,821 [WARN] PackLoader:240 - Cannot read IP mode file for STMicroelectronics.X-CUBE-AZRTOS-F7.1.1.0
2024-09-16 01:16:31,836 [WARN] PackLoader:240 - Cannot read IP mode file for STMicroelectronics.FP-SNS-MOTENV1.4.3.2
2024-09-16 01:16:31,909 [WARN] PackLoader:240 - Cannot read IP mode file for STMicroelectronics.X-CUBE-MEMS1.11.0.0
2024-09-16 01:16:32,050 [WARN] PackLoader:240 - Cannot read IP mode file for STMicroelectronics.FP-SNS-FLIGHT1.5.0.2
2024-09-16 01:16:32,062 [WARN] PackLoader:240 - Cannot read IP mode file for STMicroelectronics.X-CUBE-DISPLAY.3.0.0
2024-09-16 01:16:32,074 [WARN] PackLoader:240 - Cannot read IP mode file for STMicroelectronics.X-CUBE-BLE1.7.0.0
2024-09-16 01:16:32,082 [WARN] PackLoader:240 - Cannot read IP mode file for emotas.I-CUBE-CANOPEN.1.3.0
2024-09-16 01:16:32,090 [WARN] PackLoader:240 - Cannot read IP mode file for STMicroelectronics.X-CUBE-TOUCHGFX.4.22.0
2024-09-16 01:16:32,105 [WARN] PackLoader:240 - Cannot read IP mode file for STMicroelectronics.X-CUBE-BLEMGR.3.1.0
2024-09-16 01:16:32,117 [WARN] PackLoader:240 - Cannot read IP mode file for STMicroelectronics.FP-SNS-SMARTAG2.1.2.0
2024-09-16 01:16:32,134 [INFO] LogOutputStream:77 - [STDOUT_REDIRECT] 1 : Invalid condition id : UX_CORESTACK_Condition cause : null
2024-09-16 01:16:32,136 [INFO] LogOutputStream:77 - [STDOUT_REDIRECT] 1 : Invalid condition id : UX_CORESTACK_Condition cause : null
2024-09-16 01:16:32,137 [INFO] LogOutputStream:77 - [STDOUT_REDIRECT] 1 : Invalid condition id : UX_CORESTACK_Condition cause : null
2024-09-16 01:16:32,140 [INFO] LogOutputStream:77 - [STDOUT_REDIRECT] 1 : Invalid condition id : UX_CORESTACK_Condition cause : null
2024-09-16 01:16:32,141 [INFO] LogOutputStream:77 - [STDOUT_REDIRECT] 1 : Invalid condition id : UX_CORESTACK_Condition cause : null
2024-09-16 01:16:32,143 [WARN] PackLoader:240 - Cannot read IP mode file for STMicroelectronics.X-CUBE-AZRTOS-WL.2.0.0
2024-09-16 01:16:32,150 [WARN] PackLoader:240 - Cannot read IP mode file for STMicroelectronics.FP-SNS-MOTENV1.5.0.0
2024-09-16 01:16:32,158 [WARN] PackLoader:240 - Cannot read IP mode file for wolfSSL.I-CUBE-wolfMQTT.1.19.0
2024-09-16 01:16:32,171 [WARN] PackLoader:240 - Cannot read IP mode file for WES.I-CUBE-Cesium.1.3.0
2024-09-16 01:16:32,179 [WARN] PackLoader:240 - Cannot read IP mode file for STMicroelectronics.X-CUBE-BLE2.3.3.0
2024-09-16 01:16:32,188 [WARN] PackLoader:240 - Cannot read IP mode file for STMicroelectronics.X-CUBE-TCPP.4.1.0
2024-09-16 01:16:32,198 [WARN] PackLoader:240 - Cannot read IP mode file for STMicroelectronics.X-CUBE-ALGOBUILD.1.3.0
2024-09-16 01:16:32,224 [WARN] PackLoader:240 - Cannot read IP mode file for STMicroelectronics.X-CUBE-AZRTOS-G0.1.1.0
2024-09-16 01:16:32,234 [WARN] PackLoader:240 - Cannot read IP mode file for STMicroelectronics.X-CUBE-SAFEA1.1.2.2
2024-09-16 01:16:32,243 [WARN] PackLoader:240 - Cannot read IP mode file for STMicroelectronics.X-CUBE-NFC4.3.0.0
2024-09-16 01:16:32,251 [ERROR] Engine:466 - C:\Users\anaka\.stm32cubemx\thirdparties\pdsc\EmbeddedOffice.I-CUBE-FS-RTOS.1.0.1.pdsc: PDSC version is not supported
2024-09-16 01:16:32,255 [ERROR] Engine:466 - C:\Users\anaka\.stm32cubemx\thirdparties\pdsc\RealThread.X-CUBE-RT-Thread_Nano.4.1.1.pdsc: PDSC version is not supported
2024-09-16 01:16:32,261 [WARN] PackLoader:240 - Cannot read IP mode file for STMicroelectronics.FP-ATR-SIGFOX1.3.2.0
2024-09-16 01:16:32,271 [WARN] PackLoader:240 - Cannot read IP mode file for STMicroelectronics.X-CUBE-EEPRMA1.5.1.0
2024-09-16 01:16:32,281 [WARN] PackLoader:240 - Cannot read IP mode file for ITTIA_DB.I-CUBE-ITTIADB.8.9.0
2024-09-16 01:16:32,318 [WARN] PackLoader:240 - Cannot read IP mode file for SEGGER.I-CUBE-embOS.1.3.1
2024-09-16 01:16:32,371 [WARN] PackLoader:240 - Cannot read IP mode file for STMicroelectronics.X-CUBE-ALGOBUILD.1.4.0
2024-09-16 01:16:32,380 [WARN] PackLoader:240 - Cannot read IP mode file for STMicroelectronics.X-CUBE-GNSS1.6.0.0
2024-09-16 01:16:32,403 [WARN] PackLoader:240 - Cannot read IP mode file for STMicroelectronics.X-CUBE-AZRTOS-F4.1.1.0
2024-09-16 01:16:32,411 [WARN] PackLoader:240 - Cannot read IP mode file for wolfSSL.I-CUBE-wolfSSL.5.6.3
2024-09-16 01:16:32,419 [WARN] PackLoader:240 - Cannot read IP mode file for STMicroelectronics.X-CUBE-FREERTOS.1.2.0
2024-09-16 01:16:32,444 [WARN] PackLoader:240 - Cannot read IP mode file for STMicroelectronics.X-CUBE-AZRTOS-L5.2.0.0
2024-09-16 01:16:32,492 [WARN] PackLoader:240 - Cannot read IP mode file for STMicroelectronics.X-CUBE-MEMS1.9.6.0
2024-09-16 01:16:32,665 [WARN] PackLoader:240 - Cannot read IP mode file for STMicroelectronics.X-CUBE-NFC6.3.1.0
2024-09-16 01:16:32,673 [WARN] PackLoader:240 - Cannot read IP mode file for STMicroelectronics.X-CUBE-BLEMGR.2.0.0
2024-09-16 01:16:32,681 [ERROR] Engine:466 - C:\Users\anaka\.stm32cubemx\thirdparties\pdsc\STMicroelectronics.X-CUBE-DPower.1.2.0.pdsc: PDSC version is not supported
2024-09-16 01:16:32,690 [WARN] PackLoader:240 - Cannot read IP mode file for STMicroelectronics.X-CUBE-AI.9.0.0
2024-09-16 01:16:32,714 [WARN] ConditionMgr:438 - getConditionDescription Invalid condition id : UX DEVICE CLASS RTOS Condition cause : null
2024-09-16 01:16:32,714 [WARN] ConditionMgr:438 - getConditionDescription Invalid condition id : UX DEVICE CLASS RTOS Condition cause : null
2024-09-16 01:16:32,722 [WARN] PackLoader:240 - Cannot read IP mode file for STMicroelectronics.X-CUBE-AZRTOS-H7.3.1.0
2024-09-16 01:16:32,722 [WARN] ConditionMgr:1039 - genDependencies : Invalid condition id : UX DEVICE CLASS RTOS Condition cause : null
2024-09-16 01:16:32,722 [WARN] ConditionMgr:1039 - genDependencies : Invalid condition id : UX DEVICE CLASS RTOS Condition cause : null
2024-09-16 01:16:32,722 [WARN] ConditionMgr:1039 - genDependencies : Invalid condition id : UX DEVICE CLASS RTOS Condition cause : null
2024-09-16 01:16:32,722 [WARN] ConditionMgr:1039 - genDependencies : Invalid condition id : UX DEVICE CLASS RTOS Condition cause : null
2024-09-16 01:16:32,722 [WARN] ConditionMgr:1039 - genDependencies : Invalid condition id : UX DEVICE CLASS RTOS Condition cause : null
2024-09-16 01:16:32,731 [WARN] PackLoader:240 - Cannot read IP mode file for STMicroelectronics.X-CUBE-NFC7.1.0.1
2024-09-16 01:16:32,739 [WARN] PackLoader:240 - Cannot read IP mode file for STMicroelectronics.X-CUBE-EEPRMA1.4.1.0
2024-09-16 01:16:32,747 [WARN] PackLoader:240 - Cannot read IP mode file for STMicroelectronics.X-CUBE-AI.8.1.0
2024-09-16 01:16:32,772 [WARN] ConditionMgr:438 - getConditionDescription Invalid condition id : LAN8742 Phy interface Condition cause : null
2024-09-16 01:16:32,772 [WARN] PackLoader:240 - Cannot read IP mode file for STMicroelectronics.X-CUBE-AZRTOS-L4.2.0.0
2024-09-16 01:16:32,772 [WARN] ConditionMgr:1039 - genDependencies : Invalid condition id : LAN8742 Phy interface Condition cause : null
2024-09-16 01:16:32,772 [WARN] ConditionMgr:1039 - genDependencies : Invalid condition id : LAN8742 Phy interface Condition cause : null
2024-09-16 01:16:32,772 [WARN] ConditionMgr:1039 - genDependencies : Invalid condition id : LAN8742 Phy interface Condition cause : null
2024-09-16 01:16:32,780 [WARN] PackLoader:240 - Cannot read IP mode file for STMicroelectronics.X-CUBE-SFXS2LP1.4.0.0
2024-09-16 01:16:32,788 [WARN] PackLoader:240 - Cannot read IP mode file for STMicroelectronics.X-CUBE-ISPU.1.1.0
2024-09-16 01:16:32,821 [WARN] PackLoader:240 - Cannot read IP mode file for STMicroelectronics.X-CUBE-AZRTOS-H7.3.3.0
2024-09-16 01:16:32,837 [WARN] ConditionMgr:438 - getConditionDescription Invalid condition id : UX DEVICE CLASS RTOS Condition cause : null
2024-09-16 01:16:32,837 [WARN] ConditionMgr:438 - getConditionDescription Invalid condition id : UX DEVICE CLASS RTOS Condition cause : null
2024-09-16 01:16:32,837 [WARN] PackLoader:240 - Cannot read IP mode file for STMicroelectronics.X-CUBE-AZRTOS-WB.2.0.0
2024-09-16 01:16:32,837 [WARN] ConditionMgr:1039 - genDependencies : Invalid condition id : UX DEVICE CLASS RTOS Condition cause : null
2024-09-16 01:16:32,837 [WARN] ConditionMgr:1039 - genDependencies : Invalid condition id : UX DEVICE CLASS RTOS Condition cause : null
2024-09-16 01:16:32,837 [WARN] ConditionMgr:1039 - genDependencies : Invalid condition id : UX DEVICE CLASS RTOS Condition cause : null
2024-09-16 01:16:32,837 [WARN] ConditionMgr:1039 - genDependencies : Invalid condition id : UX DEVICE CLASS RTOS Condition cause : null
2024-09-16 01:16:32,837 [WARN] ConditionMgr:1039 - genDependencies : Invalid condition id : UX DEVICE CLASS RTOS Condition cause : null
2024-09-16 01:16:32,853 [WARN] PackLoader:240 - Cannot read IP mode file for STMicroelectronics.X-CUBE-FREERTOS.1.0.1
2024-09-16 01:16:32,862 [WARN] PackLoader:240 - Cannot read IP mode file for STMicroelectronics.X-CUBE-GNSS1.7.0.0
2024-09-16 01:16:32,870 [ERROR] Engine:466 - C:\Users\anaka\.stm32cubemx\thirdparties\pdsc\STMicroelectronics.FP-SNS-STBOX1.2.0.0.pdsc: PDSC version is not supported
2024-09-16 01:16:32,878 [WARN] PackLoader:240 - Cannot read IP mode file for STMicroelectronics.X-CUBE-SUBG2.5.0.0
2024-09-16 01:16:32,895 [WARN] PackLoader:240 - Cannot read IP mode file for Cesanta.I-CUBE-Mongoose.7.13.0
2024-09-16 01:16:32,911 [WARN] PackLoader:240 - Cannot read IP mode file for STMicroelectronics.X-CUBE-TOF1.3.3.1
2024-09-16 01:16:32,944 [WARN] PackLoader:240 - Cannot read IP mode file for STMicroelectronics.X-CUBE-AZRTOS-G4.2.0.0
2024-09-16 01:16:32,962 [WARN] PackLoader:240 - Cannot read IP mode file for STMicroelectronics.X-CUBE-ISPU.2.0.0
2024-09-16 01:16:32,968 [WARN] PackLoader:240 - Cannot read IP mode file for STMicroelectronics.X-CUBE-ALS.1.0.2
2024-09-16 01:16:32,977 [WARN] PackLoader:240 - Cannot read IP mode file for STMicroelectronics.X-CUBE-TOUCHGFX.4.24.0
2024-09-16 01:16:32,985 [WARN] PackLoader:240 - Cannot read IP mode file for wolfSSL.I-CUBE-wolfTPM.3.4.0
2024-09-16 01:16:33,003 [WARN] PackLoader:240 - Cannot read IP mode file for portGmbH.I-Cube-SoM-uGOAL.1.1.0
2024-09-16 01:16:33,017 [WARN] PackLoader:240 - Cannot read IP mode file for STMicroelectronics.X-CUBE-ALS.1.0.1
2024-09-16 01:16:33,066 [WARN] PackLoader:240 - Cannot read IP mode file for STMicroelectronics.X-CUBE-AZRTOS-H7RS.1.0.0
2024-09-16 01:16:33,082 [WARN] PackLoader:240 - Cannot read IP mode file for STMicroelectronics.FP-ATR-ASTRA1.2.0.0
2024-09-16 01:16:33,099 [ERROR] Engine:466 - C:\Users\anaka\.stm32cubemx\thirdparties\pdsc\STMicroelectronics.X-CUBE-TOF1.3.4.2.pdsc: PDSC version is not supported
2024-09-16 01:16:33,115 [ERROR] Engine:466 - C:\Users\anaka\.stm32cubemx\thirdparties\pdsc\Infineon.AIROC-Wi-Fi-Bluetooth-STM32.1.6.1.pdsc: PDSC version is not supported
2024-09-16 01:16:33,123 [WARN] PackLoader:240 - Cannot read IP mode file for wolfSSL.I-CUBE-wolfSSH.1.4.17
2024-09-16 01:16:33,123 [INFO] ThirdParty:978 - Integrity check success = true
2024-09-16 01:16:33,123 [INFO] IntegrityCheckThread:100 - exiting critical section [integrity check]
2024-09-16 01:16:33,123 [INFO] IntegrityCheckThread:103 - End integrity checks thread
2024-09-16 01:16:33,262 [INFO] WebApp:157 - Instantiating new browser for Auth
2024-09-16 01:16:34,177 [INFO] WebApp:753 - Register for checkConnection events
2024-09-16 01:16:34,177 [INFO] WebApp:390 - Apply proxy settings
2024-09-16 01:16:34,177 [INFO] WebApp:475 - Chromium requires no authentication
2024-09-16 01:16:34,193 [INFO] WebApp:418 - Direct internet connection detected
2024-09-16 01:16:34,365 [INFO] WebApp:188 - Starting web application
2024-09-16 01:16:34,365 [INFO] WebApp:520 - Web application path used C:\ST\STM32CubeIDE_1.13.1\STM32CubeIDE\plugins\com.st.stm32cube.common.mx_6.9.1.202307191849\db\plugins\mcufinder\reactClient1\index.html
2024-09-16 01:16:55,145 [ERROR] LogOutputStream:75 - [STDERR_REDIRECT] SLF4J: Failed to load class "org.slf4j.impl.StaticLoggerBinder".
2024-09-16 01:16:55,145 [ERROR] LogOutputStream:75 - [STDERR_REDIRECT] SLF4J: Defaulting to no-operation (NOP) logger implementation
2024-09-16 01:16:55,145 [ERROR] LogOutputStream:75 - [STDERR_REDIRECT] SLF4J: See http://www.slf4j.org/codes.html#StaticLoggerBinder for further details.
