2024-09-18 20:40:55,732 [INFO] Activator:176 - 


2024-09-18 20:40:55,744 [INFO] Activator:177 - !SESSION log4j initialized
2024-09-18 20:41:02,439 [INFO] LogOutputStream:77 - [STDOUT_REDIRECT] 
2024-09-18 20:41:03,525 [INFO] ApplicationProperties:184 - Using Application install path: C:\ST\STM32CubeIDE_1.13.1\STM32CubeIDE\plugins\com.st.stm32cube.common.mx_6.9.1.202307191849
2024-09-18 20:41:03,558 [INFO] DbMcusXml:78 - Set database path to: C:\ST\STM32CubeIDE_1.13.1\STM32CubeIDE\plugins\com.st.stm32cube.common.mx_6.9.1.202307191849\\db\/mcu/
2024-09-18 20:41:03,559 [INFO] ApiDb:274 - Set plugin database path to: C:\ST\STM32CubeIDE_1.13.1\STM32CubeIDE\plugins\com.st.stm32cube.common.mx_6.9.1.202307191849\\db\/plugins/boardmanager/
2024-09-18 20:41:03,559 [WARN] ApiDb:259 - Overriding images path with different value:  => C:\ST\STM32CubeIDE_1.13.1\STM32CubeIDE\plugins\com.st.stm32cube.common.mx_6.9.1.202307191849\\db\/plugins/mcufinder/images/
2024-09-18 20:41:03,579 [INFO] ApiDb:250 - Set database path to: C:\Users\anaka\.stmcufinder\plugins\mcufinder//mcu/
2024-09-18 20:41:03,580 [INFO] DbMcusAds:125 - Set database path to: C:\Users\anaka\.stmcufinder\plugins\mcufinder//mcu/
2024-09-18 20:41:03,583 [INFO] CrossReferenceDbSqlite:203 - Set database path to: C:\Users\anaka\.stmcufinder\plugins\mcufinder//mcu/cs/
2024-09-18 20:41:03,757 [INFO] RulesReader:64 - Compatibility file has been processed (293 Rules)
2024-09-18 20:41:03,895 [INFO] DbMcusXml:78 - Set database path to: C:\ST\STM32CubeIDE_1.13.1\STM32CubeIDE\plugins\com.st.stm32cube.common.mx_6.9.1.202307191849\\db\/mcu/
2024-09-18 20:41:03,895 [INFO] ApiDb:274 - Set plugin database path to: C:\ST\STM32CubeIDE_1.13.1\STM32CubeIDE\plugins\com.st.stm32cube.common.mx_6.9.1.202307191849\\db\/plugins/boardmanager/
2024-09-18 20:41:03,895 [INFO] ApiDb:261 - Set plugin images path to: C:\ST\STM32CubeIDE_1.13.1\STM32CubeIDE\plugins\com.st.stm32cube.common.mx_6.9.1.202307191849\\db\/plugins/mcufinder/images/
2024-09-18 20:41:03,896 [WARN] DbFile:41 - Overriding database path with different value: C:\Users\anaka\.stmcufinder\plugins\mcufinder/ => C:\Users\anaka\.stmcufinder\plugins\mcufinder
2024-09-18 20:41:03,896 [INFO] ApiDb:250 - Set database path to: C:\Users\anaka\.stmcufinder\plugins\mcufinder//mcu/
2024-09-18 20:41:03,896 [WARN] DbFile:41 - Overriding database path with different value: C:\Users\anaka\.stmcufinder\plugins\mcufinder/ => C:\Users\anaka\.stmcufinder\plugins\mcufinder
2024-09-18 20:41:03,896 [INFO] DbMcusAds:125 - Set database path to: C:\Users\anaka\.stmcufinder\plugins\mcufinder//mcu/
2024-09-18 20:41:03,896 [WARN] DbFile:41 - Overriding database path with different value: C:\Users\anaka\.stmcufinder\plugins\mcufinder/ => C:\Users\anaka\.stmcufinder\plugins\mcufinder
2024-09-18 20:41:03,896 [WARN] DbFile:41 - Overriding database path with different value: C:\Users\anaka\.stmcufinder\plugins\mcufinder/ => C:\Users\anaka\.stmcufinder\plugins\mcufinder
2024-09-18 20:41:03,896 [INFO] CrossReferenceDbSqlite:203 - Set database path to: C:\Users\anaka\.stmcufinder\plugins\mcufinder//mcu/cs/
2024-09-18 20:41:04,029 [INFO] MainPanel:262 - HeapMemory: 268435456
2024-09-18 20:41:04,184 [INFO] DbMcusXml:78 - Set database path to: C:\ST\STM32CubeIDE_1.13.1\STM32CubeIDE\plugins\com.st.stm32cube.common.mx_6.9.1.202307191849\\db\/mcu/
2024-09-18 20:41:04,184 [INFO] ApiDb:274 - Set plugin database path to: C:\ST\STM32CubeIDE_1.13.1\STM32CubeIDE\plugins\com.st.stm32cube.common.mx_6.9.1.202307191849\\db\/plugins/boardmanager/
2024-09-18 20:41:04,184 [INFO] ApiDb:261 - Set plugin images path to: C:\ST\STM32CubeIDE_1.13.1\STM32CubeIDE\plugins\com.st.stm32cube.common.mx_6.9.1.202307191849\\db\/plugins/mcufinder/images/
2024-09-18 20:41:04,185 [WARN] DbFile:41 - Overriding database path with different value: C:\Users\anaka\.stmcufinder\plugins\mcufinder/ => C:\Users\anaka\.stmcufinder\plugins\mcufinder
2024-09-18 20:41:04,185 [INFO] ApiDb:250 - Set database path to: C:\Users\anaka\.stmcufinder\plugins\mcufinder//mcu/
2024-09-18 20:41:04,185 [WARN] DbFile:41 - Overriding database path with different value: C:\Users\anaka\.stmcufinder\plugins\mcufinder/ => C:\Users\anaka\.stmcufinder\plugins\mcufinder
2024-09-18 20:41:04,185 [INFO] DbMcusAds:125 - Set database path to: C:\Users\anaka\.stmcufinder\plugins\mcufinder//mcu/
2024-09-18 20:41:04,185 [WARN] DbFile:41 - Overriding database path with different value: C:\Users\anaka\.stmcufinder\plugins\mcufinder/ => C:\Users\anaka\.stmcufinder\plugins\mcufinder
2024-09-18 20:41:04,186 [WARN] DbFile:41 - Overriding database path with different value: C:\Users\anaka\.stmcufinder\plugins\mcufinder/ => C:\Users\anaka\.stmcufinder\plugins\mcufinder
2024-09-18 20:41:04,186 [INFO] CrossReferenceDbSqlite:203 - Set database path to: C:\Users\anaka\.stmcufinder\plugins\mcufinder//mcu/cs/
2024-09-18 20:41:04,210 [INFO] ApplicationProperties:184 - Using Application install path: C:\ST\STM32CubeIDE_1.13.1\STM32CubeIDE\plugins\com.st.stm32cube.common.mx_6.9.1.202307191849
2024-09-18 20:41:04,211 [INFO] PluginManage:196 - Search for loadable plugins [exclusion list=, ]
2024-09-18 20:41:04,214 [INFO] PluginManage:310 - Check plugin analytics
2024-09-18 20:41:04,418 [INFO] AnalyticsPlugin:253 - Accepted Software Licenses: 
2024-09-18 20:41:04,419 [INFO] AnalyticsPlugin:255 - Accepted CMSIS Pack Licenses: 
2024-09-18 20:41:04,419 [INFO] AnalyticsPlugin:257 - Accepted Firmware Licenses: FW.F4.1.27.0
2024-09-18 20:41:04,422 [INFO] PluginManage:359 - Loaded plugin analytics (category:tool,tabindex:-1)
2024-09-18 20:41:04,422 [INFO] PluginManage:310 - Check plugin cadmodel
2024-09-18 20:41:04,428 [INFO] CADModel:105 - Init CAD model plugin
2024-09-18 20:41:04,428 [INFO] PluginManage:359 - Loaded plugin cadmodel (category:power,tabindex:5)
2024-09-18 20:41:04,428 [INFO] PluginManage:310 - Check plugin clock
2024-09-18 20:41:04,438 [INFO] PluginManage:359 - Loaded plugin clock (category:base,tabindex:2)
2024-09-18 20:41:04,439 [INFO] PluginManage:310 - Check plugin ddr
2024-09-18 20:41:04,441 [INFO] PluginManage:359 - Loaded plugin ddr (category:tool,tabindex:6)
2024-09-18 20:41:04,441 [INFO] PluginManage:310 - Check plugin filemanager
2024-09-18 20:41:04,589 [INFO] PluginManage:359 - Loaded plugin filemanager (category:base,tabindex:10)
2024-09-18 20:41:04,589 [INFO] PluginManage:310 - Check plugin ipmanager
2024-09-18 20:41:04,600 [INFO] PluginManage:359 - Loaded plugin ipmanager (category:base,tabindex:5)
2024-09-18 20:41:04,600 [INFO] PluginManage:310 - Check plugin lpbam
2024-09-18 20:41:04,609 [INFO] PluginManage:359 - Loaded plugin lpbam (category:base,tabindex:0)
2024-09-18 20:41:04,609 [INFO] PluginManage:310 - Check plugin memorymap
2024-09-18 20:41:04,624 [INFO] PluginManage:359 - Loaded plugin memorymap (category:base,tabindex:4)
2024-09-18 20:41:04,624 [INFO] PluginManage:310 - Check plugin pinoutandconfiguration
2024-09-18 20:41:04,633 [INFO] PluginManage:359 - Loaded plugin pinoutandconfiguration (category:base,tabindex:1)
2024-09-18 20:41:04,633 [INFO] PluginManage:310 - Check plugin pinoutconfig
2024-09-18 20:41:04,730 [WARN] SupportedApi:132 - Cannot load RTOS API schema: s4s-elt-must-match.1: The content of 'definitions' must match (annotation?, (simpleType | complexType)?, (unique | key | keyref)*)). A problem was found starting at: attribute.
2024-09-18 20:41:04,867 [INFO] PluginManage:359 - Loaded plugin pinoutconfig (category:base,tabindex:0)
2024-09-18 20:41:04,868 [INFO] PluginManage:310 - Check plugin power
2024-09-18 20:41:04,880 [INFO] PluginManage:359 - Loaded plugin power (category:power,tabindex:4)
2024-09-18 20:41:04,880 [INFO] PluginManage:310 - Check plugin projectmanager
2024-09-18 20:41:04,896 [INFO] PluginManage:359 - Loaded plugin projectmanager (category:projectmanager,tabindex:3)
2024-09-18 20:41:04,896 [INFO] PluginManage:310 - Check plugin thirdparty
2024-09-18 20:41:05,061 [INFO] PluginManage:359 - Loaded plugin thirdparty (category:base,tabindex:-1)
2024-09-18 20:41:05,061 [WARN] IntegrityCheckThread:84 - waiting for thirdparty lock release [integrity check]
2024-09-18 20:41:05,062 [INFO] PluginManage:310 - Check plugin tools
2024-09-18 20:41:05,062 [INFO] IntegrityCheckThread:86 - entering critical section [integrity check]
2024-09-18 20:41:05,062 [INFO] ThirdPartyUpdaterWithRetryManager:70 - Updater plugin not ready yet. [1/15]
2024-09-18 20:41:05,066 [INFO] PluginManage:359 - Loaded plugin tools (category:base,tabindex:7)
2024-09-18 20:41:05,066 [INFO] PluginManage:310 - Check plugin tutovideos
2024-09-18 20:41:05,254 [INFO] PluginManage:359 - Loaded plugin tutovideos (category:base,tabindex:-1)
2024-09-18 20:41:05,254 [INFO] PluginManage:310 - Check plugin updater
2024-09-18 20:41:05,265 [INFO] PluginManage:359 - Loaded plugin updater (category:base,tabindex:12)
2024-09-18 20:41:05,265 [INFO] PluginManage:310 - Check plugin userauth
2024-09-18 20:41:05,271 [INFO] UserAuth:113 - Init User Auth plugin
2024-09-18 20:41:05,271 [INFO] PluginManage:359 - Loaded plugin userauth (category:base,tabindex:14)
2024-09-18 20:41:05,271 [INFO] PluginManage:283 - PluginManage : Loaded plugins [17]
2024-09-18 20:41:05,530 [INFO] PinOutPanel:1499 - setPackage(No Configuration,No Configuration)
2024-09-18 20:41:05,674 [INFO] CADModel:165 - CPN selected for project level
2024-09-18 20:41:05,674 [INFO] CADModel:114 - Register for checkConnection events
2024-09-18 20:41:05,696 [INFO] IPUIPlugin:80 - create IPUIPlugin
2024-09-18 20:41:05,696 [INFO] PluginManager:220 - loadIPPluginJar : add adc
2024-09-18 20:41:05,700 [INFO] IPUIPlugin:80 - create IPUIPlugin
2024-09-18 20:41:05,700 [INFO] PluginManager:220 - loadIPPluginJar : add aes
2024-09-18 20:41:05,704 [INFO] IPUIPlugin:80 - create IPUIPlugin
2024-09-18 20:41:05,704 [INFO] PluginManager:220 - loadIPPluginJar : add can
2024-09-18 20:41:05,709 [INFO] IPUIPlugin:80 - create IPUIPlugin
2024-09-18 20:41:05,709 [INFO] PluginManager:220 - loadIPPluginJar : add comp
2024-09-18 20:41:05,713 [INFO] IPUIPlugin:80 - create IPUIPlugin
2024-09-18 20:41:05,713 [INFO] PluginManager:220 - loadIPPluginJar : add cryp
2024-09-18 20:41:05,718 [INFO] IPUIPlugin:80 - create IPUIPlugin
2024-09-18 20:41:05,718 [INFO] PluginManager:220 - loadIPPluginJar : add dfsdm
2024-09-18 20:41:05,726 [INFO] IPUIPlugin:80 - create IPUIPlugin
2024-09-18 20:41:05,729 [INFO] PluginManager:220 - loadIPPluginJar : add dma
2024-09-18 20:41:05,734 [INFO] IPUIPlugin:80 - create IPUIPlugin
2024-09-18 20:41:05,734 [INFO] PluginManager:220 - loadIPPluginJar : add dma3
2024-09-18 20:41:05,737 [INFO] IPUIPlugin:80 - create IPUIPlugin
2024-09-18 20:41:05,737 [INFO] PluginManager:220 - loadIPPluginJar : add fatfs
2024-09-18 20:41:05,746 [INFO] IPUIPlugin:80 - create IPUIPlugin
2024-09-18 20:41:05,746 [INFO] PluginManager:220 - loadIPPluginJar : add fmc
2024-09-18 20:41:05,755 [INFO] IPUIPlugin:80 - create IPUIPlugin
2024-09-18 20:41:05,755 [INFO] PluginManager:220 - loadIPPluginJar : add freertos
2024-09-18 20:41:05,758 [INFO] IPUIPlugin:80 - create IPUIPlugin
2024-09-18 20:41:05,758 [INFO] PluginManager:220 - loadIPPluginJar : add genericplugin
2024-09-18 20:41:05,762 [INFO] IPUIPlugin:80 - create IPUIPlugin
2024-09-18 20:41:05,763 [INFO] PluginManager:220 - loadIPPluginJar : add gfxmmu
2024-09-18 20:41:05,772 [INFO] IPUIPlugin:80 - create IPUIPlugin
2024-09-18 20:41:05,772 [INFO] PluginManager:220 - loadIPPluginJar : add gic
2024-09-18 20:41:05,778 [INFO] IPUIPlugin:80 - create IPUIPlugin
2024-09-18 20:41:05,778 [INFO] PluginManager:220 - loadIPPluginJar : add gpio
2024-09-18 20:41:05,784 [INFO] IPUIPlugin:80 - create IPUIPlugin
2024-09-18 20:41:05,784 [INFO] PluginManager:220 - loadIPPluginJar : add gtzc
2024-09-18 20:41:05,788 [INFO] IPUIPlugin:80 - create IPUIPlugin
2024-09-18 20:41:05,788 [INFO] PluginManager:220 - loadIPPluginJar : add hash
2024-09-18 20:41:05,792 [INFO] IPUIPlugin:80 - create IPUIPlugin
2024-09-18 20:41:05,792 [INFO] PluginManager:220 - loadIPPluginJar : add i2c
2024-09-18 20:41:05,795 [INFO] IPUIPlugin:80 - create IPUIPlugin
2024-09-18 20:41:05,796 [INFO] PluginManager:220 - loadIPPluginJar : add i2s
2024-09-18 20:41:05,800 [INFO] IPUIPlugin:80 - create IPUIPlugin
2024-09-18 20:41:05,800 [INFO] PluginManager:220 - loadIPPluginJar : add i3c
2024-09-18 20:41:05,805 [INFO] IPUIPlugin:80 - create IPUIPlugin
2024-09-18 20:41:05,805 [INFO] PluginManager:220 - loadIPPluginJar : add ipddr
2024-09-18 20:41:05,815 [INFO] IPUIPlugin:80 - create IPUIPlugin
2024-09-18 20:41:05,815 [INFO] PluginManager:220 - loadIPPluginJar : add linkedlist
2024-09-18 20:41:05,822 [INFO] IPUIPlugin:80 - create IPUIPlugin
2024-09-18 20:41:05,822 [INFO] PluginManager:220 - loadIPPluginJar : add lorawan
2024-09-18 20:41:05,824 [INFO] IPUIPlugin:80 - create IPUIPlugin
2024-09-18 20:41:05,824 [INFO] PluginManager:220 - loadIPPluginJar : add ltdc
2024-09-18 20:41:05,833 [INFO] IPUIPlugin:80 - create IPUIPlugin
2024-09-18 20:41:05,833 [INFO] PluginManager:220 - loadIPPluginJar : add mdma
2024-09-18 20:41:05,838 [INFO] IPUIPlugin:80 - create IPUIPlugin
2024-09-18 20:41:05,838 [INFO] PluginManager:220 - loadIPPluginJar : add nvic
2024-09-18 20:41:05,842 [INFO] IPUIPlugin:80 - create IPUIPlugin
2024-09-18 20:41:05,842 [INFO] PluginManager:220 - loadIPPluginJar : add opamp
2024-09-18 20:41:05,847 [INFO] IPUIPlugin:80 - create IPUIPlugin
2024-09-18 20:41:05,847 [INFO] PluginManager:220 - loadIPPluginJar : add openamp
2024-09-18 20:41:05,855 [INFO] IPUIPlugin:80 - create IPUIPlugin
2024-09-18 20:41:05,855 [INFO] PluginManager:220 - loadIPPluginJar : add pdm2pcm
2024-09-18 20:41:05,863 [INFO] IPUIPlugin:80 - create IPUIPlugin
2024-09-18 20:41:05,866 [INFO] PluginManager:220 - loadIPPluginJar : add plateformsettings
2024-09-18 20:41:05,868 [INFO] IPUIPlugin:80 - create IPUIPlugin
2024-09-18 20:41:05,868 [INFO] PluginManager:220 - loadIPPluginJar : add quadspi
2024-09-18 20:41:05,873 [INFO] IPUIPlugin:80 - create IPUIPlugin
2024-09-18 20:41:05,873 [INFO] PluginManager:220 - loadIPPluginJar : add resmgrutility
2024-09-18 20:41:05,877 [INFO] IPUIPlugin:80 - create IPUIPlugin
2024-09-18 20:41:05,878 [INFO] PluginManager:220 - loadIPPluginJar : add sai
2024-09-18 20:41:05,882 [INFO] IPUIPlugin:80 - create IPUIPlugin
2024-09-18 20:41:05,882 [INFO] PluginManager:220 - loadIPPluginJar : add spi
2024-09-18 20:41:05,888 [INFO] IPUIPlugin:80 - create IPUIPlugin
2024-09-18 20:41:05,888 [INFO] PluginManager:220 - loadIPPluginJar : add stm32_wpan
2024-09-18 20:41:05,890 [INFO] IPUIPlugin:80 - create IPUIPlugin
2024-09-18 20:41:05,891 [INFO] PluginManager:220 - loadIPPluginJar : add tim
2024-09-18 20:41:05,895 [INFO] IPUIPlugin:80 - create IPUIPlugin
2024-09-18 20:41:05,895 [INFO] PluginManager:220 - loadIPPluginJar : add touchsensing
2024-09-18 20:41:05,899 [INFO] IPUIPlugin:80 - create IPUIPlugin
2024-09-18 20:41:05,899 [INFO] PluginManager:220 - loadIPPluginJar : add tracer_emb
2024-09-18 20:41:05,902 [INFO] IPUIPlugin:80 - create IPUIPlugin
2024-09-18 20:41:05,902 [INFO] PluginManager:220 - loadIPPluginJar : add ts
2024-09-18 20:41:05,905 [INFO] IPUIPlugin:80 - create IPUIPlugin
2024-09-18 20:41:05,905 [INFO] PluginManager:220 - loadIPPluginJar : add tsc
2024-09-18 20:41:05,908 [INFO] IPUIPlugin:80 - create IPUIPlugin
2024-09-18 20:41:05,908 [INFO] PluginManager:220 - loadIPPluginJar : add ucpd
2024-09-18 20:41:05,911 [INFO] IPUIPlugin:80 - create IPUIPlugin
2024-09-18 20:41:05,912 [INFO] PluginManager:220 - loadIPPluginJar : add usart
2024-09-18 20:41:05,916 [INFO] IPUIPlugin:80 - create IPUIPlugin
2024-09-18 20:41:05,916 [INFO] PluginManager:220 - loadIPPluginJar : add usbx
2024-09-18 20:41:06,060 [INFO] CADModel:165 - CPN selected for project level
2024-09-18 20:41:06,060 [INFO] CADModel:114 - Register for checkConnection events
2024-09-18 20:41:06,060 [FATAL] Updater:308 - Updater called before beeing initialized
2024-09-18 20:41:06,060 [ERROR] CADModel:125 - Updater not yet initialized, retry later 
2024-09-18 20:41:06,230 [INFO] CADModel:165 - CPN selected for project level
2024-09-18 20:41:06,230 [INFO] CADModel:114 - Register for checkConnection events
2024-09-18 20:41:06,230 [FATAL] Updater:308 - Updater called before beeing initialized
2024-09-18 20:41:06,230 [ERROR] CADModel:125 - Updater not yet initialized, retry later 
2024-09-18 20:41:06,234 [FATAL] Updater:308 - Updater called before beeing initialized
2024-09-18 20:41:06,362 [FATAL] Updater:308 - Updater called before beeing initialized
2024-09-18 20:41:06,369 [INFO] DbMcusAds:53 - JSON generation date=Tue Mar 07 16:50:55 SGT 2023 (1678179055114)
2024-09-18 20:41:06,370 [FATAL] Updater:308 - Updater called before beeing initialized
2024-09-18 20:41:06,420 [WARN] DetailPanel:346 - Failed to get advertising image, set to default
2024-09-18 20:41:06,542 [FATAL] Updater:308 - Updater called before beeing initialized
2024-09-18 20:41:06,544 [FATAL] Updater:308 - Updater called before beeing initialized
2024-09-18 20:41:06,544 [FATAL] Updater:308 - Updater called before beeing initialized
2024-09-18 20:41:06,544 [WARN] DetailPanel:346 - Failed to get advertising image, set to default
2024-09-18 20:41:06,545 [FATAL] Updater:308 - Updater called before beeing initialized
2024-09-18 20:41:06,595 [ERROR] Updater:1120 - MainUpdater not yet initialized. External WinMGr cannot be set.
2024-09-18 20:41:06,597 [INFO] Updater:1056 - Updater Version found : 6.9.1
2024-09-18 20:41:06,616 [INFO] ApplicationProperties:184 - Using Application install path: C:\ST\STM32CubeIDE_1.13.1\STM32CubeIDE\plugins\com.st.stm32cube.common.mx_6.9.1.202307191849
2024-09-18 20:41:06,746 [INFO] MainUpdater:2868 - connection check result : 10
2024-09-18 20:41:06,746 [INFO] MainUpdater:3562 - Updater definition file requires update
2024-09-18 20:41:06,748 [INFO] MainUpdater:285 - Updater Check For Update Now.
2024-09-18 20:41:06,748 [INFO] MicroXplorer:498 - Change Database Version : DB.6.0.91
2024-09-18 20:41:06,757 [INFO] McuFinderGlobals:63 - Set McuFinder mode to 2 (CubeIDE integrated)
2024-09-18 20:41:06,757 [INFO] UserAuth:179 - activating auth plugin
2024-09-18 20:41:06,759 [INFO] UserAuth:393 - Internet connection configuration mode: 1
2024-09-18 20:41:06,765 [INFO] ServerAccessManage:473 - Download File updaters.zip
2024-09-18 20:41:06,784 [INFO] JxBrowserEngine:151 - Initiate JxBrowser Engine with user profile folder
2024-09-18 20:41:06,833 [INFO] FileExtend:240 - Unzip File : updaters.zip
2024-09-18 20:41:06,833 [INFO] FileExtend:255 - Standard Zip Deflate
2024-09-18 20:41:08,064 [WARN] MainUpdater:1189 - Updater busy. Cannot search thirdparties
2024-09-18 20:41:08,064 [INFO] ThirdPartyUpdaterWithRetryManager:96 - Updater plugin is busy. [1/15]
2024-09-18 20:41:08,264 [INFO] WebApp:157 - Instantiating new browser for Auth
2024-09-18 20:41:08,446 [INFO] ServerAccessManage:473 - Download File PacksControlFlags.xml
2024-09-18 20:41:08,563 [INFO] ServerAccessManage:473 - Download File cubemx.pidx
2024-09-18 20:41:09,271 [INFO] ServerAccessManage:473 - Download File STMicroelectronics.X-CUBE-ISPU.pdsc
2024-09-18 20:41:09,520 [INFO] WebApp:753 - Register for checkConnection events
2024-09-18 20:41:09,521 [INFO] WebApp:390 - Apply proxy settings
2024-09-18 20:41:09,521 [INFO] WebApp:475 - Chromium requires no authentication
2024-09-18 20:41:09,536 [INFO] WebApp:418 - Direct internet connection detected
2024-09-18 20:41:09,852 [INFO] WebApp:188 - Starting web application
2024-09-18 20:41:09,852 [INFO] WebApp:520 - Web application path used C:\ST\STM32CubeIDE_1.13.1\STM32CubeIDE\plugins\com.st.stm32cube.common.mx_6.9.1.202307191849\db\plugins\mcufinder\reactClient1\index.html
2024-09-18 20:41:10,166 [WARN] PackLoader:240 - Cannot read IP mode file for STMicroelectronics.X-CUBE-ISPU.2.1.0
2024-09-18 20:41:10,169 [INFO] PopulateThirdPartyThread:66 - Ending populate Thread
2024-09-18 20:41:10,171 [INFO] ThirdParty:1030 - CMSIS Pack Vendor :STMicroelectronics X-CUBE-ISPU 2.1.0
2024-09-18 20:41:10,171 [INFO] LoadServerUpdatesThread:373 - End of LoadServerUpdate Thread
2024-09-18 20:41:10,279 [INFO] CheckServerUpdateThread:120 - End of CheckServer Thread
2024-09-18 20:41:11,345 [WARN] PackLoader:240 - Cannot read IP mode file for STMicroelectronics.FP-SNS-MOTENVWB1.1.4.0
2024-09-18 20:41:11,354 [WARN] PackLoader:240 - Cannot read IP mode file for STMicroelectronics.X-CUBE-SMBUS.2.1.0
2024-09-18 20:41:11,385 [WARN] PackLoader:240 - Cannot read IP mode file for STMicroelectronics.X-CUBE-AZRTOS-F7.1.1.0
2024-09-18 20:41:11,397 [WARN] PackLoader:240 - Cannot read IP mode file for STMicroelectronics.FP-SNS-MOTENV1.4.3.2
2024-09-18 20:41:11,458 [WARN] PackLoader:240 - Cannot read IP mode file for STMicroelectronics.X-CUBE-MEMS1.11.0.0
2024-09-18 20:41:11,596 [WARN] PackLoader:240 - Cannot read IP mode file for STMicroelectronics.FP-SNS-FLIGHT1.5.0.2
2024-09-18 20:41:11,608 [WARN] PackLoader:240 - Cannot read IP mode file for STMicroelectronics.X-CUBE-DISPLAY.3.0.0
2024-09-18 20:41:11,621 [WARN] PackLoader:240 - Cannot read IP mode file for STMicroelectronics.X-CUBE-BLE1.7.0.0
2024-09-18 20:41:11,631 [WARN] PackLoader:240 - Cannot read IP mode file for emotas.I-CUBE-CANOPEN.1.3.0
2024-09-18 20:41:11,640 [WARN] PackLoader:240 - Cannot read IP mode file for STMicroelectronics.X-CUBE-TOUCHGFX.4.22.0
2024-09-18 20:41:11,654 [WARN] PackLoader:240 - Cannot read IP mode file for STMicroelectronics.X-CUBE-BLEMGR.3.1.0
2024-09-18 20:41:11,665 [WARN] PackLoader:240 - Cannot read IP mode file for STMicroelectronics.FP-SNS-SMARTAG2.1.2.0
2024-09-18 20:41:11,681 [INFO] LogOutputStream:77 - [STDOUT_REDIRECT] 1 : Invalid condition id : UX_CORESTACK_Condition cause : null
2024-09-18 20:41:11,682 [INFO] LogOutputStream:77 - [STDOUT_REDIRECT] 1 : Invalid condition id : UX_CORESTACK_Condition cause : null
2024-09-18 20:41:11,683 [INFO] LogOutputStream:77 - [STDOUT_REDIRECT] 1 : Invalid condition id : UX_CORESTACK_Condition cause : null
2024-09-18 20:41:11,686 [INFO] LogOutputStream:77 - [STDOUT_REDIRECT] 1 : Invalid condition id : UX_CORESTACK_Condition cause : null
2024-09-18 20:41:11,688 [INFO] LogOutputStream:77 - [STDOUT_REDIRECT] 1 : Invalid condition id : UX_CORESTACK_Condition cause : null
2024-09-18 20:41:11,691 [WARN] PackLoader:240 - Cannot read IP mode file for STMicroelectronics.X-CUBE-AZRTOS-WL.2.0.0
2024-09-18 20:41:11,700 [WARN] PackLoader:240 - Cannot read IP mode file for STMicroelectronics.FP-SNS-MOTENV1.5.0.0
2024-09-18 20:41:11,709 [WARN] PackLoader:240 - Cannot read IP mode file for wolfSSL.I-CUBE-wolfMQTT.1.19.0
2024-09-18 20:41:11,718 [WARN] PackLoader:240 - Cannot read IP mode file for WES.I-CUBE-Cesium.1.3.0
2024-09-18 20:41:11,728 [WARN] PackLoader:240 - Cannot read IP mode file for STMicroelectronics.X-CUBE-BLE2.3.3.0
2024-09-18 20:41:11,739 [WARN] PackLoader:240 - Cannot read IP mode file for STMicroelectronics.X-CUBE-TCPP.4.1.0
2024-09-18 20:41:11,752 [WARN] PackLoader:240 - Cannot read IP mode file for STMicroelectronics.X-CUBE-ALGOBUILD.1.3.0
2024-09-18 20:41:11,774 [WARN] PackLoader:240 - Cannot read IP mode file for STMicroelectronics.X-CUBE-AZRTOS-G0.1.1.0
2024-09-18 20:41:11,786 [WARN] PackLoader:240 - Cannot read IP mode file for STMicroelectronics.X-CUBE-SAFEA1.1.2.2
2024-09-18 20:41:11,795 [WARN] PackLoader:240 - Cannot read IP mode file for STMicroelectronics.X-CUBE-NFC4.3.0.0
2024-09-18 20:41:11,803 [ERROR] Engine:466 - C:\Users\anaka\.stm32cubemx\thirdparties\pdsc\EmbeddedOffice.I-CUBE-FS-RTOS.1.0.1.pdsc: PDSC version is not supported
2024-09-18 20:41:11,808 [ERROR] Engine:466 - C:\Users\anaka\.stm32cubemx\thirdparties\pdsc\RealThread.X-CUBE-RT-Thread_Nano.4.1.1.pdsc: PDSC version is not supported
2024-09-18 20:41:11,815 [WARN] PackLoader:240 - Cannot read IP mode file for STMicroelectronics.FP-ATR-SIGFOX1.3.2.0
2024-09-18 20:41:11,824 [WARN] PackLoader:240 - Cannot read IP mode file for STMicroelectronics.X-CUBE-EEPRMA1.5.1.0
2024-09-18 20:41:11,835 [WARN] PackLoader:240 - Cannot read IP mode file for ITTIA_DB.I-CUBE-ITTIADB.8.9.0
2024-09-18 20:41:11,871 [WARN] PackLoader:240 - Cannot read IP mode file for SEGGER.I-CUBE-embOS.1.3.1
2024-09-18 20:41:11,909 [WARN] PackLoader:240 - Cannot read IP mode file for STMicroelectronics.X-CUBE-ALGOBUILD.1.4.0
2024-09-18 20:41:11,917 [WARN] PackLoader:240 - Cannot read IP mode file for STMicroelectronics.X-CUBE-GNSS1.6.0.0
2024-09-18 20:41:11,938 [WARN] PackLoader:240 - Cannot read IP mode file for STMicroelectronics.X-CUBE-AZRTOS-F4.1.1.0
2024-09-18 20:41:11,946 [WARN] PackLoader:240 - Cannot read IP mode file for wolfSSL.I-CUBE-wolfSSL.5.6.3
2024-09-18 20:41:11,951 [WARN] PackLoader:240 - Cannot read IP mode file for STMicroelectronics.X-CUBE-ISPU.2.1.0
2024-09-18 20:41:11,958 [WARN] PackLoader:240 - Cannot read IP mode file for STMicroelectronics.X-CUBE-FREERTOS.1.2.0
2024-09-18 20:41:11,982 [WARN] PackLoader:240 - Cannot read IP mode file for STMicroelectronics.X-CUBE-AZRTOS-L5.2.0.0
2024-09-18 20:41:12,028 [WARN] PackLoader:240 - Cannot read IP mode file for STMicroelectronics.X-CUBE-MEMS1.9.6.0
2024-09-18 20:41:12,175 [WARN] PackLoader:240 - Cannot read IP mode file for STMicroelectronics.X-CUBE-NFC6.3.1.0
2024-09-18 20:41:12,186 [WARN] PackLoader:240 - Cannot read IP mode file for STMicroelectronics.X-CUBE-BLEMGR.2.0.0
2024-09-18 20:41:12,193 [ERROR] Engine:466 - C:\Users\anaka\.stm32cubemx\thirdparties\pdsc\STMicroelectronics.X-CUBE-DPower.1.2.0.pdsc: PDSC version is not supported
2024-09-18 20:41:12,200 [WARN] PackLoader:240 - Cannot read IP mode file for STMicroelectronics.X-CUBE-AI.9.0.0
2024-09-18 20:41:12,223 [WARN] ConditionMgr:438 - getConditionDescription Invalid condition id : UX DEVICE CLASS RTOS Condition cause : null
2024-09-18 20:41:12,224 [WARN] ConditionMgr:438 - getConditionDescription Invalid condition id : UX DEVICE CLASS RTOS Condition cause : null
2024-09-18 20:41:12,228 [WARN] PackLoader:240 - Cannot read IP mode file for STMicroelectronics.X-CUBE-AZRTOS-H7.3.1.0
2024-09-18 20:41:12,229 [WARN] ConditionMgr:1039 - genDependencies : Invalid condition id : UX DEVICE CLASS RTOS Condition cause : null
2024-09-18 20:41:12,230 [WARN] ConditionMgr:1039 - genDependencies : Invalid condition id : UX DEVICE CLASS RTOS Condition cause : null
2024-09-18 20:41:12,230 [WARN] ConditionMgr:1039 - genDependencies : Invalid condition id : UX DEVICE CLASS RTOS Condition cause : null
2024-09-18 20:41:12,231 [WARN] ConditionMgr:1039 - genDependencies : Invalid condition id : UX DEVICE CLASS RTOS Condition cause : null
2024-09-18 20:41:12,231 [WARN] ConditionMgr:1039 - genDependencies : Invalid condition id : UX DEVICE CLASS RTOS Condition cause : null
2024-09-18 20:41:12,241 [WARN] PackLoader:240 - Cannot read IP mode file for STMicroelectronics.X-CUBE-NFC7.1.0.1
2024-09-18 20:41:12,249 [WARN] PackLoader:240 - Cannot read IP mode file for STMicroelectronics.X-CUBE-EEPRMA1.4.1.0
2024-09-18 20:41:12,256 [WARN] PackLoader:240 - Cannot read IP mode file for STMicroelectronics.X-CUBE-AI.8.1.0
2024-09-18 20:41:12,291 [WARN] ConditionMgr:438 - getConditionDescription Invalid condition id : LAN8742 Phy interface Condition cause : null
2024-09-18 20:41:12,291 [WARN] PackLoader:240 - Cannot read IP mode file for STMicroelectronics.X-CUBE-AZRTOS-L4.2.0.0
2024-09-18 20:41:12,292 [WARN] ConditionMgr:1039 - genDependencies : Invalid condition id : LAN8742 Phy interface Condition cause : null
2024-09-18 20:41:12,293 [WARN] ConditionMgr:1039 - genDependencies : Invalid condition id : LAN8742 Phy interface Condition cause : null
2024-09-18 20:41:12,293 [WARN] ConditionMgr:1039 - genDependencies : Invalid condition id : LAN8742 Phy interface Condition cause : null
2024-09-18 20:41:12,305 [WARN] PackLoader:240 - Cannot read IP mode file for STMicroelectronics.X-CUBE-SFXS2LP1.4.0.0
2024-09-18 20:41:12,313 [WARN] PackLoader:240 - Cannot read IP mode file for STMicroelectronics.X-CUBE-ISPU.1.1.0
2024-09-18 20:41:12,339 [WARN] PackLoader:240 - Cannot read IP mode file for STMicroelectronics.X-CUBE-AZRTOS-H7.3.3.0
2024-09-18 20:41:12,361 [WARN] ConditionMgr:438 - getConditionDescription Invalid condition id : UX DEVICE CLASS RTOS Condition cause : null
2024-09-18 20:41:12,361 [WARN] ConditionMgr:438 - getConditionDescription Invalid condition id : UX DEVICE CLASS RTOS Condition cause : null
2024-09-18 20:41:12,363 [WARN] PackLoader:240 - Cannot read IP mode file for STMicroelectronics.X-CUBE-AZRTOS-WB.2.0.0
2024-09-18 20:41:12,363 [WARN] ConditionMgr:1039 - genDependencies : Invalid condition id : UX DEVICE CLASS RTOS Condition cause : null
2024-09-18 20:41:12,364 [WARN] ConditionMgr:1039 - genDependencies : Invalid condition id : UX DEVICE CLASS RTOS Condition cause : null
2024-09-18 20:41:12,364 [WARN] ConditionMgr:1039 - genDependencies : Invalid condition id : UX DEVICE CLASS RTOS Condition cause : null
2024-09-18 20:41:12,364 [WARN] ConditionMgr:1039 - genDependencies : Invalid condition id : UX DEVICE CLASS RTOS Condition cause : null
2024-09-18 20:41:12,364 [WARN] ConditionMgr:1039 - genDependencies : Invalid condition id : UX DEVICE CLASS RTOS Condition cause : null
2024-09-18 20:41:12,371 [WARN] PackLoader:240 - Cannot read IP mode file for STMicroelectronics.X-CUBE-FREERTOS.1.0.1
2024-09-18 20:41:12,379 [WARN] PackLoader:240 - Cannot read IP mode file for STMicroelectronics.X-CUBE-GNSS1.7.0.0
2024-09-18 20:41:12,386 [ERROR] Engine:466 - C:\Users\anaka\.stm32cubemx\thirdparties\pdsc\STMicroelectronics.FP-SNS-STBOX1.2.0.0.pdsc: PDSC version is not supported
2024-09-18 20:41:12,402 [WARN] PackLoader:240 - Cannot read IP mode file for STMicroelectronics.X-CUBE-SUBG2.5.0.0
2024-09-18 20:41:12,415 [WARN] PackLoader:240 - Cannot read IP mode file for Cesanta.I-CUBE-Mongoose.7.13.0
2024-09-18 20:41:12,429 [WARN] PackLoader:240 - Cannot read IP mode file for STMicroelectronics.X-CUBE-TOF1.3.3.1
2024-09-18 20:41:12,456 [WARN] PackLoader:240 - Cannot read IP mode file for STMicroelectronics.X-CUBE-AZRTOS-G4.2.0.0
2024-09-18 20:41:12,463 [WARN] PackLoader:240 - Cannot read IP mode file for STMicroelectronics.X-CUBE-ISPU.2.0.0
2024-09-18 20:41:12,470 [WARN] PackLoader:240 - Cannot read IP mode file for STMicroelectronics.X-CUBE-ALS.1.0.2
2024-09-18 20:41:12,476 [WARN] PackLoader:240 - Cannot read IP mode file for STMicroelectronics.X-CUBE-TOUCHGFX.4.24.0
2024-09-18 20:41:12,483 [WARN] PackLoader:240 - Cannot read IP mode file for wolfSSL.I-CUBE-wolfTPM.3.4.0
2024-09-18 20:41:12,492 [WARN] PackLoader:240 - Cannot read IP mode file for portGmbH.I-Cube-SoM-uGOAL.1.1.0
2024-09-18 20:41:12,498 [WARN] PackLoader:240 - Cannot read IP mode file for STMicroelectronics.X-CUBE-ALS.1.0.1
2024-09-18 20:41:12,524 [WARN] PackLoader:240 - Cannot read IP mode file for STMicroelectronics.X-CUBE-AZRTOS-H7RS.1.0.0
2024-09-18 20:41:12,532 [WARN] PackLoader:240 - Cannot read IP mode file for STMicroelectronics.FP-ATR-ASTRA1.2.0.0
2024-09-18 20:41:12,543 [ERROR] Engine:466 - C:\Users\anaka\.stm32cubemx\thirdparties\pdsc\STMicroelectronics.X-CUBE-TOF1.3.4.2.pdsc: PDSC version is not supported
2024-09-18 20:41:12,553 [ERROR] Engine:466 - C:\Users\anaka\.stm32cubemx\thirdparties\pdsc\Infineon.AIROC-Wi-Fi-Bluetooth-STM32.1.6.1.pdsc: PDSC version is not supported
2024-09-18 20:41:12,559 [WARN] PackLoader:240 - Cannot read IP mode file for wolfSSL.I-CUBE-wolfSSH.1.4.17
2024-09-18 20:41:12,561 [INFO] ThirdParty:978 - Integrity check success = true
2024-09-18 20:41:12,561 [INFO] IntegrityCheckThread:100 - exiting critical section [integrity check]
2024-09-18 20:41:12,561 [INFO] IntegrityCheckThread:103 - End integrity checks thread
2024-09-18 20:41:30,693 [ERROR] LogOutputStream:75 - [STDERR_REDIRECT] SLF4J: Failed to load class "org.slf4j.impl.StaticLoggerBinder".
2024-09-18 20:41:30,694 [ERROR] LogOutputStream:75 - [STDERR_REDIRECT] SLF4J: Defaulting to no-operation (NOP) logger implementation
2024-09-18 20:41:30,696 [ERROR] LogOutputStream:75 - [STDERR_REDIRECT] SLF4J: See http://www.slf4j.org/codes.html#StaticLoggerBinder for further details.
