2024-08-29 09:19:00,555 [INFO] Activator:176 - 


2024-08-29 09:19:00,557 [INFO] Activator:177 - !SESSION log4j initialized
2024-08-29 09:19:04,424 [INFO] LogOutputStream:77 - [STDOUT_REDIRECT] 
2024-08-29 09:19:06,692 [INFO] ApplicationProperties:184 - Using Application install path: C:\ST\STM32CubeIDE_1.13.1\STM32CubeIDE\plugins\com.st.stm32cube.common.mx_6.9.1.202307191849
2024-08-29 09:19:06,716 [INFO] DbMcusXml:78 - Set database path to: C:\ST\STM32CubeIDE_1.13.1\STM32CubeIDE\plugins\com.st.stm32cube.common.mx_6.9.1.202307191849\\db\/mcu/
2024-08-29 09:19:06,716 [INFO] ApiDb:274 - Set plugin database path to: C:\ST\STM32CubeIDE_1.13.1\STM32CubeIDE\plugins\com.st.stm32cube.common.mx_6.9.1.202307191849\\db\/plugins/boardmanager/
2024-08-29 09:19:06,717 [WARN] ApiDb:259 - Overriding images path with different value:  => C:\ST\STM32CubeIDE_1.13.1\STM32CubeIDE\plugins\com.st.stm32cube.common.mx_6.9.1.202307191849\\db\/plugins/mcufinder/images/
2024-08-29 09:19:06,734 [INFO] ApiDb:250 - Set database path to: C:\Users\anaka\.stmcufinder\plugins\mcufinder//mcu/
2024-08-29 09:19:06,737 [INFO] DbMcusAds:125 - Set database path to: C:\Users\anaka\.stmcufinder\plugins\mcufinder//mcu/
2024-08-29 09:19:06,739 [INFO] CrossReferenceDbSqlite:203 - Set database path to: C:\Users\anaka\.stmcufinder\plugins\mcufinder//mcu/cs/
2024-08-29 09:19:06,881 [INFO] RulesReader:64 - Compatibility file has been processed (293 Rules)
2024-08-29 09:19:06,996 [INFO] DbMcusXml:78 - Set database path to: C:\ST\STM32CubeIDE_1.13.1\STM32CubeIDE\plugins\com.st.stm32cube.common.mx_6.9.1.202307191849\\db\/mcu/
2024-08-29 09:19:06,997 [INFO] ApiDb:274 - Set plugin database path to: C:\ST\STM32CubeIDE_1.13.1\STM32CubeIDE\plugins\com.st.stm32cube.common.mx_6.9.1.202307191849\\db\/plugins/boardmanager/
2024-08-29 09:19:06,997 [INFO] ApiDb:261 - Set plugin images path to: C:\ST\STM32CubeIDE_1.13.1\STM32CubeIDE\plugins\com.st.stm32cube.common.mx_6.9.1.202307191849\\db\/plugins/mcufinder/images/
2024-08-29 09:19:06,997 [WARN] DbFile:41 - Overriding database path with different value: C:\Users\anaka\.stmcufinder\plugins\mcufinder/ => C:\Users\anaka\.stmcufinder\plugins\mcufinder
2024-08-29 09:19:06,997 [INFO] ApiDb:250 - Set database path to: C:\Users\anaka\.stmcufinder\plugins\mcufinder//mcu/
2024-08-29 09:19:06,997 [WARN] DbFile:41 - Overriding database path with different value: C:\Users\anaka\.stmcufinder\plugins\mcufinder/ => C:\Users\anaka\.stmcufinder\plugins\mcufinder
2024-08-29 09:19:06,997 [INFO] DbMcusAds:125 - Set database path to: C:\Users\anaka\.stmcufinder\plugins\mcufinder//mcu/
2024-08-29 09:19:06,998 [WARN] DbFile:41 - Overriding database path with different value: C:\Users\anaka\.stmcufinder\plugins\mcufinder/ => C:\Users\anaka\.stmcufinder\plugins\mcufinder
2024-08-29 09:19:06,998 [WARN] DbFile:41 - Overriding database path with different value: C:\Users\anaka\.stmcufinder\plugins\mcufinder/ => C:\Users\anaka\.stmcufinder\plugins\mcufinder
2024-08-29 09:19:06,998 [INFO] CrossReferenceDbSqlite:203 - Set database path to: C:\Users\anaka\.stmcufinder\plugins\mcufinder//mcu/cs/
2024-08-29 09:19:07,103 [INFO] MainPanel:262 - HeapMemory: 268435456
2024-08-29 09:19:07,218 [INFO] DbMcusXml:78 - Set database path to: C:\ST\STM32CubeIDE_1.13.1\STM32CubeIDE\plugins\com.st.stm32cube.common.mx_6.9.1.202307191849\\db\/mcu/
2024-08-29 09:19:07,218 [INFO] ApiDb:274 - Set plugin database path to: C:\ST\STM32CubeIDE_1.13.1\STM32CubeIDE\plugins\com.st.stm32cube.common.mx_6.9.1.202307191849\\db\/plugins/boardmanager/
2024-08-29 09:19:07,218 [INFO] ApiDb:261 - Set plugin images path to: C:\ST\STM32CubeIDE_1.13.1\STM32CubeIDE\plugins\com.st.stm32cube.common.mx_6.9.1.202307191849\\db\/plugins/mcufinder/images/
2024-08-29 09:19:07,219 [WARN] DbFile:41 - Overriding database path with different value: C:\Users\anaka\.stmcufinder\plugins\mcufinder/ => C:\Users\anaka\.stmcufinder\plugins\mcufinder
2024-08-29 09:19:07,219 [INFO] ApiDb:250 - Set database path to: C:\Users\anaka\.stmcufinder\plugins\mcufinder//mcu/
2024-08-29 09:19:07,219 [WARN] DbFile:41 - Overriding database path with different value: C:\Users\anaka\.stmcufinder\plugins\mcufinder/ => C:\Users\anaka\.stmcufinder\plugins\mcufinder
2024-08-29 09:19:07,219 [INFO] DbMcusAds:125 - Set database path to: C:\Users\anaka\.stmcufinder\plugins\mcufinder//mcu/
2024-08-29 09:19:07,219 [WARN] DbFile:41 - Overriding database path with different value: C:\Users\anaka\.stmcufinder\plugins\mcufinder/ => C:\Users\anaka\.stmcufinder\plugins\mcufinder
2024-08-29 09:19:07,219 [WARN] DbFile:41 - Overriding database path with different value: C:\Users\anaka\.stmcufinder\plugins\mcufinder/ => C:\Users\anaka\.stmcufinder\plugins\mcufinder
2024-08-29 09:19:07,220 [INFO] CrossReferenceDbSqlite:203 - Set database path to: C:\Users\anaka\.stmcufinder\plugins\mcufinder//mcu/cs/
2024-08-29 09:19:07,243 [INFO] ApplicationProperties:184 - Using Application install path: C:\ST\STM32CubeIDE_1.13.1\STM32CubeIDE\plugins\com.st.stm32cube.common.mx_6.9.1.202307191849
2024-08-29 09:19:07,244 [INFO] PluginManage:196 - Search for loadable plugins [exclusion list=, ]
2024-08-29 09:19:07,246 [INFO] PluginManage:310 - Check plugin analytics
2024-08-29 09:19:07,415 [INFO] AnalyticsPlugin:253 - Accepted Software Licenses: 
2024-08-29 09:19:07,416 [INFO] AnalyticsPlugin:255 - Accepted CMSIS Pack Licenses: 
2024-08-29 09:19:07,416 [INFO] AnalyticsPlugin:257 - Accepted Firmware Licenses: FW.F4.1.27.0
2024-08-29 09:19:07,420 [INFO] PluginManage:359 - Loaded plugin analytics (category:tool,tabindex:-1)
2024-08-29 09:19:07,420 [INFO] PluginManage:310 - Check plugin cadmodel
2024-08-29 09:19:07,463 [INFO] CADModel:105 - Init CAD model plugin
2024-08-29 09:19:07,463 [INFO] PluginManage:359 - Loaded plugin cadmodel (category:power,tabindex:5)
2024-08-29 09:19:07,463 [INFO] PluginManage:310 - Check plugin clock
2024-08-29 09:19:07,513 [INFO] PluginManage:359 - Loaded plugin clock (category:base,tabindex:2)
2024-08-29 09:19:07,514 [INFO] PluginManage:310 - Check plugin ddr
2024-08-29 09:19:07,517 [INFO] PluginManage:359 - Loaded plugin ddr (category:tool,tabindex:6)
2024-08-29 09:19:07,517 [INFO] PluginManage:310 - Check plugin filemanager
2024-08-29 09:19:07,662 [INFO] PluginManage:359 - Loaded plugin filemanager (category:base,tabindex:10)
2024-08-29 09:19:07,662 [INFO] PluginManage:310 - Check plugin ipmanager
2024-08-29 09:19:07,676 [INFO] PluginManage:359 - Loaded plugin ipmanager (category:base,tabindex:5)
2024-08-29 09:19:07,676 [INFO] PluginManage:310 - Check plugin lpbam
2024-08-29 09:19:07,716 [INFO] PluginManage:359 - Loaded plugin lpbam (category:base,tabindex:0)
2024-08-29 09:19:07,716 [INFO] PluginManage:310 - Check plugin memorymap
2024-08-29 09:19:07,754 [INFO] PluginManage:359 - Loaded plugin memorymap (category:base,tabindex:4)
2024-08-29 09:19:07,754 [INFO] PluginManage:310 - Check plugin pinoutandconfiguration
2024-08-29 09:19:07,808 [INFO] PluginManage:359 - Loaded plugin pinoutandconfiguration (category:base,tabindex:1)
2024-08-29 09:19:07,808 [INFO] PluginManage:310 - Check plugin pinoutconfig
2024-08-29 09:19:07,950 [WARN] SupportedApi:132 - Cannot load RTOS API schema: s4s-elt-must-match.1: The content of 'definitions' must match (annotation?, (simpleType | complexType)?, (unique | key | keyref)*)). A problem was found starting at: attribute.
2024-08-29 09:19:08,138 [INFO] PluginManage:359 - Loaded plugin pinoutconfig (category:base,tabindex:0)
2024-08-29 09:19:08,138 [INFO] PluginManage:310 - Check plugin power
2024-08-29 09:19:08,192 [INFO] PluginManage:359 - Loaded plugin power (category:power,tabindex:4)
2024-08-29 09:19:08,192 [INFO] PluginManage:310 - Check plugin projectmanager
2024-08-29 09:19:08,208 [INFO] PluginManage:359 - Loaded plugin projectmanager (category:projectmanager,tabindex:3)
2024-08-29 09:19:08,208 [INFO] PluginManage:310 - Check plugin thirdparty
2024-08-29 09:19:08,427 [INFO] PluginManage:359 - Loaded plugin thirdparty (category:base,tabindex:-1)
2024-08-29 09:19:08,427 [WARN] IntegrityCheckThread:84 - waiting for thirdparty lock release [integrity check]
2024-08-29 09:19:08,427 [INFO] PluginManage:310 - Check plugin tools
2024-08-29 09:19:08,427 [INFO] IntegrityCheckThread:86 - entering critical section [integrity check]
2024-08-29 09:19:08,428 [INFO] ThirdPartyUpdaterWithRetryManager:70 - Updater plugin not ready yet. [1/15]
2024-08-29 09:19:08,437 [INFO] PluginManage:359 - Loaded plugin tools (category:base,tabindex:7)
2024-08-29 09:19:08,437 [INFO] PluginManage:310 - Check plugin tutovideos
2024-08-29 09:19:08,704 [INFO] PluginManage:359 - Loaded plugin tutovideos (category:base,tabindex:-1)
2024-08-29 09:19:08,704 [INFO] PluginManage:310 - Check plugin updater
2024-08-29 09:19:08,717 [INFO] PluginManage:359 - Loaded plugin updater (category:base,tabindex:12)
2024-08-29 09:19:08,718 [INFO] PluginManage:310 - Check plugin userauth
2024-08-29 09:19:08,723 [INFO] UserAuth:113 - Init User Auth plugin
2024-08-29 09:19:08,723 [INFO] PluginManage:359 - Loaded plugin userauth (category:base,tabindex:14)
2024-08-29 09:19:08,724 [INFO] PluginManage:283 - PluginManage : Loaded plugins [17]
2024-08-29 09:19:08,994 [INFO] PinOutPanel:1499 - setPackage(No Configuration,No Configuration)
2024-08-29 09:19:09,145 [INFO] CADModel:165 - CPN selected for project level
2024-08-29 09:19:09,146 [INFO] CADModel:114 - Register for checkConnection events
2024-08-29 09:19:09,175 [INFO] IPUIPlugin:80 - create IPUIPlugin
2024-08-29 09:19:09,175 [INFO] PluginManager:220 - loadIPPluginJar : add adc
2024-08-29 09:19:09,183 [INFO] IPUIPlugin:80 - create IPUIPlugin
2024-08-29 09:19:09,184 [INFO] PluginManager:220 - loadIPPluginJar : add aes
2024-08-29 09:19:09,192 [INFO] IPUIPlugin:80 - create IPUIPlugin
2024-08-29 09:19:09,192 [INFO] PluginManager:220 - loadIPPluginJar : add can
2024-08-29 09:19:09,198 [INFO] IPUIPlugin:80 - create IPUIPlugin
2024-08-29 09:19:09,198 [INFO] PluginManager:220 - loadIPPluginJar : add comp
2024-08-29 09:19:09,206 [INFO] IPUIPlugin:80 - create IPUIPlugin
2024-08-29 09:19:09,206 [INFO] PluginManager:220 - loadIPPluginJar : add cryp
2024-08-29 09:19:09,213 [INFO] IPUIPlugin:80 - create IPUIPlugin
2024-08-29 09:19:09,213 [INFO] PluginManager:220 - loadIPPluginJar : add dfsdm
2024-08-29 09:19:09,229 [INFO] IPUIPlugin:80 - create IPUIPlugin
2024-08-29 09:19:09,230 [INFO] PluginManager:220 - loadIPPluginJar : add dma
2024-08-29 09:19:09,237 [INFO] IPUIPlugin:80 - create IPUIPlugin
2024-08-29 09:19:09,237 [INFO] PluginManager:220 - loadIPPluginJar : add dma3
2024-08-29 09:19:09,243 [INFO] IPUIPlugin:80 - create IPUIPlugin
2024-08-29 09:19:09,243 [INFO] PluginManager:220 - loadIPPluginJar : add fatfs
2024-08-29 09:19:09,253 [INFO] IPUIPlugin:80 - create IPUIPlugin
2024-08-29 09:19:09,253 [INFO] PluginManager:220 - loadIPPluginJar : add fmc
2024-08-29 09:19:09,302 [INFO] IPUIPlugin:80 - create IPUIPlugin
2024-08-29 09:19:09,303 [INFO] PluginManager:220 - loadIPPluginJar : add freertos
2024-08-29 09:19:09,309 [INFO] IPUIPlugin:80 - create IPUIPlugin
2024-08-29 09:19:09,309 [INFO] PluginManager:220 - loadIPPluginJar : add genericplugin
2024-08-29 09:19:09,321 [INFO] IPUIPlugin:80 - create IPUIPlugin
2024-08-29 09:19:09,321 [INFO] PluginManager:220 - loadIPPluginJar : add gfxmmu
2024-08-29 09:19:09,337 [INFO] IPUIPlugin:80 - create IPUIPlugin
2024-08-29 09:19:09,338 [INFO] PluginManager:220 - loadIPPluginJar : add gic
2024-08-29 09:19:09,362 [INFO] IPUIPlugin:80 - create IPUIPlugin
2024-08-29 09:19:09,362 [INFO] PluginManager:220 - loadIPPluginJar : add gpio
2024-08-29 09:19:09,375 [INFO] IPUIPlugin:80 - create IPUIPlugin
2024-08-29 09:19:09,375 [INFO] PluginManager:220 - loadIPPluginJar : add gtzc
2024-08-29 09:19:09,382 [INFO] IPUIPlugin:80 - create IPUIPlugin
2024-08-29 09:19:09,382 [INFO] PluginManager:220 - loadIPPluginJar : add hash
2024-08-29 09:19:09,391 [INFO] IPUIPlugin:80 - create IPUIPlugin
2024-08-29 09:19:09,391 [INFO] PluginManager:220 - loadIPPluginJar : add i2c
2024-08-29 09:19:09,399 [INFO] IPUIPlugin:80 - create IPUIPlugin
2024-08-29 09:19:09,399 [INFO] PluginManager:220 - loadIPPluginJar : add i2s
2024-08-29 09:19:09,407 [INFO] IPUIPlugin:80 - create IPUIPlugin
2024-08-29 09:19:09,407 [INFO] PluginManager:220 - loadIPPluginJar : add i3c
2024-08-29 09:19:09,418 [INFO] IPUIPlugin:80 - create IPUIPlugin
2024-08-29 09:19:09,418 [INFO] PluginManager:220 - loadIPPluginJar : add ipddr
2024-08-29 09:19:09,433 [INFO] IPUIPlugin:80 - create IPUIPlugin
2024-08-29 09:19:09,433 [INFO] PluginManager:220 - loadIPPluginJar : add linkedlist
2024-08-29 09:19:09,444 [INFO] IPUIPlugin:80 - create IPUIPlugin
2024-08-29 09:19:09,444 [INFO] PluginManager:220 - loadIPPluginJar : add lorawan
2024-08-29 09:19:09,451 [INFO] IPUIPlugin:80 - create IPUIPlugin
2024-08-29 09:19:09,451 [INFO] PluginManager:220 - loadIPPluginJar : add ltdc
2024-08-29 09:19:09,475 [INFO] IPUIPlugin:80 - create IPUIPlugin
2024-08-29 09:19:09,475 [INFO] PluginManager:220 - loadIPPluginJar : add mdma
2024-08-29 09:19:09,497 [INFO] IPUIPlugin:80 - create IPUIPlugin
2024-08-29 09:19:09,497 [INFO] PluginManager:220 - loadIPPluginJar : add nvic
2024-08-29 09:19:09,505 [INFO] IPUIPlugin:80 - create IPUIPlugin
2024-08-29 09:19:09,505 [INFO] PluginManager:220 - loadIPPluginJar : add opamp
2024-08-29 09:19:09,515 [INFO] IPUIPlugin:80 - create IPUIPlugin
2024-08-29 09:19:09,516 [INFO] PluginManager:220 - loadIPPluginJar : add openamp
2024-08-29 09:19:09,524 [INFO] IPUIPlugin:80 - create IPUIPlugin
2024-08-29 09:19:09,524 [INFO] PluginManager:220 - loadIPPluginJar : add pdm2pcm
2024-08-29 09:19:09,549 [INFO] IPUIPlugin:80 - create IPUIPlugin
2024-08-29 09:19:09,551 [INFO] PluginManager:220 - loadIPPluginJar : add plateformsettings
2024-08-29 09:19:09,557 [INFO] IPUIPlugin:80 - create IPUIPlugin
2024-08-29 09:19:09,557 [INFO] PluginManager:220 - loadIPPluginJar : add quadspi
2024-08-29 09:19:09,614 [INFO] IPUIPlugin:80 - create IPUIPlugin
2024-08-29 09:19:09,614 [INFO] PluginManager:220 - loadIPPluginJar : add resmgrutility
2024-08-29 09:19:09,622 [INFO] IPUIPlugin:80 - create IPUIPlugin
2024-08-29 09:19:09,622 [INFO] PluginManager:220 - loadIPPluginJar : add sai
2024-08-29 09:19:09,630 [INFO] IPUIPlugin:80 - create IPUIPlugin
2024-08-29 09:19:09,630 [INFO] PluginManager:220 - loadIPPluginJar : add spi
2024-08-29 09:19:09,641 [INFO] IPUIPlugin:80 - create IPUIPlugin
2024-08-29 09:19:09,641 [INFO] PluginManager:220 - loadIPPluginJar : add stm32_wpan
2024-08-29 09:19:09,646 [INFO] IPUIPlugin:80 - create IPUIPlugin
2024-08-29 09:19:09,646 [INFO] PluginManager:220 - loadIPPluginJar : add tim
2024-08-29 09:19:09,655 [INFO] IPUIPlugin:80 - create IPUIPlugin
2024-08-29 09:19:09,655 [INFO] PluginManager:220 - loadIPPluginJar : add touchsensing
2024-08-29 09:19:09,661 [INFO] IPUIPlugin:80 - create IPUIPlugin
2024-08-29 09:19:09,661 [INFO] PluginManager:220 - loadIPPluginJar : add tracer_emb
2024-08-29 09:19:09,666 [INFO] IPUIPlugin:80 - create IPUIPlugin
2024-08-29 09:19:09,666 [INFO] PluginManager:220 - loadIPPluginJar : add ts
2024-08-29 09:19:09,672 [INFO] IPUIPlugin:80 - create IPUIPlugin
2024-08-29 09:19:09,672 [INFO] PluginManager:220 - loadIPPluginJar : add tsc
2024-08-29 09:19:09,680 [INFO] IPUIPlugin:80 - create IPUIPlugin
2024-08-29 09:19:09,680 [INFO] PluginManager:220 - loadIPPluginJar : add ucpd
2024-08-29 09:19:09,689 [INFO] IPUIPlugin:80 - create IPUIPlugin
2024-08-29 09:19:09,690 [INFO] PluginManager:220 - loadIPPluginJar : add usart
2024-08-29 09:19:09,698 [INFO] IPUIPlugin:80 - create IPUIPlugin
2024-08-29 09:19:09,698 [INFO] PluginManager:220 - loadIPPluginJar : add usbx
2024-08-29 09:19:09,834 [INFO] CADModel:165 - CPN selected for project level
2024-08-29 09:19:09,835 [INFO] CADModel:114 - Register for checkConnection events
2024-08-29 09:19:09,835 [FATAL] Updater:308 - Updater called before beeing initialized
2024-08-29 09:19:09,836 [ERROR] CADModel:125 - Updater not yet initialized, retry later 
2024-08-29 09:19:10,042 [INFO] CADModel:165 - CPN selected for project level
2024-08-29 09:19:10,042 [INFO] CADModel:114 - Register for checkConnection events
2024-08-29 09:19:10,042 [FATAL] Updater:308 - Updater called before beeing initialized
2024-08-29 09:19:10,042 [ERROR] CADModel:125 - Updater not yet initialized, retry later 
2024-08-29 09:19:10,045 [FATAL] Updater:308 - Updater called before beeing initialized
2024-08-29 09:19:10,166 [FATAL] Updater:308 - Updater called before beeing initialized
2024-08-29 09:19:10,172 [INFO] DbMcusAds:53 - JSON generation date=Tue Mar 07 16:50:55 SGT 2023 (1678179055114)
2024-08-29 09:19:10,173 [FATAL] Updater:308 - Updater called before beeing initialized
2024-08-29 09:19:10,224 [WARN] DetailPanel:346 - Failed to get advertising image, set to default
2024-08-29 09:19:10,341 [FATAL] Updater:308 - Updater called before beeing initialized
2024-08-29 09:19:10,342 [FATAL] Updater:308 - Updater called before beeing initialized
2024-08-29 09:19:10,343 [FATAL] Updater:308 - Updater called before beeing initialized
2024-08-29 09:19:10,343 [WARN] DetailPanel:346 - Failed to get advertising image, set to default
2024-08-29 09:19:10,343 [FATAL] Updater:308 - Updater called before beeing initialized
2024-08-29 09:19:10,396 [ERROR] Updater:1120 - MainUpdater not yet initialized. External WinMGr cannot be set.
2024-08-29 09:19:10,399 [INFO] Updater:1056 - Updater Version found : 6.9.1
2024-08-29 09:19:10,413 [INFO] ApplicationProperties:184 - Using Application install path: C:\ST\STM32CubeIDE_1.13.1\STM32CubeIDE\plugins\com.st.stm32cube.common.mx_6.9.1.202307191849
2024-08-29 09:19:10,532 [INFO] MainUpdater:2868 - connection check result : 10
2024-08-29 09:19:10,532 [INFO] MainUpdater:3562 - Updater definition file requires update
2024-08-29 09:19:10,532 [INFO] MainUpdater:285 - Updater Check For Update Now.
2024-08-29 09:19:10,533 [INFO] MicroXplorer:498 - Change Database Version : DB.6.0.91
2024-08-29 09:19:10,541 [INFO] McuFinderGlobals:63 - Set McuFinder mode to 2 (CubeIDE integrated)
2024-08-29 09:19:10,542 [INFO] UserAuth:179 - activating auth plugin
2024-08-29 09:19:10,544 [INFO] UserAuth:393 - Internet connection configuration mode: 1
2024-08-29 09:19:10,545 [INFO] ServerAccessManage:473 - Download File updaters.zip
2024-08-29 09:19:10,574 [INFO] JxBrowserEngine:151 - Initiate JxBrowser Engine with user profile folder
2024-08-29 09:19:10,627 [INFO] FileExtend:240 - Unzip File : updaters.zip
2024-08-29 09:19:10,627 [INFO] FileExtend:255 - Standard Zip Deflate
2024-08-29 09:19:11,430 [WARN] MainUpdater:1189 - Updater busy. Cannot search thirdparties
2024-08-29 09:19:11,430 [INFO] ThirdPartyUpdaterWithRetryManager:96 - Updater plugin is busy. [1/15]
2024-08-29 09:19:11,915 [INFO] ServerAccessManage:473 - Download File PacksControlFlags.xml
2024-08-29 09:19:11,985 [INFO] ServerAccessManage:473 - Download File cubemx.pidx
2024-08-29 09:19:12,234 [INFO] ServerAccessManage:473 - Download File STMicroelectronics.FP-SNS-STBOX1.pdsc
2024-08-29 09:19:12,400 [INFO] ServerAccessManage:473 - Download File STMicroelectronics.FP-SNS-MOTENV1.pdsc
2024-08-29 09:19:12,559 [INFO] ServerAccessManage:473 - Download File STMicroelectronics.FP-SNS-MOTENVWB1.pdsc
2024-08-29 09:19:12,752 [INFO] ServerAccessManage:473 - Download File STMicroelectronics.FP-SNS-SMARTAG2.pdsc
2024-08-29 09:19:12,856 [INFO] ServerAccessManage:473 - Download File STMicroelectronics.X-CUBE-AI.pdsc
2024-08-29 09:19:13,173 [INFO] WebApp:157 - Instantiating new browser for Auth
2024-08-29 09:19:13,381 [INFO] ServerAccessManage:473 - Download File STMicroelectronics.X-CUBE-ALS.pdsc
2024-08-29 09:19:13,550 [INFO] ServerAccessManage:473 - Download File STMicroelectronics.X-CUBE-BLEMGR.pdsc
2024-08-29 09:19:13,781 [INFO] ServerAccessManage:473 - Download File STMicroelectronics.X-CUBE-DPOWER.pdsc
2024-08-29 09:19:14,148 [INFO] WebApp:753 - Register for checkConnection events
2024-08-29 09:19:14,148 [INFO] WebApp:390 - Apply proxy settings
2024-08-29 09:19:14,148 [INFO] WebApp:475 - Chromium requires no authentication
2024-08-29 09:19:14,157 [INFO] WebApp:418 - Direct internet connection detected
2024-08-29 09:19:14,325 [INFO] WebApp:188 - Starting web application
2024-08-29 09:19:14,326 [INFO] WebApp:520 - Web application path used C:\ST\STM32CubeIDE_1.13.1\STM32CubeIDE\plugins\com.st.stm32cube.common.mx_6.9.1.202307191849\db\plugins\mcufinder\reactClient1\index.html
2024-08-29 09:19:14,431 [WARN] MainUpdater:1189 - Updater busy. Cannot search thirdparties
2024-08-29 09:19:14,431 [INFO] ThirdPartyUpdaterWithRetryManager:96 - Updater plugin is busy. [2/15]
2024-08-29 09:19:14,637 [ERROR] ServerAccessManage:1089 - Problem, file not found on Server
2024-08-29 09:19:15,406 [ERROR] ServerAccessManage:1089 - Problem, file not found on Server
2024-08-29 09:19:16,170 [ERROR] ServerAccessManage:1089 - Problem, file not found on Server
2024-08-29 09:19:16,482 [ERROR] ServerAccessManage:1089 - Problem, file not found on Server
2024-08-29 09:19:17,304 [ERROR] ServerAccessManage:1089 - Problem, file not found on Server
2024-08-29 09:19:17,435 [WARN] MainUpdater:1189 - Updater busy. Cannot search thirdparties
2024-08-29 09:19:17,435 [INFO] ThirdPartyUpdaterWithRetryManager:96 - Updater plugin is busy. [3/15]
2024-08-29 09:19:18,119 [ERROR] ServerAccessManage:1089 - Problem, file not found on Server
2024-08-29 09:19:18,907 [ERROR] ServerAccessManage:1089 - Problem, file not found on Server
2024-08-29 09:19:19,763 [ERROR] ServerAccessManage:1089 - Problem, file not found on Server
2024-08-29 09:19:20,438 [WARN] MainUpdater:1189 - Updater busy. Cannot search thirdparties
2024-08-29 09:19:20,439 [INFO] ThirdPartyUpdaterWithRetryManager:96 - Updater plugin is busy. [4/15]
2024-08-29 09:19:20,586 [ERROR] ServerAccessManage:1089 - Problem, file not found on Server
2024-08-29 09:19:21,403 [ERROR] ServerAccessManage:1089 - Problem, file not found on Server
2024-08-29 09:19:22,215 [ERROR] ServerAccessManage:1089 - Problem, file not found on Server
2024-08-29 09:19:22,270 [INFO] ServerAccessManage:473 - Download File STMicroelectronics.X-CUBE-EEPRMA1.pdsc
2024-08-29 09:19:23,082 [ERROR] ServerAccessManage:1089 - Problem, file not found on Server
2024-08-29 09:19:23,440 [WARN] MainUpdater:1189 - Updater busy. Cannot search thirdparties
2024-08-29 09:19:23,440 [INFO] ThirdPartyUpdaterWithRetryManager:96 - Updater plugin is busy. [5/15]
2024-08-29 09:19:23,954 [ERROR] ServerAccessManage:1089 - Problem, file not found on Server
2024-08-29 09:19:24,140 [INFO] ServerAccessManage:473 - Download File STMicroelectronics.X-CUBE-FREERTOS.pdsc
2024-08-29 09:19:24,468 [INFO] ServerAccessManage:473 - Download File STMicroelectronics.X-CUBE-ISPU.pdsc
2024-08-29 09:19:24,830 [INFO] ServerAccessManage:473 - Download File STMicroelectronics.X-CUBE-MEMS1.pdsc
2024-08-29 09:19:26,288 [INFO] ServerAccessManage:473 - Download File STMicroelectronics.X-CUBE-NFC6.pdsc
2024-08-29 09:19:26,443 [WARN] MainUpdater:1189 - Updater busy. Cannot search thirdparties
2024-08-29 09:19:26,443 [INFO] ThirdPartyUpdaterWithRetryManager:96 - Updater plugin is busy. [6/15]
2024-08-29 09:19:26,531 [INFO] ServerAccessManage:473 - Download File STMicroelectronics.X-CUBE-SAFEA1.pdsc
2024-08-29 09:19:26,628 [INFO] ServerAccessManage:473 - Download File STMicroelectronics.X-CUBE-TCPP.pdsc
2024-08-29 09:19:26,733 [INFO] ServerAccessManage:473 - Download File STMicroelectronics.X-CUBE-TOF1.pdsc
2024-08-29 09:19:27,703 [ERROR] ServerAccessManage:1089 - Problem, file not found on Server
2024-08-29 09:19:27,792 [INFO] ServerAccessManage:473 - Download File STMicroelectronics.X-CUBE-TOUCHGFX.pdsc
2024-08-29 09:19:28,249 [INFO] ServerAccessManage:473 - Download File STMicroelectronics.X-CUBE-ALGOBUILD.pdsc
2024-08-29 09:19:28,475 [INFO] ServerAccessManage:473 - Download File STMicroelectronics.X-CUBE-AZRTOS-H7.pdsc
2024-08-29 09:19:28,708 [INFO] ServerAccessManage:473 - Download File STMicroelectronics.X-CUBE-AZRTOS-H7RS.pdsc
2024-08-29 09:19:29,445 [WARN] MainUpdater:1189 - Updater busy. Cannot search thirdparties
2024-08-29 09:19:29,446 [INFO] ThirdPartyUpdaterWithRetryManager:96 - Updater plugin is busy. [7/15]
2024-08-29 09:19:30,407 [INFO] ServerAccessManage:473 - Download File wolfSSL.I-CUBE-wolfMQTT.pdsc
2024-08-29 09:19:32,156 [ERROR] ServerAccessManage:1089 - Problem, file not found on Server
2024-08-29 09:19:32,447 [WARN] MainUpdater:1189 - Updater busy. Cannot search thirdparties
2024-08-29 09:19:32,448 [INFO] ThirdPartyUpdaterWithRetryManager:96 - Updater plugin is busy. [8/15]
2024-08-29 09:19:32,462 [INFO] ServerAccessManage:473 - Download File wolfSSL.I-CUBE-wolfTPM.pdsc
2024-08-29 09:19:34,612 [INFO] ServerAccessManage:473 - Download File wolfSSL.I-CUBE-wolfSSH.pdsc
2024-08-29 09:19:35,137 [ERROR] LogOutputStream:75 - [STDERR_REDIRECT] SLF4J: Failed to load class "org.slf4j.impl.StaticLoggerBinder".
2024-08-29 09:19:35,138 [ERROR] LogOutputStream:75 - [STDERR_REDIRECT] SLF4J: Defaulting to no-operation (NOP) logger implementation
2024-08-29 09:19:35,140 [ERROR] LogOutputStream:75 - [STDERR_REDIRECT] SLF4J: See http://www.slf4j.org/codes.html#StaticLoggerBinder for further details.
2024-08-29 09:19:35,449 [WARN] MainUpdater:1189 - Updater busy. Cannot search thirdparties
2024-08-29 09:19:35,449 [INFO] ThirdPartyUpdaterWithRetryManager:96 - Updater plugin is busy. [9/15]
2024-08-29 09:19:36,540 [INFO] ServerAccessManage:473 - Download File RealThread.X-CUBE-RT-Thread_Nano.pdsc
2024-08-29 09:19:37,620 [INFO] ServerAccessManage:473 - Download File ITTIA_DB.I-CUBE-ITTIADB.pdsc
2024-08-29 09:19:38,453 [WARN] MainUpdater:1189 - Updater busy. Cannot search thirdparties
2024-08-29 09:19:38,453 [INFO] ThirdPartyUpdaterWithRetryManager:96 - Updater plugin is busy. [10/15]
2024-08-29 09:19:41,455 [WARN] MainUpdater:1189 - Updater busy. Cannot search thirdparties
2024-08-29 09:19:41,455 [INFO] ThirdPartyUpdaterWithRetryManager:96 - Updater plugin is busy. [11/15]
2024-08-29 09:19:43,620 [INFO] ServerAccessManage:473 - Download File Infineon.AIROC-Wi-Fi-Bluetooth-STM32.pdsc
2024-08-29 09:19:44,457 [WARN] MainUpdater:1189 - Updater busy. Cannot search thirdparties
2024-08-29 09:19:44,457 [INFO] ThirdPartyUpdaterWithRetryManager:96 - Updater plugin is busy. [12/15]
2024-08-29 09:19:47,459 [WARN] MainUpdater:1189 - Updater busy. Cannot search thirdparties
2024-08-29 09:19:47,460 [INFO] ThirdPartyUpdaterWithRetryManager:96 - Updater plugin is busy. [13/15]
2024-08-29 09:19:50,461 [WARN] MainUpdater:1189 - Updater busy. Cannot search thirdparties
2024-08-29 09:19:50,463 [INFO] ThirdPartyUpdaterWithRetryManager:96 - Updater plugin is busy. [14/15]
2024-08-29 09:19:53,451 [INFO] ServerAccessManage:473 - Download File Cesanta.I-CUBE-Mongoose.pdsc
2024-08-29 09:19:53,473 [WARN] MainUpdater:1189 - Updater busy. Cannot search thirdparties
2024-08-29 09:19:53,474 [INFO] ThirdPartyUpdaterWithRetryManager:96 - Updater plugin is busy. [15/15]
2024-08-29 09:19:53,475 [ERROR] IntegrityCheckThread:130 - Cannot retrieve database content from updater: error -1
2024-08-29 09:19:53,476 [INFO] ThirdParty:978 - Integrity check success = false
2024-08-29 09:19:53,476 [INFO] IntegrityCheckThread:100 - exiting critical section [integrity check]
2024-08-29 09:19:53,477 [INFO] IntegrityCheckThread:103 - End integrity checks thread
2024-08-29 09:19:58,229 [INFO] ServerAccessManage:473 - Download File EmbeddedOffice.I-CUBE-FS-RTOS.pdsc
2024-08-29 09:19:58,956 [WARN] PopulateThirdPartyThread:106 - Error when creating pack: C:/Users/anaka/.stm32cubemx/thirdparties/pdsc/STMicroelectronics.FP-SNS-STBOX1.pdsc
2024-08-29 09:19:58,988 [WARN] PackLoader:240 - Cannot read IP mode file for STMicroelectronics.FP-SNS-MOTENV1.5.0.0
2024-08-29 09:19:58,999 [WARN] PackLoader:240 - Cannot read IP mode file for STMicroelectronics.FP-SNS-MOTENVWB1.1.4.0
2024-08-29 09:19:59,015 [WARN] PackLoader:240 - Cannot read IP mode file for STMicroelectronics.FP-SNS-SMARTAG2.1.2.0
2024-08-29 09:19:59,021 [WARN] PackLoader:240 - Cannot read IP mode file for STMicroelectronics.X-CUBE-AI.9.0.0
2024-08-29 09:19:59,028 [WARN] PackLoader:240 - Cannot read IP mode file for STMicroelectronics.X-CUBE-ALS.1.0.2
2024-08-29 09:19:59,041 [WARN] PackLoader:240 - Cannot read IP mode file for STMicroelectronics.X-CUBE-BLEMGR.3.1.0
2024-08-29 09:19:59,051 [WARN] PopulateThirdPartyThread:106 - Error when creating pack: C:/Users/anaka/.stm32cubemx/thirdparties/pdsc/STMicroelectronics.X-CUBE-DPOWER.pdsc
2024-08-29 09:19:59,058 [WARN] PackLoader:240 - Cannot read IP mode file for STMicroelectronics.X-CUBE-EEPRMA1.5.1.0
2024-08-29 09:19:59,070 [WARN] PackLoader:240 - Cannot read IP mode file for STMicroelectronics.X-CUBE-FREERTOS.1.2.0
2024-08-29 09:19:59,075 [WARN] PackLoader:240 - Cannot read IP mode file for STMicroelectronics.X-CUBE-ISPU.2.0.0
2024-08-29 09:19:59,110 [INFO] CheckServerUpdateThread:120 - End of CheckServer Thread
2024-08-29 09:19:59,134 [WARN] PackLoader:240 - Cannot read IP mode file for STMicroelectronics.X-CUBE-MEMS1.11.0.0
2024-08-29 09:19:59,280 [WARN] PackLoader:240 - Cannot read IP mode file for STMicroelectronics.X-CUBE-NFC6.3.1.0
2024-08-29 09:19:59,295 [WARN] PackLoader:240 - Cannot read IP mode file for STMicroelectronics.X-CUBE-SAFEA1.1.2.2
2024-08-29 09:19:59,302 [WARN] PackLoader:240 - Cannot read IP mode file for STMicroelectronics.X-CUBE-TCPP.4.1.0
2024-08-29 09:19:59,308 [WARN] PopulateThirdPartyThread:106 - Error when creating pack: C:/Users/anaka/.stm32cubemx/thirdparties/pdsc/STMicroelectronics.X-CUBE-TOF1.pdsc
2024-08-29 09:19:59,313 [WARN] PackLoader:240 - Cannot read IP mode file for STMicroelectronics.X-CUBE-TOUCHGFX.4.24.0
2024-08-29 09:19:59,331 [WARN] PackLoader:240 - Cannot read IP mode file for STMicroelectronics.X-CUBE-ALGOBUILD.1.4.0
2024-08-29 09:19:59,352 [WARN] PackLoader:240 - Cannot read IP mode file for STMicroelectronics.X-CUBE-AZRTOS-H7.3.3.0
2024-08-29 09:19:59,383 [WARN] PackLoader:240 - Cannot read IP mode file for STMicroelectronics.X-CUBE-AZRTOS-H7RS.1.0.0
2024-08-29 09:19:59,391 [WARN] PackLoader:240 - Cannot read IP mode file for wolfSSL.I-CUBE-wolfMQTT.1.19.0
2024-08-29 09:19:59,395 [WARN] PackLoader:240 - Cannot read IP mode file for wolfSSL.I-CUBE-wolfTPM.3.4.0
2024-08-29 09:19:59,400 [WARN] PackLoader:240 - Cannot read IP mode file for wolfSSL.I-CUBE-wolfSSH.1.4.17
2024-08-29 09:19:59,402 [WARN] PopulateThirdPartyThread:106 - Error when creating pack: C:/Users/anaka/.stm32cubemx/thirdparties/pdsc/RealThread.X-CUBE-RT-Thread_Nano.pdsc
2024-08-29 09:19:59,408 [WARN] PackLoader:240 - Cannot read IP mode file for ITTIA_DB.I-CUBE-ITTIADB.8.9.0
2024-08-29 09:19:59,413 [WARN] PopulateThirdPartyThread:106 - Error when creating pack: C:/Users/anaka/.stm32cubemx/thirdparties/pdsc/Infineon.AIROC-Wi-Fi-Bluetooth-STM32.pdsc
2024-08-29 09:19:59,417 [WARN] PackLoader:240 - Cannot read IP mode file for Cesanta.I-CUBE-Mongoose.7.13.0
2024-08-29 09:19:59,420 [WARN] PopulateThirdPartyThread:106 - Error when creating pack: C:/Users/anaka/.stm32cubemx/thirdparties/pdsc/EmbeddedOffice.I-CUBE-FS-RTOS.pdsc
2024-08-29 09:19:59,420 [INFO] PopulateThirdPartyThread:66 - Ending populate Thread
2024-08-29 09:19:59,422 [INFO] ThirdParty:1030 - CMSIS Pack Vendor :STMicroelectronics X-CUBE-BLEMGR 3.1.0
2024-08-29 09:19:59,422 [INFO] ThirdParty:1030 - CMSIS Pack Vendor :STMicroelectronics X-CUBE-AZRTOS-H7 3.3.0
2024-08-29 09:19:59,422 [INFO] ThirdParty:1030 - CMSIS Pack Vendor :STMicroelectronics FP-SNS-SMARTAG2 1.2.0
2024-08-29 09:19:59,422 [INFO] ThirdParty:1030 - CMSIS Pack Vendor :STMicroelectronics FP-SNS-MOTENVWB1 1.4.0
2024-08-29 09:19:59,422 [INFO] ThirdParty:1030 - CMSIS Pack Vendor :STMicroelectronics X-CUBE-MEMS1 11.0.0
2024-08-29 09:19:59,422 [INFO] ThirdParty:1030 - CMSIS Pack Vendor :STMicroelectronics X-CUBE-ALGOBUILD 1.4.0
2024-08-29 09:19:59,422 [INFO] ThirdParty:1030 - CMSIS Pack Vendor :STMicroelectronics FP-SNS-MOTENV1 5.0.0
2024-08-29 09:19:59,422 [INFO] ThirdParty:1030 - CMSIS Pack Vendor :STMicroelectronics X-CUBE-ISPU 2.0.0
2024-08-29 09:19:59,422 [INFO] ThirdParty:1030 - CMSIS Pack Vendor :STMicroelectronics X-CUBE-SAFEA1 1.2.2
2024-08-29 09:19:59,422 [INFO] ThirdParty:1030 - CMSIS Pack Vendor :STMicroelectronics X-CUBE-TCPP 4.1.0
2024-08-29 09:19:59,422 [INFO] ThirdParty:1030 - CMSIS Pack Vendor :STMicroelectronics X-CUBE-AZRTOS-H7RS 1.0.0
2024-08-29 09:19:59,423 [INFO] ThirdParty:1030 - CMSIS Pack Vendor :STMicroelectronics X-CUBE-EEPRMA1 5.1.0
2024-08-29 09:19:59,423 [INFO] ThirdParty:1030 - CMSIS Pack Vendor :wolfSSL I-CUBE-wolfMQTT 1.19.0
2024-08-29 09:19:59,423 [INFO] ThirdParty:1030 - CMSIS Pack Vendor :STMicroelectronics X-CUBE-ALS 1.0.2
2024-08-29 09:19:59,423 [INFO] ThirdParty:1030 - CMSIS Pack Vendor :STMicroelectronics X-CUBE-FREERTOS 1.2.0
2024-08-29 09:19:59,423 [INFO] ThirdParty:1030 - CMSIS Pack Vendor :STMicroelectronics X-CUBE-TOUCHGFX 4.24.0
2024-08-29 09:19:59,423 [INFO] ThirdParty:1030 - CMSIS Pack Vendor :Cesanta I-CUBE-Mongoose 7.13.0
2024-08-29 09:19:59,423 [INFO] ThirdParty:1030 - CMSIS Pack Vendor :ITTIA_DB I-CUBE-ITTIADB 8.9.0
2024-08-29 09:19:59,423 [INFO] ThirdParty:1030 - CMSIS Pack Vendor :STMicroelectronics X-CUBE-AI 9.0.0
2024-08-29 09:19:59,423 [INFO] ThirdParty:1030 - CMSIS Pack Vendor :wolfSSL I-CUBE-wolfTPM 3.4.0
2024-08-29 09:19:59,423 [INFO] ThirdParty:1030 - CMSIS Pack Vendor :wolfSSL I-CUBE-wolfSSH 1.4.17
2024-08-29 09:19:59,423 [INFO] ThirdParty:1030 - CMSIS Pack Vendor :STMicroelectronics X-CUBE-NFC6 3.1.0
2024-08-29 09:19:59,424 [INFO] LoadServerUpdatesThread:373 - End of LoadServerUpdate Thread
2024-08-29 09:45:52,149 [ERROR] ConfigurationRetriever:142 - IOException on connection: Connect timed out
2024-08-29 09:45:54,269 [ERROR] ConfigurationRetriever:142 - IOException on connection: Connect timed out
2024-08-29 09:45:56,405 [ERROR] AdobePublisher:162 - Exception while opening the connection: java.net.SocketTimeoutException: Connect timed out
