2024-10-03 10:14:30,904 [INFO] Activator:176 - 


2024-10-03 10:14:30,910 [INFO] Activator:177 - !SESSION log4j initialized
2024-10-03 10:14:36,195 [INFO] LogOutputStream:77 - [STDOUT_REDIRECT] 
2024-10-03 10:14:37,134 [INFO] ApplicationProperties:184 - Using Application install path: C:\ST\STM32CubeIDE_1.13.1\STM32CubeIDE\plugins\com.st.stm32cube.common.mx_6.9.1.202307191849
2024-10-03 10:14:37,151 [INFO] DbMcusXml:78 - Set database path to: C:\ST\STM32CubeIDE_1.13.1\STM32CubeIDE\plugins\com.st.stm32cube.common.mx_6.9.1.202307191849\\db\/mcu/
2024-10-03 10:14:37,151 [INFO] ApiDb:274 - Set plugin database path to: C:\ST\STM32CubeIDE_1.13.1\STM32CubeIDE\plugins\com.st.stm32cube.common.mx_6.9.1.202307191849\\db\/plugins/boardmanager/
2024-10-03 10:14:37,152 [WARN] ApiDb:259 - Overriding images path with different value:  => C:\ST\STM32CubeIDE_1.13.1\STM32CubeIDE\plugins\com.st.stm32cube.common.mx_6.9.1.202307191849\\db\/plugins/mcufinder/images/
2024-10-03 10:14:37,169 [INFO] ApiDb:250 - Set database path to: C:\Users\anaka\.stmcufinder\plugins\mcufinder//mcu/
2024-10-03 10:14:37,171 [INFO] DbMcusAds:125 - Set database path to: C:\Users\anaka\.stmcufinder\plugins\mcufinder//mcu/
2024-10-03 10:14:37,174 [INFO] CrossReferenceDbSqlite:203 - Set database path to: C:\Users\anaka\.stmcufinder\plugins\mcufinder//mcu/cs/
2024-10-03 10:14:37,303 [INFO] RulesReader:64 - Compatibility file has been processed (293 Rules)
2024-10-03 10:14:37,403 [INFO] DbMcusXml:78 - Set database path to: C:\ST\STM32CubeIDE_1.13.1\STM32CubeIDE\plugins\com.st.stm32cube.common.mx_6.9.1.202307191849\\db\/mcu/
2024-10-03 10:14:37,403 [INFO] ApiDb:274 - Set plugin database path to: C:\ST\STM32CubeIDE_1.13.1\STM32CubeIDE\plugins\com.st.stm32cube.common.mx_6.9.1.202307191849\\db\/plugins/boardmanager/
2024-10-03 10:14:37,403 [INFO] ApiDb:261 - Set plugin images path to: C:\ST\STM32CubeIDE_1.13.1\STM32CubeIDE\plugins\com.st.stm32cube.common.mx_6.9.1.202307191849\\db\/plugins/mcufinder/images/
2024-10-03 10:14:37,404 [WARN] DbFile:41 - Overriding database path with different value: C:\Users\anaka\.stmcufinder\plugins\mcufinder/ => C:\Users\anaka\.stmcufinder\plugins\mcufinder
2024-10-03 10:14:37,404 [INFO] ApiDb:250 - Set database path to: C:\Users\anaka\.stmcufinder\plugins\mcufinder//mcu/
2024-10-03 10:14:37,404 [WARN] DbFile:41 - Overriding database path with different value: C:\Users\anaka\.stmcufinder\plugins\mcufinder/ => C:\Users\anaka\.stmcufinder\plugins\mcufinder
2024-10-03 10:14:37,404 [INFO] DbMcusAds:125 - Set database path to: C:\Users\anaka\.stmcufinder\plugins\mcufinder//mcu/
2024-10-03 10:14:37,404 [WARN] DbFile:41 - Overriding database path with different value: C:\Users\anaka\.stmcufinder\plugins\mcufinder/ => C:\Users\anaka\.stmcufinder\plugins\mcufinder
2024-10-03 10:14:37,404 [WARN] DbFile:41 - Overriding database path with different value: C:\Users\anaka\.stmcufinder\plugins\mcufinder/ => C:\Users\anaka\.stmcufinder\plugins\mcufinder
2024-10-03 10:14:37,404 [INFO] CrossReferenceDbSqlite:203 - Set database path to: C:\Users\anaka\.stmcufinder\plugins\mcufinder//mcu/cs/
2024-10-03 10:14:37,496 [INFO] MainPanel:262 - HeapMemory: 268435456
2024-10-03 10:14:37,589 [INFO] DbMcusXml:78 - Set database path to: C:\ST\STM32CubeIDE_1.13.1\STM32CubeIDE\plugins\com.st.stm32cube.common.mx_6.9.1.202307191849\\db\/mcu/
2024-10-03 10:14:37,589 [INFO] ApiDb:274 - Set plugin database path to: C:\ST\STM32CubeIDE_1.13.1\STM32CubeIDE\plugins\com.st.stm32cube.common.mx_6.9.1.202307191849\\db\/plugins/boardmanager/
2024-10-03 10:14:37,589 [INFO] ApiDb:261 - Set plugin images path to: C:\ST\STM32CubeIDE_1.13.1\STM32CubeIDE\plugins\com.st.stm32cube.common.mx_6.9.1.202307191849\\db\/plugins/mcufinder/images/
2024-10-03 10:14:37,589 [WARN] DbFile:41 - Overriding database path with different value: C:\Users\anaka\.stmcufinder\plugins\mcufinder/ => C:\Users\anaka\.stmcufinder\plugins\mcufinder
2024-10-03 10:14:37,589 [INFO] ApiDb:250 - Set database path to: C:\Users\anaka\.stmcufinder\plugins\mcufinder//mcu/
2024-10-03 10:14:37,589 [WARN] DbFile:41 - Overriding database path with different value: C:\Users\anaka\.stmcufinder\plugins\mcufinder/ => C:\Users\anaka\.stmcufinder\plugins\mcufinder
2024-10-03 10:14:37,589 [INFO] DbMcusAds:125 - Set database path to: C:\Users\anaka\.stmcufinder\plugins\mcufinder//mcu/
2024-10-03 10:14:37,590 [WARN] DbFile:41 - Overriding database path with different value: C:\Users\anaka\.stmcufinder\plugins\mcufinder/ => C:\Users\anaka\.stmcufinder\plugins\mcufinder
2024-10-03 10:14:37,590 [WARN] DbFile:41 - Overriding database path with different value: C:\Users\anaka\.stmcufinder\plugins\mcufinder/ => C:\Users\anaka\.stmcufinder\plugins\mcufinder
2024-10-03 10:14:37,590 [INFO] CrossReferenceDbSqlite:203 - Set database path to: C:\Users\anaka\.stmcufinder\plugins\mcufinder//mcu/cs/
2024-10-03 10:14:37,608 [INFO] ApplicationProperties:184 - Using Application install path: C:\ST\STM32CubeIDE_1.13.1\STM32CubeIDE\plugins\com.st.stm32cube.common.mx_6.9.1.202307191849
2024-10-03 10:14:37,609 [INFO] PluginManage:196 - Search for loadable plugins [exclusion list=, ]
2024-10-03 10:14:37,611 [INFO] PluginManage:310 - Check plugin analytics
2024-10-03 10:14:37,743 [INFO] AnalyticsPlugin:253 - Accepted Software Licenses: 
2024-10-03 10:14:37,743 [INFO] AnalyticsPlugin:255 - Accepted CMSIS Pack Licenses: 
2024-10-03 10:14:37,743 [INFO] AnalyticsPlugin:257 - Accepted Firmware Licenses: FW.F4.1.27.0
2024-10-03 10:14:37,747 [INFO] PluginManage:359 - Loaded plugin analytics (category:tool,tabindex:-1)
2024-10-03 10:14:37,747 [INFO] PluginManage:310 - Check plugin cadmodel
2024-10-03 10:14:37,783 [INFO] CADModel:105 - Init CAD model plugin
2024-10-03 10:14:37,783 [INFO] PluginManage:359 - Loaded plugin cadmodel (category:power,tabindex:5)
2024-10-03 10:14:37,783 [INFO] PluginManage:310 - Check plugin clock
2024-10-03 10:14:37,825 [INFO] PluginManage:359 - Loaded plugin clock (category:base,tabindex:2)
2024-10-03 10:14:37,825 [INFO] PluginManage:310 - Check plugin ddr
2024-10-03 10:14:37,827 [INFO] PluginManage:359 - Loaded plugin ddr (category:tool,tabindex:6)
2024-10-03 10:14:37,827 [INFO] PluginManage:310 - Check plugin filemanager
2024-10-03 10:14:37,940 [INFO] PluginManage:359 - Loaded plugin filemanager (category:base,tabindex:10)
2024-10-03 10:14:37,940 [INFO] PluginManage:310 - Check plugin ipmanager
2024-10-03 10:14:37,950 [INFO] PluginManage:359 - Loaded plugin ipmanager (category:base,tabindex:5)
2024-10-03 10:14:37,950 [INFO] PluginManage:310 - Check plugin lpbam
2024-10-03 10:14:37,985 [INFO] PluginManage:359 - Loaded plugin lpbam (category:base,tabindex:0)
2024-10-03 10:14:37,985 [INFO] PluginManage:310 - Check plugin memorymap
2024-10-03 10:14:38,018 [INFO] PluginManage:359 - Loaded plugin memorymap (category:base,tabindex:4)
2024-10-03 10:14:38,018 [INFO] PluginManage:310 - Check plugin pinoutandconfiguration
2024-10-03 10:14:38,070 [INFO] PluginManage:359 - Loaded plugin pinoutandconfiguration (category:base,tabindex:1)
2024-10-03 10:14:38,070 [INFO] PluginManage:310 - Check plugin pinoutconfig
2024-10-03 10:14:38,182 [WARN] SupportedApi:132 - Cannot load RTOS API schema: s4s-elt-must-match.1: The content of 'definitions' must match (annotation?, (simpleType | complexType)?, (unique | key | keyref)*)). A problem was found starting at: attribute.
2024-10-03 10:14:38,292 [INFO] PluginManage:359 - Loaded plugin pinoutconfig (category:base,tabindex:0)
2024-10-03 10:14:38,292 [INFO] PluginManage:310 - Check plugin power
2024-10-03 10:14:38,328 [INFO] PluginManage:359 - Loaded plugin power (category:power,tabindex:4)
2024-10-03 10:14:38,328 [INFO] PluginManage:310 - Check plugin projectmanager
2024-10-03 10:14:38,340 [INFO] PluginManage:359 - Loaded plugin projectmanager (category:projectmanager,tabindex:3)
2024-10-03 10:14:38,341 [INFO] PluginManage:310 - Check plugin thirdparty
2024-10-03 10:14:38,518 [INFO] PluginManage:359 - Loaded plugin thirdparty (category:base,tabindex:-1)
2024-10-03 10:14:38,518 [WARN] IntegrityCheckThread:84 - waiting for thirdparty lock release [integrity check]
2024-10-03 10:14:38,518 [INFO] PluginManage:310 - Check plugin tools
2024-10-03 10:14:38,518 [INFO] IntegrityCheckThread:86 - entering critical section [integrity check]
2024-10-03 10:14:38,518 [INFO] ThirdPartyUpdaterWithRetryManager:70 - Updater plugin not ready yet. [1/15]
2024-10-03 10:14:38,525 [INFO] PluginManage:359 - Loaded plugin tools (category:base,tabindex:7)
2024-10-03 10:14:38,525 [INFO] PluginManage:310 - Check plugin tutovideos
2024-10-03 10:14:38,729 [INFO] PluginManage:359 - Loaded plugin tutovideos (category:base,tabindex:-1)
2024-10-03 10:14:38,729 [INFO] PluginManage:310 - Check plugin updater
2024-10-03 10:14:38,740 [INFO] PluginManage:359 - Loaded plugin updater (category:base,tabindex:12)
2024-10-03 10:14:38,740 [INFO] PluginManage:310 - Check plugin userauth
2024-10-03 10:14:38,744 [INFO] UserAuth:113 - Init User Auth plugin
2024-10-03 10:14:38,745 [INFO] PluginManage:359 - Loaded plugin userauth (category:base,tabindex:14)
2024-10-03 10:14:38,745 [INFO] PluginManage:283 - PluginManage : Loaded plugins [17]
2024-10-03 10:14:38,947 [INFO] PinOutPanel:1499 - setPackage(No Configuration,No Configuration)
2024-10-03 10:14:39,060 [INFO] CADModel:165 - CPN selected for project level
2024-10-03 10:14:39,060 [INFO] CADModel:114 - Register for checkConnection events
2024-10-03 10:14:39,082 [INFO] IPUIPlugin:80 - create IPUIPlugin
2024-10-03 10:14:39,083 [INFO] PluginManager:220 - loadIPPluginJar : add adc
2024-10-03 10:14:39,089 [INFO] IPUIPlugin:80 - create IPUIPlugin
2024-10-03 10:14:39,089 [INFO] PluginManager:220 - loadIPPluginJar : add aes
2024-10-03 10:14:39,095 [INFO] IPUIPlugin:80 - create IPUIPlugin
2024-10-03 10:14:39,095 [INFO] PluginManager:220 - loadIPPluginJar : add can
2024-10-03 10:14:39,100 [INFO] IPUIPlugin:80 - create IPUIPlugin
2024-10-03 10:14:39,100 [INFO] PluginManager:220 - loadIPPluginJar : add comp
2024-10-03 10:14:39,106 [INFO] IPUIPlugin:80 - create IPUIPlugin
2024-10-03 10:14:39,106 [INFO] PluginManager:220 - loadIPPluginJar : add cryp
2024-10-03 10:14:39,111 [INFO] IPUIPlugin:80 - create IPUIPlugin
2024-10-03 10:14:39,112 [INFO] PluginManager:220 - loadIPPluginJar : add dfsdm
2024-10-03 10:14:39,124 [INFO] IPUIPlugin:80 - create IPUIPlugin
2024-10-03 10:14:39,125 [INFO] PluginManager:220 - loadIPPluginJar : add dma
2024-10-03 10:14:39,130 [INFO] IPUIPlugin:80 - create IPUIPlugin
2024-10-03 10:14:39,130 [INFO] PluginManager:220 - loadIPPluginJar : add dma3
2024-10-03 10:14:39,134 [INFO] IPUIPlugin:80 - create IPUIPlugin
2024-10-03 10:14:39,134 [INFO] PluginManager:220 - loadIPPluginJar : add fatfs
2024-10-03 10:14:39,142 [INFO] IPUIPlugin:80 - create IPUIPlugin
2024-10-03 10:14:39,142 [INFO] PluginManager:220 - loadIPPluginJar : add fmc
2024-10-03 10:14:39,176 [INFO] IPUIPlugin:80 - create IPUIPlugin
2024-10-03 10:14:39,176 [INFO] PluginManager:220 - loadIPPluginJar : add freertos
2024-10-03 10:14:39,181 [INFO] IPUIPlugin:80 - create IPUIPlugin
2024-10-03 10:14:39,181 [INFO] PluginManager:220 - loadIPPluginJar : add genericplugin
2024-10-03 10:14:39,190 [INFO] IPUIPlugin:80 - create IPUIPlugin
2024-10-03 10:14:39,190 [INFO] PluginManager:220 - loadIPPluginJar : add gfxmmu
2024-10-03 10:14:39,202 [INFO] IPUIPlugin:80 - create IPUIPlugin
2024-10-03 10:14:39,202 [INFO] PluginManager:220 - loadIPPluginJar : add gic
2024-10-03 10:14:39,220 [INFO] IPUIPlugin:80 - create IPUIPlugin
2024-10-03 10:14:39,220 [INFO] PluginManager:220 - loadIPPluginJar : add gpio
2024-10-03 10:14:39,229 [INFO] IPUIPlugin:80 - create IPUIPlugin
2024-10-03 10:14:39,230 [INFO] PluginManager:220 - loadIPPluginJar : add gtzc
2024-10-03 10:14:39,235 [INFO] IPUIPlugin:80 - create IPUIPlugin
2024-10-03 10:14:39,235 [INFO] PluginManager:220 - loadIPPluginJar : add hash
2024-10-03 10:14:39,243 [INFO] IPUIPlugin:80 - create IPUIPlugin
2024-10-03 10:14:39,243 [INFO] PluginManager:220 - loadIPPluginJar : add i2c
2024-10-03 10:14:39,249 [INFO] IPUIPlugin:80 - create IPUIPlugin
2024-10-03 10:14:39,249 [INFO] PluginManager:220 - loadIPPluginJar : add i2s
2024-10-03 10:14:39,255 [INFO] IPUIPlugin:80 - create IPUIPlugin
2024-10-03 10:14:39,255 [INFO] PluginManager:220 - loadIPPluginJar : add i3c
2024-10-03 10:14:39,263 [INFO] IPUIPlugin:80 - create IPUIPlugin
2024-10-03 10:14:39,263 [INFO] PluginManager:220 - loadIPPluginJar : add ipddr
2024-10-03 10:14:39,276 [INFO] IPUIPlugin:80 - create IPUIPlugin
2024-10-03 10:14:39,276 [INFO] PluginManager:220 - loadIPPluginJar : add linkedlist
2024-10-03 10:14:39,282 [INFO] IPUIPlugin:80 - create IPUIPlugin
2024-10-03 10:14:39,282 [INFO] PluginManager:220 - loadIPPluginJar : add lorawan
2024-10-03 10:14:39,288 [INFO] IPUIPlugin:80 - create IPUIPlugin
2024-10-03 10:14:39,288 [INFO] PluginManager:220 - loadIPPluginJar : add ltdc
2024-10-03 10:14:39,306 [INFO] IPUIPlugin:80 - create IPUIPlugin
2024-10-03 10:14:39,306 [INFO] PluginManager:220 - loadIPPluginJar : add mdma
2024-10-03 10:14:39,327 [INFO] IPUIPlugin:80 - create IPUIPlugin
2024-10-03 10:14:39,327 [INFO] PluginManager:220 - loadIPPluginJar : add nvic
2024-10-03 10:14:39,335 [INFO] IPUIPlugin:80 - create IPUIPlugin
2024-10-03 10:14:39,335 [INFO] PluginManager:220 - loadIPPluginJar : add opamp
2024-10-03 10:14:39,343 [INFO] IPUIPlugin:80 - create IPUIPlugin
2024-10-03 10:14:39,343 [INFO] PluginManager:220 - loadIPPluginJar : add openamp
2024-10-03 10:14:39,350 [INFO] IPUIPlugin:80 - create IPUIPlugin
2024-10-03 10:14:39,350 [INFO] PluginManager:220 - loadIPPluginJar : add pdm2pcm
2024-10-03 10:14:39,368 [INFO] IPUIPlugin:80 - create IPUIPlugin
2024-10-03 10:14:39,370 [INFO] PluginManager:220 - loadIPPluginJar : add plateformsettings
2024-10-03 10:14:39,374 [INFO] IPUIPlugin:80 - create IPUIPlugin
2024-10-03 10:14:39,374 [INFO] PluginManager:220 - loadIPPluginJar : add quadspi
2024-10-03 10:14:39,413 [INFO] IPUIPlugin:80 - create IPUIPlugin
2024-10-03 10:14:39,413 [INFO] PluginManager:220 - loadIPPluginJar : add resmgrutility
2024-10-03 10:14:39,420 [INFO] IPUIPlugin:80 - create IPUIPlugin
2024-10-03 10:14:39,421 [INFO] PluginManager:220 - loadIPPluginJar : add sai
2024-10-03 10:14:39,427 [INFO] IPUIPlugin:80 - create IPUIPlugin
2024-10-03 10:14:39,427 [INFO] PluginManager:220 - loadIPPluginJar : add spi
2024-10-03 10:14:39,437 [INFO] IPUIPlugin:80 - create IPUIPlugin
2024-10-03 10:14:39,437 [INFO] PluginManager:220 - loadIPPluginJar : add stm32_wpan
2024-10-03 10:14:39,442 [INFO] IPUIPlugin:80 - create IPUIPlugin
2024-10-03 10:14:39,443 [INFO] PluginManager:220 - loadIPPluginJar : add tim
2024-10-03 10:14:39,452 [INFO] IPUIPlugin:80 - create IPUIPlugin
2024-10-03 10:14:39,452 [INFO] PluginManager:220 - loadIPPluginJar : add touchsensing
2024-10-03 10:14:39,457 [INFO] IPUIPlugin:80 - create IPUIPlugin
2024-10-03 10:14:39,457 [INFO] PluginManager:220 - loadIPPluginJar : add tracer_emb
2024-10-03 10:14:39,462 [INFO] IPUIPlugin:80 - create IPUIPlugin
2024-10-03 10:14:39,463 [INFO] PluginManager:220 - loadIPPluginJar : add ts
2024-10-03 10:14:39,467 [INFO] IPUIPlugin:80 - create IPUIPlugin
2024-10-03 10:14:39,468 [INFO] PluginManager:220 - loadIPPluginJar : add tsc
2024-10-03 10:14:39,473 [INFO] IPUIPlugin:80 - create IPUIPlugin
2024-10-03 10:14:39,474 [INFO] PluginManager:220 - loadIPPluginJar : add ucpd
2024-10-03 10:14:39,481 [INFO] IPUIPlugin:80 - create IPUIPlugin
2024-10-03 10:14:39,481 [INFO] PluginManager:220 - loadIPPluginJar : add usart
2024-10-03 10:14:39,488 [INFO] IPUIPlugin:80 - create IPUIPlugin
2024-10-03 10:14:39,488 [INFO] PluginManager:220 - loadIPPluginJar : add usbx
2024-10-03 10:14:39,619 [INFO] CADModel:165 - CPN selected for project level
2024-10-03 10:14:39,619 [INFO] CADModel:114 - Register for checkConnection events
2024-10-03 10:14:39,619 [FATAL] Updater:308 - Updater called before beeing initialized
2024-10-03 10:14:39,620 [ERROR] CADModel:125 - Updater not yet initialized, retry later 
2024-10-03 10:14:39,740 [INFO] CADModel:165 - CPN selected for project level
2024-10-03 10:14:39,740 [INFO] CADModel:114 - Register for checkConnection events
2024-10-03 10:14:39,740 [FATAL] Updater:308 - Updater called before beeing initialized
2024-10-03 10:14:39,740 [ERROR] CADModel:125 - Updater not yet initialized, retry later 
2024-10-03 10:14:39,743 [FATAL] Updater:308 - Updater called before beeing initialized
2024-10-03 10:14:39,845 [FATAL] Updater:308 - Updater called before beeing initialized
2024-10-03 10:14:39,851 [INFO] DbMcusAds:53 - JSON generation date=Tue Mar 07 16:50:55 SGT 2023 (1678179055114)
2024-10-03 10:14:39,851 [FATAL] Updater:308 - Updater called before beeing initialized
2024-10-03 10:14:39,888 [WARN] DetailPanel:346 - Failed to get advertising image, set to default
2024-10-03 10:14:40,010 [FATAL] Updater:308 - Updater called before beeing initialized
2024-10-03 10:14:40,011 [FATAL] Updater:308 - Updater called before beeing initialized
2024-10-03 10:14:40,011 [FATAL] Updater:308 - Updater called before beeing initialized
2024-10-03 10:14:40,011 [WARN] DetailPanel:346 - Failed to get advertising image, set to default
2024-10-03 10:14:40,012 [FATAL] Updater:308 - Updater called before beeing initialized
2024-10-03 10:14:40,053 [ERROR] Updater:1120 - MainUpdater not yet initialized. External WinMGr cannot be set.
2024-10-03 10:14:40,056 [INFO] Updater:1056 - Updater Version found : 6.9.1
2024-10-03 10:14:40,070 [INFO] ApplicationProperties:184 - Using Application install path: C:\ST\STM32CubeIDE_1.13.1\STM32CubeIDE\plugins\com.st.stm32cube.common.mx_6.9.1.202307191849
2024-10-03 10:14:40,198 [INFO] MainUpdater:2868 - connection check result : 10
2024-10-03 10:14:40,198 [INFO] MainUpdater:3562 - Updater definition file requires update
2024-10-03 10:14:40,199 [INFO] MainUpdater:285 - Updater Check For Update Now.
2024-10-03 10:14:40,199 [INFO] MicroXplorer:498 - Change Database Version : DB.6.0.91
2024-10-03 10:14:40,206 [INFO] McuFinderGlobals:63 - Set McuFinder mode to 2 (CubeIDE integrated)
2024-10-03 10:14:40,206 [INFO] UserAuth:179 - activating auth plugin
2024-10-03 10:14:40,208 [INFO] UserAuth:393 - Internet connection configuration mode: 1
2024-10-03 10:14:40,211 [INFO] ServerAccessManage:473 - Download File updaters.zip
2024-10-03 10:14:40,226 [INFO] JxBrowserEngine:151 - Initiate JxBrowser Engine with user profile folder
2024-10-03 10:14:40,266 [INFO] FileExtend:240 - Unzip File : updaters.zip
2024-10-03 10:14:40,266 [INFO] FileExtend:255 - Standard Zip Deflate
2024-10-03 10:14:41,214 [INFO] ServerAccessManage:473 - Download File PacksControlFlags.xml
2024-10-03 10:14:41,271 [INFO] ServerAccessManage:473 - Download File cubemx.pidx
2024-10-03 10:14:41,521 [WARN] MainUpdater:1189 - Updater busy. Cannot search thirdparties
2024-10-03 10:14:41,521 [INFO] ThirdPartyUpdaterWithRetryManager:96 - Updater plugin is busy. [1/15]
2024-10-03 10:14:41,655 [INFO] ServerAccessManage:473 - Download File STMicroelectronics.X-CUBE-AI.pdsc
2024-10-03 10:14:42,215 [INFO] ServerAccessManage:473 - Download File STMicroelectronics.X-CUBE-NFC9.pdsc
2024-10-03 10:14:42,288 [INFO] ServerAccessManage:473 - Download File STMicroelectronics.X-CUBE-NFC10.pdsc
2024-10-03 10:14:42,445 [INFO] WebApp:157 - Instantiating new browser for Auth
2024-10-03 10:14:42,456 [INFO] ServerAccessManage:473 - Download File STMicroelectronics.X-CUBE-TOUCHGFX.pdsc
2024-10-03 10:14:43,262 [INFO] WebApp:753 - Register for checkConnection events
2024-10-03 10:14:43,263 [INFO] WebApp:390 - Apply proxy settings
2024-10-03 10:14:43,263 [INFO] WebApp:475 - Chromium requires no authentication
2024-10-03 10:14:43,274 [INFO] WebApp:418 - Direct internet connection detected
2024-10-03 10:14:43,317 [WARN] PackLoader:240 - Cannot read IP mode file for STMicroelectronics.X-CUBE-AI.9.1.0
2024-10-03 10:14:43,332 [WARN] PackLoader:240 - Cannot read IP mode file for STMicroelectronics.X-CUBE-NFC9.1.0.0
2024-10-03 10:14:43,343 [WARN] PackLoader:240 - Cannot read IP mode file for STMicroelectronics.X-CUBE-NFC10.1.0.0
2024-10-03 10:14:43,352 [WARN] PackLoader:240 - Cannot read IP mode file for STMicroelectronics.X-CUBE-TOUCHGFX.4.24.1
2024-10-03 10:14:43,353 [INFO] PopulateThirdPartyThread:66 - Ending populate Thread
2024-10-03 10:14:43,354 [INFO] ThirdParty:1030 - CMSIS Pack Vendor :STMicroelectronics X-CUBE-NFC9 1.0.0
2024-10-03 10:14:43,354 [INFO] ThirdParty:1030 - CMSIS Pack Vendor :STMicroelectronics X-CUBE-AI 9.1.0
2024-10-03 10:14:43,355 [INFO] ThirdParty:1030 - CMSIS Pack Vendor :STMicroelectronics X-CUBE-NFC10 1.0.0
2024-10-03 10:14:43,355 [INFO] ThirdParty:1030 - CMSIS Pack Vendor :STMicroelectronics X-CUBE-TOUCHGFX 4.24.1
2024-10-03 10:14:43,355 [INFO] LoadServerUpdatesThread:373 - End of LoadServerUpdate Thread
2024-10-03 10:14:43,449 [INFO] CheckServerUpdateThread:120 - End of CheckServer Thread
2024-10-03 10:14:43,493 [INFO] WebApp:188 - Starting web application
2024-10-03 10:14:43,493 [INFO] WebApp:520 - Web application path used C:\ST\STM32CubeIDE_1.13.1\STM32CubeIDE\plugins\com.st.stm32cube.common.mx_6.9.1.202307191849\db\plugins\mcufinder\reactClient1\index.html
2024-10-03 10:14:44,761 [WARN] PackLoader:240 - Cannot read IP mode file for STMicroelectronics.FP-SNS-MOTENVWB1.1.4.0
2024-10-03 10:14:44,769 [WARN] PackLoader:240 - Cannot read IP mode file for STMicroelectronics.X-CUBE-SMBUS.2.1.0
2024-10-03 10:14:44,795 [WARN] PackLoader:240 - Cannot read IP mode file for STMicroelectronics.X-CUBE-AZRTOS-F7.1.1.0
2024-10-03 10:14:44,806 [WARN] PackLoader:240 - Cannot read IP mode file for STMicroelectronics.FP-SNS-MOTENV1.4.3.2
2024-10-03 10:14:44,862 [WARN] PackLoader:240 - Cannot read IP mode file for STMicroelectronics.X-CUBE-MEMS1.11.0.0
2024-10-03 10:14:44,977 [WARN] PackLoader:240 - Cannot read IP mode file for STMicroelectronics.FP-SNS-FLIGHT1.5.0.2
2024-10-03 10:14:44,987 [WARN] PackLoader:240 - Cannot read IP mode file for STMicroelectronics.X-CUBE-DISPLAY.3.0.0
2024-10-03 10:14:44,998 [WARN] PackLoader:240 - Cannot read IP mode file for STMicroelectronics.X-CUBE-BLE1.7.0.0
2024-10-03 10:14:45,003 [WARN] PackLoader:240 - Cannot read IP mode file for STMicroelectronics.X-CUBE-NFC10.1.0.0
2024-10-03 10:14:45,012 [WARN] PackLoader:240 - Cannot read IP mode file for emotas.I-CUBE-CANOPEN.1.3.0
2024-10-03 10:14:45,018 [WARN] PackLoader:240 - Cannot read IP mode file for STMicroelectronics.X-CUBE-TOUCHGFX.4.22.0
2024-10-03 10:14:45,029 [WARN] PackLoader:240 - Cannot read IP mode file for STMicroelectronics.X-CUBE-BLEMGR.3.1.0
2024-10-03 10:14:45,038 [WARN] PackLoader:240 - Cannot read IP mode file for STMicroelectronics.FP-SNS-SMARTAG2.1.2.0
2024-10-03 10:14:45,051 [INFO] LogOutputStream:77 - [STDOUT_REDIRECT] 1 : Invalid condition id : UX_CORESTACK_Condition cause : null
2024-10-03 10:14:45,051 [INFO] LogOutputStream:77 - [STDOUT_REDIRECT] 1 : Invalid condition id : UX_CORESTACK_Condition cause : null
2024-10-03 10:14:45,053 [INFO] LogOutputStream:77 - [STDOUT_REDIRECT] 1 : Invalid condition id : UX_CORESTACK_Condition cause : null
2024-10-03 10:14:45,054 [INFO] LogOutputStream:77 - [STDOUT_REDIRECT] 1 : Invalid condition id : UX_CORESTACK_Condition cause : null
2024-10-03 10:14:45,055 [INFO] LogOutputStream:77 - [STDOUT_REDIRECT] 1 : Invalid condition id : UX_CORESTACK_Condition cause : null
2024-10-03 10:14:45,058 [WARN] PackLoader:240 - Cannot read IP mode file for STMicroelectronics.X-CUBE-AZRTOS-WL.2.0.0
2024-10-03 10:14:45,065 [WARN] PackLoader:240 - Cannot read IP mode file for STMicroelectronics.FP-SNS-MOTENV1.5.0.0
2024-10-03 10:14:45,074 [WARN] PackLoader:240 - Cannot read IP mode file for wolfSSL.I-CUBE-wolfMQTT.1.19.0
2024-10-03 10:14:45,083 [WARN] PackLoader:240 - Cannot read IP mode file for WES.I-CUBE-Cesium.1.3.0
2024-10-03 10:14:45,090 [WARN] PackLoader:240 - Cannot read IP mode file for STMicroelectronics.X-CUBE-BLE2.3.3.0
2024-10-03 10:14:45,098 [WARN] PackLoader:240 - Cannot read IP mode file for STMicroelectronics.X-CUBE-NFC9.1.0.0
2024-10-03 10:14:45,107 [WARN] PackLoader:240 - Cannot read IP mode file for STMicroelectronics.X-CUBE-TCPP.4.1.0
2024-10-03 10:14:45,117 [WARN] PackLoader:240 - Cannot read IP mode file for STMicroelectronics.X-CUBE-ALGOBUILD.1.3.0
2024-10-03 10:14:45,137 [WARN] PackLoader:240 - Cannot read IP mode file for STMicroelectronics.X-CUBE-AZRTOS-G0.1.1.0
2024-10-03 10:14:45,147 [WARN] PackLoader:240 - Cannot read IP mode file for STMicroelectronics.X-CUBE-SAFEA1.1.2.2
2024-10-03 10:14:45,155 [WARN] PackLoader:240 - Cannot read IP mode file for STMicroelectronics.X-CUBE-NFC4.3.0.0
2024-10-03 10:14:45,161 [ERROR] Engine:466 - C:\Users\anaka\.stm32cubemx\thirdparties\pdsc\EmbeddedOffice.I-CUBE-FS-RTOS.1.0.1.pdsc: PDSC version is not supported
2024-10-03 10:14:45,165 [ERROR] Engine:466 - C:\Users\anaka\.stm32cubemx\thirdparties\pdsc\RealThread.X-CUBE-RT-Thread_Nano.4.1.1.pdsc: PDSC version is not supported
2024-10-03 10:14:45,170 [WARN] PackLoader:240 - Cannot read IP mode file for STMicroelectronics.FP-ATR-SIGFOX1.3.2.0
2024-10-03 10:14:45,178 [WARN] PackLoader:240 - Cannot read IP mode file for STMicroelectronics.X-CUBE-EEPRMA1.5.1.0
2024-10-03 10:14:45,188 [WARN] PackLoader:240 - Cannot read IP mode file for ITTIA_DB.I-CUBE-ITTIADB.8.9.0
2024-10-03 10:14:45,215 [WARN] PackLoader:240 - Cannot read IP mode file for SEGGER.I-CUBE-embOS.1.3.1
2024-10-03 10:14:45,244 [WARN] PackLoader:240 - Cannot read IP mode file for STMicroelectronics.X-CUBE-ALGOBUILD.1.4.0
2024-10-03 10:14:45,249 [WARN] PackLoader:240 - Cannot read IP mode file for STMicroelectronics.X-CUBE-AI.9.1.0
2024-10-03 10:14:45,257 [WARN] PackLoader:240 - Cannot read IP mode file for STMicroelectronics.X-CUBE-GNSS1.6.0.0
2024-10-03 10:14:45,277 [WARN] PackLoader:240 - Cannot read IP mode file for STMicroelectronics.X-CUBE-AZRTOS-F4.1.1.0
2024-10-03 10:14:45,285 [WARN] PackLoader:240 - Cannot read IP mode file for wolfSSL.I-CUBE-wolfSSL.5.6.3
2024-10-03 10:14:45,291 [WARN] PackLoader:240 - Cannot read IP mode file for STMicroelectronics.X-CUBE-ISPU.2.1.0
2024-10-03 10:14:45,298 [WARN] PackLoader:240 - Cannot read IP mode file for STMicroelectronics.X-CUBE-FREERTOS.1.2.0
2024-10-03 10:14:45,318 [WARN] PackLoader:240 - Cannot read IP mode file for STMicroelectronics.X-CUBE-AZRTOS-L5.2.0.0
2024-10-03 10:14:45,363 [WARN] PackLoader:240 - Cannot read IP mode file for STMicroelectronics.X-CUBE-MEMS1.9.6.0
2024-10-03 10:14:45,489 [WARN] PackLoader:240 - Cannot read IP mode file for STMicroelectronics.X-CUBE-NFC6.3.1.0
2024-10-03 10:14:45,505 [WARN] PackLoader:240 - Cannot read IP mode file for STMicroelectronics.X-CUBE-BLEMGR.2.0.0
2024-10-03 10:14:45,512 [ERROR] Engine:466 - C:\Users\anaka\.stm32cubemx\thirdparties\pdsc\STMicroelectronics.X-CUBE-DPower.1.2.0.pdsc: PDSC version is not supported
2024-10-03 10:14:45,517 [WARN] PackLoader:240 - Cannot read IP mode file for STMicroelectronics.X-CUBE-AI.9.0.0
2024-10-03 10:14:45,540 [WARN] ConditionMgr:438 - getConditionDescription Invalid condition id : UX DEVICE CLASS RTOS Condition cause : null
2024-10-03 10:14:45,540 [WARN] ConditionMgr:438 - getConditionDescription Invalid condition id : UX DEVICE CLASS RTOS Condition cause : null
2024-10-03 10:14:45,543 [WARN] PackLoader:240 - Cannot read IP mode file for STMicroelectronics.X-CUBE-AZRTOS-H7.3.1.0
2024-10-03 10:14:45,544 [WARN] ConditionMgr:1039 - genDependencies : Invalid condition id : UX DEVICE CLASS RTOS Condition cause : null
2024-10-03 10:14:45,544 [WARN] ConditionMgr:1039 - genDependencies : Invalid condition id : UX DEVICE CLASS RTOS Condition cause : null
2024-10-03 10:14:45,544 [WARN] ConditionMgr:1039 - genDependencies : Invalid condition id : UX DEVICE CLASS RTOS Condition cause : null
2024-10-03 10:14:45,544 [WARN] ConditionMgr:1039 - genDependencies : Invalid condition id : UX DEVICE CLASS RTOS Condition cause : null
2024-10-03 10:14:45,545 [WARN] ConditionMgr:1039 - genDependencies : Invalid condition id : UX DEVICE CLASS RTOS Condition cause : null
2024-10-03 10:14:45,553 [WARN] PackLoader:240 - Cannot read IP mode file for STMicroelectronics.X-CUBE-NFC7.1.0.1
2024-10-03 10:14:45,560 [WARN] PackLoader:240 - Cannot read IP mode file for STMicroelectronics.X-CUBE-EEPRMA1.4.1.0
2024-10-03 10:14:45,566 [WARN] PackLoader:240 - Cannot read IP mode file for STMicroelectronics.X-CUBE-AI.8.1.0
2024-10-03 10:14:45,589 [WARN] ConditionMgr:438 - getConditionDescription Invalid condition id : LAN8742 Phy interface Condition cause : null
2024-10-03 10:14:45,590 [WARN] PackLoader:240 - Cannot read IP mode file for STMicroelectronics.X-CUBE-AZRTOS-L4.2.0.0
2024-10-03 10:14:45,592 [WARN] ConditionMgr:1039 - genDependencies : Invalid condition id : LAN8742 Phy interface Condition cause : null
2024-10-03 10:14:45,592 [WARN] ConditionMgr:1039 - genDependencies : Invalid condition id : LAN8742 Phy interface Condition cause : null
2024-10-03 10:14:45,593 [WARN] ConditionMgr:1039 - genDependencies : Invalid condition id : LAN8742 Phy interface Condition cause : null
2024-10-03 10:14:45,602 [WARN] PackLoader:240 - Cannot read IP mode file for STMicroelectronics.X-CUBE-SFXS2LP1.4.0.0
2024-10-03 10:14:45,608 [WARN] PackLoader:240 - Cannot read IP mode file for STMicroelectronics.X-CUBE-ISPU.1.1.0
2024-10-03 10:14:45,639 [WARN] PackLoader:240 - Cannot read IP mode file for STMicroelectronics.X-CUBE-AZRTOS-H7.3.3.0
2024-10-03 10:14:45,660 [WARN] ConditionMgr:438 - getConditionDescription Invalid condition id : UX DEVICE CLASS RTOS Condition cause : null
2024-10-03 10:14:45,660 [WARN] ConditionMgr:438 - getConditionDescription Invalid condition id : UX DEVICE CLASS RTOS Condition cause : null
2024-10-03 10:14:45,662 [WARN] PackLoader:240 - Cannot read IP mode file for STMicroelectronics.X-CUBE-AZRTOS-WB.2.0.0
2024-10-03 10:14:45,663 [WARN] ConditionMgr:1039 - genDependencies : Invalid condition id : UX DEVICE CLASS RTOS Condition cause : null
2024-10-03 10:14:45,663 [WARN] ConditionMgr:1039 - genDependencies : Invalid condition id : UX DEVICE CLASS RTOS Condition cause : null
2024-10-03 10:14:45,663 [WARN] ConditionMgr:1039 - genDependencies : Invalid condition id : UX DEVICE CLASS RTOS Condition cause : null
2024-10-03 10:14:45,663 [WARN] ConditionMgr:1039 - genDependencies : Invalid condition id : UX DEVICE CLASS RTOS Condition cause : null
2024-10-03 10:14:45,664 [WARN] ConditionMgr:1039 - genDependencies : Invalid condition id : UX DEVICE CLASS RTOS Condition cause : null
2024-10-03 10:14:45,669 [WARN] PackLoader:240 - Cannot read IP mode file for STMicroelectronics.X-CUBE-FREERTOS.1.0.1
2024-10-03 10:14:45,676 [WARN] PackLoader:240 - Cannot read IP mode file for STMicroelectronics.X-CUBE-GNSS1.7.0.0
2024-10-03 10:14:45,682 [ERROR] Engine:466 - C:\Users\anaka\.stm32cubemx\thirdparties\pdsc\STMicroelectronics.FP-SNS-STBOX1.2.0.0.pdsc: PDSC version is not supported
2024-10-03 10:14:45,693 [WARN] PackLoader:240 - Cannot read IP mode file for STMicroelectronics.X-CUBE-SUBG2.5.0.0
2024-10-03 10:14:45,703 [WARN] PackLoader:240 - Cannot read IP mode file for Cesanta.I-CUBE-Mongoose.7.13.0
2024-10-03 10:14:45,719 [WARN] PackLoader:240 - Cannot read IP mode file for STMicroelectronics.X-CUBE-TOF1.3.3.1
2024-10-03 10:14:45,748 [WARN] PackLoader:240 - Cannot read IP mode file for STMicroelectronics.X-CUBE-AZRTOS-G4.2.0.0
2024-10-03 10:14:45,755 [WARN] PackLoader:240 - Cannot read IP mode file for STMicroelectronics.X-CUBE-ISPU.2.0.0
2024-10-03 10:14:45,762 [WARN] PackLoader:240 - Cannot read IP mode file for STMicroelectronics.X-CUBE-ALS.1.0.2
2024-10-03 10:14:45,767 [WARN] PackLoader:240 - Cannot read IP mode file for STMicroelectronics.X-CUBE-TOUCHGFX.4.24.0
2024-10-03 10:14:45,770 [WARN] PackLoader:240 - Cannot read IP mode file for STMicroelectronics.X-CUBE-TOUCHGFX.4.24.1
2024-10-03 10:14:45,777 [WARN] PackLoader:240 - Cannot read IP mode file for wolfSSL.I-CUBE-wolfTPM.3.4.0
2024-10-03 10:14:45,785 [WARN] PackLoader:240 - Cannot read IP mode file for portGmbH.I-Cube-SoM-uGOAL.1.1.0
2024-10-03 10:14:45,790 [WARN] PackLoader:240 - Cannot read IP mode file for STMicroelectronics.X-CUBE-ALS.1.0.1
2024-10-03 10:14:45,812 [WARN] PackLoader:240 - Cannot read IP mode file for STMicroelectronics.X-CUBE-AZRTOS-H7RS.1.0.0
2024-10-03 10:14:45,820 [WARN] PackLoader:240 - Cannot read IP mode file for STMicroelectronics.FP-ATR-ASTRA1.2.0.0
2024-10-03 10:14:45,829 [ERROR] Engine:466 - C:\Users\anaka\.stm32cubemx\thirdparties\pdsc\STMicroelectronics.X-CUBE-TOF1.3.4.2.pdsc: PDSC version is not supported
2024-10-03 10:14:45,838 [ERROR] Engine:466 - C:\Users\anaka\.stm32cubemx\thirdparties\pdsc\Infineon.AIROC-Wi-Fi-Bluetooth-STM32.1.6.1.pdsc: PDSC version is not supported
2024-10-03 10:14:45,844 [WARN] PackLoader:240 - Cannot read IP mode file for wolfSSL.I-CUBE-wolfSSH.1.4.17
2024-10-03 10:14:45,844 [INFO] ThirdParty:978 - Integrity check success = true
2024-10-03 10:14:45,845 [INFO] IntegrityCheckThread:100 - exiting critical section [integrity check]
2024-10-03 10:14:45,845 [INFO] IntegrityCheckThread:103 - End integrity checks thread
2024-10-03 10:15:04,109 [ERROR] LogOutputStream:75 - [STDERR_REDIRECT] SLF4J: Failed to load class "org.slf4j.impl.StaticLoggerBinder".
2024-10-03 10:15:04,109 [ERROR] LogOutputStream:75 - [STDERR_REDIRECT] SLF4J: Defaulting to no-operation (NOP) logger implementation
2024-10-03 10:15:04,111 [ERROR] LogOutputStream:75 - [STDERR_REDIRECT] SLF4J: See http://www.slf4j.org/codes.html#StaticLoggerBinder for further details.
