2024-10-09 19:01:38,062 [INFO] Activator:176 - 


2024-10-09 19:01:38,068 [INFO] Activator:177 - !SESSION log4j initialized
2024-10-09 19:01:43,595 [INFO] LogOutputStream:77 - [STDOUT_REDIRECT] 
2024-10-09 19:01:45,553 [INFO] ApplicationProperties:184 - Using Application install path: C:\ST\STM32CubeIDE_1.13.1\STM32CubeIDE\plugins\com.st.stm32cube.common.mx_6.9.1.202307191849
2024-10-09 19:01:45,576 [INFO] DbMcusXml:78 - Set database path to: C:\ST\STM32CubeIDE_1.13.1\STM32CubeIDE\plugins\com.st.stm32cube.common.mx_6.9.1.202307191849\\db\/mcu/
2024-10-09 19:01:45,576 [INFO] ApiDb:274 - Set plugin database path to: C:\ST\STM32CubeIDE_1.13.1\STM32CubeIDE\plugins\com.st.stm32cube.common.mx_6.9.1.202307191849\\db\/plugins/boardmanager/
2024-10-09 19:01:45,577 [WARN] ApiDb:259 - Overriding images path with different value:  => C:\ST\STM32CubeIDE_1.13.1\STM32CubeIDE\plugins\com.st.stm32cube.common.mx_6.9.1.202307191849\\db\/plugins/mcufinder/images/
2024-10-09 19:01:45,591 [INFO] ApiDb:250 - Set database path to: C:\Users\anaka\.stmcufinder\plugins\mcufinder//mcu/
2024-10-09 19:01:45,592 [INFO] DbMcusAds:125 - Set database path to: C:\Users\anaka\.stmcufinder\plugins\mcufinder//mcu/
2024-10-09 19:01:45,596 [INFO] CrossReferenceDbSqlite:203 - Set database path to: C:\Users\anaka\.stmcufinder\plugins\mcufinder//mcu/cs/
2024-10-09 19:01:45,694 [INFO] RulesReader:64 - Compatibility file has been processed (293 Rules)
2024-10-09 19:01:45,788 [INFO] DbMcusXml:78 - Set database path to: C:\ST\STM32CubeIDE_1.13.1\STM32CubeIDE\plugins\com.st.stm32cube.common.mx_6.9.1.202307191849\\db\/mcu/
2024-10-09 19:01:45,788 [INFO] ApiDb:274 - Set plugin database path to: C:\ST\STM32CubeIDE_1.13.1\STM32CubeIDE\plugins\com.st.stm32cube.common.mx_6.9.1.202307191849\\db\/plugins/boardmanager/
2024-10-09 19:01:45,788 [INFO] ApiDb:261 - Set plugin images path to: C:\ST\STM32CubeIDE_1.13.1\STM32CubeIDE\plugins\com.st.stm32cube.common.mx_6.9.1.202307191849\\db\/plugins/mcufinder/images/
2024-10-09 19:01:45,788 [WARN] DbFile:41 - Overriding database path with different value: C:\Users\anaka\.stmcufinder\plugins\mcufinder/ => C:\Users\anaka\.stmcufinder\plugins\mcufinder
2024-10-09 19:01:45,789 [INFO] ApiDb:250 - Set database path to: C:\Users\anaka\.stmcufinder\plugins\mcufinder//mcu/
2024-10-09 19:01:45,789 [WARN] DbFile:41 - Overriding database path with different value: C:\Users\anaka\.stmcufinder\plugins\mcufinder/ => C:\Users\anaka\.stmcufinder\plugins\mcufinder
2024-10-09 19:01:45,789 [INFO] DbMcusAds:125 - Set database path to: C:\Users\anaka\.stmcufinder\plugins\mcufinder//mcu/
2024-10-09 19:01:45,789 [WARN] DbFile:41 - Overriding database path with different value: C:\Users\anaka\.stmcufinder\plugins\mcufinder/ => C:\Users\anaka\.stmcufinder\plugins\mcufinder
2024-10-09 19:01:45,789 [WARN] DbFile:41 - Overriding database path with different value: C:\Users\anaka\.stmcufinder\plugins\mcufinder/ => C:\Users\anaka\.stmcufinder\plugins\mcufinder
2024-10-09 19:01:45,789 [INFO] CrossReferenceDbSqlite:203 - Set database path to: C:\Users\anaka\.stmcufinder\plugins\mcufinder//mcu/cs/
2024-10-09 19:01:45,883 [INFO] MainPanel:262 - HeapMemory: 268435456
2024-10-09 19:01:45,988 [INFO] DbMcusXml:78 - Set database path to: C:\ST\STM32CubeIDE_1.13.1\STM32CubeIDE\plugins\com.st.stm32cube.common.mx_6.9.1.202307191849\\db\/mcu/
2024-10-09 19:01:45,989 [INFO] ApiDb:274 - Set plugin database path to: C:\ST\STM32CubeIDE_1.13.1\STM32CubeIDE\plugins\com.st.stm32cube.common.mx_6.9.1.202307191849\\db\/plugins/boardmanager/
2024-10-09 19:01:45,989 [INFO] ApiDb:261 - Set plugin images path to: C:\ST\STM32CubeIDE_1.13.1\STM32CubeIDE\plugins\com.st.stm32cube.common.mx_6.9.1.202307191849\\db\/plugins/mcufinder/images/
2024-10-09 19:01:45,990 [WARN] DbFile:41 - Overriding database path with different value: C:\Users\anaka\.stmcufinder\plugins\mcufinder/ => C:\Users\anaka\.stmcufinder\plugins\mcufinder
2024-10-09 19:01:45,990 [INFO] ApiDb:250 - Set database path to: C:\Users\anaka\.stmcufinder\plugins\mcufinder//mcu/
2024-10-09 19:01:45,990 [WARN] DbFile:41 - Overriding database path with different value: C:\Users\anaka\.stmcufinder\plugins\mcufinder/ => C:\Users\anaka\.stmcufinder\plugins\mcufinder
2024-10-09 19:01:45,990 [INFO] DbMcusAds:125 - Set database path to: C:\Users\anaka\.stmcufinder\plugins\mcufinder//mcu/
2024-10-09 19:01:45,990 [WARN] DbFile:41 - Overriding database path with different value: C:\Users\anaka\.stmcufinder\plugins\mcufinder/ => C:\Users\anaka\.stmcufinder\plugins\mcufinder
2024-10-09 19:01:45,990 [WARN] DbFile:41 - Overriding database path with different value: C:\Users\anaka\.stmcufinder\plugins\mcufinder/ => C:\Users\anaka\.stmcufinder\plugins\mcufinder
2024-10-09 19:01:45,991 [INFO] CrossReferenceDbSqlite:203 - Set database path to: C:\Users\anaka\.stmcufinder\plugins\mcufinder//mcu/cs/
2024-10-09 19:01:46,015 [INFO] ApplicationProperties:184 - Using Application install path: C:\ST\STM32CubeIDE_1.13.1\STM32CubeIDE\plugins\com.st.stm32cube.common.mx_6.9.1.202307191849
2024-10-09 19:01:46,016 [INFO] PluginManage:196 - Search for loadable plugins [exclusion list=, ]
2024-10-09 19:01:46,018 [INFO] PluginManage:310 - Check plugin analytics
2024-10-09 19:01:46,182 [INFO] AnalyticsPlugin:253 - Accepted Software Licenses: 
2024-10-09 19:01:46,183 [INFO] AnalyticsPlugin:255 - Accepted CMSIS Pack Licenses: 
2024-10-09 19:01:46,183 [INFO] AnalyticsPlugin:257 - Accepted Firmware Licenses: FW.F4.1.27.0
2024-10-09 19:01:46,187 [INFO] PluginManage:359 - Loaded plugin analytics (category:tool,tabindex:-1)
2024-10-09 19:01:46,188 [INFO] PluginManage:310 - Check plugin cadmodel
2024-10-09 19:01:46,223 [INFO] CADModel:105 - Init CAD model plugin
2024-10-09 19:01:46,223 [INFO] PluginManage:359 - Loaded plugin cadmodel (category:power,tabindex:5)
2024-10-09 19:01:46,223 [INFO] PluginManage:310 - Check plugin clock
2024-10-09 19:01:46,263 [INFO] PluginManage:359 - Loaded plugin clock (category:base,tabindex:2)
2024-10-09 19:01:46,263 [INFO] PluginManage:310 - Check plugin ddr
2024-10-09 19:01:46,266 [INFO] PluginManage:359 - Loaded plugin ddr (category:tool,tabindex:6)
2024-10-09 19:01:46,266 [INFO] PluginManage:310 - Check plugin filemanager
2024-10-09 19:01:46,412 [INFO] PluginManage:359 - Loaded plugin filemanager (category:base,tabindex:10)
2024-10-09 19:01:46,412 [INFO] PluginManage:310 - Check plugin ipmanager
2024-10-09 19:01:46,423 [INFO] PluginManage:359 - Loaded plugin ipmanager (category:base,tabindex:5)
2024-10-09 19:01:46,423 [INFO] PluginManage:310 - Check plugin lpbam
2024-10-09 19:01:46,454 [INFO] PluginManage:359 - Loaded plugin lpbam (category:base,tabindex:0)
2024-10-09 19:01:46,455 [INFO] PluginManage:310 - Check plugin memorymap
2024-10-09 19:01:46,492 [INFO] PluginManage:359 - Loaded plugin memorymap (category:base,tabindex:4)
2024-10-09 19:01:46,492 [INFO] PluginManage:310 - Check plugin pinoutandconfiguration
2024-10-09 19:01:46,538 [INFO] PluginManage:359 - Loaded plugin pinoutandconfiguration (category:base,tabindex:1)
2024-10-09 19:01:46,538 [INFO] PluginManage:310 - Check plugin pinoutconfig
2024-10-09 19:01:46,652 [WARN] SupportedApi:132 - Cannot load RTOS API schema: s4s-elt-must-match.1: The content of 'definitions' must match (annotation?, (simpleType | complexType)?, (unique | key | keyref)*)). A problem was found starting at: attribute.
2024-10-09 19:01:46,792 [INFO] PluginManage:359 - Loaded plugin pinoutconfig (category:base,tabindex:0)
2024-10-09 19:01:46,793 [INFO] PluginManage:310 - Check plugin power
2024-10-09 19:01:46,836 [INFO] PluginManage:359 - Loaded plugin power (category:power,tabindex:4)
2024-10-09 19:01:46,836 [INFO] PluginManage:310 - Check plugin projectmanager
2024-10-09 19:01:46,851 [INFO] PluginManage:359 - Loaded plugin projectmanager (category:projectmanager,tabindex:3)
2024-10-09 19:01:46,851 [INFO] PluginManage:310 - Check plugin thirdparty
2024-10-09 19:01:47,056 [WARN] IntegrityCheckThread:84 - waiting for thirdparty lock release [integrity check]
2024-10-09 19:01:47,057 [INFO] PluginManage:359 - Loaded plugin thirdparty (category:base,tabindex:-1)
2024-10-09 19:01:47,057 [INFO] PluginManage:310 - Check plugin tools
2024-10-09 19:01:47,057 [INFO] IntegrityCheckThread:86 - entering critical section [integrity check]
2024-10-09 19:01:47,057 [INFO] ThirdPartyUpdaterWithRetryManager:70 - Updater plugin not ready yet. [1/15]
2024-10-09 19:01:47,065 [INFO] PluginManage:359 - Loaded plugin tools (category:base,tabindex:7)
2024-10-09 19:01:47,066 [INFO] PluginManage:310 - Check plugin tutovideos
2024-10-09 19:01:47,341 [INFO] PluginManage:359 - Loaded plugin tutovideos (category:base,tabindex:-1)
2024-10-09 19:01:47,341 [INFO] PluginManage:310 - Check plugin updater
2024-10-09 19:01:47,353 [INFO] PluginManage:359 - Loaded plugin updater (category:base,tabindex:12)
2024-10-09 19:01:47,354 [INFO] PluginManage:310 - Check plugin userauth
2024-10-09 19:01:47,361 [INFO] UserAuth:113 - Init User Auth plugin
2024-10-09 19:01:47,361 [INFO] PluginManage:359 - Loaded plugin userauth (category:base,tabindex:14)
2024-10-09 19:01:47,362 [INFO] PluginManage:283 - PluginManage : Loaded plugins [17]
2024-10-09 19:01:47,622 [INFO] PinOutPanel:1499 - setPackage(No Configuration,No Configuration)
2024-10-09 19:01:47,759 [INFO] CADModel:165 - CPN selected for project level
2024-10-09 19:01:47,760 [INFO] CADModel:114 - Register for checkConnection events
2024-10-09 19:01:47,784 [INFO] IPUIPlugin:80 - create IPUIPlugin
2024-10-09 19:01:47,784 [INFO] PluginManager:220 - loadIPPluginJar : add adc
2024-10-09 19:01:47,790 [INFO] IPUIPlugin:80 - create IPUIPlugin
2024-10-09 19:01:47,791 [INFO] PluginManager:220 - loadIPPluginJar : add aes
2024-10-09 19:01:47,798 [INFO] IPUIPlugin:80 - create IPUIPlugin
2024-10-09 19:01:47,798 [INFO] PluginManager:220 - loadIPPluginJar : add can
2024-10-09 19:01:47,804 [INFO] IPUIPlugin:80 - create IPUIPlugin
2024-10-09 19:01:47,804 [INFO] PluginManager:220 - loadIPPluginJar : add comp
2024-10-09 19:01:47,811 [INFO] IPUIPlugin:80 - create IPUIPlugin
2024-10-09 19:01:47,811 [INFO] PluginManager:220 - loadIPPluginJar : add cryp
2024-10-09 19:01:47,816 [INFO] IPUIPlugin:80 - create IPUIPlugin
2024-10-09 19:01:47,817 [INFO] PluginManager:220 - loadIPPluginJar : add dfsdm
2024-10-09 19:01:47,829 [INFO] IPUIPlugin:80 - create IPUIPlugin
2024-10-09 19:01:47,830 [INFO] PluginManager:220 - loadIPPluginJar : add dma
2024-10-09 19:01:47,837 [INFO] IPUIPlugin:80 - create IPUIPlugin
2024-10-09 19:01:47,837 [INFO] PluginManager:220 - loadIPPluginJar : add dma3
2024-10-09 19:01:47,842 [INFO] IPUIPlugin:80 - create IPUIPlugin
2024-10-09 19:01:47,842 [INFO] PluginManager:220 - loadIPPluginJar : add fatfs
2024-10-09 19:01:47,853 [INFO] IPUIPlugin:80 - create IPUIPlugin
2024-10-09 19:01:47,853 [INFO] PluginManager:220 - loadIPPluginJar : add fmc
2024-10-09 19:01:47,896 [INFO] IPUIPlugin:80 - create IPUIPlugin
2024-10-09 19:01:47,896 [INFO] PluginManager:220 - loadIPPluginJar : add freertos
2024-10-09 19:01:47,902 [INFO] IPUIPlugin:80 - create IPUIPlugin
2024-10-09 19:01:47,902 [INFO] PluginManager:220 - loadIPPluginJar : add genericplugin
2024-10-09 19:01:47,914 [INFO] IPUIPlugin:80 - create IPUIPlugin
2024-10-09 19:01:47,915 [INFO] PluginManager:220 - loadIPPluginJar : add gfxmmu
2024-10-09 19:01:47,931 [INFO] IPUIPlugin:80 - create IPUIPlugin
2024-10-09 19:01:47,931 [INFO] PluginManager:220 - loadIPPluginJar : add gic
2024-10-09 19:01:47,955 [INFO] IPUIPlugin:80 - create IPUIPlugin
2024-10-09 19:01:47,956 [INFO] PluginManager:220 - loadIPPluginJar : add gpio
2024-10-09 19:01:47,966 [INFO] IPUIPlugin:80 - create IPUIPlugin
2024-10-09 19:01:47,966 [INFO] PluginManager:220 - loadIPPluginJar : add gtzc
2024-10-09 19:01:47,973 [INFO] IPUIPlugin:80 - create IPUIPlugin
2024-10-09 19:01:47,973 [INFO] PluginManager:220 - loadIPPluginJar : add hash
2024-10-09 19:01:47,982 [INFO] IPUIPlugin:80 - create IPUIPlugin
2024-10-09 19:01:47,982 [INFO] PluginManager:220 - loadIPPluginJar : add i2c
2024-10-09 19:01:47,989 [INFO] IPUIPlugin:80 - create IPUIPlugin
2024-10-09 19:01:47,989 [INFO] PluginManager:220 - loadIPPluginJar : add i2s
2024-10-09 19:01:47,997 [INFO] IPUIPlugin:80 - create IPUIPlugin
2024-10-09 19:01:47,997 [INFO] PluginManager:220 - loadIPPluginJar : add i3c
2024-10-09 19:01:48,009 [INFO] IPUIPlugin:80 - create IPUIPlugin
2024-10-09 19:01:48,009 [INFO] PluginManager:220 - loadIPPluginJar : add ipddr
2024-10-09 19:01:48,023 [INFO] IPUIPlugin:80 - create IPUIPlugin
2024-10-09 19:01:48,023 [INFO] PluginManager:220 - loadIPPluginJar : add linkedlist
2024-10-09 19:01:48,030 [INFO] IPUIPlugin:80 - create IPUIPlugin
2024-10-09 19:01:48,030 [INFO] PluginManager:220 - loadIPPluginJar : add lorawan
2024-10-09 19:01:48,037 [INFO] IPUIPlugin:80 - create IPUIPlugin
2024-10-09 19:01:48,037 [INFO] PluginManager:220 - loadIPPluginJar : add ltdc
2024-10-09 19:01:48,057 [INFO] IPUIPlugin:80 - create IPUIPlugin
2024-10-09 19:01:48,058 [INFO] PluginManager:220 - loadIPPluginJar : add mdma
2024-10-09 19:01:48,077 [INFO] IPUIPlugin:80 - create IPUIPlugin
2024-10-09 19:01:48,077 [INFO] PluginManager:220 - loadIPPluginJar : add nvic
2024-10-09 19:01:48,083 [INFO] IPUIPlugin:80 - create IPUIPlugin
2024-10-09 19:01:48,083 [INFO] PluginManager:220 - loadIPPluginJar : add opamp
2024-10-09 19:01:48,093 [INFO] IPUIPlugin:80 - create IPUIPlugin
2024-10-09 19:01:48,093 [INFO] PluginManager:220 - loadIPPluginJar : add openamp
2024-10-09 19:01:48,101 [INFO] IPUIPlugin:80 - create IPUIPlugin
2024-10-09 19:01:48,101 [INFO] PluginManager:220 - loadIPPluginJar : add pdm2pcm
2024-10-09 19:01:48,121 [INFO] IPUIPlugin:80 - create IPUIPlugin
2024-10-09 19:01:48,123 [INFO] PluginManager:220 - loadIPPluginJar : add plateformsettings
2024-10-09 19:01:48,129 [INFO] IPUIPlugin:80 - create IPUIPlugin
2024-10-09 19:01:48,129 [INFO] PluginManager:220 - loadIPPluginJar : add quadspi
2024-10-09 19:01:48,177 [INFO] IPUIPlugin:80 - create IPUIPlugin
2024-10-09 19:01:48,177 [INFO] PluginManager:220 - loadIPPluginJar : add resmgrutility
2024-10-09 19:01:48,185 [INFO] IPUIPlugin:80 - create IPUIPlugin
2024-10-09 19:01:48,185 [INFO] PluginManager:220 - loadIPPluginJar : add sai
2024-10-09 19:01:48,192 [INFO] IPUIPlugin:80 - create IPUIPlugin
2024-10-09 19:01:48,192 [INFO] PluginManager:220 - loadIPPluginJar : add spi
2024-10-09 19:01:48,201 [INFO] IPUIPlugin:80 - create IPUIPlugin
2024-10-09 19:01:48,201 [INFO] PluginManager:220 - loadIPPluginJar : add stm32_wpan
2024-10-09 19:01:48,206 [INFO] IPUIPlugin:80 - create IPUIPlugin
2024-10-09 19:01:48,206 [INFO] PluginManager:220 - loadIPPluginJar : add tim
2024-10-09 19:01:48,214 [INFO] IPUIPlugin:80 - create IPUIPlugin
2024-10-09 19:01:48,214 [INFO] PluginManager:220 - loadIPPluginJar : add touchsensing
2024-10-09 19:01:48,219 [INFO] IPUIPlugin:80 - create IPUIPlugin
2024-10-09 19:01:48,219 [INFO] PluginManager:220 - loadIPPluginJar : add tracer_emb
2024-10-09 19:01:48,223 [INFO] IPUIPlugin:80 - create IPUIPlugin
2024-10-09 19:01:48,223 [INFO] PluginManager:220 - loadIPPluginJar : add ts
2024-10-09 19:01:48,228 [INFO] IPUIPlugin:80 - create IPUIPlugin
2024-10-09 19:01:48,228 [INFO] PluginManager:220 - loadIPPluginJar : add tsc
2024-10-09 19:01:48,232 [INFO] IPUIPlugin:80 - create IPUIPlugin
2024-10-09 19:01:48,232 [INFO] PluginManager:220 - loadIPPluginJar : add ucpd
2024-10-09 19:01:48,238 [INFO] IPUIPlugin:80 - create IPUIPlugin
2024-10-09 19:01:48,238 [INFO] PluginManager:220 - loadIPPluginJar : add usart
2024-10-09 19:01:48,245 [INFO] IPUIPlugin:80 - create IPUIPlugin
2024-10-09 19:01:48,245 [INFO] PluginManager:220 - loadIPPluginJar : add usbx
2024-10-09 19:01:48,369 [INFO] CADModel:165 - CPN selected for project level
2024-10-09 19:01:48,369 [INFO] CADModel:114 - Register for checkConnection events
2024-10-09 19:01:48,369 [FATAL] Updater:308 - Updater called before beeing initialized
2024-10-09 19:01:48,369 [ERROR] CADModel:125 - Updater not yet initialized, retry later 
2024-10-09 19:01:48,491 [INFO] CADModel:165 - CPN selected for project level
2024-10-09 19:01:48,491 [INFO] CADModel:114 - Register for checkConnection events
2024-10-09 19:01:48,492 [FATAL] Updater:308 - Updater called before beeing initialized
2024-10-09 19:01:48,492 [ERROR] CADModel:125 - Updater not yet initialized, retry later 
2024-10-09 19:01:48,495 [FATAL] Updater:308 - Updater called before beeing initialized
2024-10-09 19:01:48,598 [FATAL] Updater:308 - Updater called before beeing initialized
2024-10-09 19:01:48,603 [INFO] DbMcusAds:53 - JSON generation date=Tue Mar 07 16:50:55 SGT 2023 (1678179055114)
2024-10-09 19:01:48,604 [FATAL] Updater:308 - Updater called before beeing initialized
2024-10-09 19:01:48,641 [WARN] DetailPanel:346 - Failed to get advertising image, set to default
2024-10-09 19:01:48,747 [FATAL] Updater:308 - Updater called before beeing initialized
2024-10-09 19:01:48,749 [FATAL] Updater:308 - Updater called before beeing initialized
2024-10-09 19:01:48,749 [FATAL] Updater:308 - Updater called before beeing initialized
2024-10-09 19:01:48,749 [WARN] DetailPanel:346 - Failed to get advertising image, set to default
2024-10-09 19:01:48,750 [FATAL] Updater:308 - Updater called before beeing initialized
2024-10-09 19:01:48,805 [ERROR] Updater:1120 - MainUpdater not yet initialized. External WinMGr cannot be set.
2024-10-09 19:01:48,809 [INFO] Updater:1056 - Updater Version found : 6.9.1
2024-10-09 19:01:48,833 [INFO] ApplicationProperties:184 - Using Application install path: C:\ST\STM32CubeIDE_1.13.1\STM32CubeIDE\plugins\com.st.stm32cube.common.mx_6.9.1.202307191849
2024-10-09 19:01:48,971 [INFO] MainUpdater:2868 - connection check result : 10
2024-10-09 19:01:48,971 [INFO] MainUpdater:3562 - Updater definition file requires update
2024-10-09 19:01:48,972 [INFO] MainUpdater:285 - Updater Check For Update Now.
2024-10-09 19:01:48,972 [INFO] MicroXplorer:498 - Change Database Version : DB.6.0.91
2024-10-09 19:01:48,980 [INFO] McuFinderGlobals:63 - Set McuFinder mode to 2 (CubeIDE integrated)
2024-10-09 19:01:48,980 [INFO] UserAuth:179 - activating auth plugin
2024-10-09 19:01:48,982 [INFO] UserAuth:393 - Internet connection configuration mode: 1
2024-10-09 19:01:48,991 [INFO] ServerAccessManage:473 - Download File updaters.zip
2024-10-09 19:01:49,000 [INFO] JxBrowserEngine:151 - Initiate JxBrowser Engine with user profile folder
2024-10-09 19:01:49,063 [INFO] FileExtend:240 - Unzip File : updaters.zip
2024-10-09 19:01:49,064 [INFO] FileExtend:255 - Standard Zip Deflate
2024-10-09 19:01:50,058 [WARN] MainUpdater:1189 - Updater busy. Cannot search thirdparties
2024-10-09 19:01:50,058 [INFO] ThirdPartyUpdaterWithRetryManager:96 - Updater plugin is busy. [1/15]
2024-10-09 19:01:50,224 [INFO] ServerAccessManage:473 - Download File PacksControlFlags.xml
2024-10-09 19:01:50,284 [INFO] ServerAccessManage:473 - Download File cubemx.pidx
2024-10-09 19:01:50,899 [INFO] ServerAccessManage:473 - Download File STMicroelectronics.X-CUBE-IPS.pdsc
2024-10-09 19:01:51,377 [INFO] WebApp:157 - Instantiating new browser for Auth
2024-10-09 19:01:51,682 [INFO] ServerAccessManage:473 - Download File STMicroelectronics.X-CUBE-WB05N.pdsc
2024-10-09 19:01:51,999 [WARN] PopulateThirdPartyThread:106 - Error when creating pack: C:/Users/anaka/.stm32cubemx/thirdparties/pdsc/STMicroelectronics.X-CUBE-IPS.pdsc
2024-10-09 19:01:52,038 [WARN] PackLoader:240 - Cannot read IP mode file for STMicroelectronics.X-CUBE-WB05N.1.1.0
2024-10-09 19:01:52,040 [INFO] PopulateThirdPartyThread:66 - Ending populate Thread
2024-10-09 19:01:52,042 [INFO] ThirdParty:1030 - CMSIS Pack Vendor :STMicroelectronics X-CUBE-WB05N 1.1.0
2024-10-09 19:01:52,042 [INFO] LoadServerUpdatesThread:373 - End of LoadServerUpdate Thread
2024-10-09 19:01:52,172 [INFO] CheckServerUpdateThread:120 - End of CheckServer Thread
2024-10-09 19:01:52,227 [INFO] WebApp:753 - Register for checkConnection events
2024-10-09 19:01:52,227 [INFO] WebApp:390 - Apply proxy settings
2024-10-09 19:01:52,228 [INFO] WebApp:475 - Chromium requires no authentication
2024-10-09 19:01:52,235 [INFO] WebApp:418 - Direct internet connection detected
2024-10-09 19:01:52,372 [INFO] WebApp:188 - Starting web application
2024-10-09 19:01:52,372 [INFO] WebApp:520 - Web application path used C:\ST\STM32CubeIDE_1.13.1\STM32CubeIDE\plugins\com.st.stm32cube.common.mx_6.9.1.202307191849\db\plugins\mcufinder\reactClient1\index.html
2024-10-09 19:01:53,364 [WARN] PackLoader:240 - Cannot read IP mode file for STMicroelectronics.FP-SNS-MOTENVWB1.1.4.0
2024-10-09 19:01:53,374 [WARN] PackLoader:240 - Cannot read IP mode file for STMicroelectronics.X-CUBE-SMBUS.2.1.0
2024-10-09 19:01:53,380 [WARN] PackLoader:240 - Cannot read IP mode file for STMicroelectronics.X-CUBE-WB05N.1.1.0
2024-10-09 19:01:53,408 [WARN] PackLoader:240 - Cannot read IP mode file for STMicroelectronics.X-CUBE-AZRTOS-F7.1.1.0
2024-10-09 19:01:53,419 [WARN] PackLoader:240 - Cannot read IP mode file for STMicroelectronics.FP-SNS-MOTENV1.4.3.2
2024-10-09 19:01:53,477 [WARN] PackLoader:240 - Cannot read IP mode file for STMicroelectronics.X-CUBE-MEMS1.11.0.0
2024-10-09 19:01:53,641 [WARN] PackLoader:240 - Cannot read IP mode file for STMicroelectronics.FP-SNS-FLIGHT1.5.0.2
2024-10-09 19:01:53,695 [WARN] PackLoader:240 - Cannot read IP mode file for STMicroelectronics.X-CUBE-DISPLAY.3.0.0
2024-10-09 19:01:53,706 [WARN] PackLoader:240 - Cannot read IP mode file for STMicroelectronics.X-CUBE-BLE1.7.0.0
2024-10-09 19:01:53,716 [WARN] PackLoader:240 - Cannot read IP mode file for STMicroelectronics.X-CUBE-NFC10.1.0.0
2024-10-09 19:01:53,726 [WARN] PackLoader:240 - Cannot read IP mode file for emotas.I-CUBE-CANOPEN.1.3.0
2024-10-09 19:01:53,732 [WARN] PackLoader:240 - Cannot read IP mode file for STMicroelectronics.X-CUBE-TOUCHGFX.4.22.0
2024-10-09 19:01:53,743 [WARN] PackLoader:240 - Cannot read IP mode file for STMicroelectronics.X-CUBE-BLEMGR.3.1.0
2024-10-09 19:01:53,752 [WARN] PackLoader:240 - Cannot read IP mode file for STMicroelectronics.FP-SNS-SMARTAG2.1.2.0
2024-10-09 19:01:53,766 [INFO] LogOutputStream:77 - [STDOUT_REDIRECT] 1 : Invalid condition id : UX_CORESTACK_Condition cause : null
2024-10-09 19:01:53,767 [INFO] LogOutputStream:77 - [STDOUT_REDIRECT] 1 : Invalid condition id : UX_CORESTACK_Condition cause : null
2024-10-09 19:01:53,768 [INFO] LogOutputStream:77 - [STDOUT_REDIRECT] 1 : Invalid condition id : UX_CORESTACK_Condition cause : null
2024-10-09 19:01:53,770 [INFO] LogOutputStream:77 - [STDOUT_REDIRECT] 1 : Invalid condition id : UX_CORESTACK_Condition cause : null
2024-10-09 19:01:53,771 [INFO] LogOutputStream:77 - [STDOUT_REDIRECT] 1 : Invalid condition id : UX_CORESTACK_Condition cause : null
2024-10-09 19:01:53,774 [WARN] PackLoader:240 - Cannot read IP mode file for STMicroelectronics.X-CUBE-AZRTOS-WL.2.0.0
2024-10-09 19:01:53,781 [WARN] PackLoader:240 - Cannot read IP mode file for STMicroelectronics.FP-SNS-MOTENV1.5.0.0
2024-10-09 19:01:53,789 [WARN] PackLoader:240 - Cannot read IP mode file for wolfSSL.I-CUBE-wolfMQTT.1.19.0
2024-10-09 19:01:53,799 [WARN] PackLoader:240 - Cannot read IP mode file for WES.I-CUBE-Cesium.1.3.0
2024-10-09 19:01:53,808 [WARN] PackLoader:240 - Cannot read IP mode file for STMicroelectronics.X-CUBE-BLE2.3.3.0
2024-10-09 19:01:53,817 [WARN] PackLoader:240 - Cannot read IP mode file for STMicroelectronics.X-CUBE-NFC9.1.0.0
2024-10-09 19:01:53,826 [WARN] PackLoader:240 - Cannot read IP mode file for STMicroelectronics.X-CUBE-TCPP.4.1.0
2024-10-09 19:01:53,836 [WARN] PackLoader:240 - Cannot read IP mode file for STMicroelectronics.X-CUBE-ALGOBUILD.1.3.0
2024-10-09 19:01:53,861 [WARN] PackLoader:240 - Cannot read IP mode file for STMicroelectronics.X-CUBE-AZRTOS-G0.1.1.0
2024-10-09 19:01:53,871 [WARN] PackLoader:240 - Cannot read IP mode file for STMicroelectronics.X-CUBE-SAFEA1.1.2.2
2024-10-09 19:01:53,881 [WARN] PackLoader:240 - Cannot read IP mode file for STMicroelectronics.X-CUBE-NFC4.3.0.0
2024-10-09 19:01:53,889 [ERROR] Engine:466 - C:\Users\anaka\.stm32cubemx\thirdparties\pdsc\EmbeddedOffice.I-CUBE-FS-RTOS.1.0.1.pdsc: PDSC version is not supported
2024-10-09 19:01:53,893 [ERROR] Engine:466 - C:\Users\anaka\.stm32cubemx\thirdparties\pdsc\RealThread.X-CUBE-RT-Thread_Nano.4.1.1.pdsc: PDSC version is not supported
2024-10-09 19:01:53,899 [WARN] PackLoader:240 - Cannot read IP mode file for STMicroelectronics.FP-ATR-SIGFOX1.3.2.0
2024-10-09 19:01:53,908 [WARN] PackLoader:240 - Cannot read IP mode file for STMicroelectronics.X-CUBE-EEPRMA1.5.1.0
2024-10-09 19:01:53,921 [WARN] PackLoader:240 - Cannot read IP mode file for ITTIA_DB.I-CUBE-ITTIADB.8.9.0
2024-10-09 19:01:53,952 [WARN] PackLoader:240 - Cannot read IP mode file for SEGGER.I-CUBE-embOS.1.3.1
2024-10-09 19:01:53,991 [WARN] PackLoader:240 - Cannot read IP mode file for STMicroelectronics.X-CUBE-ALGOBUILD.1.4.0
2024-10-09 19:01:54,000 [WARN] PackLoader:240 - Cannot read IP mode file for STMicroelectronics.X-CUBE-AI.9.1.0
2024-10-09 19:01:54,011 [WARN] PackLoader:240 - Cannot read IP mode file for STMicroelectronics.X-CUBE-GNSS1.6.0.0
2024-10-09 19:01:54,033 [WARN] PackLoader:240 - Cannot read IP mode file for STMicroelectronics.X-CUBE-AZRTOS-F4.1.1.0
2024-10-09 19:01:54,042 [WARN] PackLoader:240 - Cannot read IP mode file for wolfSSL.I-CUBE-wolfSSL.5.6.3
2024-10-09 19:01:54,050 [WARN] PackLoader:240 - Cannot read IP mode file for STMicroelectronics.X-CUBE-ISPU.2.1.0
2024-10-09 19:01:54,058 [WARN] PackLoader:240 - Cannot read IP mode file for STMicroelectronics.X-CUBE-FREERTOS.1.2.0
2024-10-09 19:01:54,081 [WARN] PackLoader:240 - Cannot read IP mode file for STMicroelectronics.X-CUBE-AZRTOS-L5.2.0.0
2024-10-09 19:01:54,118 [WARN] PackLoader:240 - Cannot read IP mode file for STMicroelectronics.X-CUBE-MEMS1.9.6.0
2024-10-09 19:01:54,250 [WARN] PackLoader:240 - Cannot read IP mode file for STMicroelectronics.X-CUBE-NFC6.3.1.0
2024-10-09 19:01:54,268 [WARN] PackLoader:240 - Cannot read IP mode file for STMicroelectronics.X-CUBE-BLEMGR.2.0.0
2024-10-09 19:01:54,279 [ERROR] Engine:466 - C:\Users\anaka\.stm32cubemx\thirdparties\pdsc\STMicroelectronics.X-CUBE-DPower.1.2.0.pdsc: PDSC version is not supported
2024-10-09 19:01:54,286 [WARN] PackLoader:240 - Cannot read IP mode file for STMicroelectronics.X-CUBE-AI.9.0.0
2024-10-09 19:01:54,332 [WARN] ConditionMgr:438 - getConditionDescription Invalid condition id : UX DEVICE CLASS RTOS Condition cause : null
2024-10-09 19:01:54,332 [WARN] ConditionMgr:438 - getConditionDescription Invalid condition id : UX DEVICE CLASS RTOS Condition cause : null
2024-10-09 19:01:54,336 [WARN] PackLoader:240 - Cannot read IP mode file for STMicroelectronics.X-CUBE-AZRTOS-H7.3.1.0
2024-10-09 19:01:54,337 [WARN] ConditionMgr:1039 - genDependencies : Invalid condition id : UX DEVICE CLASS RTOS Condition cause : null
2024-10-09 19:01:54,337 [WARN] ConditionMgr:1039 - genDependencies : Invalid condition id : UX DEVICE CLASS RTOS Condition cause : null
2024-10-09 19:01:54,338 [WARN] ConditionMgr:1039 - genDependencies : Invalid condition id : UX DEVICE CLASS RTOS Condition cause : null
2024-10-09 19:01:54,339 [WARN] ConditionMgr:1039 - genDependencies : Invalid condition id : UX DEVICE CLASS RTOS Condition cause : null
2024-10-09 19:01:54,339 [WARN] ConditionMgr:1039 - genDependencies : Invalid condition id : UX DEVICE CLASS RTOS Condition cause : null
2024-10-09 19:01:54,349 [WARN] PackLoader:240 - Cannot read IP mode file for STMicroelectronics.X-CUBE-NFC7.1.0.1
2024-10-09 19:01:54,363 [WARN] PackLoader:240 - Cannot read IP mode file for STMicroelectronics.X-CUBE-EEPRMA1.4.1.0
2024-10-09 19:01:54,371 [WARN] PackLoader:240 - Cannot read IP mode file for STMicroelectronics.X-CUBE-AI.8.1.0
2024-10-09 19:01:54,401 [WARN] ConditionMgr:438 - getConditionDescription Invalid condition id : LAN8742 Phy interface Condition cause : null
2024-10-09 19:01:54,401 [WARN] PackLoader:240 - Cannot read IP mode file for STMicroelectronics.X-CUBE-AZRTOS-L4.2.0.0
2024-10-09 19:01:54,402 [WARN] ConditionMgr:1039 - genDependencies : Invalid condition id : LAN8742 Phy interface Condition cause : null
2024-10-09 19:01:54,403 [WARN] ConditionMgr:1039 - genDependencies : Invalid condition id : LAN8742 Phy interface Condition cause : null
2024-10-09 19:01:54,403 [WARN] ConditionMgr:1039 - genDependencies : Invalid condition id : LAN8742 Phy interface Condition cause : null
2024-10-09 19:01:54,415 [WARN] PackLoader:240 - Cannot read IP mode file for STMicroelectronics.X-CUBE-SFXS2LP1.4.0.0
2024-10-09 19:01:54,423 [WARN] PackLoader:240 - Cannot read IP mode file for STMicroelectronics.X-CUBE-ISPU.1.1.0
2024-10-09 19:01:54,455 [WARN] PackLoader:240 - Cannot read IP mode file for STMicroelectronics.X-CUBE-AZRTOS-H7.3.3.0
2024-10-09 19:01:54,464 [ERROR] Engine:466 - C:\Users\anaka\.stm32cubemx\thirdparties\pdsc\STMicroelectronics.X-CUBE-IPS.3.0.0.pdsc: PDSC version is not supported
2024-10-09 19:01:54,501 [WARN] ConditionMgr:438 - getConditionDescription Invalid condition id : UX DEVICE CLASS RTOS Condition cause : null
2024-10-09 19:01:54,501 [WARN] ConditionMgr:438 - getConditionDescription Invalid condition id : UX DEVICE CLASS RTOS Condition cause : null
2024-10-09 19:01:54,505 [WARN] PackLoader:240 - Cannot read IP mode file for STMicroelectronics.X-CUBE-AZRTOS-WB.2.0.0
2024-10-09 19:01:54,505 [WARN] ConditionMgr:1039 - genDependencies : Invalid condition id : UX DEVICE CLASS RTOS Condition cause : null
2024-10-09 19:01:54,506 [WARN] ConditionMgr:1039 - genDependencies : Invalid condition id : UX DEVICE CLASS RTOS Condition cause : null
2024-10-09 19:01:54,507 [WARN] ConditionMgr:1039 - genDependencies : Invalid condition id : UX DEVICE CLASS RTOS Condition cause : null
2024-10-09 19:01:54,507 [WARN] ConditionMgr:1039 - genDependencies : Invalid condition id : UX DEVICE CLASS RTOS Condition cause : null
2024-10-09 19:01:54,507 [WARN] ConditionMgr:1039 - genDependencies : Invalid condition id : UX DEVICE CLASS RTOS Condition cause : null
2024-10-09 19:01:54,517 [WARN] PackLoader:240 - Cannot read IP mode file for STMicroelectronics.X-CUBE-FREERTOS.1.0.1
2024-10-09 19:01:54,527 [WARN] PackLoader:240 - Cannot read IP mode file for STMicroelectronics.X-CUBE-GNSS1.7.0.0
2024-10-09 19:01:54,534 [ERROR] Engine:466 - C:\Users\anaka\.stm32cubemx\thirdparties\pdsc\STMicroelectronics.FP-SNS-STBOX1.2.0.0.pdsc: PDSC version is not supported
2024-10-09 19:01:54,552 [WARN] PackLoader:240 - Cannot read IP mode file for STMicroelectronics.X-CUBE-SUBG2.5.0.0
2024-10-09 19:01:54,566 [WARN] PackLoader:240 - Cannot read IP mode file for Cesanta.I-CUBE-Mongoose.7.13.0
2024-10-09 19:01:54,581 [WARN] PackLoader:240 - Cannot read IP mode file for STMicroelectronics.X-CUBE-TOF1.3.3.1
2024-10-09 19:01:54,605 [WARN] PackLoader:240 - Cannot read IP mode file for STMicroelectronics.X-CUBE-AZRTOS-G4.2.0.0
2024-10-09 19:01:54,611 [WARN] PackLoader:240 - Cannot read IP mode file for STMicroelectronics.X-CUBE-ISPU.2.0.0
2024-10-09 19:01:54,618 [WARN] PackLoader:240 - Cannot read IP mode file for STMicroelectronics.X-CUBE-ALS.1.0.2
2024-10-09 19:01:54,623 [WARN] PackLoader:240 - Cannot read IP mode file for STMicroelectronics.X-CUBE-TOUCHGFX.4.24.0
2024-10-09 19:01:54,628 [WARN] PackLoader:240 - Cannot read IP mode file for STMicroelectronics.X-CUBE-TOUCHGFX.4.24.1
2024-10-09 19:01:54,634 [WARN] PackLoader:240 - Cannot read IP mode file for wolfSSL.I-CUBE-wolfTPM.3.4.0
2024-10-09 19:01:54,642 [WARN] PackLoader:240 - Cannot read IP mode file for portGmbH.I-Cube-SoM-uGOAL.1.1.0
2024-10-09 19:01:54,648 [WARN] PackLoader:240 - Cannot read IP mode file for STMicroelectronics.X-CUBE-ALS.1.0.1
2024-10-09 19:01:54,673 [WARN] PackLoader:240 - Cannot read IP mode file for STMicroelectronics.X-CUBE-AZRTOS-H7RS.1.0.0
2024-10-09 19:01:54,682 [WARN] PackLoader:240 - Cannot read IP mode file for STMicroelectronics.FP-ATR-ASTRA1.2.0.0
2024-10-09 19:01:54,691 [ERROR] Engine:466 - C:\Users\anaka\.stm32cubemx\thirdparties\pdsc\STMicroelectronics.X-CUBE-TOF1.3.4.2.pdsc: PDSC version is not supported
2024-10-09 19:01:54,700 [ERROR] Engine:466 - C:\Users\anaka\.stm32cubemx\thirdparties\pdsc\Infineon.AIROC-Wi-Fi-Bluetooth-STM32.1.6.1.pdsc: PDSC version is not supported
2024-10-09 19:01:54,707 [WARN] PackLoader:240 - Cannot read IP mode file for wolfSSL.I-CUBE-wolfSSH.1.4.17
2024-10-09 19:01:54,708 [INFO] ThirdParty:978 - Integrity check success = true
2024-10-09 19:01:54,708 [INFO] IntegrityCheckThread:100 - exiting critical section [integrity check]
2024-10-09 19:01:54,708 [INFO] IntegrityCheckThread:103 - End integrity checks thread
2024-10-09 19:02:13,406 [ERROR] LogOutputStream:75 - [STDERR_REDIRECT] SLF4J: Failed to load class "org.slf4j.impl.StaticLoggerBinder".
2024-10-09 19:02:13,406 [ERROR] LogOutputStream:75 - [STDERR_REDIRECT] SLF4J: Defaulting to no-operation (NOP) logger implementation
2024-10-09 19:02:13,406 [ERROR] LogOutputStream:75 - [STDERR_REDIRECT] SLF4J: See http://www.slf4j.org/codes.html#StaticLoggerBinder for further details.
